

================================================================
== Vivado HLS Report for 'compute'
================================================================
* Date:           Wed Aug 12 22:41:46 2020

* Version:        2018.2 (Build 2258646 on Thu Jun 14 20:25:20 MDT 2018)
* Project:        SgdLR
* Solution:       solution
* Product family: zynquplus
* Target device:  xczu9eg-ffvb1156-2-e


================================================================
== Performance Estimates
================================================================
+ Timing (ns): 
    * Summary: 
    +--------+-------+----------+------------+
    |  Clock | Target| Estimated| Uncertainty|
    +--------+-------+----------+------------+
    |ap_clk  |  10.00|     7.135|        2.70|
    +--------+-------+----------+------------+

+ Latency (clock cycles): 
    * Summary: 
    +-----+-----+-----+-----+---------+
    |  Latency  |  Interval | Pipeline|
    | min | max | min | max |   Type  |
    +-----+-----+-----+-----+---------+
    |  104|  104|  104|  104|   none  |
    +-----+-----+-----+-----+---------+

    + Detail: 
        * Instance: 
        N/A

        * Loop: 
        +----------+-----+-----+----------+-----------+-----------+------+----------+
        |          |  Latency  | Iteration|  Initiation Interval  | Trip |          |
        | Loop Name| min | max |  Latency |  achieved |   target  | Count| Pipelined|
        +----------+-----+-----+----------+-----------+-----------+------+----------+
        |- DOT     |   33|   33|         3|          1|          1|    32|    yes   |
        |- GRAD    |   32|   32|         2|          1|          1|    32|    yes   |
        |- UPDATE  |   32|   32|         2|          1|          1|    32|    yes   |
        +----------+-----+-----+----------+-----------+-----------+------+----------+



================================================================
== Utilization Estimates
================================================================
* Summary: 
+-----------------+---------+-------+--------+--------+-----+
|       Name      | BRAM_18K| DSP48E|   FF   |   LUT  | URAM|
+-----------------+---------+-------+--------+--------+-----+
|DSP              |        -|     32|       -|       -|    -|
|Expression       |        -|    192|       0|    4504|    -|
|FIFO             |        -|      -|       -|       -|    -|
|Instance         |        -|      -|       -|       -|    -|
|Memory           |       34|      -|       0|       0|    -|
|Multiplexer      |        -|      -|       -|    1577|    -|
|Register         |        -|      -|     471|       -|    -|
+-----------------+---------+-------+--------+--------+-----+
|Total            |       34|    224|     471|    6081|    0|
+-----------------+---------+-------+--------+--------+-----+
|Available        |     1824|   2520|  548160|  274080|    0|
+-----------------+---------+-------+--------+--------+-----+
|Utilization (%)  |        1|      8|   ~0   |       2|    0|
+-----------------+---------+-------+--------+--------+-----+

+ Detail: 
    * Instance: 
    N/A

    * DSP48: 
    +--------------------------+----------------------+-----------+
    |         Instance         |        Module        | Expression|
    +--------------------------+----------------------+-----------+
    |SgdLR_mul_mul_28sHfu_U45  |SgdLR_mul_mul_28sHfu  |  i0 * i1  |
    |SgdLR_mul_mul_28sHfu_U46  |SgdLR_mul_mul_28sHfu  |  i0 * i1  |
    |SgdLR_mul_mul_28sHfu_U47  |SgdLR_mul_mul_28sHfu  |  i0 * i1  |
    |SgdLR_mul_mul_28sHfu_U48  |SgdLR_mul_mul_28sHfu  |  i0 * i1  |
    |SgdLR_mul_mul_28sHfu_U49  |SgdLR_mul_mul_28sHfu  |  i0 * i1  |
    |SgdLR_mul_mul_28sHfu_U50  |SgdLR_mul_mul_28sHfu  |  i0 * i1  |
    |SgdLR_mul_mul_28sHfu_U51  |SgdLR_mul_mul_28sHfu  |  i0 * i1  |
    |SgdLR_mul_mul_28sHfu_U52  |SgdLR_mul_mul_28sHfu  |  i0 * i1  |
    |SgdLR_mul_mul_28sHfu_U53  |SgdLR_mul_mul_28sHfu  |  i0 * i1  |
    |SgdLR_mul_mul_28sHfu_U54  |SgdLR_mul_mul_28sHfu  |  i0 * i1  |
    |SgdLR_mul_mul_28sHfu_U55  |SgdLR_mul_mul_28sHfu  |  i0 * i1  |
    |SgdLR_mul_mul_28sHfu_U56  |SgdLR_mul_mul_28sHfu  |  i0 * i1  |
    |SgdLR_mul_mul_28sHfu_U57  |SgdLR_mul_mul_28sHfu  |  i0 * i1  |
    |SgdLR_mul_mul_28sHfu_U58  |SgdLR_mul_mul_28sHfu  |  i0 * i1  |
    |SgdLR_mul_mul_28sHfu_U59  |SgdLR_mul_mul_28sHfu  |  i0 * i1  |
    |SgdLR_mul_mul_28sHfu_U60  |SgdLR_mul_mul_28sHfu  |  i0 * i1  |
    |SgdLR_mul_mul_28sHfu_U61  |SgdLR_mul_mul_28sHfu  |  i0 * i1  |
    |SgdLR_mul_mul_28sHfu_U62  |SgdLR_mul_mul_28sHfu  |  i0 * i1  |
    |SgdLR_mul_mul_28sHfu_U63  |SgdLR_mul_mul_28sHfu  |  i0 * i1  |
    |SgdLR_mul_mul_28sHfu_U64  |SgdLR_mul_mul_28sHfu  |  i0 * i1  |
    |SgdLR_mul_mul_28sHfu_U65  |SgdLR_mul_mul_28sHfu  |  i0 * i1  |
    |SgdLR_mul_mul_28sHfu_U66  |SgdLR_mul_mul_28sHfu  |  i0 * i1  |
    |SgdLR_mul_mul_28sHfu_U67  |SgdLR_mul_mul_28sHfu  |  i0 * i1  |
    |SgdLR_mul_mul_28sHfu_U68  |SgdLR_mul_mul_28sHfu  |  i0 * i1  |
    |SgdLR_mul_mul_28sHfu_U69  |SgdLR_mul_mul_28sHfu  |  i0 * i1  |
    |SgdLR_mul_mul_28sHfu_U70  |SgdLR_mul_mul_28sHfu  |  i0 * i1  |
    |SgdLR_mul_mul_28sHfu_U71  |SgdLR_mul_mul_28sHfu  |  i0 * i1  |
    |SgdLR_mul_mul_28sHfu_U72  |SgdLR_mul_mul_28sHfu  |  i0 * i1  |
    |SgdLR_mul_mul_28sHfu_U73  |SgdLR_mul_mul_28sHfu  |  i0 * i1  |
    |SgdLR_mul_mul_28sHfu_U74  |SgdLR_mul_mul_28sHfu  |  i0 * i1  |
    |SgdLR_mul_mul_28sHfu_U75  |SgdLR_mul_mul_28sHfu  |  i0 * i1  |
    |SgdLR_mul_mul_28sHfu_U76  |SgdLR_mul_mul_28sHfu  |  i0 * i1  |
    +--------------------------+----------------------+-----------+

    * Memory: 
    +-----------------+----------------------+---------+---+----+------+-----+------+-------------+
    |      Memory     |        Module        | BRAM_18K| FF| LUT| Words| Bits| Banks| W*Bits*Banks|
    +-----------------+----------------------+---------+---+----+------+-----+------+-------------+
    |gradient_0_V_U   |compute_gradient_bkb  |        1|  0|   0|    32|   32|     1|         1024|
    |gradient_1_V_U   |compute_gradient_bkb  |        1|  0|   0|    32|   32|     1|         1024|
    |gradient_2_V_U   |compute_gradient_bkb  |        1|  0|   0|    32|   32|     1|         1024|
    |gradient_3_V_U   |compute_gradient_bkb  |        1|  0|   0|    32|   32|     1|         1024|
    |gradient_4_V_U   |compute_gradient_bkb  |        1|  0|   0|    32|   32|     1|         1024|
    |gradient_5_V_U   |compute_gradient_bkb  |        1|  0|   0|    32|   32|     1|         1024|
    |gradient_6_V_U   |compute_gradient_bkb  |        1|  0|   0|    32|   32|     1|         1024|
    |gradient_7_V_U   |compute_gradient_bkb  |        1|  0|   0|    32|   32|     1|         1024|
    |gradient_8_V_U   |compute_gradient_bkb  |        1|  0|   0|    32|   32|     1|         1024|
    |gradient_9_V_U   |compute_gradient_bkb  |        1|  0|   0|    32|   32|     1|         1024|
    |gradient_10_V_U  |compute_gradient_bkb  |        1|  0|   0|    32|   32|     1|         1024|
    |gradient_11_V_U  |compute_gradient_bkb  |        1|  0|   0|    32|   32|     1|         1024|
    |gradient_12_V_U  |compute_gradient_bkb  |        1|  0|   0|    32|   32|     1|         1024|
    |gradient_13_V_U  |compute_gradient_bkb  |        1|  0|   0|    32|   32|     1|         1024|
    |gradient_14_V_U  |compute_gradient_bkb  |        1|  0|   0|    32|   32|     1|         1024|
    |gradient_15_V_U  |compute_gradient_bkb  |        1|  0|   0|    32|   32|     1|         1024|
    |gradient_16_V_U  |compute_gradient_bkb  |        1|  0|   0|    32|   32|     1|         1024|
    |gradient_17_V_U  |compute_gradient_bkb  |        1|  0|   0|    32|   32|     1|         1024|
    |gradient_18_V_U  |compute_gradient_bkb  |        1|  0|   0|    32|   32|     1|         1024|
    |gradient_19_V_U  |compute_gradient_bkb  |        1|  0|   0|    32|   32|     1|         1024|
    |gradient_20_V_U  |compute_gradient_bkb  |        1|  0|   0|    32|   32|     1|         1024|
    |gradient_21_V_U  |compute_gradient_bkb  |        1|  0|   0|    32|   32|     1|         1024|
    |gradient_22_V_U  |compute_gradient_bkb  |        1|  0|   0|    32|   32|     1|         1024|
    |gradient_23_V_U  |compute_gradient_bkb  |        1|  0|   0|    32|   32|     1|         1024|
    |gradient_24_V_U  |compute_gradient_bkb  |        1|  0|   0|    32|   32|     1|         1024|
    |gradient_25_V_U  |compute_gradient_bkb  |        1|  0|   0|    32|   32|     1|         1024|
    |gradient_26_V_U  |compute_gradient_bkb  |        1|  0|   0|    32|   32|     1|         1024|
    |gradient_27_V_U  |compute_gradient_bkb  |        1|  0|   0|    32|   32|     1|         1024|
    |gradient_28_V_U  |compute_gradient_bkb  |        1|  0|   0|    32|   32|     1|         1024|
    |gradient_29_V_U  |compute_gradient_bkb  |        1|  0|   0|    32|   32|     1|         1024|
    |gradient_30_V_U  |compute_gradient_bkb  |        1|  0|   0|    32|   32|     1|         1024|
    |gradient_31_V_U  |compute_gradient_bkb  |        1|  0|   0|    32|   32|     1|         1024|
    |lut_V_U          |compute_lut_V         |        2|  0|   0|  2048|   10|     1|        20480|
    +-----------------+----------------------+---------+---+----+------+-----+------+-------------+
    |Total            |                      |       34|  0|   0|  3072| 1034|    33|        53248|
    +-----------------+----------------------+---------+---+----+------+-----+------+-------------+

    * FIFO: 
    N/A

    * Expression: 
    +-------------------------+----------+-------+---+----+------------+------------+
    |      Variable Name      | Operation| DSP48E| FF| LUT| Bitwidth P0| Bitwidth P1|
    +-------------------------+----------+-------+---+----+------------+------------+
    |p_Val2_17_10_fu_4635_p2  |     *    |      3|  0|  20|          32|          32|
    |p_Val2_17_11_fu_4670_p2  |     *    |      3|  0|  20|          32|          32|
    |p_Val2_17_12_fu_4705_p2  |     *    |      3|  0|  20|          32|          32|
    |p_Val2_17_13_fu_4740_p2  |     *    |      3|  0|  20|          32|          32|
    |p_Val2_17_14_fu_4775_p2  |     *    |      3|  0|  20|          32|          32|
    |p_Val2_17_15_fu_4810_p2  |     *    |      3|  0|  20|          32|          32|
    |p_Val2_17_16_fu_4845_p2  |     *    |      3|  0|  20|          32|          32|
    |p_Val2_17_17_fu_4880_p2  |     *    |      3|  0|  20|          32|          32|
    |p_Val2_17_18_fu_4915_p2  |     *    |      3|  0|  20|          32|          32|
    |p_Val2_17_19_fu_4950_p2  |     *    |      3|  0|  20|          32|          32|
    |p_Val2_17_1_fu_4285_p2   |     *    |      3|  0|  20|          32|          32|
    |p_Val2_17_20_fu_4985_p2  |     *    |      3|  0|  20|          32|          32|
    |p_Val2_17_21_fu_5020_p2  |     *    |      3|  0|  20|          32|          32|
    |p_Val2_17_22_fu_5055_p2  |     *    |      3|  0|  20|          32|          32|
    |p_Val2_17_23_fu_5090_p2  |     *    |      3|  0|  20|          32|          32|
    |p_Val2_17_24_fu_5125_p2  |     *    |      3|  0|  20|          32|          32|
    |p_Val2_17_25_fu_5160_p2  |     *    |      3|  0|  20|          32|          32|
    |p_Val2_17_26_fu_5195_p2  |     *    |      3|  0|  20|          32|          32|
    |p_Val2_17_27_fu_5230_p2  |     *    |      3|  0|  20|          32|          32|
    |p_Val2_17_28_fu_5265_p2  |     *    |      3|  0|  20|          32|          32|
    |p_Val2_17_29_fu_5300_p2  |     *    |      3|  0|  20|          32|          32|
    |p_Val2_17_2_fu_4320_p2   |     *    |      3|  0|  20|          32|          32|
    |p_Val2_17_30_fu_5335_p2  |     *    |      3|  0|  20|          32|          32|
    |p_Val2_17_3_fu_4355_p2   |     *    |      3|  0|  20|          32|          32|
    |p_Val2_17_4_fu_4390_p2   |     *    |      3|  0|  20|          32|          32|
    |p_Val2_17_5_fu_4425_p2   |     *    |      3|  0|  20|          32|          32|
    |p_Val2_17_6_fu_4460_p2   |     *    |      3|  0|  20|          32|          32|
    |p_Val2_17_7_fu_4495_p2   |     *    |      3|  0|  20|          32|          32|
    |p_Val2_17_8_fu_4530_p2   |     *    |      3|  0|  20|          32|          32|
    |p_Val2_17_9_fu_4565_p2   |     *    |      3|  0|  20|          32|          32|
    |p_Val2_17_s_fu_4600_p2   |     *    |      3|  0|  20|          32|          32|
    |p_Val2_2_10_fu_2844_p2   |     *    |      3|  0|  20|          32|          16|
    |p_Val2_2_11_fu_2868_p2   |     *    |      3|  0|  20|          32|          16|
    |p_Val2_2_12_fu_2892_p2   |     *    |      3|  0|  20|          32|          16|
    |p_Val2_2_13_fu_2916_p2   |     *    |      3|  0|  20|          32|          16|
    |p_Val2_2_14_fu_2940_p2   |     *    |      3|  0|  20|          32|          16|
    |p_Val2_2_15_fu_2964_p2   |     *    |      3|  0|  20|          32|          16|
    |p_Val2_2_16_fu_2988_p2   |     *    |      3|  0|  20|          32|          16|
    |p_Val2_2_17_fu_3012_p2   |     *    |      3|  0|  20|          32|          16|
    |p_Val2_2_18_fu_3036_p2   |     *    |      3|  0|  20|          32|          16|
    |p_Val2_2_19_fu_3060_p2   |     *    |      3|  0|  20|          32|          16|
    |p_Val2_2_1_fu_2604_p2    |     *    |      3|  0|  20|          32|          16|
    |p_Val2_2_20_fu_3084_p2   |     *    |      3|  0|  20|          32|          16|
    |p_Val2_2_21_fu_3108_p2   |     *    |      3|  0|  20|          32|          16|
    |p_Val2_2_22_fu_3132_p2   |     *    |      3|  0|  20|          32|          16|
    |p_Val2_2_23_fu_3156_p2   |     *    |      3|  0|  20|          32|          16|
    |p_Val2_2_24_fu_3180_p2   |     *    |      3|  0|  20|          32|          16|
    |p_Val2_2_25_fu_3204_p2   |     *    |      3|  0|  20|          32|          16|
    |p_Val2_2_26_fu_3228_p2   |     *    |      3|  0|  20|          32|          16|
    |p_Val2_2_27_fu_3252_p2   |     *    |      3|  0|  20|          32|          16|
    |p_Val2_2_28_fu_3276_p2   |     *    |      3|  0|  20|          32|          16|
    |p_Val2_2_29_fu_3300_p2   |     *    |      3|  0|  20|          32|          16|
    |p_Val2_2_2_fu_2628_p2    |     *    |      3|  0|  20|          32|          16|
    |p_Val2_2_30_fu_3324_p2   |     *    |      3|  0|  20|          32|          16|
    |p_Val2_2_3_fu_2652_p2    |     *    |      3|  0|  20|          32|          16|
    |p_Val2_2_4_fu_2676_p2    |     *    |      3|  0|  20|          32|          16|
    |p_Val2_2_5_fu_2700_p2    |     *    |      3|  0|  20|          32|          16|
    |p_Val2_2_6_fu_2724_p2    |     *    |      3|  0|  20|          32|          16|
    |p_Val2_2_7_fu_2748_p2    |     *    |      3|  0|  20|          32|          16|
    |p_Val2_2_8_fu_2772_p2    |     *    |      3|  0|  20|          32|          16|
    |p_Val2_2_9_fu_2796_p2    |     *    |      3|  0|  20|          32|          16|
    |p_Val2_2_fu_2580_p2      |     *    |      3|  0|  20|          32|          16|
    |p_Val2_2_s_fu_2820_p2    |     *    |      3|  0|  20|          32|          16|
    |p_Val2_8_fu_4250_p2      |     *    |      3|  0|  20|          32|          32|
    |i_1_fu_3676_p2           |     +    |      0|  0|  15|           6|           1|
    |i_2_fu_4172_p2           |     +    |      0|  0|  15|           6|           1|
    |i_fu_2498_p2             |     +    |      0|  0|  15|           6|           1|
    |p_Val2_10_fu_4264_p2     |     +    |      0|  0|  58|          51|          51|
    |p_Val2_18_10_fu_4649_p2  |     +    |      0|  0|  58|          51|          51|
    |p_Val2_18_11_fu_4684_p2  |     +    |      0|  0|  58|          51|          51|
    |p_Val2_18_12_fu_4719_p2  |     +    |      0|  0|  58|          51|          51|
    |p_Val2_18_13_fu_4754_p2  |     +    |      0|  0|  58|          51|          51|
    |p_Val2_18_14_fu_4789_p2  |     +    |      0|  0|  58|          51|          51|
    |p_Val2_18_15_fu_4824_p2  |     +    |      0|  0|  58|          51|          51|
    |p_Val2_18_16_fu_4859_p2  |     +    |      0|  0|  58|          51|          51|
    |p_Val2_18_17_fu_4894_p2  |     +    |      0|  0|  58|          51|          51|
    |p_Val2_18_18_fu_4929_p2  |     +    |      0|  0|  58|          51|          51|
    |p_Val2_18_19_fu_4964_p2  |     +    |      0|  0|  58|          51|          51|
    |p_Val2_18_1_fu_4299_p2   |     +    |      0|  0|  58|          51|          51|
    |p_Val2_18_20_fu_4999_p2  |     +    |      0|  0|  58|          51|          51|
    |p_Val2_18_21_fu_5034_p2  |     +    |      0|  0|  58|          51|          51|
    |p_Val2_18_22_fu_5069_p2  |     +    |      0|  0|  58|          51|          51|
    |p_Val2_18_23_fu_5104_p2  |     +    |      0|  0|  58|          51|          51|
    |p_Val2_18_24_fu_5139_p2  |     +    |      0|  0|  58|          51|          51|
    |p_Val2_18_25_fu_5174_p2  |     +    |      0|  0|  58|          51|          51|
    |p_Val2_18_26_fu_5209_p2  |     +    |      0|  0|  58|          51|          51|
    |p_Val2_18_27_fu_5244_p2  |     +    |      0|  0|  58|          51|          51|
    |p_Val2_18_28_fu_5279_p2  |     +    |      0|  0|  58|          51|          51|
    |p_Val2_18_29_fu_5314_p2  |     +    |      0|  0|  58|          51|          51|
    |p_Val2_18_2_fu_4334_p2   |     +    |      0|  0|  58|          51|          51|
    |p_Val2_18_30_fu_5349_p2  |     +    |      0|  0|  58|          51|          51|
    |p_Val2_18_3_fu_4369_p2   |     +    |      0|  0|  58|          51|          51|
    |p_Val2_18_4_fu_4404_p2   |     +    |      0|  0|  58|          51|          51|
    |p_Val2_18_5_fu_4439_p2   |     +    |      0|  0|  58|          51|          51|
    |p_Val2_18_6_fu_4474_p2   |     +    |      0|  0|  58|          51|          51|
    |p_Val2_18_7_fu_4509_p2   |     +    |      0|  0|  58|          51|          51|
    |p_Val2_18_8_fu_4544_p2   |     +    |      0|  0|  58|          51|          51|
    |p_Val2_18_9_fu_4579_p2   |     +    |      0|  0|  58|          51|          51|
    |p_Val2_18_s_fu_4614_p2   |     +    |      0|  0|  58|          51|          51|
    |p_Val2_5_s_fu_3520_p2    |     +    |      0|  0|  32|          32|          32|
    |tmp10_fu_3388_p2         |     +    |      0|  0|  32|          32|          32|
    |tmp11_fu_3376_p2         |     +    |      0|  0|  39|          32|          32|
    |tmp12_fu_3382_p2         |     +    |      0|  0|  39|          32|          32|
    |tmp13_fu_3406_p2         |     +    |      0|  0|  32|          32|          32|
    |tmp14_fu_3394_p2         |     +    |      0|  0|  32|          32|          32|
    |tmp15_fu_3400_p2         |     +    |      0|  0|  39|          32|          32|
    |tmp16_fu_3509_p2         |     +    |      0|  0|  32|          32|          32|
    |tmp17_fu_3505_p2         |     +    |      0|  0|  32|          32|          32|
    |tmp18_fu_3430_p2         |     +    |      0|  0|  32|          32|          32|
    |tmp19_fu_3418_p2         |     +    |      0|  0|  32|          32|          32|
    |tmp1_fu_3500_p2          |     +    |      0|  0|  32|          32|          32|
    |tmp20_fu_3424_p2         |     +    |      0|  0|  39|          32|          32|
    |tmp21_fu_3448_p2         |     +    |      0|  0|  32|          32|          32|
    |tmp22_fu_3436_p2         |     +    |      0|  0|  32|          32|          32|
    |tmp23_fu_3442_p2         |     +    |      0|  0|  39|          32|          32|
    |tmp24_fu_3490_p2         |     +    |      0|  0|  32|          32|          32|
    |tmp25_fu_3466_p2         |     +    |      0|  0|  32|          32|          32|
    |tmp26_fu_3454_p2         |     +    |      0|  0|  39|          32|          32|
    |tmp27_fu_3460_p2         |     +    |      0|  0|  39|          32|          32|
    |tmp28_fu_3484_p2         |     +    |      0|  0|  32|          32|          32|
    |tmp29_fu_3472_p2         |     +    |      0|  0|  32|          32|          32|
    |tmp2_fu_3496_p2          |     +    |      0|  0|  32|          32|          32|
    |tmp30_fu_3478_p2         |     +    |      0|  0|  39|          32|          32|
    |tmp3_fu_3352_p2          |     +    |      0|  0|  32|          32|          32|
    |tmp4_fu_3340_p2          |     +    |      0|  0|  32|          32|          32|
    |tmp5_fu_3346_p2          |     +    |      0|  0|  39|          32|          32|
    |tmp6_fu_3370_p2          |     +    |      0|  0|  32|          32|          32|
    |tmp7_fu_3358_p2          |     +    |      0|  0|  32|          32|          32|
    |tmp8_fu_3364_p2          |     +    |      0|  0|  39|          32|          32|
    |tmp9_fu_3412_p2          |     +    |      0|  0|  32|          32|          32|
    |tmp_8_fu_3514_p2         |     +    |      0|  0|  32|          32|          32|
    |index_V_fu_3568_p2       |     -    |      0|  0|  20|          13|          12|
    |p_Val2_5_fu_3552_p2      |     -    |      0|  0|  30|           1|          23|
    |p_Val2_s_24_fu_3660_p2   |     -    |      0|  0|  35|          28|          28|
    |sel_tmp2_fu_3617_p2      |    and   |      0|  0|   2|           1|           1|
    |exitcond18_i_fu_3670_p2  |   icmp   |      0|  0|  11|           6|           7|
    |exitcond21_i_fu_4166_p2  |   icmp   |      0|  0|  11|           6|           7|
    |exitcond31_i_fu_2492_p2  |   icmp   |      0|  0|  11|           6|           7|
    |tmp_1_fu_3587_p2         |   icmp   |      0|  0|  20|          32|          22|
    |tmp_3_fu_3593_p2         |   icmp   |      0|  0|  20|          32|          23|
    |ap_block_state1          |    or    |      0|  0|   2|           1|           1|
    |tmp_7_fu_3631_p2         |    or    |      0|  0|   2|           1|           1|
    |p_056_0_i_i_fu_3574_p3   |  select  |      0|  0|  11|           1|          12|
    |p_Val2_7_fu_3637_p3      |  select  |      0|  0|  19|           1|          20|
    |sel_tmp_fu_3623_p3       |  select  |      0|  0|  21|           1|           1|
    |ap_enable_pp0            |    xor   |      0|  0|   2|           1|           2|
    |ap_enable_pp1            |    xor   |      0|  0|   2|           1|           2|
    |ap_enable_pp2            |    xor   |      0|  0|   2|           1|           2|
    |ap_enable_reg_pp0_iter1  |    xor   |      0|  0|   2|           2|           1|
    |ap_enable_reg_pp1_iter1  |    xor   |      0|  0|   2|           2|           1|
    |ap_enable_reg_pp2_iter1  |    xor   |      0|  0|   2|           2|           1|
    |sel_tmp1_fu_3611_p2      |    xor   |      0|  0|   2|           1|           2|
    +-------------------------+----------+-------+---+----+------------+------------+
    |Total                    |          |    192|  0|4504|        4862|        4371|
    +-------------------------+----------+-------+---+----+------------+------------+

    * Multiplexer: 
    +---------------------------------+----+-----------+-----+-----------+
    |               Name              | LUT| Input Size| Bits| Total Bits|
    +---------------------------------+----+-----------+-----+-----------+
    |ap_NS_fsm                        |  44|          9|    1|          9|
    |ap_done                          |   9|          2|    1|          2|
    |ap_enable_reg_pp0_iter1          |   9|          2|    1|          2|
    |ap_enable_reg_pp0_iter2          |   9|          2|    1|          2|
    |ap_enable_reg_pp1_iter1          |  15|          3|    1|          3|
    |ap_enable_reg_pp2_iter1          |  15|          3|    1|          3|
    |gradient_0_V_address0            |  15|          3|    5|         15|
    |gradient_10_V_address0           |  15|          3|    5|         15|
    |gradient_11_V_address0           |  15|          3|    5|         15|
    |gradient_12_V_address0           |  15|          3|    5|         15|
    |gradient_13_V_address0           |  15|          3|    5|         15|
    |gradient_14_V_address0           |  15|          3|    5|         15|
    |gradient_15_V_address0           |  15|          3|    5|         15|
    |gradient_16_V_address0           |  15|          3|    5|         15|
    |gradient_17_V_address0           |  15|          3|    5|         15|
    |gradient_18_V_address0           |  15|          3|    5|         15|
    |gradient_19_V_address0           |  15|          3|    5|         15|
    |gradient_1_V_address0            |  15|          3|    5|         15|
    |gradient_20_V_address0           |  15|          3|    5|         15|
    |gradient_21_V_address0           |  15|          3|    5|         15|
    |gradient_22_V_address0           |  15|          3|    5|         15|
    |gradient_23_V_address0           |  15|          3|    5|         15|
    |gradient_24_V_address0           |  15|          3|    5|         15|
    |gradient_25_V_address0           |  15|          3|    5|         15|
    |gradient_26_V_address0           |  15|          3|    5|         15|
    |gradient_27_V_address0           |  15|          3|    5|         15|
    |gradient_28_V_address0           |  15|          3|    5|         15|
    |gradient_29_V_address0           |  15|          3|    5|         15|
    |gradient_2_V_address0            |  15|          3|    5|         15|
    |gradient_30_V_address0           |  15|          3|    5|         15|
    |gradient_31_V_address0           |  15|          3|    5|         15|
    |gradient_3_V_address0            |  15|          3|    5|         15|
    |gradient_4_V_address0            |  15|          3|    5|         15|
    |gradient_5_V_address0            |  15|          3|    5|         15|
    |gradient_6_V_address0            |  15|          3|    5|         15|
    |gradient_7_V_address0            |  15|          3|    5|         15|
    |gradient_8_V_address0            |  15|          3|    5|         15|
    |gradient_9_V_address0            |  15|          3|    5|         15|
    |i_0_i1_reg_2470                  |   9|          2|    6|         12|
    |i_0_i2_reg_2481                  |   9|          2|    6|         12|
    |i_0_i_reg_2459                   |   9|          2|    6|         12|
    |p_Val2_s_reg_2447                |   9|          2|   32|         64|
    |theta_local_0_V_address0         |  15|          3|    5|         15|
    |theta_local_10_V_address0        |  15|          3|    5|         15|
    |theta_local_11_V_address0        |  15|          3|    5|         15|
    |theta_local_12_V_address0        |  15|          3|    5|         15|
    |theta_local_13_V_address0        |  15|          3|    5|         15|
    |theta_local_14_V_address0        |  15|          3|    5|         15|
    |theta_local_15_V_address0        |  15|          3|    5|         15|
    |theta_local_16_V_address0        |  15|          3|    5|         15|
    |theta_local_17_V_address0        |  15|          3|    5|         15|
    |theta_local_18_V_address0        |  15|          3|    5|         15|
    |theta_local_19_V_address0        |  15|          3|    5|         15|
    |theta_local_1_V_address0         |  15|          3|    5|         15|
    |theta_local_20_V_address0        |  15|          3|    5|         15|
    |theta_local_21_V_address0        |  15|          3|    5|         15|
    |theta_local_22_V_address0        |  15|          3|    5|         15|
    |theta_local_23_V_address0        |  15|          3|    5|         15|
    |theta_local_24_V_address0        |  15|          3|    5|         15|
    |theta_local_25_V_address0        |  15|          3|    5|         15|
    |theta_local_26_V_address0        |  15|          3|    5|         15|
    |theta_local_27_V_address0        |  15|          3|    5|         15|
    |theta_local_28_V_address0        |  15|          3|    5|         15|
    |theta_local_29_V_address0        |  15|          3|    5|         15|
    |theta_local_2_V_address0         |  15|          3|    5|         15|
    |theta_local_30_V_address0        |  15|          3|    5|         15|
    |theta_local_31_V_address0        |  15|          3|    5|         15|
    |theta_local_3_V_address0         |  15|          3|    5|         15|
    |theta_local_4_V_address0         |  15|          3|    5|         15|
    |theta_local_5_V_address0         |  15|          3|    5|         15|
    |theta_local_6_V_address0         |  15|          3|    5|         15|
    |theta_local_7_V_address0         |  15|          3|    5|         15|
    |theta_local_8_V_address0         |  15|          3|    5|         15|
    |theta_local_9_V_address0         |  15|          3|    5|         15|
    |training_instance_V_10_address0  |  15|          3|    5|         15|
    |training_instance_V_11_address0  |  15|          3|    5|         15|
    |training_instance_V_12_address0  |  15|          3|    5|         15|
    |training_instance_V_13_address0  |  15|          3|    5|         15|
    |training_instance_V_14_address0  |  15|          3|    5|         15|
    |training_instance_V_15_address0  |  15|          3|    5|         15|
    |training_instance_V_16_address0  |  15|          3|    5|         15|
    |training_instance_V_17_address0  |  15|          3|    5|         15|
    |training_instance_V_18_address0  |  15|          3|    5|         15|
    |training_instance_V_19_address0  |  15|          3|    5|         15|
    |training_instance_V_1_address0   |  15|          3|    5|         15|
    |training_instance_V_20_address0  |  15|          3|    5|         15|
    |training_instance_V_21_address0  |  15|          3|    5|         15|
    |training_instance_V_22_address0  |  15|          3|    5|         15|
    |training_instance_V_23_address0  |  15|          3|    5|         15|
    |training_instance_V_24_address0  |  15|          3|    5|         15|
    |training_instance_V_25_address0  |  15|          3|    5|         15|
    |training_instance_V_26_address0  |  15|          3|    5|         15|
    |training_instance_V_27_address0  |  15|          3|    5|         15|
    |training_instance_V_28_address0  |  15|          3|    5|         15|
    |training_instance_V_29_address0  |  15|          3|    5|         15|
    |training_instance_V_2_address0   |  15|          3|    5|         15|
    |training_instance_V_30_address0  |  15|          3|    5|         15|
    |training_instance_V_31_address0  |  15|          3|    5|         15|
    |training_instance_V_3_address0   |  15|          3|    5|         15|
    |training_instance_V_4_address0   |  15|          3|    5|         15|
    |training_instance_V_5_address0   |  15|          3|    5|         15|
    |training_instance_V_6_address0   |  15|          3|    5|         15|
    |training_instance_V_7_address0   |  15|          3|    5|         15|
    |training_instance_V_8_address0   |  15|          3|    5|         15|
    |training_instance_V_9_address0   |  15|          3|    5|         15|
    |training_instance_V_s_address0   |  15|          3|    5|         15|
    +---------------------------------+----+-----------+-----+-----------+
    |Total                            |1577|        317|  536|       1561|
    +---------------------------------+----+-----------+-----+-----------+

    * Register: 
    +-------------------------------------+----+----+-----+-----------+
    |                 Name                | FF | LUT| Bits| Const Bits|
    +-------------------------------------+----+----+-----+-----------+
    |OP1_V_1_cast_reg_5932                |  35|   0|   44|          9|
    |ap_CS_fsm                            |   8|   0|    8|          0|
    |ap_done_reg                          |   1|   0|    1|          0|
    |ap_enable_reg_pp0_iter0              |   1|   0|    1|          0|
    |ap_enable_reg_pp0_iter1              |   1|   0|    1|          0|
    |ap_enable_reg_pp0_iter2              |   1|   0|    1|          0|
    |ap_enable_reg_pp1_iter0              |   1|   0|    1|          0|
    |ap_enable_reg_pp1_iter1              |   1|   0|    1|          0|
    |ap_enable_reg_pp2_iter0              |   1|   0|    1|          0|
    |ap_enable_reg_pp2_iter1              |   1|   0|    1|          0|
    |exitcond18_i_reg_5968                |   1|   0|    1|          0|
    |exitcond21_i_reg_6173                |   1|   0|    1|          0|
    |exitcond31_i_reg_5563                |   1|   0|    1|          0|
    |exitcond31_i_reg_5563_pp0_iter1_reg  |   1|   0|    1|          0|
    |i_0_i1_reg_2470                      |   6|   0|    6|          0|
    |i_0_i2_reg_2481                      |   6|   0|    6|          0|
    |i_0_i4_reg_5977                      |   6|   0|   64|         58|
    |i_0_i_reg_2459                       |   6|   0|    6|          0|
    |p_Val2_s_reg_2447                    |  32|   0|   32|          0|
    |theta_local_0_V_add_1_reg_6187       |   5|   0|    5|          0|
    |theta_local_10_V_ad_1_reg_6297       |   5|   0|    5|          0|
    |theta_local_11_V_ad_1_reg_6308       |   5|   0|    5|          0|
    |theta_local_12_V_ad_1_reg_6319       |   5|   0|    5|          0|
    |theta_local_13_V_ad_1_reg_6330       |   5|   0|    5|          0|
    |theta_local_14_V_ad_1_reg_6341       |   5|   0|    5|          0|
    |theta_local_15_V_ad_1_reg_6352       |   5|   0|    5|          0|
    |theta_local_16_V_ad_1_reg_6363       |   5|   0|    5|          0|
    |theta_local_17_V_ad_1_reg_6374       |   5|   0|    5|          0|
    |theta_local_18_V_ad_1_reg_6385       |   5|   0|    5|          0|
    |theta_local_19_V_ad_1_reg_6396       |   5|   0|    5|          0|
    |theta_local_1_V_add_1_reg_6198       |   5|   0|    5|          0|
    |theta_local_20_V_ad_1_reg_6407       |   5|   0|    5|          0|
    |theta_local_21_V_ad_1_reg_6418       |   5|   0|    5|          0|
    |theta_local_22_V_ad_1_reg_6429       |   5|   0|    5|          0|
    |theta_local_23_V_ad_1_reg_6440       |   5|   0|    5|          0|
    |theta_local_24_V_ad_1_reg_6451       |   5|   0|    5|          0|
    |theta_local_25_V_ad_1_reg_6462       |   5|   0|    5|          0|
    |theta_local_26_V_ad_1_reg_6473       |   5|   0|    5|          0|
    |theta_local_27_V_ad_1_reg_6484       |   5|   0|    5|          0|
    |theta_local_28_V_ad_1_reg_6495       |   5|   0|    5|          0|
    |theta_local_29_V_ad_1_reg_6506       |   5|   0|    5|          0|
    |theta_local_2_V_add_1_reg_6209       |   5|   0|    5|          0|
    |theta_local_30_V_ad_1_reg_6517       |   5|   0|    5|          0|
    |theta_local_31_V_ad_1_reg_6528       |   5|   0|    5|          0|
    |theta_local_3_V_add_1_reg_6220       |   5|   0|    5|          0|
    |theta_local_4_V_add_1_reg_6231       |   5|   0|    5|          0|
    |theta_local_5_V_add_1_reg_6242       |   5|   0|    5|          0|
    |theta_local_6_V_add_1_reg_6253       |   5|   0|    5|          0|
    |theta_local_7_V_add_1_reg_6264       |   5|   0|    5|          0|
    |theta_local_8_V_add_1_reg_6275       |   5|   0|    5|          0|
    |theta_local_9_V_add_1_reg_6286       |   5|   0|    5|          0|
    |tmp18_reg_5907                       |  32|   0|   32|          0|
    |tmp21_reg_5912                       |  32|   0|   32|          0|
    |tmp24_reg_5917                       |  32|   0|   32|          0|
    |tmp3_reg_5892                        |  32|   0|   32|          0|
    |tmp6_reg_5897                        |  32|   0|   32|          0|
    |tmp9_reg_5902                        |  32|   0|   32|          0|
    |training_label_V_rea_reg_5558        |   8|   0|    8|          0|
    +-------------------------------------+----+----+-----+-----------+
    |Total                                | 471|   0|  538|         67|
    +-------------------------------------+----+----+-----+-----------+



================================================================
== Interface
================================================================
* Summary: 
+---------------------------------+-----+-----+------------+------------------------+--------------+
|            RTL Ports            | Dir | Bits|  Protocol  |      Source Object     |    C Type    |
+---------------------------------+-----+-----+------------+------------------------+--------------+
|ap_clk                           |  in |    1| ap_ctrl_hs |         compute        | return value |
|ap_rst                           |  in |    1| ap_ctrl_hs |         compute        | return value |
|ap_start                         |  in |    1| ap_ctrl_hs |         compute        | return value |
|ap_done                          | out |    1| ap_ctrl_hs |         compute        | return value |
|ap_continue                      |  in |    1| ap_ctrl_hs |         compute        | return value |
|ap_idle                          | out |    1| ap_ctrl_hs |         compute        | return value |
|ap_ready                         | out |    1| ap_ctrl_hs |         compute        | return value |
|theta_local_0_V_address0         | out |    5|  ap_memory |     theta_local_0_V    |     array    |
|theta_local_0_V_ce0              | out |    1|  ap_memory |     theta_local_0_V    |     array    |
|theta_local_0_V_q0               |  in |   32|  ap_memory |     theta_local_0_V    |     array    |
|theta_local_0_V_address1         | out |    5|  ap_memory |     theta_local_0_V    |     array    |
|theta_local_0_V_ce1              | out |    1|  ap_memory |     theta_local_0_V    |     array    |
|theta_local_0_V_we1              | out |    1|  ap_memory |     theta_local_0_V    |     array    |
|theta_local_0_V_d1               | out |   32|  ap_memory |     theta_local_0_V    |     array    |
|theta_local_1_V_address0         | out |    5|  ap_memory |     theta_local_1_V    |     array    |
|theta_local_1_V_ce0              | out |    1|  ap_memory |     theta_local_1_V    |     array    |
|theta_local_1_V_q0               |  in |   32|  ap_memory |     theta_local_1_V    |     array    |
|theta_local_1_V_address1         | out |    5|  ap_memory |     theta_local_1_V    |     array    |
|theta_local_1_V_ce1              | out |    1|  ap_memory |     theta_local_1_V    |     array    |
|theta_local_1_V_we1              | out |    1|  ap_memory |     theta_local_1_V    |     array    |
|theta_local_1_V_d1               | out |   32|  ap_memory |     theta_local_1_V    |     array    |
|theta_local_2_V_address0         | out |    5|  ap_memory |     theta_local_2_V    |     array    |
|theta_local_2_V_ce0              | out |    1|  ap_memory |     theta_local_2_V    |     array    |
|theta_local_2_V_q0               |  in |   32|  ap_memory |     theta_local_2_V    |     array    |
|theta_local_2_V_address1         | out |    5|  ap_memory |     theta_local_2_V    |     array    |
|theta_local_2_V_ce1              | out |    1|  ap_memory |     theta_local_2_V    |     array    |
|theta_local_2_V_we1              | out |    1|  ap_memory |     theta_local_2_V    |     array    |
|theta_local_2_V_d1               | out |   32|  ap_memory |     theta_local_2_V    |     array    |
|theta_local_3_V_address0         | out |    5|  ap_memory |     theta_local_3_V    |     array    |
|theta_local_3_V_ce0              | out |    1|  ap_memory |     theta_local_3_V    |     array    |
|theta_local_3_V_q0               |  in |   32|  ap_memory |     theta_local_3_V    |     array    |
|theta_local_3_V_address1         | out |    5|  ap_memory |     theta_local_3_V    |     array    |
|theta_local_3_V_ce1              | out |    1|  ap_memory |     theta_local_3_V    |     array    |
|theta_local_3_V_we1              | out |    1|  ap_memory |     theta_local_3_V    |     array    |
|theta_local_3_V_d1               | out |   32|  ap_memory |     theta_local_3_V    |     array    |
|theta_local_4_V_address0         | out |    5|  ap_memory |     theta_local_4_V    |     array    |
|theta_local_4_V_ce0              | out |    1|  ap_memory |     theta_local_4_V    |     array    |
|theta_local_4_V_q0               |  in |   32|  ap_memory |     theta_local_4_V    |     array    |
|theta_local_4_V_address1         | out |    5|  ap_memory |     theta_local_4_V    |     array    |
|theta_local_4_V_ce1              | out |    1|  ap_memory |     theta_local_4_V    |     array    |
|theta_local_4_V_we1              | out |    1|  ap_memory |     theta_local_4_V    |     array    |
|theta_local_4_V_d1               | out |   32|  ap_memory |     theta_local_4_V    |     array    |
|theta_local_5_V_address0         | out |    5|  ap_memory |     theta_local_5_V    |     array    |
|theta_local_5_V_ce0              | out |    1|  ap_memory |     theta_local_5_V    |     array    |
|theta_local_5_V_q0               |  in |   32|  ap_memory |     theta_local_5_V    |     array    |
|theta_local_5_V_address1         | out |    5|  ap_memory |     theta_local_5_V    |     array    |
|theta_local_5_V_ce1              | out |    1|  ap_memory |     theta_local_5_V    |     array    |
|theta_local_5_V_we1              | out |    1|  ap_memory |     theta_local_5_V    |     array    |
|theta_local_5_V_d1               | out |   32|  ap_memory |     theta_local_5_V    |     array    |
|theta_local_6_V_address0         | out |    5|  ap_memory |     theta_local_6_V    |     array    |
|theta_local_6_V_ce0              | out |    1|  ap_memory |     theta_local_6_V    |     array    |
|theta_local_6_V_q0               |  in |   32|  ap_memory |     theta_local_6_V    |     array    |
|theta_local_6_V_address1         | out |    5|  ap_memory |     theta_local_6_V    |     array    |
|theta_local_6_V_ce1              | out |    1|  ap_memory |     theta_local_6_V    |     array    |
|theta_local_6_V_we1              | out |    1|  ap_memory |     theta_local_6_V    |     array    |
|theta_local_6_V_d1               | out |   32|  ap_memory |     theta_local_6_V    |     array    |
|theta_local_7_V_address0         | out |    5|  ap_memory |     theta_local_7_V    |     array    |
|theta_local_7_V_ce0              | out |    1|  ap_memory |     theta_local_7_V    |     array    |
|theta_local_7_V_q0               |  in |   32|  ap_memory |     theta_local_7_V    |     array    |
|theta_local_7_V_address1         | out |    5|  ap_memory |     theta_local_7_V    |     array    |
|theta_local_7_V_ce1              | out |    1|  ap_memory |     theta_local_7_V    |     array    |
|theta_local_7_V_we1              | out |    1|  ap_memory |     theta_local_7_V    |     array    |
|theta_local_7_V_d1               | out |   32|  ap_memory |     theta_local_7_V    |     array    |
|theta_local_8_V_address0         | out |    5|  ap_memory |     theta_local_8_V    |     array    |
|theta_local_8_V_ce0              | out |    1|  ap_memory |     theta_local_8_V    |     array    |
|theta_local_8_V_q0               |  in |   32|  ap_memory |     theta_local_8_V    |     array    |
|theta_local_8_V_address1         | out |    5|  ap_memory |     theta_local_8_V    |     array    |
|theta_local_8_V_ce1              | out |    1|  ap_memory |     theta_local_8_V    |     array    |
|theta_local_8_V_we1              | out |    1|  ap_memory |     theta_local_8_V    |     array    |
|theta_local_8_V_d1               | out |   32|  ap_memory |     theta_local_8_V    |     array    |
|theta_local_9_V_address0         | out |    5|  ap_memory |     theta_local_9_V    |     array    |
|theta_local_9_V_ce0              | out |    1|  ap_memory |     theta_local_9_V    |     array    |
|theta_local_9_V_q0               |  in |   32|  ap_memory |     theta_local_9_V    |     array    |
|theta_local_9_V_address1         | out |    5|  ap_memory |     theta_local_9_V    |     array    |
|theta_local_9_V_ce1              | out |    1|  ap_memory |     theta_local_9_V    |     array    |
|theta_local_9_V_we1              | out |    1|  ap_memory |     theta_local_9_V    |     array    |
|theta_local_9_V_d1               | out |   32|  ap_memory |     theta_local_9_V    |     array    |
|theta_local_10_V_address0        | out |    5|  ap_memory |    theta_local_10_V    |     array    |
|theta_local_10_V_ce0             | out |    1|  ap_memory |    theta_local_10_V    |     array    |
|theta_local_10_V_q0              |  in |   32|  ap_memory |    theta_local_10_V    |     array    |
|theta_local_10_V_address1        | out |    5|  ap_memory |    theta_local_10_V    |     array    |
|theta_local_10_V_ce1             | out |    1|  ap_memory |    theta_local_10_V    |     array    |
|theta_local_10_V_we1             | out |    1|  ap_memory |    theta_local_10_V    |     array    |
|theta_local_10_V_d1              | out |   32|  ap_memory |    theta_local_10_V    |     array    |
|theta_local_11_V_address0        | out |    5|  ap_memory |    theta_local_11_V    |     array    |
|theta_local_11_V_ce0             | out |    1|  ap_memory |    theta_local_11_V    |     array    |
|theta_local_11_V_q0              |  in |   32|  ap_memory |    theta_local_11_V    |     array    |
|theta_local_11_V_address1        | out |    5|  ap_memory |    theta_local_11_V    |     array    |
|theta_local_11_V_ce1             | out |    1|  ap_memory |    theta_local_11_V    |     array    |
|theta_local_11_V_we1             | out |    1|  ap_memory |    theta_local_11_V    |     array    |
|theta_local_11_V_d1              | out |   32|  ap_memory |    theta_local_11_V    |     array    |
|theta_local_12_V_address0        | out |    5|  ap_memory |    theta_local_12_V    |     array    |
|theta_local_12_V_ce0             | out |    1|  ap_memory |    theta_local_12_V    |     array    |
|theta_local_12_V_q0              |  in |   32|  ap_memory |    theta_local_12_V    |     array    |
|theta_local_12_V_address1        | out |    5|  ap_memory |    theta_local_12_V    |     array    |
|theta_local_12_V_ce1             | out |    1|  ap_memory |    theta_local_12_V    |     array    |
|theta_local_12_V_we1             | out |    1|  ap_memory |    theta_local_12_V    |     array    |
|theta_local_12_V_d1              | out |   32|  ap_memory |    theta_local_12_V    |     array    |
|theta_local_13_V_address0        | out |    5|  ap_memory |    theta_local_13_V    |     array    |
|theta_local_13_V_ce0             | out |    1|  ap_memory |    theta_local_13_V    |     array    |
|theta_local_13_V_q0              |  in |   32|  ap_memory |    theta_local_13_V    |     array    |
|theta_local_13_V_address1        | out |    5|  ap_memory |    theta_local_13_V    |     array    |
|theta_local_13_V_ce1             | out |    1|  ap_memory |    theta_local_13_V    |     array    |
|theta_local_13_V_we1             | out |    1|  ap_memory |    theta_local_13_V    |     array    |
|theta_local_13_V_d1              | out |   32|  ap_memory |    theta_local_13_V    |     array    |
|theta_local_14_V_address0        | out |    5|  ap_memory |    theta_local_14_V    |     array    |
|theta_local_14_V_ce0             | out |    1|  ap_memory |    theta_local_14_V    |     array    |
|theta_local_14_V_q0              |  in |   32|  ap_memory |    theta_local_14_V    |     array    |
|theta_local_14_V_address1        | out |    5|  ap_memory |    theta_local_14_V    |     array    |
|theta_local_14_V_ce1             | out |    1|  ap_memory |    theta_local_14_V    |     array    |
|theta_local_14_V_we1             | out |    1|  ap_memory |    theta_local_14_V    |     array    |
|theta_local_14_V_d1              | out |   32|  ap_memory |    theta_local_14_V    |     array    |
|theta_local_15_V_address0        | out |    5|  ap_memory |    theta_local_15_V    |     array    |
|theta_local_15_V_ce0             | out |    1|  ap_memory |    theta_local_15_V    |     array    |
|theta_local_15_V_q0              |  in |   32|  ap_memory |    theta_local_15_V    |     array    |
|theta_local_15_V_address1        | out |    5|  ap_memory |    theta_local_15_V    |     array    |
|theta_local_15_V_ce1             | out |    1|  ap_memory |    theta_local_15_V    |     array    |
|theta_local_15_V_we1             | out |    1|  ap_memory |    theta_local_15_V    |     array    |
|theta_local_15_V_d1              | out |   32|  ap_memory |    theta_local_15_V    |     array    |
|theta_local_16_V_address0        | out |    5|  ap_memory |    theta_local_16_V    |     array    |
|theta_local_16_V_ce0             | out |    1|  ap_memory |    theta_local_16_V    |     array    |
|theta_local_16_V_q0              |  in |   32|  ap_memory |    theta_local_16_V    |     array    |
|theta_local_16_V_address1        | out |    5|  ap_memory |    theta_local_16_V    |     array    |
|theta_local_16_V_ce1             | out |    1|  ap_memory |    theta_local_16_V    |     array    |
|theta_local_16_V_we1             | out |    1|  ap_memory |    theta_local_16_V    |     array    |
|theta_local_16_V_d1              | out |   32|  ap_memory |    theta_local_16_V    |     array    |
|theta_local_17_V_address0        | out |    5|  ap_memory |    theta_local_17_V    |     array    |
|theta_local_17_V_ce0             | out |    1|  ap_memory |    theta_local_17_V    |     array    |
|theta_local_17_V_q0              |  in |   32|  ap_memory |    theta_local_17_V    |     array    |
|theta_local_17_V_address1        | out |    5|  ap_memory |    theta_local_17_V    |     array    |
|theta_local_17_V_ce1             | out |    1|  ap_memory |    theta_local_17_V    |     array    |
|theta_local_17_V_we1             | out |    1|  ap_memory |    theta_local_17_V    |     array    |
|theta_local_17_V_d1              | out |   32|  ap_memory |    theta_local_17_V    |     array    |
|theta_local_18_V_address0        | out |    5|  ap_memory |    theta_local_18_V    |     array    |
|theta_local_18_V_ce0             | out |    1|  ap_memory |    theta_local_18_V    |     array    |
|theta_local_18_V_q0              |  in |   32|  ap_memory |    theta_local_18_V    |     array    |
|theta_local_18_V_address1        | out |    5|  ap_memory |    theta_local_18_V    |     array    |
|theta_local_18_V_ce1             | out |    1|  ap_memory |    theta_local_18_V    |     array    |
|theta_local_18_V_we1             | out |    1|  ap_memory |    theta_local_18_V    |     array    |
|theta_local_18_V_d1              | out |   32|  ap_memory |    theta_local_18_V    |     array    |
|theta_local_19_V_address0        | out |    5|  ap_memory |    theta_local_19_V    |     array    |
|theta_local_19_V_ce0             | out |    1|  ap_memory |    theta_local_19_V    |     array    |
|theta_local_19_V_q0              |  in |   32|  ap_memory |    theta_local_19_V    |     array    |
|theta_local_19_V_address1        | out |    5|  ap_memory |    theta_local_19_V    |     array    |
|theta_local_19_V_ce1             | out |    1|  ap_memory |    theta_local_19_V    |     array    |
|theta_local_19_V_we1             | out |    1|  ap_memory |    theta_local_19_V    |     array    |
|theta_local_19_V_d1              | out |   32|  ap_memory |    theta_local_19_V    |     array    |
|theta_local_20_V_address0        | out |    5|  ap_memory |    theta_local_20_V    |     array    |
|theta_local_20_V_ce0             | out |    1|  ap_memory |    theta_local_20_V    |     array    |
|theta_local_20_V_q0              |  in |   32|  ap_memory |    theta_local_20_V    |     array    |
|theta_local_20_V_address1        | out |    5|  ap_memory |    theta_local_20_V    |     array    |
|theta_local_20_V_ce1             | out |    1|  ap_memory |    theta_local_20_V    |     array    |
|theta_local_20_V_we1             | out |    1|  ap_memory |    theta_local_20_V    |     array    |
|theta_local_20_V_d1              | out |   32|  ap_memory |    theta_local_20_V    |     array    |
|theta_local_21_V_address0        | out |    5|  ap_memory |    theta_local_21_V    |     array    |
|theta_local_21_V_ce0             | out |    1|  ap_memory |    theta_local_21_V    |     array    |
|theta_local_21_V_q0              |  in |   32|  ap_memory |    theta_local_21_V    |     array    |
|theta_local_21_V_address1        | out |    5|  ap_memory |    theta_local_21_V    |     array    |
|theta_local_21_V_ce1             | out |    1|  ap_memory |    theta_local_21_V    |     array    |
|theta_local_21_V_we1             | out |    1|  ap_memory |    theta_local_21_V    |     array    |
|theta_local_21_V_d1              | out |   32|  ap_memory |    theta_local_21_V    |     array    |
|theta_local_22_V_address0        | out |    5|  ap_memory |    theta_local_22_V    |     array    |
|theta_local_22_V_ce0             | out |    1|  ap_memory |    theta_local_22_V    |     array    |
|theta_local_22_V_q0              |  in |   32|  ap_memory |    theta_local_22_V    |     array    |
|theta_local_22_V_address1        | out |    5|  ap_memory |    theta_local_22_V    |     array    |
|theta_local_22_V_ce1             | out |    1|  ap_memory |    theta_local_22_V    |     array    |
|theta_local_22_V_we1             | out |    1|  ap_memory |    theta_local_22_V    |     array    |
|theta_local_22_V_d1              | out |   32|  ap_memory |    theta_local_22_V    |     array    |
|theta_local_23_V_address0        | out |    5|  ap_memory |    theta_local_23_V    |     array    |
|theta_local_23_V_ce0             | out |    1|  ap_memory |    theta_local_23_V    |     array    |
|theta_local_23_V_q0              |  in |   32|  ap_memory |    theta_local_23_V    |     array    |
|theta_local_23_V_address1        | out |    5|  ap_memory |    theta_local_23_V    |     array    |
|theta_local_23_V_ce1             | out |    1|  ap_memory |    theta_local_23_V    |     array    |
|theta_local_23_V_we1             | out |    1|  ap_memory |    theta_local_23_V    |     array    |
|theta_local_23_V_d1              | out |   32|  ap_memory |    theta_local_23_V    |     array    |
|theta_local_24_V_address0        | out |    5|  ap_memory |    theta_local_24_V    |     array    |
|theta_local_24_V_ce0             | out |    1|  ap_memory |    theta_local_24_V    |     array    |
|theta_local_24_V_q0              |  in |   32|  ap_memory |    theta_local_24_V    |     array    |
|theta_local_24_V_address1        | out |    5|  ap_memory |    theta_local_24_V    |     array    |
|theta_local_24_V_ce1             | out |    1|  ap_memory |    theta_local_24_V    |     array    |
|theta_local_24_V_we1             | out |    1|  ap_memory |    theta_local_24_V    |     array    |
|theta_local_24_V_d1              | out |   32|  ap_memory |    theta_local_24_V    |     array    |
|theta_local_25_V_address0        | out |    5|  ap_memory |    theta_local_25_V    |     array    |
|theta_local_25_V_ce0             | out |    1|  ap_memory |    theta_local_25_V    |     array    |
|theta_local_25_V_q0              |  in |   32|  ap_memory |    theta_local_25_V    |     array    |
|theta_local_25_V_address1        | out |    5|  ap_memory |    theta_local_25_V    |     array    |
|theta_local_25_V_ce1             | out |    1|  ap_memory |    theta_local_25_V    |     array    |
|theta_local_25_V_we1             | out |    1|  ap_memory |    theta_local_25_V    |     array    |
|theta_local_25_V_d1              | out |   32|  ap_memory |    theta_local_25_V    |     array    |
|theta_local_26_V_address0        | out |    5|  ap_memory |    theta_local_26_V    |     array    |
|theta_local_26_V_ce0             | out |    1|  ap_memory |    theta_local_26_V    |     array    |
|theta_local_26_V_q0              |  in |   32|  ap_memory |    theta_local_26_V    |     array    |
|theta_local_26_V_address1        | out |    5|  ap_memory |    theta_local_26_V    |     array    |
|theta_local_26_V_ce1             | out |    1|  ap_memory |    theta_local_26_V    |     array    |
|theta_local_26_V_we1             | out |    1|  ap_memory |    theta_local_26_V    |     array    |
|theta_local_26_V_d1              | out |   32|  ap_memory |    theta_local_26_V    |     array    |
|theta_local_27_V_address0        | out |    5|  ap_memory |    theta_local_27_V    |     array    |
|theta_local_27_V_ce0             | out |    1|  ap_memory |    theta_local_27_V    |     array    |
|theta_local_27_V_q0              |  in |   32|  ap_memory |    theta_local_27_V    |     array    |
|theta_local_27_V_address1        | out |    5|  ap_memory |    theta_local_27_V    |     array    |
|theta_local_27_V_ce1             | out |    1|  ap_memory |    theta_local_27_V    |     array    |
|theta_local_27_V_we1             | out |    1|  ap_memory |    theta_local_27_V    |     array    |
|theta_local_27_V_d1              | out |   32|  ap_memory |    theta_local_27_V    |     array    |
|theta_local_28_V_address0        | out |    5|  ap_memory |    theta_local_28_V    |     array    |
|theta_local_28_V_ce0             | out |    1|  ap_memory |    theta_local_28_V    |     array    |
|theta_local_28_V_q0              |  in |   32|  ap_memory |    theta_local_28_V    |     array    |
|theta_local_28_V_address1        | out |    5|  ap_memory |    theta_local_28_V    |     array    |
|theta_local_28_V_ce1             | out |    1|  ap_memory |    theta_local_28_V    |     array    |
|theta_local_28_V_we1             | out |    1|  ap_memory |    theta_local_28_V    |     array    |
|theta_local_28_V_d1              | out |   32|  ap_memory |    theta_local_28_V    |     array    |
|theta_local_29_V_address0        | out |    5|  ap_memory |    theta_local_29_V    |     array    |
|theta_local_29_V_ce0             | out |    1|  ap_memory |    theta_local_29_V    |     array    |
|theta_local_29_V_q0              |  in |   32|  ap_memory |    theta_local_29_V    |     array    |
|theta_local_29_V_address1        | out |    5|  ap_memory |    theta_local_29_V    |     array    |
|theta_local_29_V_ce1             | out |    1|  ap_memory |    theta_local_29_V    |     array    |
|theta_local_29_V_we1             | out |    1|  ap_memory |    theta_local_29_V    |     array    |
|theta_local_29_V_d1              | out |   32|  ap_memory |    theta_local_29_V    |     array    |
|theta_local_30_V_address0        | out |    5|  ap_memory |    theta_local_30_V    |     array    |
|theta_local_30_V_ce0             | out |    1|  ap_memory |    theta_local_30_V    |     array    |
|theta_local_30_V_q0              |  in |   32|  ap_memory |    theta_local_30_V    |     array    |
|theta_local_30_V_address1        | out |    5|  ap_memory |    theta_local_30_V    |     array    |
|theta_local_30_V_ce1             | out |    1|  ap_memory |    theta_local_30_V    |     array    |
|theta_local_30_V_we1             | out |    1|  ap_memory |    theta_local_30_V    |     array    |
|theta_local_30_V_d1              | out |   32|  ap_memory |    theta_local_30_V    |     array    |
|theta_local_31_V_address0        | out |    5|  ap_memory |    theta_local_31_V    |     array    |
|theta_local_31_V_ce0             | out |    1|  ap_memory |    theta_local_31_V    |     array    |
|theta_local_31_V_q0              |  in |   32|  ap_memory |    theta_local_31_V    |     array    |
|theta_local_31_V_address1        | out |    5|  ap_memory |    theta_local_31_V    |     array    |
|theta_local_31_V_ce1             | out |    1|  ap_memory |    theta_local_31_V    |     array    |
|theta_local_31_V_we1             | out |    1|  ap_memory |    theta_local_31_V    |     array    |
|theta_local_31_V_d1              | out |   32|  ap_memory |    theta_local_31_V    |     array    |
|training_label_V                 |  in |    8|   ap_none  |    training_label_V    |    pointer   |
|training_instance_V_s_address0   | out |    5|  ap_memory |  training_instance_V_s |     array    |
|training_instance_V_s_ce0        | out |    1|  ap_memory |  training_instance_V_s |     array    |
|training_instance_V_s_q0         |  in |   16|  ap_memory |  training_instance_V_s |     array    |
|training_instance_V_1_address0   | out |    5|  ap_memory |  training_instance_V_1 |     array    |
|training_instance_V_1_ce0        | out |    1|  ap_memory |  training_instance_V_1 |     array    |
|training_instance_V_1_q0         |  in |   16|  ap_memory |  training_instance_V_1 |     array    |
|training_instance_V_2_address0   | out |    5|  ap_memory |  training_instance_V_2 |     array    |
|training_instance_V_2_ce0        | out |    1|  ap_memory |  training_instance_V_2 |     array    |
|training_instance_V_2_q0         |  in |   16|  ap_memory |  training_instance_V_2 |     array    |
|training_instance_V_3_address0   | out |    5|  ap_memory |  training_instance_V_3 |     array    |
|training_instance_V_3_ce0        | out |    1|  ap_memory |  training_instance_V_3 |     array    |
|training_instance_V_3_q0         |  in |   16|  ap_memory |  training_instance_V_3 |     array    |
|training_instance_V_4_address0   | out |    5|  ap_memory |  training_instance_V_4 |     array    |
|training_instance_V_4_ce0        | out |    1|  ap_memory |  training_instance_V_4 |     array    |
|training_instance_V_4_q0         |  in |   16|  ap_memory |  training_instance_V_4 |     array    |
|training_instance_V_5_address0   | out |    5|  ap_memory |  training_instance_V_5 |     array    |
|training_instance_V_5_ce0        | out |    1|  ap_memory |  training_instance_V_5 |     array    |
|training_instance_V_5_q0         |  in |   16|  ap_memory |  training_instance_V_5 |     array    |
|training_instance_V_6_address0   | out |    5|  ap_memory |  training_instance_V_6 |     array    |
|training_instance_V_6_ce0        | out |    1|  ap_memory |  training_instance_V_6 |     array    |
|training_instance_V_6_q0         |  in |   16|  ap_memory |  training_instance_V_6 |     array    |
|training_instance_V_7_address0   | out |    5|  ap_memory |  training_instance_V_7 |     array    |
|training_instance_V_7_ce0        | out |    1|  ap_memory |  training_instance_V_7 |     array    |
|training_instance_V_7_q0         |  in |   16|  ap_memory |  training_instance_V_7 |     array    |
|training_instance_V_8_address0   | out |    5|  ap_memory |  training_instance_V_8 |     array    |
|training_instance_V_8_ce0        | out |    1|  ap_memory |  training_instance_V_8 |     array    |
|training_instance_V_8_q0         |  in |   16|  ap_memory |  training_instance_V_8 |     array    |
|training_instance_V_9_address0   | out |    5|  ap_memory |  training_instance_V_9 |     array    |
|training_instance_V_9_ce0        | out |    1|  ap_memory |  training_instance_V_9 |     array    |
|training_instance_V_9_q0         |  in |   16|  ap_memory |  training_instance_V_9 |     array    |
|training_instance_V_10_address0  | out |    5|  ap_memory | training_instance_V_10 |     array    |
|training_instance_V_10_ce0       | out |    1|  ap_memory | training_instance_V_10 |     array    |
|training_instance_V_10_q0        |  in |   16|  ap_memory | training_instance_V_10 |     array    |
|training_instance_V_11_address0  | out |    5|  ap_memory | training_instance_V_11 |     array    |
|training_instance_V_11_ce0       | out |    1|  ap_memory | training_instance_V_11 |     array    |
|training_instance_V_11_q0        |  in |   16|  ap_memory | training_instance_V_11 |     array    |
|training_instance_V_12_address0  | out |    5|  ap_memory | training_instance_V_12 |     array    |
|training_instance_V_12_ce0       | out |    1|  ap_memory | training_instance_V_12 |     array    |
|training_instance_V_12_q0        |  in |   16|  ap_memory | training_instance_V_12 |     array    |
|training_instance_V_13_address0  | out |    5|  ap_memory | training_instance_V_13 |     array    |
|training_instance_V_13_ce0       | out |    1|  ap_memory | training_instance_V_13 |     array    |
|training_instance_V_13_q0        |  in |   16|  ap_memory | training_instance_V_13 |     array    |
|training_instance_V_14_address0  | out |    5|  ap_memory | training_instance_V_14 |     array    |
|training_instance_V_14_ce0       | out |    1|  ap_memory | training_instance_V_14 |     array    |
|training_instance_V_14_q0        |  in |   16|  ap_memory | training_instance_V_14 |     array    |
|training_instance_V_15_address0  | out |    5|  ap_memory | training_instance_V_15 |     array    |
|training_instance_V_15_ce0       | out |    1|  ap_memory | training_instance_V_15 |     array    |
|training_instance_V_15_q0        |  in |   16|  ap_memory | training_instance_V_15 |     array    |
|training_instance_V_16_address0  | out |    5|  ap_memory | training_instance_V_16 |     array    |
|training_instance_V_16_ce0       | out |    1|  ap_memory | training_instance_V_16 |     array    |
|training_instance_V_16_q0        |  in |   16|  ap_memory | training_instance_V_16 |     array    |
|training_instance_V_17_address0  | out |    5|  ap_memory | training_instance_V_17 |     array    |
|training_instance_V_17_ce0       | out |    1|  ap_memory | training_instance_V_17 |     array    |
|training_instance_V_17_q0        |  in |   16|  ap_memory | training_instance_V_17 |     array    |
|training_instance_V_18_address0  | out |    5|  ap_memory | training_instance_V_18 |     array    |
|training_instance_V_18_ce0       | out |    1|  ap_memory | training_instance_V_18 |     array    |
|training_instance_V_18_q0        |  in |   16|  ap_memory | training_instance_V_18 |     array    |
|training_instance_V_19_address0  | out |    5|  ap_memory | training_instance_V_19 |     array    |
|training_instance_V_19_ce0       | out |    1|  ap_memory | training_instance_V_19 |     array    |
|training_instance_V_19_q0        |  in |   16|  ap_memory | training_instance_V_19 |     array    |
|training_instance_V_20_address0  | out |    5|  ap_memory | training_instance_V_20 |     array    |
|training_instance_V_20_ce0       | out |    1|  ap_memory | training_instance_V_20 |     array    |
|training_instance_V_20_q0        |  in |   16|  ap_memory | training_instance_V_20 |     array    |
|training_instance_V_21_address0  | out |    5|  ap_memory | training_instance_V_21 |     array    |
|training_instance_V_21_ce0       | out |    1|  ap_memory | training_instance_V_21 |     array    |
|training_instance_V_21_q0        |  in |   16|  ap_memory | training_instance_V_21 |     array    |
|training_instance_V_22_address0  | out |    5|  ap_memory | training_instance_V_22 |     array    |
|training_instance_V_22_ce0       | out |    1|  ap_memory | training_instance_V_22 |     array    |
|training_instance_V_22_q0        |  in |   16|  ap_memory | training_instance_V_22 |     array    |
|training_instance_V_23_address0  | out |    5|  ap_memory | training_instance_V_23 |     array    |
|training_instance_V_23_ce0       | out |    1|  ap_memory | training_instance_V_23 |     array    |
|training_instance_V_23_q0        |  in |   16|  ap_memory | training_instance_V_23 |     array    |
|training_instance_V_24_address0  | out |    5|  ap_memory | training_instance_V_24 |     array    |
|training_instance_V_24_ce0       | out |    1|  ap_memory | training_instance_V_24 |     array    |
|training_instance_V_24_q0        |  in |   16|  ap_memory | training_instance_V_24 |     array    |
|training_instance_V_25_address0  | out |    5|  ap_memory | training_instance_V_25 |     array    |
|training_instance_V_25_ce0       | out |    1|  ap_memory | training_instance_V_25 |     array    |
|training_instance_V_25_q0        |  in |   16|  ap_memory | training_instance_V_25 |     array    |
|training_instance_V_26_address0  | out |    5|  ap_memory | training_instance_V_26 |     array    |
|training_instance_V_26_ce0       | out |    1|  ap_memory | training_instance_V_26 |     array    |
|training_instance_V_26_q0        |  in |   16|  ap_memory | training_instance_V_26 |     array    |
|training_instance_V_27_address0  | out |    5|  ap_memory | training_instance_V_27 |     array    |
|training_instance_V_27_ce0       | out |    1|  ap_memory | training_instance_V_27 |     array    |
|training_instance_V_27_q0        |  in |   16|  ap_memory | training_instance_V_27 |     array    |
|training_instance_V_28_address0  | out |    5|  ap_memory | training_instance_V_28 |     array    |
|training_instance_V_28_ce0       | out |    1|  ap_memory | training_instance_V_28 |     array    |
|training_instance_V_28_q0        |  in |   16|  ap_memory | training_instance_V_28 |     array    |
|training_instance_V_29_address0  | out |    5|  ap_memory | training_instance_V_29 |     array    |
|training_instance_V_29_ce0       | out |    1|  ap_memory | training_instance_V_29 |     array    |
|training_instance_V_29_q0        |  in |   16|  ap_memory | training_instance_V_29 |     array    |
|training_instance_V_30_address0  | out |    5|  ap_memory | training_instance_V_30 |     array    |
|training_instance_V_30_ce0       | out |    1|  ap_memory | training_instance_V_30 |     array    |
|training_instance_V_30_q0        |  in |   16|  ap_memory | training_instance_V_30 |     array    |
|training_instance_V_31_address0  | out |    5|  ap_memory | training_instance_V_31 |     array    |
|training_instance_V_31_ce0       | out |    1|  ap_memory | training_instance_V_31 |     array    |
|training_instance_V_31_q0        |  in |   16|  ap_memory | training_instance_V_31 |     array    |
+---------------------------------+-----+-----+------------+------------------------+--------------+

