

================================================================
== Vivado HLS Report for 'dataflow_in_loop_TRA_1_1'
================================================================
* Date:           Wed Aug 12 22:41:44 2020

* Version:        2018.2 (Build 2258646 on Thu Jun 14 20:25:20 MDT 2018)
* Project:        SgdLR
* Solution:       solution
* Product family: zynquplus
* Target device:  xczu9eg-ffvb1156-2-e


================================================================
== Performance Estimates
================================================================
+ Timing (ns): 
    * Summary: 
    +--------+-------+----------+------------+
    |  Clock | Target| Estimated| Uncertainty|
    +--------+-------+----------+------------+
    |ap_clk  |  10.00|     3.676|        2.70|
    +--------+-------+----------+------------+

+ Latency (clock cycles): 
    * Summary: 
    +-----+-----+-----+-----+---------+
    |  Latency  |  Interval | Pipeline|
    | min | max | min | max |   Type  |
    +-----+-----+-----+-----+---------+
    |    0|    0|    0|    0|   none  |
    +-----+-----+-----+-----+---------+

    + Detail: 
        * Instance: 
        N/A

        * Loop: 
        N/A



================================================================
== Utilization Estimates
================================================================
* Summary: 
+-----------------+---------+-------+--------+--------+-----+
|       Name      | BRAM_18K| DSP48E|   FF   |   LUT  | URAM|
+-----------------+---------+-------+--------+--------+-----+
|DSP              |        -|      -|       -|       -|    -|
|Expression       |        -|      -|       0|       2|    -|
|FIFO             |        -|      -|       -|       -|    -|
|Instance         |        -|      -|       -|       -|    -|
|Memory           |        -|      -|       -|       -|    -|
|Multiplexer      |        -|      -|       -|      36|    -|
|Register         |        -|      -|       2|       -|    -|
+-----------------+---------+-------+--------+--------+-----+
|Total            |        0|      0|       2|      38|    0|
+-----------------+---------+-------+--------+--------+-----+
|Available        |     1824|   2520|  548160|  274080|    0|
+-----------------+---------+-------+--------+--------+-----+
|Utilization (%)  |        0|      0|   ~0   |   ~0   |    0|
+-----------------+---------+-------+--------+--------+-----+

+ Detail: 
    * Instance: 
    N/A

    * DSP48: 
    N/A

    * Memory: 
    N/A

    * FIFO: 
    N/A

    * Expression: 
    +-----------------+----------+-------+---+----+------------+------------+
    |  Variable Name  | Operation| DSP48E| FF| LUT| Bitwidth P0| Bitwidth P1|
    +-----------------+----------+-------+---+----+------------+------------+
    |ap_block_state1  |    or    |      0|  0|   2|           1|           1|
    +-----------------+----------+-------+---+----+------------+------------+
    |Total            |          |      0|  0|   2|           1|           1|
    +-----------------+----------+-------+---+----+------------+------------+

    * Multiplexer: 
    +------------------------+----+-----------+-----+-----------+
    |          Name          | LUT| Input Size| Bits| Total Bits|
    +------------------------+----+-----------+-----+-----------+
    |ap_done                 |   9|          2|    1|          2|
    |training_id_blk_n       |   9|          2|    1|          2|
    |training_id_out1_blk_n  |   9|          2|    1|          2|
    |training_id_out_blk_n   |   9|          2|    1|          2|
    +------------------------+----+-----------+-----+-----------+
    |Total                   |  36|          8|    4|          8|
    +------------------------+----+-----------+-----+-----------+

    * Register: 
    +-------------+---+----+-----+-----------+
    |     Name    | FF| LUT| Bits| Const Bits|
    +-------------+---+----+-----+-----------+
    |ap_CS_fsm    |  1|   0|    1|          0|
    |ap_done_reg  |  1|   0|    1|          0|
    +-------------+---+----+-----+-----------+
    |Total        |  2|   0|    2|          0|
    +-------------+---+----+-----+-----------+



================================================================
== Interface
================================================================
* Summary: 
+-------------------------+-----+-----+------------+--------------------------+--------------+
|        RTL Ports        | Dir | Bits|  Protocol  |       Source Object      |    C Type    |
+-------------------------+-----+-----+------------+--------------------------+--------------+
|ap_clk                   |  in |    1| ap_ctrl_hs | dataflow_in_loop_TRA.1.1 | return value |
|ap_rst                   |  in |    1| ap_ctrl_hs | dataflow_in_loop_TRA.1.1 | return value |
|ap_start                 |  in |    1| ap_ctrl_hs | dataflow_in_loop_TRA.1.1 | return value |
|ap_done                  | out |    1| ap_ctrl_hs | dataflow_in_loop_TRA.1.1 | return value |
|ap_continue              |  in |    1| ap_ctrl_hs | dataflow_in_loop_TRA.1.1 | return value |
|ap_idle                  | out |    1| ap_ctrl_hs | dataflow_in_loop_TRA.1.1 | return value |
|ap_ready                 | out |    1| ap_ctrl_hs | dataflow_in_loop_TRA.1.1 | return value |
|training_id_dout         |  in |   13|   ap_fifo  |        training_id       |    pointer   |
|training_id_empty_n      |  in |    1|   ap_fifo  |        training_id       |    pointer   |
|training_id_read         | out |    1|   ap_fifo  |        training_id       |    pointer   |
|training_id_out_din      | out |   13|   ap_fifo  |      training_id_out     |    pointer   |
|training_id_out_full_n   |  in |    1|   ap_fifo  |      training_id_out     |    pointer   |
|training_id_out_write    | out |    1|   ap_fifo  |      training_id_out     |    pointer   |
|training_id_out1_din     | out |   13|   ap_fifo  |     training_id_out1     |    pointer   |
|training_id_out1_full_n  |  in |    1|   ap_fifo  |     training_id_out1     |    pointer   |
|training_id_out1_write   | out |    1|   ap_fifo  |     training_id_out1     |    pointer   |
+-------------------------+-----+-----+------------+--------------------------+--------------+

