report_utilization|1.0|synth_1_synth_report_utilization_0|/home/ylxiao_seas_upenn_edu/Roseetta/rosetta/optical-flow/_sds/p0/vivado/prj/prj.runs/synth_1/zcu102_wrapper_utilization_synth.rpt|
report_utilization|1.0|zcu102_axis2sgdma_dm_1_0_synth_1_synth_report_utilization_0|/home/ylxiao_seas_upenn_edu/Roseetta/rosetta/optical-flow/_sds/p0/vivado/prj/prj.runs/zcu102_axis2sgdma_dm_1_0_synth_1/zcu102_axis2sgdma_dm_1_0_utilization_synth.rpt|
report_utilization|1.0|zcu102_auto_ss_slid_0_synth_1_synth_report_utilization_0|/home/ylxiao_seas_upenn_edu/Roseetta/rosetta/optical-flow/_sds/p0/vivado/prj/prj.runs/zcu102_auto_ss_slid_0_synth_1/zcu102_auto_ss_slid_0_utilization_synth.rpt|
report_utilization|1.0|zcu102_xbar_2_synth_1_synth_report_utilization_0|/home/ylxiao_seas_upenn_edu/Roseetta/rosetta/optical-flow/_sds/p0/vivado/prj/prj.runs/zcu102_xbar_2_synth_1/zcu102_xbar_2_utilization_synth.rpt|
report_utilization|1.0|zcu102_optical_flow_1_0_synth_1_synth_report_utilization_0|/home/ylxiao_seas_upenn_edu/Roseetta/rosetta/optical-flow/_sds/p0/vivado/prj/prj.runs/zcu102_optical_flow_1_0_synth_1/zcu102_optical_flow_1_0_utilization_synth.rpt|optical_flow
report_utilization|1.0|zcu102_dm_1_0_synth_1_synth_report_utilization_0|/home/ylxiao_seas_upenn_edu/Roseetta/rosetta/optical-flow/_sds/p0/vivado/prj/prj.runs/zcu102_dm_1_0_synth_1/zcu102_dm_1_0_utilization_synth.rpt|
report_utilization|1.0|zcu102_xbar_1_synth_1_synth_report_utilization_0|/home/ylxiao_seas_upenn_edu/Roseetta/rosetta/optical-flow/_sds/p0/vivado/prj/prj.runs/zcu102_xbar_1_synth_1/zcu102_xbar_1_utilization_synth.rpt|
report_utilization|1.0|zcu102_optical_flow_1_if_0_synth_1_synth_report_utilization_0|/home/ylxiao_seas_upenn_edu/Roseetta/rosetta/optical-flow/_sds/p0/vivado/prj/prj.runs/zcu102_optical_flow_1_if_0_synth_1/zcu102_optical_flow_1_if_0_utilization_synth.rpt|
report_utilization|1.0|zcu102_s00_regslice_2_synth_1_synth_report_utilization_0|/home/ylxiao_seas_upenn_edu/Roseetta/rosetta/optical-flow/_sds/p0/vivado/prj/prj.runs/zcu102_s00_regslice_2_synth_1/zcu102_s00_regslice_2_utilization_synth.rpt|
report_utilization|1.0|zcu102_s00_mmu_1_synth_1_synth_report_utilization_0|/home/ylxiao_seas_upenn_edu/Roseetta/rosetta/optical-flow/_sds/p0/vivado/prj/prj.runs/zcu102_s00_mmu_1_synth_1/zcu102_s00_mmu_1_utilization_synth.rpt|
report_drc|1.0|impl_1_opt_report_drc_0|/home/ylxiao_seas_upenn_edu/Roseetta/rosetta/optical-flow/_sds/p0/vivado/prj/prj.runs/impl_1/zcu102_wrapper_drc_opted.rpt|
report_io|1.0|impl_1_place_report_io_0|/home/ylxiao_seas_upenn_edu/Roseetta/rosetta/optical-flow/_sds/p0/vivado/prj/prj.runs/impl_1/zcu102_wrapper_io_placed.rpt|
report_utilization|1.0|impl_1_place_report_utilization_0|/home/ylxiao_seas_upenn_edu/Roseetta/rosetta/optical-flow/_sds/p0/vivado/prj/prj.runs/impl_1/zcu102_wrapper_utilization_placed.rpt|
report_control_sets|1.0|impl_1_place_report_control_sets_0|/home/ylxiao_seas_upenn_edu/Roseetta/rosetta/optical-flow/_sds/p0/vivado/prj/prj.runs/impl_1/zcu102_wrapper_control_sets_placed.rpt|
report_drc|1.0|impl_1_route_report_drc_0|/home/ylxiao_seas_upenn_edu/Roseetta/rosetta/optical-flow/_sds/p0/vivado/prj/prj.runs/impl_1/zcu102_wrapper_drc_routed.rpt|
report_methodology|1.0|impl_1_route_report_methodology_0|/home/ylxiao_seas_upenn_edu/Roseetta/rosetta/optical-flow/_sds/p0/vivado/prj/prj.runs/impl_1/zcu102_wrapper_methodology_drc_routed.rpt|
report_power|1.0|impl_1_route_report_power_0|/home/ylxiao_seas_upenn_edu/Roseetta/rosetta/optical-flow/_sds/p0/vivado/prj/prj.runs/impl_1/zcu102_wrapper_power_routed.rpt|
report_route_status|1.0|impl_1_route_report_route_status_0|/home/ylxiao_seas_upenn_edu/Roseetta/rosetta/optical-flow/_sds/p0/vivado/prj/prj.runs/impl_1/zcu102_wrapper_route_status.rpt|
report_timing_summary|1.0|impl_1_route_report_timing_summary_0|/home/ylxiao_seas_upenn_edu/Roseetta/rosetta/optical-flow/_sds/p0/vivado/prj/prj.runs/impl_1/zcu102_wrapper_timing_summary_routed.rpt|
report_incremental_reuse|1.0|impl_1_route_report_incremental_reuse_0|/home/ylxiao_seas_upenn_edu/Roseetta/rosetta/optical-flow/_sds/p0/vivado/prj/prj.runs/impl_1/zcu102_wrapper_incremental_reuse_routed.rpt|
report_clock_utilization|1.0|impl_1_route_report_clock_utilization_0|/home/ylxiao_seas_upenn_edu/Roseetta/rosetta/optical-flow/_sds/p0/vivado/prj/prj.runs/impl_1/zcu102_wrapper_clock_utilization_routed.rpt|
report_bus_skew|1.1|impl_1_route_report_bus_skew_0|/home/ylxiao_seas_upenn_edu/Roseetta/rosetta/optical-flow/_sds/p0/vivado/prj/prj.runs/impl_1/zcu102_wrapper_bus_skew_routed.rpt|
