Copyright 1986-2018 Xilinx, Inc. All Rights Reserved.
-------------------------------------------------------------------------------------------------------------------------
| Tool Version : Vivado v.2018.2 (lin64) Build 2258646 Thu Jun 14 20:02:38 MDT 2018
| Date         : Thu Aug 13 02:28:03 2020
| Host         : prflow-compute-0-0 running 64-bit CentOS Linux release 7.8.2003 (Core)
| Command      : report_utilization -file zcu102_wrapper_utilization_placed.rpt -pb zcu102_wrapper_utilization_placed.pb
| Design       : zcu102_wrapper
| Device       : xczu9egffvb1156-2
| Design State : Fully Placed
-------------------------------------------------------------------------------------------------------------------------

Utilization Design Information

Table of Contents
-----------------
1. CLB Logic
1.1 Summary of Registers by Type
2. CLB Logic Distribution
3. BLOCKRAM
4. ARITHMETIC
5. I/O
6. CLOCK
7. ADVANCED
8. CONFIGURATION
9. Primitives
10. Black Boxes
11. Instantiated Netlists

1. CLB Logic
------------

+----------------------------+-------+-------+-----------+-------+
|          Site Type         |  Used | Fixed | Available | Util% |
+----------------------------+-------+-------+-----------+-------+
| CLB LUTs                   | 48671 |     0 |    274080 | 17.76 |
|   LUT as Logic             | 46379 |     0 |    274080 | 16.92 |
|   LUT as Memory            |  2292 |     0 |    144000 |  1.59 |
|     LUT as Distributed RAM |   786 |     0 |           |       |
|     LUT as Shift Register  |  1506 |     0 |           |       |
| CLB Registers              | 61299 |     0 |    548160 | 11.18 |
|   Register as Flip Flop    | 61299 |     0 |    548160 | 11.18 |
|   Register as Latch        |     0 |     0 |    548160 |  0.00 |
| CARRY8                     |  2368 |     0 |     34260 |  6.91 |
| F7 Muxes                   |    99 |     0 |    137040 |  0.07 |
| F8 Muxes                   |     1 |     0 |     68520 | <0.01 |
| F9 Muxes                   |     0 |     0 |     34260 |  0.00 |
+----------------------------+-------+-------+-----------+-------+


1.1 Summary of Registers by Type
--------------------------------

+-------+--------------+-------------+--------------+
| Total | Clock Enable | Synchronous | Asynchronous |
+-------+--------------+-------------+--------------+
| 0     |            _ |           - |            - |
| 0     |            _ |           - |          Set |
| 0     |            _ |           - |        Reset |
| 0     |            _ |         Set |            - |
| 0     |            _ |       Reset |            - |
| 0     |          Yes |           - |            - |
| 221   |          Yes |           - |          Set |
| 297   |          Yes |           - |        Reset |
| 482   |          Yes |         Set |            - |
| 60299 |          Yes |       Reset |            - |
+-------+--------------+-------------+--------------+


2. CLB Logic Distribution
-------------------------

+-------------------------------------------+-------+-------+-----------+-------+
|                 Site Type                 |  Used | Fixed | Available | Util% |
+-------------------------------------------+-------+-------+-----------+-------+
| CLB                                       | 10229 |     0 |     34260 | 29.86 |
|   CLBL                                    |  4730 |     0 |           |       |
|   CLBM                                    |  5499 |     0 |           |       |
| LUT as Logic                              | 46379 |     0 |    274080 | 16.92 |
|   using O5 output only                    |   929 |       |           |       |
|   using O6 output only                    | 35429 |       |           |       |
|   using O5 and O6                         | 10021 |       |           |       |
| LUT as Memory                             |  2292 |     0 |    144000 |  1.59 |
|   LUT as Distributed RAM                  |   786 |     0 |           |       |
|     using O5 output only                  |     0 |       |           |       |
|     using O6 output only                  |   194 |       |           |       |
|     using O5 and O6                       |   592 |       |           |       |
|   LUT as Shift Register                   |  1506 |     0 |           |       |
|     using O5 output only                  |     0 |       |           |       |
|     using O6 output only                  |   793 |       |           |       |
|     using O5 and O6                       |   713 |       |           |       |
| LUT Flip Flop Pairs                       | 19034 |     0 |    274080 |  6.94 |
|   fully used LUT-FF pairs                 |  6441 |       |           |       |
|   LUT-FF pairs with one unused LUT output | 11555 |       |           |       |
|   LUT-FF pairs with one unused Flip Flop  | 10061 |       |           |       |
| Unique Control Sets                       |  1464 |       |           |       |
+-------------------------------------------+-------+-------+-----------+-------+
* Note: Review the Control Sets Report for more information regarding control sets.


3. BLOCKRAM
-----------

+-------------------+------+-------+-----------+-------+
|     Site Type     | Used | Fixed | Available | Util% |
+-------------------+------+-------+-----------+-------+
| Block RAM Tile    | 65.5 |     0 |       912 |  7.18 |
|   RAMB36/FIFO*    |   56 |     0 |       912 |  6.14 |
|     RAMB36E2 only |   56 |       |           |       |
|   RAMB18          |   19 |     0 |      1824 |  1.04 |
|     RAMB18E2 only |   19 |       |           |       |
+-------------------+------+-------+-----------+-------+
* Note: Each Block RAM Tile only has one FIFO logic available and therefore can accommodate only one FIFO36E2 or one FIFO18E2. However, if a FIFO18E2 occupies a Block RAM Tile, that tile can still accommodate a RAMB18E2


4. ARITHMETIC
-------------

+----------------+------+-------+-----------+-------+
|    Site Type   | Used | Fixed | Available | Util% |
+----------------+------+-------+-----------+-------+
| DSPs           |  454 |     0 |      2520 | 18.02 |
|   DSP48E2 only |  454 |       |           |       |
+----------------+------+-------+-----------+-------+


5. I/O
------

+------------------+------+-------+-----------+-------+
|     Site Type    | Used | Fixed | Available | Util% |
+------------------+------+-------+-----------+-------+
| Bonded IOB       |    0 |     0 |       328 |  0.00 |
| HPIOB_M          |    0 |     0 |        96 |  0.00 |
| HPIOB_S          |    0 |     0 |        96 |  0.00 |
| HDIOB_M          |    0 |     0 |        60 |  0.00 |
| HDIOB_S          |    0 |     0 |        60 |  0.00 |
| HPIOB_SNGL       |    0 |     0 |        16 |  0.00 |
| HPIOBDIFFINBUF   |    0 |     0 |        96 |  0.00 |
| HPIOBDIFFOUTBUF  |    0 |     0 |        96 |  0.00 |
| HDIOBDIFFINBUF   |    0 |     0 |        60 |  0.00 |
| BITSLICE_CONTROL |    0 |     0 |        32 |  0.00 |
| BITSLICE_RX_TX   |    0 |     0 |       208 |  0.00 |
| BITSLICE_TX      |    0 |     0 |        32 |  0.00 |
| RIU_OR           |    0 |     0 |        16 |  0.00 |
+------------------+------+-------+-----------+-------+


6. CLOCK
--------

+----------------------+------+-------+-----------+-------+
|       Site Type      | Used | Fixed | Available | Util% |
+----------------------+------+-------+-----------+-------+
| GLOBAL CLOCK BUFFERs |   11 |     0 |       404 |  2.72 |
|   BUFGCE             |   10 |     0 |       116 |  8.62 |
|   BUFGCE_DIV         |    0 |     0 |        16 |  0.00 |
|   BUFG_GT            |    0 |     0 |       168 |  0.00 |
|   BUFG_PS            |    1 |     0 |        72 |  1.39 |
|   BUFGCTRL*          |    0 |     0 |        32 |  0.00 |
| PLL                  |    0 |     0 |         8 |  0.00 |
| MMCM                 |    1 |     0 |         4 | 25.00 |
+----------------------+------+-------+-----------+-------+
* Note: Each used BUFGCTRL counts as two global buffer resources. This table does not include global clocking resources, only buffer cell usage. See the Clock Utilization Report (report_clock_utilization) for detailed accounting of global clocking resource availability.


7. ADVANCED
-----------

+-----------------+------+-------+-----------+--------+
|    Site Type    | Used | Fixed | Available |  Util% |
+-----------------+------+-------+-----------+--------+
| GTHE4_CHANNEL   |    0 |     0 |        24 |   0.00 |
| GTHE4_COMMON    |    0 |     0 |         6 |   0.00 |
| OBUFDS_GTE4     |    0 |     0 |        12 |   0.00 |
| OBUFDS_GTE4_ADV |    0 |     0 |        12 |   0.00 |
| PS8             |    1 |     0 |         1 | 100.00 |
| SYSMONE4        |    0 |     0 |         1 |   0.00 |
+-----------------+------+-------+-----------+--------+


8. CONFIGURATION
----------------

+-------------+------+-------+-----------+-------+
|  Site Type  | Used | Fixed | Available | Util% |
+-------------+------+-------+-----------+-------+
| BSCANE2     |    0 |     0 |         4 |  0.00 |
| DNA_PORTE2  |    0 |     0 |         1 |  0.00 |
| EFUSE_USR   |    0 |     0 |         1 |  0.00 |
| FRAME_ECCE4 |    0 |     0 |         1 |  0.00 |
| ICAPE3      |    0 |     0 |         2 |  0.00 |
| MASTER_JTAG |    0 |     0 |         1 |  0.00 |
| STARTUPE3   |    0 |     0 |         1 |  0.00 |
+-------------+------+-------+-----------+-------+


9. Primitives
-------------

+------------+-------+---------------------+
|  Ref Name  |  Used | Functional Category |
+------------+-------+---------------------+
| FDRE       | 60299 |            Register |
| LUT3       | 19093 |                 CLB |
| LUT6       | 10804 |                 CLB |
| LUT4       |  9920 |                 CLB |
| LUT2       |  9870 |                 CLB |
| LUT5       |  5411 |                 CLB |
| CARRY8     |  2368 |                 CLB |
| SRL16E     |  1890 |                 CLB |
| LUT1       |  1302 |                 CLB |
| RAMD32     |  1038 |                 CLB |
| FDSE       |   482 |            Register |
| DSP48E2    |   454 |          Arithmetic |
| SRLC32E    |   329 |                 CLB |
| FDCE       |   297 |            Register |
| FDPE       |   221 |            Register |
| RAMD64E    |   192 |                 CLB |
| RAMS32     |   148 |                 CLB |
| MUXF7      |    99 |                 CLB |
| RAMB36E2   |    56 |           Block Ram |
| RAMB18E2   |    19 |           Block Ram |
| BUFGCE     |    10 |               Clock |
| PS8        |     1 |            Advanced |
| MUXF8      |     1 |                 CLB |
| MMCME4_ADV |     1 |               Clock |
| BUFG_PS    |     1 |               Clock |
+------------+-------+---------------------+


10. Black Boxes
---------------

+----------+------+
| Ref Name | Used |
+----------+------+


11. Instantiated Netlists
-------------------------

+----------------------------+------+
|          Ref Name          | Used |
+----------------------------+------+
| zcu102_xlconcat_1_0        |    1 |
| zcu102_xlconcat_0_0        |    1 |
| zcu102_xbar_2              |    1 |
| zcu102_xbar_1              |    1 |
| zcu102_xbar_0              |    1 |
| zcu102_sgdma2axis_dm_0_0   |    1 |
| zcu102_sds_irq_const_0     |    1 |
| zcu102_s01_regslice_1      |    1 |
| zcu102_s01_regslice_0      |    1 |
| zcu102_s01_mmu_1           |    1 |
| zcu102_s01_mmu_0           |    1 |
| zcu102_s00_regslice_3      |    1 |
| zcu102_s00_regslice_2      |    1 |
| zcu102_s00_regslice_1      |    1 |
| zcu102_s00_regslice_0      |    1 |
| zcu102_s00_mmu_1           |    1 |
| zcu102_s00_mmu_0           |    1 |
| zcu102_s00_data_fifo_0     |    1 |
| zcu102_ps_e_0              |    1 |
| zcu102_proc_sys_reset_1_0  |    1 |
| zcu102_optical_flow_1_if_0 |    1 |
| zcu102_optical_flow_1_0    |    1 |
| zcu102_m02_regslice_0      |    1 |
| zcu102_m01_regslice_0      |    1 |
| zcu102_m00_regslice_2      |    1 |
| zcu102_m00_regslice_1      |    1 |
| zcu102_m00_regslice_0      |    1 |
| zcu102_m00_data_fifo_1     |    1 |
| zcu102_m00_data_fifo_0     |    1 |
| zcu102_dm_1_0              |    1 |
| zcu102_dm_0_0              |    1 |
| zcu102_clk_wiz_0_0         |    1 |
| zcu102_axis2sgdma_dm_1_0   |    1 |
| zcu102_auto_us_df_3        |    1 |
| zcu102_auto_us_df_2        |    1 |
| zcu102_auto_us_df_1        |    1 |
| zcu102_auto_us_df_0        |    1 |
| zcu102_auto_ss_slid_0      |    1 |
| zcu102_auto_pc_0           |    1 |
| zcu102_auto_ds_0           |    1 |
+----------------------------+------+


