

================================================================
== Vivado HLS Report for 'coloringFB'
================================================================
* Date:           Wed Aug 12 22:45:14 2020

* Version:        2018.2 (Build 2258646 on Thu Jun 14 20:25:20 MDT 2018)
* Project:        rendering
* Solution:       solution
* Product family: zynquplus
* Target device:  xczu9eg-ffvb1156-2-e


================================================================
== Performance Estimates
================================================================
+ Timing (ns): 
    * Summary: 
    +--------+-------+----------+------------+
    |  Clock | Target| Estimated| Uncertainty|
    +--------+-------+----------+------------+
    |ap_clk  |  10.00|     2.474|        2.70|
    +--------+-------+----------+------------+

+ Latency (clock cycles): 
    * Summary: 
    +-----+-----+-----+-----+---------+
    |  Latency  |  Interval | Pipeline|
    | min | max | min | max |   Type  |
    +-----+-----+-----+-----+---------+
    |    ?|    ?|    ?|    ?|   none  |
    +-----+-----+-----+-----+---------+

    + Detail: 
        * Instance: 
        N/A

        * Loop: 
        +------------------------+-------+-------+----------+-----------+-----------+------+----------+
        |                        |    Latency    | Iteration|  Initiation Interval  | Trip |          |
        |        Loop Name       |  min  |  max  |  Latency |  achieved |   target  | Count| Pipelined|
        +------------------------+-------+-------+----------+-----------+-----------+------+----------+
        |- COLORING_FB_INIT_ROW  |  32768|  32768|       128|        128|          1|   256|    yes   |
        |- COLORING_FB           |      ?|      ?|         2|          1|          1|     ?|    yes   |
        +------------------------+-------+-------+----------+-----------+-----------+------+----------+



================================================================
== Utilization Estimates
================================================================
* Summary: 
+-----------------+---------+-------+--------+--------+-----+
|       Name      | BRAM_18K| DSP48E|   FF   |   LUT  | URAM|
+-----------------+---------+-------+--------+--------+-----+
|DSP              |        -|      -|       -|       -|    -|
|Expression       |        -|      -|       0|    4417|    -|
|FIFO             |        -|      -|       -|       -|    -|
|Instance         |        -|      -|       -|       -|    -|
|Memory           |        -|      -|       -|       -|    -|
|Multiplexer      |        -|      -|       -|    1811|    -|
|Register         |        -|      -|     178|       -|    -|
+-----------------+---------+-------+--------+--------+-----+
|Total            |        0|      0|     178|    6228|    0|
+-----------------+---------+-------+--------+--------+-----+
|Available        |     1824|   2520|  548160|  274080|    0|
+-----------------+---------+-------+--------+--------+-----+
|Utilization (%)  |        0|      0|   ~0   |       2|    0|
+-----------------+---------+-------+--------+--------+-----+

+ Detail: 
    * Instance: 
    N/A

    * DSP48: 
    N/A

    * Memory: 
    N/A

    * FIFO: 
    N/A

    * Expression: 
    +-------------------------+----------+-------+---+----+------------+------------+
    |      Variable Name      | Operation| DSP48E| FF| LUT| Bitwidth P0| Bitwidth P1|
    +-------------------------+----------+-------+---+----+------------+------------+
    |i_V_2_fu_6320_p2         |     +    |      0|  0|  23|          16|           1|
    |i_V_fu_2725_p2           |     +    |      0|  0|  16|           9|           1|
    |exitcond_fu_6315_p2      |   icmp   |      0|  0|  13|          16|          16|
    |tmp_fu_2713_p2           |   icmp   |      0|  0|  13|          12|           1|
    |tmp_s_fu_2719_p2         |   icmp   |      0|  0|  13|           9|          10|
    |tmp_1034_fu_2744_p2      |    or    |      0|  0|  17|          17|           1|
    |tmp_1036_fu_2759_p2      |    or    |      0|  0|  17|          17|           2|
    |tmp_1038_fu_2773_p2      |    or    |      0|  0|  17|          17|           2|
    |tmp_1040_fu_2787_p2      |    or    |      0|  0|  17|          17|           3|
    |tmp_1042_fu_2801_p2      |    or    |      0|  0|  17|          17|           3|
    |tmp_1044_fu_2815_p2      |    or    |      0|  0|  17|          17|           3|
    |tmp_1046_fu_2829_p2      |    or    |      0|  0|  17|          17|           3|
    |tmp_1048_fu_2843_p2      |    or    |      0|  0|  17|          17|           4|
    |tmp_1050_fu_2857_p2      |    or    |      0|  0|  17|          17|           4|
    |tmp_1052_fu_2871_p2      |    or    |      0|  0|  17|          17|           4|
    |tmp_1054_fu_2885_p2      |    or    |      0|  0|  17|          17|           4|
    |tmp_1056_fu_2899_p2      |    or    |      0|  0|  17|          17|           4|
    |tmp_1058_fu_2913_p2      |    or    |      0|  0|  17|          17|           4|
    |tmp_1060_fu_2927_p2      |    or    |      0|  0|  17|          17|           4|
    |tmp_1062_fu_2941_p2      |    or    |      0|  0|  17|          17|           4|
    |tmp_1064_fu_2955_p2      |    or    |      0|  0|  17|          17|           5|
    |tmp_1066_fu_2969_p2      |    or    |      0|  0|  17|          17|           5|
    |tmp_1068_fu_2983_p2      |    or    |      0|  0|  17|          17|           5|
    |tmp_1070_fu_2997_p2      |    or    |      0|  0|  17|          17|           5|
    |tmp_1072_fu_3011_p2      |    or    |      0|  0|  17|          17|           5|
    |tmp_1074_fu_3025_p2      |    or    |      0|  0|  17|          17|           5|
    |tmp_1076_fu_3039_p2      |    or    |      0|  0|  17|          17|           5|
    |tmp_1078_fu_3053_p2      |    or    |      0|  0|  17|          17|           5|
    |tmp_1080_fu_3067_p2      |    or    |      0|  0|  17|          17|           5|
    |tmp_1082_fu_3081_p2      |    or    |      0|  0|  17|          17|           5|
    |tmp_1084_fu_3095_p2      |    or    |      0|  0|  17|          17|           5|
    |tmp_1086_fu_3109_p2      |    or    |      0|  0|  17|          17|           5|
    |tmp_1088_fu_3123_p2      |    or    |      0|  0|  17|          17|           5|
    |tmp_1090_fu_3137_p2      |    or    |      0|  0|  17|          17|           5|
    |tmp_1092_fu_3151_p2      |    or    |      0|  0|  17|          17|           5|
    |tmp_1094_fu_3165_p2      |    or    |      0|  0|  17|          17|           5|
    |tmp_1096_fu_3179_p2      |    or    |      0|  0|  17|          17|           6|
    |tmp_1098_fu_3193_p2      |    or    |      0|  0|  17|          17|           6|
    |tmp_1100_fu_3207_p2      |    or    |      0|  0|  17|          17|           6|
    |tmp_1102_fu_3221_p2      |    or    |      0|  0|  17|          17|           6|
    |tmp_1104_fu_3235_p2      |    or    |      0|  0|  17|          17|           6|
    |tmp_1106_fu_3249_p2      |    or    |      0|  0|  17|          17|           6|
    |tmp_1108_fu_3263_p2      |    or    |      0|  0|  17|          17|           6|
    |tmp_1110_fu_3277_p2      |    or    |      0|  0|  17|          17|           6|
    |tmp_1112_fu_3291_p2      |    or    |      0|  0|  17|          17|           6|
    |tmp_1114_fu_3305_p2      |    or    |      0|  0|  17|          17|           6|
    |tmp_1116_fu_3319_p2      |    or    |      0|  0|  17|          17|           6|
    |tmp_1118_fu_3333_p2      |    or    |      0|  0|  17|          17|           6|
    |tmp_1120_fu_3347_p2      |    or    |      0|  0|  17|          17|           6|
    |tmp_1122_fu_3361_p2      |    or    |      0|  0|  17|          17|           6|
    |tmp_1124_fu_3375_p2      |    or    |      0|  0|  17|          17|           6|
    |tmp_1126_fu_3389_p2      |    or    |      0|  0|  17|          17|           6|
    |tmp_1128_fu_3403_p2      |    or    |      0|  0|  17|          17|           6|
    |tmp_1130_fu_3417_p2      |    or    |      0|  0|  17|          17|           6|
    |tmp_1132_fu_3431_p2      |    or    |      0|  0|  17|          17|           6|
    |tmp_1134_fu_3445_p2      |    or    |      0|  0|  17|          17|           6|
    |tmp_1136_fu_3459_p2      |    or    |      0|  0|  17|          17|           6|
    |tmp_1138_fu_3473_p2      |    or    |      0|  0|  17|          17|           6|
    |tmp_1140_fu_3487_p2      |    or    |      0|  0|  17|          17|           6|
    |tmp_1142_fu_3501_p2      |    or    |      0|  0|  17|          17|           6|
    |tmp_1144_fu_3515_p2      |    or    |      0|  0|  17|          17|           6|
    |tmp_1146_fu_3529_p2      |    or    |      0|  0|  17|          17|           6|
    |tmp_1148_fu_3543_p2      |    or    |      0|  0|  17|          17|           6|
    |tmp_1150_fu_3557_p2      |    or    |      0|  0|  17|          17|           6|
    |tmp_1152_fu_3571_p2      |    or    |      0|  0|  17|          17|           6|
    |tmp_1154_fu_3585_p2      |    or    |      0|  0|  17|          17|           6|
    |tmp_1156_fu_3599_p2      |    or    |      0|  0|  17|          17|           6|
    |tmp_1158_fu_3613_p2      |    or    |      0|  0|  17|          17|           6|
    |tmp_1160_fu_3627_p2      |    or    |      0|  0|  17|          17|           7|
    |tmp_1162_fu_3641_p2      |    or    |      0|  0|  17|          17|           7|
    |tmp_1164_fu_3655_p2      |    or    |      0|  0|  17|          17|           7|
    |tmp_1166_fu_3669_p2      |    or    |      0|  0|  17|          17|           7|
    |tmp_1168_fu_3683_p2      |    or    |      0|  0|  17|          17|           7|
    |tmp_1170_fu_3697_p2      |    or    |      0|  0|  17|          17|           7|
    |tmp_1172_fu_3711_p2      |    or    |      0|  0|  17|          17|           7|
    |tmp_1174_fu_3725_p2      |    or    |      0|  0|  17|          17|           7|
    |tmp_1176_fu_3739_p2      |    or    |      0|  0|  17|          17|           7|
    |tmp_1178_fu_3753_p2      |    or    |      0|  0|  17|          17|           7|
    |tmp_1180_fu_3767_p2      |    or    |      0|  0|  17|          17|           7|
    |tmp_1182_fu_3781_p2      |    or    |      0|  0|  17|          17|           7|
    |tmp_1184_fu_3795_p2      |    or    |      0|  0|  17|          17|           7|
    |tmp_1186_fu_3809_p2      |    or    |      0|  0|  17|          17|           7|
    |tmp_1188_fu_3823_p2      |    or    |      0|  0|  17|          17|           7|
    |tmp_1190_fu_3837_p2      |    or    |      0|  0|  17|          17|           7|
    |tmp_1192_fu_3851_p2      |    or    |      0|  0|  17|          17|           7|
    |tmp_1194_fu_3865_p2      |    or    |      0|  0|  17|          17|           7|
    |tmp_1196_fu_3879_p2      |    or    |      0|  0|  17|          17|           7|
    |tmp_1198_fu_3893_p2      |    or    |      0|  0|  17|          17|           7|
    |tmp_1200_fu_3907_p2      |    or    |      0|  0|  17|          17|           7|
    |tmp_1202_fu_3921_p2      |    or    |      0|  0|  17|          17|           7|
    |tmp_1204_fu_3935_p2      |    or    |      0|  0|  17|          17|           7|
    |tmp_1206_fu_3949_p2      |    or    |      0|  0|  17|          17|           7|
    |tmp_1208_fu_3963_p2      |    or    |      0|  0|  17|          17|           7|
    |tmp_1210_fu_3977_p2      |    or    |      0|  0|  17|          17|           7|
    |tmp_1212_fu_3991_p2      |    or    |      0|  0|  17|          17|           7|
    |tmp_1214_fu_4005_p2      |    or    |      0|  0|  17|          17|           7|
    |tmp_1216_fu_4019_p2      |    or    |      0|  0|  17|          17|           7|
    |tmp_1218_fu_4033_p2      |    or    |      0|  0|  17|          17|           7|
    |tmp_1220_fu_4047_p2      |    or    |      0|  0|  17|          17|           7|
    |tmp_1222_fu_4061_p2      |    or    |      0|  0|  17|          17|           7|
    |tmp_1224_fu_4075_p2      |    or    |      0|  0|  17|          17|           7|
    |tmp_1226_fu_4089_p2      |    or    |      0|  0|  17|          17|           7|
    |tmp_1228_fu_4103_p2      |    or    |      0|  0|  17|          17|           7|
    |tmp_1230_fu_4117_p2      |    or    |      0|  0|  17|          17|           7|
    |tmp_1232_fu_4131_p2      |    or    |      0|  0|  17|          17|           7|
    |tmp_1234_fu_4145_p2      |    or    |      0|  0|  17|          17|           7|
    |tmp_1236_fu_4159_p2      |    or    |      0|  0|  17|          17|           7|
    |tmp_1238_fu_4173_p2      |    or    |      0|  0|  17|          17|           7|
    |tmp_1240_fu_4187_p2      |    or    |      0|  0|  17|          17|           7|
    |tmp_1242_fu_4201_p2      |    or    |      0|  0|  17|          17|           7|
    |tmp_1244_fu_4215_p2      |    or    |      0|  0|  17|          17|           7|
    |tmp_1246_fu_4229_p2      |    or    |      0|  0|  17|          17|           7|
    |tmp_1248_fu_4243_p2      |    or    |      0|  0|  17|          17|           7|
    |tmp_1250_fu_4257_p2      |    or    |      0|  0|  17|          17|           7|
    |tmp_1252_fu_4271_p2      |    or    |      0|  0|  17|          17|           7|
    |tmp_1254_fu_4285_p2      |    or    |      0|  0|  17|          17|           7|
    |tmp_1256_fu_4299_p2      |    or    |      0|  0|  17|          17|           7|
    |tmp_1258_fu_4313_p2      |    or    |      0|  0|  17|          17|           7|
    |tmp_1260_fu_4327_p2      |    or    |      0|  0|  17|          17|           7|
    |tmp_1262_fu_4341_p2      |    or    |      0|  0|  17|          17|           7|
    |tmp_1264_fu_4355_p2      |    or    |      0|  0|  17|          17|           7|
    |tmp_1266_fu_4369_p2      |    or    |      0|  0|  17|          17|           7|
    |tmp_1268_fu_4383_p2      |    or    |      0|  0|  17|          17|           7|
    |tmp_1270_fu_4397_p2      |    or    |      0|  0|  17|          17|           7|
    |tmp_1272_fu_4411_p2      |    or    |      0|  0|  17|          17|           7|
    |tmp_1274_fu_4425_p2      |    or    |      0|  0|  17|          17|           7|
    |tmp_1276_fu_4439_p2      |    or    |      0|  0|  17|          17|           7|
    |tmp_1278_fu_4453_p2      |    or    |      0|  0|  17|          17|           7|
    |tmp_1280_fu_4467_p2      |    or    |      0|  0|  17|          17|           7|
    |tmp_1282_fu_4481_p2      |    or    |      0|  0|  17|          17|           7|
    |tmp_1284_fu_4495_p2      |    or    |      0|  0|  17|          17|           7|
    |tmp_1286_fu_4509_p2      |    or    |      0|  0|  17|          17|           7|
    |tmp_1288_fu_4523_p2      |    or    |      0|  0|  17|          17|           8|
    |tmp_1290_fu_4537_p2      |    or    |      0|  0|  17|          17|           8|
    |tmp_1292_fu_4551_p2      |    or    |      0|  0|  17|          17|           8|
    |tmp_1294_fu_4565_p2      |    or    |      0|  0|  17|          17|           8|
    |tmp_1296_fu_4579_p2      |    or    |      0|  0|  17|          17|           8|
    |tmp_1298_fu_4593_p2      |    or    |      0|  0|  17|          17|           8|
    |tmp_1300_fu_4607_p2      |    or    |      0|  0|  17|          17|           8|
    |tmp_1302_fu_4621_p2      |    or    |      0|  0|  17|          17|           8|
    |tmp_1304_fu_4635_p2      |    or    |      0|  0|  17|          17|           8|
    |tmp_1306_fu_4649_p2      |    or    |      0|  0|  17|          17|           8|
    |tmp_1308_fu_4663_p2      |    or    |      0|  0|  17|          17|           8|
    |tmp_1310_fu_4677_p2      |    or    |      0|  0|  17|          17|           8|
    |tmp_1312_fu_4691_p2      |    or    |      0|  0|  17|          17|           8|
    |tmp_1314_fu_4705_p2      |    or    |      0|  0|  17|          17|           8|
    |tmp_1316_fu_4719_p2      |    or    |      0|  0|  17|          17|           8|
    |tmp_1318_fu_4733_p2      |    or    |      0|  0|  17|          17|           8|
    |tmp_1320_fu_4747_p2      |    or    |      0|  0|  17|          17|           8|
    |tmp_1322_fu_4761_p2      |    or    |      0|  0|  17|          17|           8|
    |tmp_1324_fu_4775_p2      |    or    |      0|  0|  17|          17|           8|
    |tmp_1326_fu_4789_p2      |    or    |      0|  0|  17|          17|           8|
    |tmp_1328_fu_4803_p2      |    or    |      0|  0|  17|          17|           8|
    |tmp_1330_fu_4817_p2      |    or    |      0|  0|  17|          17|           8|
    |tmp_1332_fu_4831_p2      |    or    |      0|  0|  17|          17|           8|
    |tmp_1334_fu_4845_p2      |    or    |      0|  0|  17|          17|           8|
    |tmp_1336_fu_4859_p2      |    or    |      0|  0|  17|          17|           8|
    |tmp_1338_fu_4873_p2      |    or    |      0|  0|  17|          17|           8|
    |tmp_1340_fu_4887_p2      |    or    |      0|  0|  17|          17|           8|
    |tmp_1342_fu_4901_p2      |    or    |      0|  0|  17|          17|           8|
    |tmp_1344_fu_4915_p2      |    or    |      0|  0|  17|          17|           8|
    |tmp_1346_fu_4929_p2      |    or    |      0|  0|  17|          17|           8|
    |tmp_1348_fu_4943_p2      |    or    |      0|  0|  17|          17|           8|
    |tmp_1350_fu_4957_p2      |    or    |      0|  0|  17|          17|           8|
    |tmp_1352_fu_4971_p2      |    or    |      0|  0|  17|          17|           8|
    |tmp_1354_fu_4985_p2      |    or    |      0|  0|  17|          17|           8|
    |tmp_1356_fu_4999_p2      |    or    |      0|  0|  17|          17|           8|
    |tmp_1358_fu_5013_p2      |    or    |      0|  0|  17|          17|           8|
    |tmp_1360_fu_5027_p2      |    or    |      0|  0|  17|          17|           8|
    |tmp_1362_fu_5041_p2      |    or    |      0|  0|  17|          17|           8|
    |tmp_1364_fu_5055_p2      |    or    |      0|  0|  17|          17|           8|
    |tmp_1366_fu_5069_p2      |    or    |      0|  0|  17|          17|           8|
    |tmp_1368_fu_5083_p2      |    or    |      0|  0|  17|          17|           8|
    |tmp_1370_fu_5097_p2      |    or    |      0|  0|  17|          17|           8|
    |tmp_1372_fu_5111_p2      |    or    |      0|  0|  17|          17|           8|
    |tmp_1374_fu_5125_p2      |    or    |      0|  0|  17|          17|           8|
    |tmp_1376_fu_5139_p2      |    or    |      0|  0|  17|          17|           8|
    |tmp_1378_fu_5153_p2      |    or    |      0|  0|  17|          17|           8|
    |tmp_1380_fu_5167_p2      |    or    |      0|  0|  17|          17|           8|
    |tmp_1382_fu_5181_p2      |    or    |      0|  0|  17|          17|           8|
    |tmp_1384_fu_5195_p2      |    or    |      0|  0|  17|          17|           8|
    |tmp_1386_fu_5209_p2      |    or    |      0|  0|  17|          17|           8|
    |tmp_1388_fu_5223_p2      |    or    |      0|  0|  17|          17|           8|
    |tmp_1390_fu_5237_p2      |    or    |      0|  0|  17|          17|           8|
    |tmp_1392_fu_5251_p2      |    or    |      0|  0|  17|          17|           8|
    |tmp_1394_fu_5265_p2      |    or    |      0|  0|  17|          17|           8|
    |tmp_1396_fu_5279_p2      |    or    |      0|  0|  17|          17|           8|
    |tmp_1398_fu_5293_p2      |    or    |      0|  0|  17|          17|           8|
    |tmp_1400_fu_5307_p2      |    or    |      0|  0|  17|          17|           8|
    |tmp_1402_fu_5321_p2      |    or    |      0|  0|  17|          17|           8|
    |tmp_1404_fu_5335_p2      |    or    |      0|  0|  17|          17|           8|
    |tmp_1406_fu_5349_p2      |    or    |      0|  0|  17|          17|           8|
    |tmp_1408_fu_5363_p2      |    or    |      0|  0|  17|          17|           8|
    |tmp_1410_fu_5377_p2      |    or    |      0|  0|  17|          17|           8|
    |tmp_1412_fu_5391_p2      |    or    |      0|  0|  17|          17|           8|
    |tmp_1414_fu_5405_p2      |    or    |      0|  0|  17|          17|           8|
    |tmp_1416_fu_5419_p2      |    or    |      0|  0|  17|          17|           8|
    |tmp_1418_fu_5433_p2      |    or    |      0|  0|  17|          17|           8|
    |tmp_1420_fu_5447_p2      |    or    |      0|  0|  17|          17|           8|
    |tmp_1422_fu_5461_p2      |    or    |      0|  0|  17|          17|           8|
    |tmp_1424_fu_5475_p2      |    or    |      0|  0|  17|          17|           8|
    |tmp_1426_fu_5489_p2      |    or    |      0|  0|  17|          17|           8|
    |tmp_1428_fu_5503_p2      |    or    |      0|  0|  17|          17|           8|
    |tmp_1430_fu_5517_p2      |    or    |      0|  0|  17|          17|           8|
    |tmp_1432_fu_5531_p2      |    or    |      0|  0|  17|          17|           8|
    |tmp_1434_fu_5545_p2      |    or    |      0|  0|  17|          17|           8|
    |tmp_1436_fu_5559_p2      |    or    |      0|  0|  17|          17|           8|
    |tmp_1438_fu_5573_p2      |    or    |      0|  0|  17|          17|           8|
    |tmp_1440_fu_5587_p2      |    or    |      0|  0|  17|          17|           8|
    |tmp_1442_fu_5601_p2      |    or    |      0|  0|  17|          17|           8|
    |tmp_1444_fu_5615_p2      |    or    |      0|  0|  17|          17|           8|
    |tmp_1446_fu_5629_p2      |    or    |      0|  0|  17|          17|           8|
    |tmp_1448_fu_5643_p2      |    or    |      0|  0|  17|          17|           8|
    |tmp_1450_fu_5657_p2      |    or    |      0|  0|  17|          17|           8|
    |tmp_1452_fu_5671_p2      |    or    |      0|  0|  17|          17|           8|
    |tmp_1454_fu_5685_p2      |    or    |      0|  0|  17|          17|           8|
    |tmp_1456_fu_5699_p2      |    or    |      0|  0|  17|          17|           8|
    |tmp_1458_fu_5713_p2      |    or    |      0|  0|  17|          17|           8|
    |tmp_1460_fu_5727_p2      |    or    |      0|  0|  17|          17|           8|
    |tmp_1462_fu_5741_p2      |    or    |      0|  0|  17|          17|           8|
    |tmp_1464_fu_5755_p2      |    or    |      0|  0|  17|          17|           8|
    |tmp_1466_fu_5769_p2      |    or    |      0|  0|  17|          17|           8|
    |tmp_1468_fu_5783_p2      |    or    |      0|  0|  17|          17|           8|
    |tmp_1470_fu_5797_p2      |    or    |      0|  0|  17|          17|           8|
    |tmp_1472_fu_5811_p2      |    or    |      0|  0|  17|          17|           8|
    |tmp_1474_fu_5825_p2      |    or    |      0|  0|  17|          17|           8|
    |tmp_1476_fu_5839_p2      |    or    |      0|  0|  17|          17|           8|
    |tmp_1478_fu_5853_p2      |    or    |      0|  0|  17|          17|           8|
    |tmp_1480_fu_5867_p2      |    or    |      0|  0|  17|          17|           8|
    |tmp_1482_fu_5881_p2      |    or    |      0|  0|  17|          17|           8|
    |tmp_1484_fu_5895_p2      |    or    |      0|  0|  17|          17|           8|
    |tmp_1486_fu_5909_p2      |    or    |      0|  0|  17|          17|           8|
    |tmp_1488_fu_5923_p2      |    or    |      0|  0|  17|          17|           8|
    |tmp_1490_fu_5937_p2      |    or    |      0|  0|  17|          17|           8|
    |tmp_1492_fu_5951_p2      |    or    |      0|  0|  17|          17|           8|
    |tmp_1494_fu_5965_p2      |    or    |      0|  0|  17|          17|           8|
    |tmp_1496_fu_5979_p2      |    or    |      0|  0|  17|          17|           8|
    |tmp_1498_fu_5993_p2      |    or    |      0|  0|  17|          17|           8|
    |tmp_1500_fu_6007_p2      |    or    |      0|  0|  17|          17|           8|
    |tmp_1502_fu_6021_p2      |    or    |      0|  0|  17|          17|           8|
    |tmp_1504_fu_6035_p2      |    or    |      0|  0|  17|          17|           8|
    |tmp_1506_fu_6049_p2      |    or    |      0|  0|  17|          17|           8|
    |tmp_1508_fu_6063_p2      |    or    |      0|  0|  17|          17|           8|
    |tmp_1510_fu_6077_p2      |    or    |      0|  0|  17|          17|           8|
    |tmp_1512_fu_6091_p2      |    or    |      0|  0|  17|          17|           8|
    |tmp_1514_fu_6105_p2      |    or    |      0|  0|  17|          17|           8|
    |tmp_1516_fu_6119_p2      |    or    |      0|  0|  17|          17|           8|
    |tmp_1518_fu_6133_p2      |    or    |      0|  0|  17|          17|           8|
    |tmp_1520_fu_6147_p2      |    or    |      0|  0|  17|          17|           8|
    |tmp_1522_fu_6161_p2      |    or    |      0|  0|  17|          17|           8|
    |tmp_1524_fu_6175_p2      |    or    |      0|  0|  17|          17|           8|
    |tmp_1526_fu_6189_p2      |    or    |      0|  0|  17|          17|           8|
    |tmp_1528_fu_6203_p2      |    or    |      0|  0|  17|          17|           8|
    |tmp_1530_fu_6217_p2      |    or    |      0|  0|  17|          17|           8|
    |tmp_1532_fu_6231_p2      |    or    |      0|  0|  17|          17|           8|
    |tmp_1534_fu_6245_p2      |    or    |      0|  0|  17|          17|           8|
    |tmp_1536_fu_6259_p2      |    or    |      0|  0|  17|          17|           8|
    |tmp_1538_fu_6273_p2      |    or    |      0|  0|  17|          17|           8|
    |tmp_1540_fu_6287_p2      |    or    |      0|  0|  17|          17|           8|
    |tmp_1542_fu_6301_p2      |    or    |      0|  0|  17|          17|           8|
    |ap_enable_pp1            |    xor   |      0|  0|   2|           1|           2|
    |ap_enable_reg_pp1_iter1  |    xor   |      0|  0|   2|           2|           1|
    +-------------------------+----------+-------+---+----+------------+------------+
    |Total                    |          |      0|  0|4417|        4400|        1825|
    +-------------------------+----------+-------+---+----+------------+------------+

    * Multiplexer: 
    +-------------------------+-----+-----------+-----+-----------+
    |           Name          | LUT | Input Size| Bits| Total Bits|
    +-------------------------+-----+-----------+-----+-----------+
    |ap_NS_fsm                |  597|        133|    1|        133|
    |ap_enable_reg_pp1_iter1  |   15|          3|    1|          3|
    |frame_buffer_V_address0  |  585|        130|   16|       2080|
    |frame_buffer_V_address1  |  581|        129|   16|       2064|
    |frame_buffer_V_d0        |   15|          3|    8|         24|
    |t_V_5_reg_2702           |    9|          2|   16|         32|
    |t_V_reg_2691             |    9|          2|    9|         18|
    +-------------------------+-----+-----------+-----+-----------+
    |Total                    | 1811|        402|   67|       4354|
    +-------------------------+-----+-----------+-----+-----------+

    * Register: 
    +-------------------------+-----+----+-----+-----------+
    |           Name          |  FF | LUT| Bits| Const Bits|
    +-------------------------+-----+----+-----+-----------+
    |ap_CS_fsm                |  132|   0|  132|          0|
    |ap_enable_reg_pp1_iter0  |    1|   0|    1|          0|
    |ap_enable_reg_pp1_iter1  |    1|   0|    1|          0|
    |exitcond_reg_6621        |    1|   0|    1|          0|
    |i_V_reg_6358             |    9|   0|    9|          0|
    |t_V_5_reg_2702           |   16|   0|   16|          0|
    |t_V_reg_2691             |    9|   0|    9|          0|
    |tmp_1032_reg_6363        |    9|   0|   17|          8|
    +-------------------------+-----+----+-----+-----------+
    |Total                    |  178|   0|  186|          8|
    +-------------------------+-----+----+-----+-----------+



================================================================
== Interface
================================================================
* Summary: 
+-------------------------+-----+-----+------------+----------------+--------------+
|        RTL Ports        | Dir | Bits|  Protocol  |  Source Object |    C Type    |
+-------------------------+-----+-----+------------+----------------+--------------+
|ap_clk                   |  in |    1| ap_ctrl_hs |   coloringFB   | return value |
|ap_rst                   |  in |    1| ap_ctrl_hs |   coloringFB   | return value |
|ap_start                 |  in |    1| ap_ctrl_hs |   coloringFB   | return value |
|ap_done                  | out |    1| ap_ctrl_hs |   coloringFB   | return value |
|ap_idle                  | out |    1| ap_ctrl_hs |   coloringFB   | return value |
|ap_ready                 | out |    1| ap_ctrl_hs |   coloringFB   | return value |
|counter_V                |  in |   12|   ap_none  |    counter_V   |    scalar    |
|size_pixels_V            |  in |   16|   ap_none  |  size_pixels_V |    scalar    |
|pixels_x_V_address0      | out |    9|  ap_memory |   pixels_x_V   |     array    |
|pixels_x_V_ce0           | out |    1|  ap_memory |   pixels_x_V   |     array    |
|pixels_x_V_q0            |  in |    8|  ap_memory |   pixels_x_V   |     array    |
|pixels_y_V_address0      | out |    9|  ap_memory |   pixels_y_V   |     array    |
|pixels_y_V_ce0           | out |    1|  ap_memory |   pixels_y_V   |     array    |
|pixels_y_V_q0            |  in |    8|  ap_memory |   pixels_y_V   |     array    |
|pixels_color_V_address0  | out |    9|  ap_memory | pixels_color_V |     array    |
|pixels_color_V_ce0       | out |    1|  ap_memory | pixels_color_V |     array    |
|pixels_color_V_q0        |  in |    8|  ap_memory | pixels_color_V |     array    |
|frame_buffer_V_address0  | out |   16|  ap_memory | frame_buffer_V |     array    |
|frame_buffer_V_ce0       | out |    1|  ap_memory | frame_buffer_V |     array    |
|frame_buffer_V_we0       | out |    1|  ap_memory | frame_buffer_V |     array    |
|frame_buffer_V_d0        | out |    8|  ap_memory | frame_buffer_V |     array    |
|frame_buffer_V_address1  | out |   16|  ap_memory | frame_buffer_V |     array    |
|frame_buffer_V_ce1       | out |    1|  ap_memory | frame_buffer_V |     array    |
|frame_buffer_V_we1       | out |    1|  ap_memory | frame_buffer_V |     array    |
|frame_buffer_V_d1        | out |    8|  ap_memory | frame_buffer_V |     array    |
+-------------------------+-----+-----+------------+----------------+--------------+

