

================================================================
== Vivado HLS Report for 'rasterization1'
================================================================
* Date:           Wed Aug 12 22:45:10 2020

* Version:        2018.2 (Build 2258646 on Thu Jun 14 20:25:20 MDT 2018)
* Project:        rendering
* Solution:       solution
* Product family: zynquplus
* Target device:  xczu9eg-ffvb1156-2-e


================================================================
== Performance Estimates
================================================================
+ Timing (ns): 
    * Summary: 
    +--------+-------+----------+------------+
    |  Clock | Target| Estimated| Uncertainty|
    +--------+-------+----------+------------+
    |ap_clk  |  10.00|     5.290|        2.70|
    +--------+-------+----------+------------+

+ Latency (clock cycles): 
    * Summary: 
    +-----+-----+-----+-----+---------+
    |  Latency  |  Interval | Pipeline|
    | min | max | min | max |   Type  |
    +-----+-----+-----+-----+---------+
    |    1|    1|    1|    1|   none  |
    +-----+-----+-----+-----+---------+

    + Detail: 
        * Instance: 
        N/A

        * Loop: 
        N/A



================================================================
== Utilization Estimates
================================================================
* Summary: 
+-----------------+---------+-------+--------+--------+-----+
|       Name      | BRAM_18K| DSP48E|   FF   |   LUT  | URAM|
+-----------------+---------+-------+--------+--------+-----+
|DSP              |        -|      3|       -|       -|    -|
|Expression       |        -|      -|       0|     480|    -|
|FIFO             |        -|      -|       -|       -|    -|
|Instance         |        -|      -|       -|       -|    -|
|Memory           |        -|      -|       -|       -|    -|
|Multiplexer      |        -|      -|       -|     141|    -|
|Register         |        -|      -|     148|       -|    -|
+-----------------+---------+-------+--------+--------+-----+
|Total            |        0|      3|     148|     621|    0|
+-----------------+---------+-------+--------+--------+-----+
|Available        |     1824|   2520|  548160|  274080|    0|
+-----------------+---------+-------+--------+--------+-----+
|Utilization (%)  |        0|   ~0  |   ~0   |   ~0   |    0|
+-----------------+---------+-------+--------+--------+-----+

+ Detail: 
    * Instance: 
    N/A

    * DSP48: 
    +--------------------------+----------------------+----------------+
    |         Instance         |        Module        |   Expression   |
    +--------------------------+----------------------+----------------+
    |rendering_am_submbkb_U10  |rendering_am_submbkb  | (i0 - i1) * i2 |
    |rendering_am_submbkb_U11  |rendering_am_submbkb  | (i0 - i1) * i2 |
    |rendering_am_submcud_U12  |rendering_am_submcud  | (i0 - i1) * i2 |
    +--------------------------+----------------------+----------------+

    * Memory: 
    N/A

    * FIFO: 
    N/A

    * Expression: 
    +----------------------------------+----------+-------+---+----+------------+------------+
    |           Variable Name          | Operation| DSP48E| FF| LUT| Bitwidth P0| Bitwidth P1|
    +----------------------------------+----------+-------+---+----+------------+------------+
    |max_min_V_4_fu_398_p2             |     -    |      0|  0|  15|           8|           8|
    |r_V_23_fu_178_p2                  |     -    |      0|  0|  16|           9|           9|
    |r_V_26_fu_203_p2                  |     -    |      0|  0|  16|           9|           9|
    |r_V_29_fu_220_p2                  |     -    |      0|  0|  25|          18|          18|
    |r_V_fu_412_p2                     |     -    |      0|  0|  16|           9|           9|
    |tmp_19_i1_fu_348_p2               |   icmp   |      0|  0|  11|           8|           8|
    |tmp_19_i_fu_284_p2                |   icmp   |      0|  0|  11|           8|           8|
    |tmp_20_i1_fu_380_p2               |   icmp   |      0|  0|  11|           8|           8|
    |tmp_20_i_fu_316_p2                |   icmp   |      0|  0|  11|           8|           8|
    |tmp_i1_12_fu_306_p2               |   icmp   |      0|  0|  11|           8|           8|
    |tmp_i1_fu_302_p2                  |   icmp   |      0|  0|  11|           8|           8|
    |tmp_i2_13_fu_338_p2               |   icmp   |      0|  0|  11|           8|           8|
    |tmp_i2_fu_334_p2                  |   icmp   |      0|  0|  11|           8|           8|
    |tmp_i3_14_fu_370_p2               |   icmp   |      0|  0|  11|           8|           8|
    |tmp_i3_fu_366_p2                  |   icmp   |      0|  0|  11|           8|           8|
    |tmp_i_11_fu_274_p2                |   icmp   |      0|  0|  11|           8|           8|
    |tmp_i_fu_270_p2                   |   icmp   |      0|  0|  11|           8|           8|
    |tmp_s_fu_224_p2                   |   icmp   |      0|  0|  20|          17|          17|
    |agg_result_V_i1_fu_326_p3         |  select  |      0|  0|   8|           1|           8|
    |agg_result_V_i2_fu_358_p3         |  select  |      0|  0|   8|           1|           8|
    |agg_result_V_i3_fu_390_p3         |  select  |      0|  0|   8|           1|           8|
    |agg_result_V_i_fu_294_p3          |  select  |      0|  0|   8|           1|           8|
    |in0_V_in2_V_i1_fu_310_p3          |  select  |      0|  0|   8|           1|           8|
    |in0_V_in2_V_i2_fu_342_p3          |  select  |      0|  0|   8|           1|           8|
    |in0_V_in2_V_i3_fu_374_p3          |  select  |      0|  0|   8|           1|           8|
    |in0_V_in2_V_i_fu_278_p3           |  select  |      0|  0|   8|           1|           8|
    |in1_V_in2_V_i1_fu_320_p3          |  select  |      0|  0|   8|           1|           8|
    |in1_V_in2_V_i2_fu_352_p3          |  select  |      0|  0|   8|           1|           8|
    |in1_V_in2_V_i3_fu_384_p3          |  select  |      0|  0|   8|           1|           8|
    |in1_V_in2_V_i_fu_288_p3           |  select  |      0|  0|   8|           1|           8|
    |max_index_0_V_write_fu_458_p3     |  select  |      0|  0|  16|           1|          16|
    |max_min_3_V_write_a_fu_430_p3     |  select  |      0|  0|   8|           1|           8|
    |max_min_4_V_write_a_fu_444_p3     |  select  |      0|  0|   8|           1|           8|
    |max_min_V_1_fu_451_p3             |  select  |      0|  0|   8|           1|           8|
    |max_min_V_2_fu_437_p3             |  select  |      0|  0|   8|           1|           8|
    |max_min_V_fu_464_p3               |  select  |      0|  0|   8|           1|           8|
    |triangle_2d_same_x0_1_fu_495_p3   |  select  |      0|  0|   8|           1|           8|
    |triangle_2d_same_x1_1_fu_471_p3   |  select  |      0|  0|   8|           1|           8|
    |triangle_2d_same_x2_1_fu_489_p3   |  select  |      0|  0|   8|           1|           8|
    |triangle_2d_same_y0_1_fu_483_p3   |  select  |      0|  0|   8|           1|           8|
    |triangle_2d_same_y1_1_fu_477_p3   |  select  |      0|  0|   8|           1|           8|
    |triangle_2d_same_y2_1_fu_501_p3   |  select  |      0|  0|   8|           1|           8|
    |triangle_2d_same_z_V_1_fu_507_p3  |  select  |      0|  0|   8|           1|           8|
    |triangle_2d_x0_V_tri_fu_246_p3    |  select  |      0|  0|   8|           1|           8|
    |triangle_2d_x1_V_tri_fu_262_p3    |  select  |      0|  0|   8|           1|           8|
    |triangle_2d_y0_V_tri_fu_238_p3    |  select  |      0|  0|   8|           1|           8|
    |triangle_2d_y1_V_tri_fu_254_p3    |  select  |      0|  0|   8|           1|           8|
    +----------------------------------+----------+-------+---+----+------------+------------+
    |Total                             |          |      0|  0| 480|         195|         406|
    +----------------------------------+----------+-------+---+----+------------+------------+

    * Multiplexer: 
    +--------------+----+-----------+-----+-----------+
    |     Name     | LUT| Input Size| Bits| Total Bits|
    +--------------+----+-----------+-----+-----------+
    |ap_NS_fsm     |  15|          3|    1|          3|
    |ap_return_0   |   9|          2|    1|          2|
    |ap_return_1   |   9|          2|    8|         16|
    |ap_return_10  |   9|          2|    8|         16|
    |ap_return_11  |   9|          2|    8|         16|
    |ap_return_12  |   9|          2|    8|         16|
    |ap_return_13  |   9|          2|   16|         32|
    |ap_return_2   |   9|          2|    8|         16|
    |ap_return_3   |   9|          2|    8|         16|
    |ap_return_4   |   9|          2|    8|         16|
    |ap_return_5   |   9|          2|    8|         16|
    |ap_return_6   |   9|          2|    8|         16|
    |ap_return_7   |   9|          2|    8|         16|
    |ap_return_8   |   9|          2|    8|         16|
    |ap_return_9   |   9|          2|    8|         16|
    +--------------+----+-----------+-----+-----------+
    |Total         | 141|         31|  114|        229|
    +--------------+----+-----------+-----+-----------+

    * Register: 
    +------------------------------+----+----+-----+-----------+
    |             Name             | FF | LUT| Bits| Const Bits|
    +------------------------------+----+----+-----+-----------+
    |ap_CS_fsm                     |   2|   0|    2|          0|
    |ap_return_0_preg              |   1|   0|    2|          1|
    |ap_return_10_preg             |   8|   0|    8|          0|
    |ap_return_11_preg             |   8|   0|    8|          0|
    |ap_return_12_preg             |   8|   0|    8|          0|
    |ap_return_13_preg             |  16|   0|   16|          0|
    |ap_return_1_preg              |   8|   0|    8|          0|
    |ap_return_2_preg              |   8|   0|    8|          0|
    |ap_return_3_preg              |   8|   0|    8|          0|
    |ap_return_4_preg              |   8|   0|    8|          0|
    |ap_return_5_preg              |   8|   0|    8|          0|
    |ap_return_6_preg              |   8|   0|    8|          0|
    |ap_return_7_preg              |   8|   0|    8|          0|
    |ap_return_8_preg              |   8|   0|    8|          0|
    |ap_return_9_preg              |   8|   0|    8|          0|
    |tmp_s_reg_656                 |   1|   0|    1|          0|
    |triangle_2d_x0_V_tri_reg_685  |   8|   0|    8|          0|
    |triangle_2d_x1_V_tri_reg_707  |   8|   0|    8|          0|
    |triangle_2d_y0_V_tri_reg_674  |   8|   0|    8|          0|
    |triangle_2d_y1_V_tri_reg_696  |   8|   0|    8|          0|
    +------------------------------+----+----+-----+-----------+
    |Total                         | 148|   0|  149|          1|
    +------------------------------+----+----+-----+-----------+



================================================================
== Interface
================================================================
* Summary: 
+-----------------------+-----+-----+------------+-----------------------+--------------+
|       RTL Ports       | Dir | Bits|  Protocol  |     Source Object     |    C Type    |
+-----------------------+-----+-----+------------+-----------------------+--------------+
|ap_clk                 |  in |    1| ap_ctrl_hs |     rasterization1    | return value |
|ap_rst                 |  in |    1| ap_ctrl_hs |     rasterization1    | return value |
|ap_start               |  in |    1| ap_ctrl_hs |     rasterization1    | return value |
|ap_done                | out |    1| ap_ctrl_hs |     rasterization1    | return value |
|ap_idle                | out |    1| ap_ctrl_hs |     rasterization1    | return value |
|ap_ready               | out |    1| ap_ctrl_hs |     rasterization1    | return value |
|ap_return_0            | out |    2| ap_ctrl_hs |     rasterization1    | return value |
|ap_return_1            | out |    8| ap_ctrl_hs |     rasterization1    | return value |
|ap_return_2            | out |    8| ap_ctrl_hs |     rasterization1    | return value |
|ap_return_3            | out |    8| ap_ctrl_hs |     rasterization1    | return value |
|ap_return_4            | out |    8| ap_ctrl_hs |     rasterization1    | return value |
|ap_return_5            | out |    8| ap_ctrl_hs |     rasterization1    | return value |
|ap_return_6            | out |    8| ap_ctrl_hs |     rasterization1    | return value |
|ap_return_7            | out |    8| ap_ctrl_hs |     rasterization1    | return value |
|ap_return_8            | out |    8| ap_ctrl_hs |     rasterization1    | return value |
|ap_return_9            | out |    8| ap_ctrl_hs |     rasterization1    | return value |
|ap_return_10           | out |    8| ap_ctrl_hs |     rasterization1    | return value |
|ap_return_11           | out |    8| ap_ctrl_hs |     rasterization1    | return value |
|ap_return_12           | out |    8| ap_ctrl_hs |     rasterization1    | return value |
|ap_return_13           | out |   16| ap_ctrl_hs |     rasterization1    | return value |
|triangle_2d_x0_V       |  in |    8|   ap_none  |    triangle_2d_x0_V   |    scalar    |
|triangle_2d_y0_V       |  in |    8|   ap_none  |    triangle_2d_y0_V   |    scalar    |
|triangle_2d_x1_V       |  in |    8|   ap_none  |    triangle_2d_x1_V   |    scalar    |
|triangle_2d_y1_V       |  in |    8|   ap_none  |    triangle_2d_y1_V   |    scalar    |
|triangle_2d_x2_V       |  in |    8|   ap_none  |    triangle_2d_x2_V   |    scalar    |
|triangle_2d_y2_V       |  in |    8|   ap_none  |    triangle_2d_y2_V   |    scalar    |
|triangle_2d_z_V        |  in |    8|   ap_none  |    triangle_2d_z_V    |    scalar    |
|max_min_0_V_read       |  in |    8|   ap_none  |    max_min_0_V_read   |    scalar    |
|max_min_1_V_read       |  in |    8|   ap_none  |    max_min_1_V_read   |    scalar    |
|max_min_2_V_read       |  in |    8|   ap_none  |    max_min_2_V_read   |    scalar    |
|max_min_3_V_read       |  in |    8|   ap_none  |    max_min_3_V_read   |    scalar    |
|max_min_4_V_read       |  in |    8|   ap_none  |    max_min_4_V_read   |    scalar    |
|triangle_2d_same_x0_s  |  in |    8|   ap_none  | triangle_2d_same_x0_s |    scalar    |
|triangle_2d_same_y0_s  |  in |    8|   ap_none  | triangle_2d_same_y0_s |    scalar    |
|triangle_2d_same_x1_s  |  in |    8|   ap_none  | triangle_2d_same_x1_s |    scalar    |
|triangle_2d_same_y1_s  |  in |    8|   ap_none  | triangle_2d_same_y1_s |    scalar    |
|triangle_2d_same_x2_s  |  in |    8|   ap_none  | triangle_2d_same_x2_s |    scalar    |
|triangle_2d_same_y2_s  |  in |    8|   ap_none  | triangle_2d_same_y2_s |    scalar    |
|triangle_2d_same_z_V   |  in |    8|   ap_none  |  triangle_2d_same_z_V |    scalar    |
|max_index_0_V_read     |  in |   16|   ap_none  |   max_index_0_V_read  |    scalar    |
+-----------------------+-----+-----+------------+-----------------------+--------------+

