

================================================================
== Vivado HLS Report for 'zculling'
================================================================
* Date:           Wed Aug 12 22:45:11 2020

* Version:        2018.2 (Build 2258646 on Thu Jun 14 20:25:20 MDT 2018)
* Project:        rendering
* Solution:       solution
* Product family: zynquplus
* Target device:  xczu9eg-ffvb1156-2-e


================================================================
== Performance Estimates
================================================================
+ Timing (ns): 
    * Summary: 
    +--------+-------+----------+------------+
    |  Clock | Target| Estimated| Uncertainty|
    +--------+-------+----------+------------+
    |ap_clk  |  10.00|     2.474|        2.70|
    +--------+-------+----------+------------+

+ Latency (clock cycles): 
    * Summary: 
    +-----+-----+-----+-----+---------+
    |  Latency  |  Interval | Pipeline|
    | min | max | min | max |   Type  |
    +-----+-----+-----+-----+---------+
    |    ?|    ?|    ?|    ?|   none  |
    +-----+-----+-----+-----+---------+

    + Detail: 
        * Instance: 
        N/A

        * Loop: 
        +---------------------+-------+-------+----------+-----------+-----------+------+----------+
        |                     |    Latency    | Iteration|  Initiation Interval  | Trip |          |
        |      Loop Name      |  min  |  max  |  Latency |  achieved |   target  | Count| Pipelined|
        +---------------------+-------+-------+----------+-----------+-----------+------+----------+
        |- ZCULLING_INIT_ROW  |  32768|  32768|       128|        128|          1|   256|    yes   |
        |- ZCULLING           |      ?|      ?|         4|          2|          1|     ?|    yes   |
        +---------------------+-------+-------+----------+-----------+-----------+------+----------+



================================================================
== Utilization Estimates
================================================================
* Summary: 
+-----------------+---------+-------+--------+--------+-----+
|       Name      | BRAM_18K| DSP48E|   FF   |   LUT  | URAM|
+-----------------+---------+-------+--------+--------+-----+
|DSP              |        -|      -|       -|       -|    -|
|Expression       |        -|      -|       0|    4451|    -|
|FIFO             |        -|      -|       -|       -|    -|
|Instance         |        -|      -|       -|       -|    -|
|Memory           |       32|      -|       0|       0|    -|
|Multiplexer      |        -|      -|       -|    1846|    -|
|Register         |        -|      -|     276|       -|    -|
+-----------------+---------+-------+--------+--------+-----+
|Total            |       32|      0|     276|    6297|    0|
+-----------------+---------+-------+--------+--------+-----+
|Available        |     1824|   2520|  548160|  274080|    0|
+-----------------+---------+-------+--------+--------+-----+
|Utilization (%)  |        1|      0|   ~0   |       2|    0|
+-----------------+---------+-------+--------+--------+-----+

+ Detail: 
    * Instance: 
    N/A

    * DSP48: 
    N/A

    * Memory: 
    +--------------+---------------------+---------+---+----+-------+-----+------+-------------+
    |    Memory    |        Module       | BRAM_18K| FF| LUT| Words | Bits| Banks| W*Bits*Banks|
    +--------------+---------------------+---------+---+----+-------+-----+------+-------------+
    |z_buffer_V_U  |zculling_z_buffer_V  |       32|  0|   0|  65536|    8|     1|       524288|
    +--------------+---------------------+---------+---+----+-------+-----+------+-------------+
    |Total         |                     |       32|  0|   0|  65536|    8|     1|       524288|
    +--------------+---------------------+---------+---+----+-------+-----+------+-------------+

    * FIFO: 
    N/A

    * Expression: 
    +-------------------------+----------+-------+---+----+------------+------------+
    |      Variable Name      | Operation| DSP48E| FF| LUT| Bitwidth P0| Bitwidth P1|
    +-------------------------+----------+-------+---+----+------------+------------+
    |i_V_fu_2796_p2           |     +    |      0|  0|  16|           9|           1|
    |n_V_fu_6401_p2           |     +    |      0|  0|  23|          16|           1|
    |pixel_cntr_V_fu_6442_p2  |     +    |      0|  0|  23|          16|           1|
    |exitcond_fu_6396_p2      |   icmp   |      0|  0|  13|          16|          16|
    |tmp_2_fu_2784_p2         |   icmp   |      0|  0|  13|          12|           1|
    |tmp_3_fu_2790_p2         |   icmp   |      0|  0|  13|           9|          10|
    |tmp_8_fu_6426_p2         |   icmp   |      0|  0|  11|           8|           8|
    |tmp_100_fu_3460_p2       |    or    |      0|  0|  17|          17|           6|
    |tmp_102_fu_3474_p2       |    or    |      0|  0|  17|          17|           6|
    |tmp_104_fu_3488_p2       |    or    |      0|  0|  17|          17|           6|
    |tmp_106_fu_3502_p2       |    or    |      0|  0|  17|          17|           6|
    |tmp_108_fu_3516_p2       |    or    |      0|  0|  17|          17|           6|
    |tmp_10_fu_2830_p2        |    or    |      0|  0|  17|          17|           2|
    |tmp_110_fu_3530_p2       |    or    |      0|  0|  17|          17|           6|
    |tmp_112_fu_3544_p2       |    or    |      0|  0|  17|          17|           6|
    |tmp_114_fu_3558_p2       |    or    |      0|  0|  17|          17|           6|
    |tmp_116_fu_3572_p2       |    or    |      0|  0|  17|          17|           6|
    |tmp_118_fu_3586_p2       |    or    |      0|  0|  17|          17|           6|
    |tmp_120_fu_3600_p2       |    or    |      0|  0|  17|          17|           6|
    |tmp_122_fu_3614_p2       |    or    |      0|  0|  17|          17|           6|
    |tmp_124_fu_3628_p2       |    or    |      0|  0|  17|          17|           6|
    |tmp_126_fu_3642_p2       |    or    |      0|  0|  17|          17|           6|
    |tmp_128_fu_3656_p2       |    or    |      0|  0|  17|          17|           6|
    |tmp_12_fu_2844_p2        |    or    |      0|  0|  17|          17|           2|
    |tmp_130_fu_3670_p2       |    or    |      0|  0|  17|          17|           6|
    |tmp_132_fu_3684_p2       |    or    |      0|  0|  17|          17|           6|
    |tmp_134_fu_3698_p2       |    or    |      0|  0|  17|          17|           7|
    |tmp_136_fu_3712_p2       |    or    |      0|  0|  17|          17|           7|
    |tmp_138_fu_3726_p2       |    or    |      0|  0|  17|          17|           7|
    |tmp_140_fu_3740_p2       |    or    |      0|  0|  17|          17|           7|
    |tmp_142_fu_3754_p2       |    or    |      0|  0|  17|          17|           7|
    |tmp_144_fu_3768_p2       |    or    |      0|  0|  17|          17|           7|
    |tmp_146_fu_3782_p2       |    or    |      0|  0|  17|          17|           7|
    |tmp_148_fu_3796_p2       |    or    |      0|  0|  17|          17|           7|
    |tmp_14_fu_2858_p2        |    or    |      0|  0|  17|          17|           3|
    |tmp_150_fu_3810_p2       |    or    |      0|  0|  17|          17|           7|
    |tmp_152_fu_3824_p2       |    or    |      0|  0|  17|          17|           7|
    |tmp_154_fu_3838_p2       |    or    |      0|  0|  17|          17|           7|
    |tmp_156_fu_3852_p2       |    or    |      0|  0|  17|          17|           7|
    |tmp_158_fu_3866_p2       |    or    |      0|  0|  17|          17|           7|
    |tmp_160_fu_3880_p2       |    or    |      0|  0|  17|          17|           7|
    |tmp_162_fu_3894_p2       |    or    |      0|  0|  17|          17|           7|
    |tmp_164_fu_3908_p2       |    or    |      0|  0|  17|          17|           7|
    |tmp_166_fu_3922_p2       |    or    |      0|  0|  17|          17|           7|
    |tmp_168_fu_3936_p2       |    or    |      0|  0|  17|          17|           7|
    |tmp_16_fu_2872_p2        |    or    |      0|  0|  17|          17|           3|
    |tmp_170_fu_3950_p2       |    or    |      0|  0|  17|          17|           7|
    |tmp_172_fu_3964_p2       |    or    |      0|  0|  17|          17|           7|
    |tmp_174_fu_3978_p2       |    or    |      0|  0|  17|          17|           7|
    |tmp_176_fu_3992_p2       |    or    |      0|  0|  17|          17|           7|
    |tmp_178_fu_4006_p2       |    or    |      0|  0|  17|          17|           7|
    |tmp_180_fu_4020_p2       |    or    |      0|  0|  17|          17|           7|
    |tmp_182_fu_4034_p2       |    or    |      0|  0|  17|          17|           7|
    |tmp_184_fu_4048_p2       |    or    |      0|  0|  17|          17|           7|
    |tmp_186_fu_4062_p2       |    or    |      0|  0|  17|          17|           7|
    |tmp_188_fu_4076_p2       |    or    |      0|  0|  17|          17|           7|
    |tmp_18_fu_2886_p2        |    or    |      0|  0|  17|          17|           3|
    |tmp_190_fu_4090_p2       |    or    |      0|  0|  17|          17|           7|
    |tmp_192_fu_4104_p2       |    or    |      0|  0|  17|          17|           7|
    |tmp_194_fu_4118_p2       |    or    |      0|  0|  17|          17|           7|
    |tmp_196_fu_4132_p2       |    or    |      0|  0|  17|          17|           7|
    |tmp_198_fu_4146_p2       |    or    |      0|  0|  17|          17|           7|
    |tmp_200_fu_4160_p2       |    or    |      0|  0|  17|          17|           7|
    |tmp_202_fu_4174_p2       |    or    |      0|  0|  17|          17|           7|
    |tmp_204_fu_4188_p2       |    or    |      0|  0|  17|          17|           7|
    |tmp_206_fu_4202_p2       |    or    |      0|  0|  17|          17|           7|
    |tmp_208_fu_4216_p2       |    or    |      0|  0|  17|          17|           7|
    |tmp_20_fu_2900_p2        |    or    |      0|  0|  17|          17|           3|
    |tmp_210_fu_4230_p2       |    or    |      0|  0|  17|          17|           7|
    |tmp_212_fu_4244_p2       |    or    |      0|  0|  17|          17|           7|
    |tmp_214_fu_4258_p2       |    or    |      0|  0|  17|          17|           7|
    |tmp_216_fu_4272_p2       |    or    |      0|  0|  17|          17|           7|
    |tmp_218_fu_4286_p2       |    or    |      0|  0|  17|          17|           7|
    |tmp_220_fu_4300_p2       |    or    |      0|  0|  17|          17|           7|
    |tmp_222_fu_4314_p2       |    or    |      0|  0|  17|          17|           7|
    |tmp_224_fu_4328_p2       |    or    |      0|  0|  17|          17|           7|
    |tmp_226_fu_4342_p2       |    or    |      0|  0|  17|          17|           7|
    |tmp_228_fu_4356_p2       |    or    |      0|  0|  17|          17|           7|
    |tmp_22_fu_2914_p2        |    or    |      0|  0|  17|          17|           4|
    |tmp_230_fu_4370_p2       |    or    |      0|  0|  17|          17|           7|
    |tmp_232_fu_4384_p2       |    or    |      0|  0|  17|          17|           7|
    |tmp_234_fu_4398_p2       |    or    |      0|  0|  17|          17|           7|
    |tmp_236_fu_4412_p2       |    or    |      0|  0|  17|          17|           7|
    |tmp_238_fu_4426_p2       |    or    |      0|  0|  17|          17|           7|
    |tmp_240_fu_4440_p2       |    or    |      0|  0|  17|          17|           7|
    |tmp_242_fu_4454_p2       |    or    |      0|  0|  17|          17|           7|
    |tmp_244_fu_4468_p2       |    or    |      0|  0|  17|          17|           7|
    |tmp_246_fu_4482_p2       |    or    |      0|  0|  17|          17|           7|
    |tmp_248_fu_4496_p2       |    or    |      0|  0|  17|          17|           7|
    |tmp_24_fu_2928_p2        |    or    |      0|  0|  17|          17|           4|
    |tmp_250_fu_4510_p2       |    or    |      0|  0|  17|          17|           7|
    |tmp_252_fu_4524_p2       |    or    |      0|  0|  17|          17|           7|
    |tmp_254_fu_4538_p2       |    or    |      0|  0|  17|          17|           7|
    |tmp_256_fu_4552_p2       |    or    |      0|  0|  17|          17|           7|
    |tmp_258_fu_4566_p2       |    or    |      0|  0|  17|          17|           7|
    |tmp_260_fu_4580_p2       |    or    |      0|  0|  17|          17|           7|
    |tmp_262_fu_4594_p2       |    or    |      0|  0|  17|          17|           8|
    |tmp_264_fu_4608_p2       |    or    |      0|  0|  17|          17|           8|
    |tmp_266_fu_4622_p2       |    or    |      0|  0|  17|          17|           8|
    |tmp_268_fu_4636_p2       |    or    |      0|  0|  17|          17|           8|
    |tmp_26_fu_2942_p2        |    or    |      0|  0|  17|          17|           4|
    |tmp_270_fu_4650_p2       |    or    |      0|  0|  17|          17|           8|
    |tmp_272_fu_4664_p2       |    or    |      0|  0|  17|          17|           8|
    |tmp_274_fu_4678_p2       |    or    |      0|  0|  17|          17|           8|
    |tmp_276_fu_4692_p2       |    or    |      0|  0|  17|          17|           8|
    |tmp_278_fu_4706_p2       |    or    |      0|  0|  17|          17|           8|
    |tmp_280_fu_4720_p2       |    or    |      0|  0|  17|          17|           8|
    |tmp_282_fu_4734_p2       |    or    |      0|  0|  17|          17|           8|
    |tmp_284_fu_4748_p2       |    or    |      0|  0|  17|          17|           8|
    |tmp_286_fu_4762_p2       |    or    |      0|  0|  17|          17|           8|
    |tmp_288_fu_4776_p2       |    or    |      0|  0|  17|          17|           8|
    |tmp_28_fu_2956_p2        |    or    |      0|  0|  17|          17|           4|
    |tmp_290_fu_4790_p2       |    or    |      0|  0|  17|          17|           8|
    |tmp_292_fu_4804_p2       |    or    |      0|  0|  17|          17|           8|
    |tmp_294_fu_4818_p2       |    or    |      0|  0|  17|          17|           8|
    |tmp_296_fu_4832_p2       |    or    |      0|  0|  17|          17|           8|
    |tmp_298_fu_4846_p2       |    or    |      0|  0|  17|          17|           8|
    |tmp_300_fu_4860_p2       |    or    |      0|  0|  17|          17|           8|
    |tmp_302_fu_4874_p2       |    or    |      0|  0|  17|          17|           8|
    |tmp_304_fu_4888_p2       |    or    |      0|  0|  17|          17|           8|
    |tmp_306_fu_4902_p2       |    or    |      0|  0|  17|          17|           8|
    |tmp_308_fu_4916_p2       |    or    |      0|  0|  17|          17|           8|
    |tmp_30_fu_2970_p2        |    or    |      0|  0|  17|          17|           4|
    |tmp_310_fu_4930_p2       |    or    |      0|  0|  17|          17|           8|
    |tmp_312_fu_4944_p2       |    or    |      0|  0|  17|          17|           8|
    |tmp_314_fu_4958_p2       |    or    |      0|  0|  17|          17|           8|
    |tmp_316_fu_4972_p2       |    or    |      0|  0|  17|          17|           8|
    |tmp_318_fu_4986_p2       |    or    |      0|  0|  17|          17|           8|
    |tmp_320_fu_5000_p2       |    or    |      0|  0|  17|          17|           8|
    |tmp_322_fu_5014_p2       |    or    |      0|  0|  17|          17|           8|
    |tmp_324_fu_5028_p2       |    or    |      0|  0|  17|          17|           8|
    |tmp_326_fu_5042_p2       |    or    |      0|  0|  17|          17|           8|
    |tmp_328_fu_5056_p2       |    or    |      0|  0|  17|          17|           8|
    |tmp_32_fu_2984_p2        |    or    |      0|  0|  17|          17|           4|
    |tmp_330_fu_5070_p2       |    or    |      0|  0|  17|          17|           8|
    |tmp_332_fu_5084_p2       |    or    |      0|  0|  17|          17|           8|
    |tmp_334_fu_5098_p2       |    or    |      0|  0|  17|          17|           8|
    |tmp_336_fu_5112_p2       |    or    |      0|  0|  17|          17|           8|
    |tmp_338_fu_5126_p2       |    or    |      0|  0|  17|          17|           8|
    |tmp_340_fu_5140_p2       |    or    |      0|  0|  17|          17|           8|
    |tmp_342_fu_5154_p2       |    or    |      0|  0|  17|          17|           8|
    |tmp_344_fu_5168_p2       |    or    |      0|  0|  17|          17|           8|
    |tmp_346_fu_5182_p2       |    or    |      0|  0|  17|          17|           8|
    |tmp_348_fu_5196_p2       |    or    |      0|  0|  17|          17|           8|
    |tmp_34_fu_2998_p2        |    or    |      0|  0|  17|          17|           4|
    |tmp_350_fu_5210_p2       |    or    |      0|  0|  17|          17|           8|
    |tmp_352_fu_5224_p2       |    or    |      0|  0|  17|          17|           8|
    |tmp_354_fu_5238_p2       |    or    |      0|  0|  17|          17|           8|
    |tmp_356_fu_5252_p2       |    or    |      0|  0|  17|          17|           8|
    |tmp_358_fu_5266_p2       |    or    |      0|  0|  17|          17|           8|
    |tmp_360_fu_5280_p2       |    or    |      0|  0|  17|          17|           8|
    |tmp_362_fu_5294_p2       |    or    |      0|  0|  17|          17|           8|
    |tmp_364_fu_5308_p2       |    or    |      0|  0|  17|          17|           8|
    |tmp_366_fu_5322_p2       |    or    |      0|  0|  17|          17|           8|
    |tmp_368_fu_5336_p2       |    or    |      0|  0|  17|          17|           8|
    |tmp_36_fu_3012_p2        |    or    |      0|  0|  17|          17|           4|
    |tmp_370_fu_5350_p2       |    or    |      0|  0|  17|          17|           8|
    |tmp_372_fu_5364_p2       |    or    |      0|  0|  17|          17|           8|
    |tmp_374_fu_5378_p2       |    or    |      0|  0|  17|          17|           8|
    |tmp_376_fu_5392_p2       |    or    |      0|  0|  17|          17|           8|
    |tmp_378_fu_5406_p2       |    or    |      0|  0|  17|          17|           8|
    |tmp_380_fu_5420_p2       |    or    |      0|  0|  17|          17|           8|
    |tmp_382_fu_5434_p2       |    or    |      0|  0|  17|          17|           8|
    |tmp_384_fu_5448_p2       |    or    |      0|  0|  17|          17|           8|
    |tmp_386_fu_5462_p2       |    or    |      0|  0|  17|          17|           8|
    |tmp_388_fu_5476_p2       |    or    |      0|  0|  17|          17|           8|
    |tmp_38_fu_3026_p2        |    or    |      0|  0|  17|          17|           5|
    |tmp_390_fu_5490_p2       |    or    |      0|  0|  17|          17|           8|
    |tmp_392_fu_5504_p2       |    or    |      0|  0|  17|          17|           8|
    |tmp_394_fu_5518_p2       |    or    |      0|  0|  17|          17|           8|
    |tmp_396_fu_5532_p2       |    or    |      0|  0|  17|          17|           8|
    |tmp_398_fu_5546_p2       |    or    |      0|  0|  17|          17|           8|
    |tmp_400_fu_5560_p2       |    or    |      0|  0|  17|          17|           8|
    |tmp_402_fu_5574_p2       |    or    |      0|  0|  17|          17|           8|
    |tmp_404_fu_5588_p2       |    or    |      0|  0|  17|          17|           8|
    |tmp_406_fu_5602_p2       |    or    |      0|  0|  17|          17|           8|
    |tmp_408_fu_5616_p2       |    or    |      0|  0|  17|          17|           8|
    |tmp_40_fu_3040_p2        |    or    |      0|  0|  17|          17|           5|
    |tmp_410_fu_5630_p2       |    or    |      0|  0|  17|          17|           8|
    |tmp_412_fu_5644_p2       |    or    |      0|  0|  17|          17|           8|
    |tmp_414_fu_5658_p2       |    or    |      0|  0|  17|          17|           8|
    |tmp_416_fu_5672_p2       |    or    |      0|  0|  17|          17|           8|
    |tmp_418_fu_5686_p2       |    or    |      0|  0|  17|          17|           8|
    |tmp_420_fu_5700_p2       |    or    |      0|  0|  17|          17|           8|
    |tmp_422_fu_5714_p2       |    or    |      0|  0|  17|          17|           8|
    |tmp_424_fu_5728_p2       |    or    |      0|  0|  17|          17|           8|
    |tmp_426_fu_5742_p2       |    or    |      0|  0|  17|          17|           8|
    |tmp_428_fu_5756_p2       |    or    |      0|  0|  17|          17|           8|
    |tmp_42_fu_3054_p2        |    or    |      0|  0|  17|          17|           5|
    |tmp_430_fu_5770_p2       |    or    |      0|  0|  17|          17|           8|
    |tmp_432_fu_5784_p2       |    or    |      0|  0|  17|          17|           8|
    |tmp_434_fu_5798_p2       |    or    |      0|  0|  17|          17|           8|
    |tmp_436_fu_5812_p2       |    or    |      0|  0|  17|          17|           8|
    |tmp_438_fu_5826_p2       |    or    |      0|  0|  17|          17|           8|
    |tmp_440_fu_5840_p2       |    or    |      0|  0|  17|          17|           8|
    |tmp_442_fu_5854_p2       |    or    |      0|  0|  17|          17|           8|
    |tmp_444_fu_5868_p2       |    or    |      0|  0|  17|          17|           8|
    |tmp_446_fu_5882_p2       |    or    |      0|  0|  17|          17|           8|
    |tmp_448_fu_5896_p2       |    or    |      0|  0|  17|          17|           8|
    |tmp_44_fu_3068_p2        |    or    |      0|  0|  17|          17|           5|
    |tmp_450_fu_5910_p2       |    or    |      0|  0|  17|          17|           8|
    |tmp_452_fu_5924_p2       |    or    |      0|  0|  17|          17|           8|
    |tmp_454_fu_5938_p2       |    or    |      0|  0|  17|          17|           8|
    |tmp_456_fu_5952_p2       |    or    |      0|  0|  17|          17|           8|
    |tmp_458_fu_5966_p2       |    or    |      0|  0|  17|          17|           8|
    |tmp_460_fu_5980_p2       |    or    |      0|  0|  17|          17|           8|
    |tmp_462_fu_5994_p2       |    or    |      0|  0|  17|          17|           8|
    |tmp_464_fu_6008_p2       |    or    |      0|  0|  17|          17|           8|
    |tmp_466_fu_6022_p2       |    or    |      0|  0|  17|          17|           8|
    |tmp_468_fu_6036_p2       |    or    |      0|  0|  17|          17|           8|
    |tmp_46_fu_3082_p2        |    or    |      0|  0|  17|          17|           5|
    |tmp_470_fu_6050_p2       |    or    |      0|  0|  17|          17|           8|
    |tmp_472_fu_6064_p2       |    or    |      0|  0|  17|          17|           8|
    |tmp_474_fu_6078_p2       |    or    |      0|  0|  17|          17|           8|
    |tmp_476_fu_6092_p2       |    or    |      0|  0|  17|          17|           8|
    |tmp_478_fu_6106_p2       |    or    |      0|  0|  17|          17|           8|
    |tmp_480_fu_6120_p2       |    or    |      0|  0|  17|          17|           8|
    |tmp_482_fu_6134_p2       |    or    |      0|  0|  17|          17|           8|
    |tmp_484_fu_6148_p2       |    or    |      0|  0|  17|          17|           8|
    |tmp_486_fu_6162_p2       |    or    |      0|  0|  17|          17|           8|
    |tmp_488_fu_6176_p2       |    or    |      0|  0|  17|          17|           8|
    |tmp_48_fu_3096_p2        |    or    |      0|  0|  17|          17|           5|
    |tmp_490_fu_6190_p2       |    or    |      0|  0|  17|          17|           8|
    |tmp_492_fu_6204_p2       |    or    |      0|  0|  17|          17|           8|
    |tmp_494_fu_6218_p2       |    or    |      0|  0|  17|          17|           8|
    |tmp_496_fu_6232_p2       |    or    |      0|  0|  17|          17|           8|
    |tmp_498_fu_6246_p2       |    or    |      0|  0|  17|          17|           8|
    |tmp_500_fu_6260_p2       |    or    |      0|  0|  17|          17|           8|
    |tmp_502_fu_6274_p2       |    or    |      0|  0|  17|          17|           8|
    |tmp_504_fu_6288_p2       |    or    |      0|  0|  17|          17|           8|
    |tmp_506_fu_6302_p2       |    or    |      0|  0|  17|          17|           8|
    |tmp_508_fu_6316_p2       |    or    |      0|  0|  17|          17|           8|
    |tmp_50_fu_3110_p2        |    or    |      0|  0|  17|          17|           5|
    |tmp_510_fu_6330_p2       |    or    |      0|  0|  17|          17|           8|
    |tmp_512_fu_6344_p2       |    or    |      0|  0|  17|          17|           8|
    |tmp_514_fu_6358_p2       |    or    |      0|  0|  17|          17|           8|
    |tmp_516_fu_6372_p2       |    or    |      0|  0|  17|          17|           8|
    |tmp_52_fu_3124_p2        |    or    |      0|  0|  17|          17|           5|
    |tmp_54_fu_3138_p2        |    or    |      0|  0|  17|          17|           5|
    |tmp_56_fu_3152_p2        |    or    |      0|  0|  17|          17|           5|
    |tmp_58_fu_3166_p2        |    or    |      0|  0|  17|          17|           5|
    |tmp_60_fu_3180_p2        |    or    |      0|  0|  17|          17|           5|
    |tmp_62_fu_3194_p2        |    or    |      0|  0|  17|          17|           5|
    |tmp_64_fu_3208_p2        |    or    |      0|  0|  17|          17|           5|
    |tmp_66_fu_3222_p2        |    or    |      0|  0|  17|          17|           5|
    |tmp_68_fu_3236_p2        |    or    |      0|  0|  17|          17|           5|
    |tmp_70_fu_3250_p2        |    or    |      0|  0|  17|          17|           6|
    |tmp_72_fu_3264_p2        |    or    |      0|  0|  17|          17|           6|
    |tmp_74_fu_3278_p2        |    or    |      0|  0|  17|          17|           6|
    |tmp_76_fu_3292_p2        |    or    |      0|  0|  17|          17|           6|
    |tmp_78_fu_3306_p2        |    or    |      0|  0|  17|          17|           6|
    |tmp_7_fu_2815_p2         |    or    |      0|  0|  17|          17|           1|
    |tmp_80_fu_3320_p2        |    or    |      0|  0|  17|          17|           6|
    |tmp_82_fu_3334_p2        |    or    |      0|  0|  17|          17|           6|
    |tmp_84_fu_3348_p2        |    or    |      0|  0|  17|          17|           6|
    |tmp_86_fu_3362_p2        |    or    |      0|  0|  17|          17|           6|
    |tmp_88_fu_3376_p2        |    or    |      0|  0|  17|          17|           6|
    |tmp_90_fu_3390_p2        |    or    |      0|  0|  17|          17|           6|
    |tmp_92_fu_3404_p2        |    or    |      0|  0|  17|          17|           6|
    |tmp_94_fu_3418_p2        |    or    |      0|  0|  17|          17|           6|
    |tmp_96_fu_3432_p2        |    or    |      0|  0|  17|          17|           6|
    |tmp_98_fu_3446_p2        |    or    |      0|  0|  17|          17|           6|
    |ap_enable_pp1            |    xor   |      0|  0|   2|           1|           2|
    |ap_enable_reg_pp1_iter1  |    xor   |      0|  0|   2|           2|           1|
    +-------------------------+----------+-------+---+----+------------+------------+
    |Total                    |          |      0|  0|4451|        4424|        1834|
    +-------------------------+----------+-------+---+----+------------+------------+

    * Multiplexer: 
    +---------------------------------+-----+-----------+-----+-----------+
    |               Name              | LUT | Input Size| Bits| Total Bits|
    +---------------------------------+-----+-----------+-----+-----------+
    |ap_NS_fsm                        |  601|        134|    1|        134|
    |ap_enable_reg_pp1_iter1          |   15|          3|    1|          3|
    |ap_phi_mux_t_V_2_phi_fu_2777_p4  |    9|          2|   16|         32|
    |pixel_cntr_V_1_fu_586            |    9|          2|   16|         32|
    |t_V_1_fu_582                     |    9|          2|   16|         32|
    |t_V_2_reg_2773                   |    9|          2|   16|         32|
    |t_V_reg_2762                     |    9|          2|    9|         18|
    |z_buffer_V_address0              |  585|        130|   16|       2080|
    |z_buffer_V_address1              |  585|        130|   16|       2080|
    |z_buffer_V_d0                    |   15|          3|    8|         24|
    +---------------------------------+-----+-----------+-----+-----------+
    |Total                            | 1846|        410|  115|       4467|
    +---------------------------------+-----+-----------+-----+-----------+

    * Register: 
    +-----------------------------+-----+----+-----+-----------+
    |             Name            |  FF | LUT| Bits| Const Bits|
    +-----------------------------+-----+----+-----+-----------+
    |ap_CS_fsm                    |  133|   0|  133|          0|
    |ap_enable_reg_pp1_iter0      |    1|   0|    1|          0|
    |ap_enable_reg_pp1_iter1      |    1|   0|    1|          0|
    |exitcond_reg_6750            |    1|   0|    1|          0|
    |fragments_x_V_load_reg_6775  |    8|   0|    8|          0|
    |fragments_y_V_load_reg_6780  |    8|   0|    8|          0|
    |i_V_reg_6473                 |    9|   0|    9|          0|
    |n_V_reg_6754                 |   16|   0|   16|          0|
    |pixel_cntr_V_1_fu_586        |   16|   0|   16|          0|
    |t_V_1_fu_582                 |   16|   0|   16|          0|
    |t_V_2_reg_2773               |   16|   0|   16|          0|
    |t_V_reg_2762                 |    9|   0|    9|          0|
    |tmp_4_reg_6478               |    9|   0|   17|          8|
    |tmp_8_reg_6796               |    1|   0|    1|          0|
    |tmp_9_reg_6759               |   16|   0|   64|         48|
    |z_buffer_V_addr_1_reg_6785   |   16|   0|   16|          0|
    +-----------------------------+-----+----+-----+-----------+
    |Total                        |  276|   0|  332|         56|
    +-----------------------------+-----+----+-----+-----------+



================================================================
== Interface
================================================================
* Summary: 
+----------------------------+-----+-----+------------+-------------------+--------------+
|          RTL Ports         | Dir | Bits|  Protocol  |   Source Object   |    C Type    |
+----------------------------+-----+-----+------------+-------------------+--------------+
|ap_clk                      |  in |    1| ap_ctrl_hs |      zculling     | return value |
|ap_rst                      |  in |    1| ap_ctrl_hs |      zculling     | return value |
|ap_start                    |  in |    1| ap_ctrl_hs |      zculling     | return value |
|ap_done                     | out |    1| ap_ctrl_hs |      zculling     | return value |
|ap_idle                     | out |    1| ap_ctrl_hs |      zculling     | return value |
|ap_ready                    | out |    1| ap_ctrl_hs |      zculling     | return value |
|ap_return                   | out |   16| ap_ctrl_hs |      zculling     | return value |
|counter_V                   |  in |   12|   ap_none  |     counter_V     |    scalar    |
|fragments_x_V_address0      | out |    9|  ap_memory |   fragments_x_V   |     array    |
|fragments_x_V_ce0           | out |    1|  ap_memory |   fragments_x_V   |     array    |
|fragments_x_V_q0            |  in |    8|  ap_memory |   fragments_x_V   |     array    |
|fragments_y_V_address0      | out |    9|  ap_memory |   fragments_y_V   |     array    |
|fragments_y_V_ce0           | out |    1|  ap_memory |   fragments_y_V   |     array    |
|fragments_y_V_q0            |  in |    8|  ap_memory |   fragments_y_V   |     array    |
|fragments_z_V_address0      | out |    9|  ap_memory |   fragments_z_V   |     array    |
|fragments_z_V_ce0           | out |    1|  ap_memory |   fragments_z_V   |     array    |
|fragments_z_V_q0            |  in |    8|  ap_memory |   fragments_z_V   |     array    |
|fragments_color_V_address0  | out |    9|  ap_memory | fragments_color_V |     array    |
|fragments_color_V_ce0       | out |    1|  ap_memory | fragments_color_V |     array    |
|fragments_color_V_q0        |  in |    8|  ap_memory | fragments_color_V |     array    |
|size_V                      |  in |   16|   ap_none  |       size_V      |    scalar    |
|pixels_x_V_address0         | out |    9|  ap_memory |     pixels_x_V    |     array    |
|pixels_x_V_ce0              | out |    1|  ap_memory |     pixels_x_V    |     array    |
|pixels_x_V_we0              | out |    1|  ap_memory |     pixels_x_V    |     array    |
|pixels_x_V_d0               | out |    8|  ap_memory |     pixels_x_V    |     array    |
|pixels_y_V_address0         | out |    9|  ap_memory |     pixels_y_V    |     array    |
|pixels_y_V_ce0              | out |    1|  ap_memory |     pixels_y_V    |     array    |
|pixels_y_V_we0              | out |    1|  ap_memory |     pixels_y_V    |     array    |
|pixels_y_V_d0               | out |    8|  ap_memory |     pixels_y_V    |     array    |
|pixels_color_V_address0     | out |    9|  ap_memory |   pixels_color_V  |     array    |
|pixels_color_V_ce0          | out |    1|  ap_memory |   pixels_color_V  |     array    |
|pixels_color_V_we0          | out |    1|  ap_memory |   pixels_color_V  |     array    |
|pixels_color_V_d0           | out |    8|  ap_memory |   pixels_color_V  |     array    |
+----------------------------+-----+-----+------------+-------------------+--------------+

