(c) Copyright 2012-2018 Xilinx, Inc. All Rights Reserved.
#-----------------------------------------------------------
# Tool version  : sds++ 2018.2 SW Build 2258646 on Thu Jun 14 20:03:40 MDT 2018
# Start time    : Wed Aug 12 22:42:15 UTC 2020
# Command line  : sds++ -sds-pf zcu102 -sds-hw SgdLR ./src/sdsoc/sgd.cpp -sds-end -clkid 3 -poll-mode 1 -verbose -O3 ./src/host/spam_filter.o ./src/host/utils.o ./src/host/check_result.o ./src/sdsoc/sgd.o -o SgdLR.elf
# Log file      : /home/ylxiao_seas_upenn_edu/Roseetta/rosetta/spam-filter/_sds/reports/sds.log
# Journal file  : /home/ylxiao_seas_upenn_edu/Roseetta/rosetta/spam-filter/_sds/reports/sds.jou
# Report file   : /home/ylxiao_seas_upenn_edu/Roseetta/rosetta/spam-filter/_sds/reports/sds.rpt
#-----------------------------------------------------------

-------------------
Design Timing Check
-------------------

  Partition 0
  Vivado Log     : /home/ylxiao_seas_upenn_edu/Roseetta/rosetta/spam-filter/_sds/p0/vivado/vivado.log
  Timing Summary : /home/ylxiao_seas_upenn_edu/Roseetta/rosetta/spam-filter/_sds/p0/vivado/prj/prj.runs/impl_1/zcu102_wrapper_timing_summary_routed.rpt

  All user specified timing constraints are met.

Timing Summary Report

Timer Settings
--------------

  Enable Multi Corner Analysis               :  Yes
  Enable Pessimism Removal                   :  Yes
  Pessimism Removal Resolution               :  Nearest Common Node
  Enable Input Delay Default Clock           :  No
  Enable Preset / Clear Arcs                 :  No
  Disable Flight Delays                      :  No
  Ignore I/O Paths                           :  No
  Timing Early Launch at Borrowing Latches   :  false

  Corner  Analyze    Analyze    
  Name    Max Paths  Min Paths  
  ------  ---------  ---------  
  Slow    Yes        Yes        
  Fast    Yes        Yes        



check_timing report

Table of Contents
1. checking no_clock
2. checking constant_clock
3. checking pulse_width_clock
4. checking unconstrained_internal_endpoints
5. checking no_input_delay
6. checking no_output_delay
7. checking multiple_clock
8. checking generated_clocks
9. checking loops
10. checking partial_input_delay
11. checking partial_output_delay
12. checking latch_loops

1. checking no_clock
 There are 0 register/latch pins with no clock.


2. checking constant_clock
 There are 0 register/latch pins with constant_clock.


3. checking pulse_width_clock
 There are 0 register/latch pins which need pulse_width check


4. checking unconstrained_internal_endpoints
 There are 0 pins that are not constrained for maximum delay.

 There are 0 pins that are not constrained for maximum delay due to constant clock.


5. checking no_input_delay
 There are 0 input ports with no input delay specified.

 There are 0 input ports with no input delay but user has a false path constraint.


6. checking no_output_delay
 There are 0 ports with no output delay specified.

 There are 0 ports with no output delay but user has a false path constraint

 There are 0 ports with no output delay but with a timing clock defined on it or propagating through it


7. checking multiple_clock
 There are 0 register/latch pins with multiple clocks.


8. checking generated_clocks
 There are 0 generated clocks that are not connected to a clock source.


9. checking loops
 There are 0 combinational loops in the design.


10. checking partial_input_delay
 There are 0 input ports with partial input delay specified.


11. checking partial_output_delay
 There are 0 ports with partial output delay specified.


12. checking latch_loops
 There are 0 combinational latch loops in the design through latch input



Design Timing Summary
---------------------

    WNS(ns)      TNS(ns)  TNS Failing Endpoints  TNS Total Endpoints      WHS(ns)      THS(ns)  THS Failing Endpoints  THS Total Endpoints     WPWS(ns)     TPWS(ns)  TPWS Failing Endpoints  TPWS Total Endpoints  
    -------      -------  ---------------------  -------------------      -------      -------  ---------------------  -------------------     --------     --------  ----------------------  --------------------  
      3.043        0.000                      0                52722        0.011        0.000                      0                52722        3.498        0.000                       0                 17082  


All user specified timing constraints are met.


Clock Summary
-------------

Clock                            Waveform(ns)       Period(ns)      Frequency(MHz)
-----                            ------------       ----------      --------------
clk_pl_0                         {0.000 5.001}      10.001          99.990          
zcu102_i/clk_wiz_0/inst/clk_in1  {0.000 5.001}      10.001          99.990          
  clk_out2_zcu102_clk_wiz_0_0    {0.000 5.001}      10.001          99.990          


-------------------
Data Motion Network
-------------------

Data motion network report generated in /home/ylxiao_seas_upenn_edu/Roseetta/rosetta/spam-filter/_sds/reports
HTML file : /home/ylxiao_seas_upenn_edu/Roseetta/rosetta/spam-filter/_sds/reports/data_motion.html

-------------------
Design Utilization
-------------------

  Partition 0
  Utilization Summary : /home/ylxiao_seas_upenn_edu/Roseetta/rosetta/spam-filter/_sds/p0/vivado/prj/prj.runs/impl_1/zcu102_wrapper_utilization_placed.rpt

Utilization Design Information

Table of Contents
-----------------
1. CLB Logic
1.1 Summary of Registers by Type
2. CLB Logic Distribution
3. BLOCKRAM
4. ARITHMETIC
5. I/O
6. CLOCK
7. ADVANCED
8. CONFIGURATION
9. Primitives
10. Black Boxes
11. Instantiated Netlists

1. CLB Logic
------------

+----------------------------+-------+-------+-----------+-------+
|          Site Type         |  Used | Fixed | Available | Util% |
+----------------------------+-------+-------+-----------+-------+
| CLB LUTs                   | 12754 |     0 |    274080 |  4.65 |
|   LUT as Logic             | 11708 |     0 |    274080 |  4.27 |
|   LUT as Memory            |  1046 |     0 |    144000 |  0.73 |
|     LUT as Distributed RAM |   854 |     0 |           |       |
|     LUT as Shift Register  |   192 |     0 |           |       |
| CLB Registers              | 15011 |     0 |    548160 |  2.74 |
|   Register as Flip Flop    | 15011 |     0 |    548160 |  2.74 |
|   Register as Latch        |     0 |     0 |    548160 |  0.00 |
| CARRY8                     |   497 |     0 |     34260 |  1.45 |
| F7 Muxes                   |    43 |     0 |    137040 |  0.03 |
| F8 Muxes                   |     0 |     0 |     68520 |  0.00 |
| F9 Muxes                   |     0 |     0 |     34260 |  0.00 |
+----------------------------+-------+-------+-----------+-------+


1.1 Summary of Registers by Type
--------------------------------

+-------+--------------+-------------+--------------+
| Total | Clock Enable | Synchronous | Asynchronous |
+-------+--------------+-------------+--------------+
| 0     |            _ |           - |            - |
| 0     |            _ |           - |          Set |
| 0     |            _ |           - |        Reset |
| 0     |            _ |         Set |            - |
| 0     |            _ |       Reset |            - |
| 0     |          Yes |           - |            - |
| 195   |          Yes |           - |          Set |
| 267   |          Yes |           - |        Reset |
| 375   |          Yes |         Set |            - |
| 14174 |          Yes |       Reset |            - |
+-------+--------------+-------------+--------------+


2. CLB Logic Distribution
-------------------------

+-------------------------------------------+-------+-------+-----------+-------+
|                 Site Type                 |  Used | Fixed | Available | Util% |
+-------------------------------------------+-------+-------+-----------+-------+
| CLB                                       |  2662 |     0 |     34260 |  7.77 |
|   CLBL                                    |  1260 |     0 |           |       |
|   CLBM                                    |  1402 |     0 |           |       |
| LUT as Logic                              | 11708 |     0 |    274080 |  4.27 |
|   using O5 output only                    |   435 |       |           |       |
|   using O6 output only                    |  8628 |       |           |       |
|   using O5 and O6                         |  2645 |       |           |       |
| LUT as Memory                             |  1046 |     0 |    144000 |  0.73 |
|   LUT as Distributed RAM                  |   854 |     0 |           |       |
|     using O5 output only                  |     0 |       |           |       |
|     using O6 output only                  |   198 |       |           |       |
|     using O5 and O6                       |   656 |       |           |       |
|   LUT as Shift Register                   |   192 |     0 |           |       |
|     using O5 output only                  |     0 |       |           |       |
|     using O6 output only                  |    90 |       |           |       |
|     using O5 and O6                       |   102 |       |           |       |
| LUT Flip Flop Pairs                       |  5393 |     0 |    274080 |  1.97 |
|   fully used LUT-FF pairs                 |  1914 |       |           |       |
|   LUT-FF pairs with one unused LUT output |  3298 |       |           |       |
|   LUT-FF pairs with one unused Flip Flop  |  2615 |       |           |       |
| Unique Control Sets                       |   768 |       |           |       |
+-------------------------------------------+-------+-------+-----------+-------+
* Note: Review the Control Sets Report for more information regarding control sets.


3. BLOCKRAM
-----------

+-------------------+------+-------+-----------+-------+
|     Site Type     | Used | Fixed | Available | Util% |
+-------------------+------+-------+-----------+-------+
| Block RAM Tile    |   73 |     0 |       912 |  8.00 |
|   RAMB36/FIFO*    |   15 |     0 |       912 |  1.64 |
|     RAMB36E2 only |   15 |       |           |       |
|   RAMB18          |  116 |     0 |      1824 |  6.36 |
|     RAMB18E2 only |  116 |       |           |       |
+-------------------+------+-------+-----------+-------+
* Note: Each Block RAM Tile only has one FIFO logic available and therefore can accommodate only one FIFO36E2 or one FIFO18E2. However, if a FIFO18E2 occupies a Block RAM Tile, that tile can still accommodate a RAMB18E2


4. ARITHMETIC
-------------

+----------------+------+-------+-----------+-------+
|    Site Type   | Used | Fixed | Available | Util% |
+----------------+------+-------+-----------+-------+
| DSPs           |  224 |     0 |      2520 |  8.89 |
|   DSP48E2 only |  224 |       |           |       |
+----------------+------+-------+-----------+-------+


5. I/O
------

+------------------+------+-------+-----------+-------+
|     Site Type    | Used | Fixed | Available | Util% |
+------------------+------+-------+-----------+-------+
| Bonded IOB       |    0 |     0 |       328 |  0.00 |
| HPIOB_M          |    0 |     0 |        96 |  0.00 |
| HPIOB_S          |    0 |     0 |        96 |  0.00 |
| HDIOB_M          |    0 |     0 |        60 |  0.00 |
| HDIOB_S          |    0 |     0 |        60 |  0.00 |
| HPIOB_SNGL       |    0 |     0 |        16 |  0.00 |
| HPIOBDIFFINBUF   |    0 |     0 |        96 |  0.00 |
| HPIOBDIFFOUTBUF  |    0 |     0 |        96 |  0.00 |
| HDIOBDIFFINBUF   |    0 |     0 |        60 |  0.00 |
| BITSLICE_CONTROL |    0 |     0 |        32 |  0.00 |
| BITSLICE_RX_TX   |    0 |     0 |       208 |  0.00 |
| BITSLICE_TX      |    0 |     0 |        32 |  0.00 |
| RIU_OR           |    0 |     0 |        16 |  0.00 |
+------------------+------+-------+-----------+-------+


6. CLOCK
--------

+----------------------+------+-------+-----------+-------+
|       Site Type      | Used | Fixed | Available | Util% |
+----------------------+------+-------+-----------+-------+
| GLOBAL CLOCK BUFFERs |    3 |     0 |       404 |  0.74 |
|   BUFGCE             |    2 |     0 |       116 |  1.72 |
|   BUFGCE_DIV         |    0 |     0 |        16 |  0.00 |
|   BUFG_GT            |    0 |     0 |       168 |  0.00 |
|   BUFG_PS            |    1 |     0 |        72 |  1.39 |
|   BUFGCTRL*          |    0 |     0 |        32 |  0.00 |
| PLL                  |    0 |     0 |         8 |  0.00 |
| MMCM                 |    1 |     0 |         4 | 25.00 |
+----------------------+------+-------+-----------+-------+
* Note: Each used BUFGCTRL counts as two global buffer resources. This table does not include global clocking resources, only buffer cell usage. See the Clock Utilization Report (report_clock_utilization) for detailed accounting of global clocking resource availability.


7. ADVANCED
-----------

+-----------------+------+-------+-----------+--------+
|    Site Type    | Used | Fixed | Available |  Util% |
+-----------------+------+-------+-----------+--------+
| GTHE4_CHANNEL   |    0 |     0 |        24 |   0.00 |
| GTHE4_COMMON    |    0 |     0 |         6 |   0.00 |
| OBUFDS_GTE4     |    0 |     0 |        12 |   0.00 |
| OBUFDS_GTE4_ADV |    0 |     0 |        12 |   0.00 |
| PS8             |    1 |     0 |         1 | 100.00 |
| SYSMONE4        |    0 |     0 |         1 |   0.00 |
+-----------------+------+-------+-----------+--------+


8. CONFIGURATION
----------------

+-------------+------+-------+-----------+-------+
|  Site Type  | Used | Fixed | Available | Util% |
+-------------+------+-------+-----------+-------+
| BSCANE2     |    0 |     0 |         4 |  0.00 |
| DNA_PORTE2  |    0 |     0 |         1 |  0.00 |
| EFUSE_USR   |    0 |     0 |         1 |  0.00 |
| FRAME_ECCE4 |    0 |     0 |         1 |  0.00 |
| ICAPE3      |    0 |     0 |         2 |  0.00 |
| MASTER_JTAG |    0 |     0 |         1 |  0.00 |
| STARTUPE3   |    0 |     0 |         1 |  0.00 |
+-------------+------+-------+-----------+-------+


9. Primitives
-------------

+------------+-------+---------------------+
|  Ref Name  |  Used | Functional Category |
+------------+-------+---------------------+
| FDRE       | 14174 |            Register |
| LUT2       |  3834 |                 CLB |
| LUT3       |  3325 |                 CLB |
| LUT6       |  3180 |                 CLB |
| LUT4       |  1914 |                 CLB |
| LUT5       |  1749 |                 CLB |
| RAMD32     |  1154 |                 CLB |
| CARRY8     |   497 |                 CLB |
| FDSE       |   375 |            Register |
| LUT1       |   351 |                 CLB |
| FDCE       |   267 |            Register |
| SRL16E     |   259 |                 CLB |
| DSP48E2    |   224 |          Arithmetic |
| FDPE       |   195 |            Register |
| RAMD64E    |   192 |                 CLB |
| RAMS32     |   164 |                 CLB |
| RAMB18E2   |   116 |           Block Ram |
| MUXF7      |    43 |                 CLB |
| SRLC32E    |    35 |                 CLB |
| RAMB36E2   |    15 |           Block Ram |
| BUFGCE     |     2 |               Clock |
| PS8        |     1 |            Advanced |
| MMCME4_ADV |     1 |               Clock |
| BUFG_PS    |     1 |               Clock |
+------------+-------+---------------------+


10. Black Boxes
---------------

+----------+------+
| Ref Name | Used |
+----------+------+


11. Instantiated Netlists
-------------------------

+---------------------------+------+
|          Ref Name         | Used |
+---------------------------+------+
| zcu102_xlconcat_1_0       |    1 |
| zcu102_xlconcat_0_0       |    1 |
| zcu102_xbar_1             |    1 |
| zcu102_xbar_0             |    1 |
| zcu102_sgdma2axis_dm_0_0  |    1 |
| zcu102_sds_irq_const_0    |    1 |
| zcu102_s01_regslice_0     |    1 |
| zcu102_s01_mmu_0          |    1 |
| zcu102_s00_regslice_4     |    1 |
| zcu102_s00_regslice_3     |    1 |
| zcu102_s00_regslice_2     |    1 |
| zcu102_s00_regslice_1     |    1 |
| zcu102_s00_regslice_0     |    1 |
| zcu102_s00_mmu_0          |    1 |
| zcu102_s00_data_fifo_0    |    1 |
| zcu102_ps_e_0             |    1 |
| zcu102_proc_sys_reset_1_0 |    1 |
| zcu102_m01_regslice_0     |    1 |
| zcu102_m00_regslice_1     |    1 |
| zcu102_m00_regslice_0     |    1 |
| zcu102_m00_data_fifo_0    |    1 |
| zcu102_dm_0_0             |    1 |
| zcu102_clk_wiz_0_0        |    1 |
| zcu102_auto_us_df_3       |    1 |
| zcu102_auto_us_df_2       |    1 |
| zcu102_auto_us_df_1       |    1 |
| zcu102_auto_us_df_0       |    1 |
| zcu102_auto_ss_slid_0     |    1 |
| zcu102_auto_pc_0          |    1 |
| zcu102_auto_ds_0          |    1 |
| zcu102_SgdLR_1_if_0       |    1 |
| zcu102_SgdLR_1_0          |    1 |
+---------------------------+------+


