# 
# Steps log generated by SDx
# This log file contains a collection of steps that describe the kernel compilation flow
# Note: Some steps are tagged as internal, these steps are for debugging purposes and 
#       are not expected to be able to run independently.
# 

# The following environment variables are set when running xocc
Environment variables :
------------------------------------------
SLURM_NODELIST=prflow-compute-0-0
SLURM_JOB_NAME=optical
_RDI_DONT_SET_XILINX_AS_PATH=True
XILINX_XD=/apps/xilinx/2018.2/SDx/2018.2
XDG_SESSION_ID=84
SLURM_TOPOLOGY_ADDR=prflow-compute-0-0
HOSTNAME=prflow-compute-0-0
SLURMD_NODENAME=prflow-compute-0-0
SLURM_PRIO_PROCESS=0
SELINUX_ROLE_REQUESTED=
SLURM_NODE_ALIASES=(null)
XILINX_DSP=
SHELL=/bin/bash
TERM=xterm-256color
MAKEFLAGS=
SLURM_JOB_QOS=normal
HISTSIZE=1000
SSH_CLIENT=100.19.143.19 38354 22
TMPDIR=/tmp
SLURM_TOPOLOGY_ADDR_PATTERN=node
CONDA_SHLVL=1
MYVIVADO=
SELINUX_USE_CURRENT_RANGE=
CONDA_PROMPT_MODIFIER=(base) 
SLURM_JOB_DEPENDENCY=
RDI_TPS_ROOT=/apps/xilinx/2018.2/Vivado/2018.2/tps/lnx64
HDI_PROCESSOR=x86_64
SYNTH_COMMON=/apps/xilinx/2018.2/SDx/2018.2/scripts/rt/data
SSH_TTY=/dev/pts/2
RT_TCL_PATH=/apps/xilinx/2018.2/SDx/2018.2/scripts/rt/base_tcl/tcl
RDI_PREPEND_PATH=/apps/xilinx/2018.2/SDK/2018.2/bin:/apps/xilinx/2018.2/SDK/2018.2/bin
SLURM_MEM_PER_CPU=7500
RDI_OPT_EXT=.o
USER=ylxiao_seas_upenn_edu
SLURM_NNODES=1
LS_COLORS=rs=0:di=38;5;27:ln=38;5;51:mh=44;38;5;15:pi=40;38;5;11:so=38;5;13:do=38;5;5:bd=48;5;232;38;5;11:cd=48;5;232;38;5;3:or=48;5;232;38;5;9:mi=05;48;5;232;38;5;15:su=48;5;196;38;5;15:sg=48;5;11;38;5;16:ca=48;5;196;38;5;226:tw=48;5;10;38;5;16:ow=48;5;10;38;5;21:st=48;5;21;38;5;15:ex=38;5;34:*.tar=38;5;9:*.tgz=38;5;9:*.arc=38;5;9:*.arj=38;5;9:*.taz=38;5;9:*.lha=38;5;9:*.lz4=38;5;9:*.lzh=38;5;9:*.lzma=38;5;9:*.tlz=38;5;9:*.txz=38;5;9:*.tzo=38;5;9:*.t7z=38;5;9:*.zip=38;5;9:*.z=38;5;9:*.Z=38;5;9:*.dz=38;5;9:*.gz=38;5;9:*.lrz=38;5;9:*.lz=38;5;9:*.lzo=38;5;9:*.xz=38;5;9:*.bz2=38;5;9:*.bz=38;5;9:*.tbz=38;5;9:*.tbz2=38;5;9:*.tz=38;5;9:*.deb=38;5;9:*.rpm=38;5;9:*.jar=38;5;9:*.war=38;5;9:*.ear=38;5;9:*.sar=38;5;9:*.rar=38;5;9:*.alz=38;5;9:*.ace=38;5;9:*.zoo=38;5;9:*.cpio=38;5;9:*.7z=38;5;9:*.rz=38;5;9:*.cab=38;5;9:*.jpg=38;5;13:*.jpeg=38;5;13:*.gif=38;5;13:*.bmp=38;5;13:*.pbm=38;5;13:*.pgm=38;5;13:*.ppm=38;5;13:*.tga=38;5;13:*.xbm=38;5;13:*.xpm=38;5;13:*.tif=38;5;13:*.tiff=38;5;13:*.png=38;5;13:*.svg=38;5;13:*.svgz=38;5;13:*.mng=38;5;13:*.pcx=38;5;13:*.mov=38;5;13:*.mpg=38;5;13:*.mpeg=38;5;13:*.m2v=38;5;13:*.mkv=38;5;13:*.webm=38;5;13:*.ogm=38;5;13:*.mp4=38;5;13:*.m4v=38;5;13:*.mp4v=38;5;13:*.vob=38;5;13:*.qt=38;5;13:*.nuv=38;5;13:*.wmv=38;5;13:*.asf=38;5;13:*.rm=38;5;13:*.rmvb=38;5;13:*.flc=38;5;13:*.avi=38;5;13:*.fli=38;5;13:*.flv=38;5;13:*.gl=38;5;13:*.dl=38;5;13:*.xcf=38;5;13:*.xwd=38;5;13:*.yuv=38;5;13:*.cgm=38;5;13:*.emf=38;5;13:*.axv=38;5;13:*.anx=38;5;13:*.ogv=38;5;13:*.ogx=38;5;13:*.aac=38;5;45:*.au=38;5;45:*.flac=38;5;45:*.mid=38;5;45:*.midi=38;5;45:*.mka=38;5;45:*.mp3=38;5;45:*.mpc=38;5;45:*.ogg=38;5;45:*.ra=38;5;45:*.wav=38;5;45:*.axa=38;5;45:*.oga=38;5;45:*.spx=38;5;45:*.xspf=38;5;45:
LD_LIBRARY_PATH=/apps/xilinx/2018.2/SDx/2018.2/lib/lnx64.o/Default:/apps/xilinx/2018.2/SDx/2018.2/lib/lnx64.o:/apps/xilinx/2018.2/SDx/2018.2/tps/lnx64/jre/lib/amd64:/apps/xilinx/2018.2/SDx/2018.2/tps/lnx64/jre/lib/amd64/server:/apps/xilinx/2018.2/SDx/2018.2/lib/lnx64.o/Default:/apps/xilinx/2018.2/SDx/2018.2/lib/lnx64.o:/apps/xilinx/2018.2/SDx/2018.2/lib/lnx64.o/Default:/apps/xilinx/2018.2/SDx/2018.2/lib/lnx64.o:/apps/xilinx/2018.2/SDx/2018.2/tps/lnx64/jre/lib/amd64:/apps/xilinx/2018.2/SDx/2018.2/tps/lnx64/jre/lib/amd64/server:/apps/xilinx/2018.2/SDx/2018.2/lib/lnx64.o/Default:/apps/xilinx/2018.2/SDx/2018.2/lib/lnx64.o:/apps/xilinx/2018.2/SDx/2018.2/runtime/lib/x86_64:/apps/xilinx/2018.2/SDx/2018.2/bin/../lnx64/tools/dot/lib:/apps/xilinx/2018.2/SDx/2018.2/bin/../lnx64/tools/dot/lib
CONDA_EXE=/apps/conda/bin/conda
RDI_PATCHROOT=
TCL_LIBRARY=/apps/xilinx/2018.2/SDx/2018.2/tps/tcl/tcl8.5
SLURM_JOBID=4375
RDI_PLATFORM=lnx64
SLURM_NTASKS=1
MAKELEVEL=1
RDI_BUILD=yes
MFLAGS=
RT_LIBPATH=/apps/xilinx/2018.2/SDx/2018.2/scripts/rt/data
_CE_CONDA=
RDI_LIBDIR=/apps/xilinx/2018.2/SDx/2018.2/lib/lnx64.o/Default:/apps/xilinx/2018.2/SDx/2018.2/lib/lnx64.o
PATH=/apps/xilinx/2018.2/SDx/2018.2/bin/../gnu/binutils/bin:/apps/xilinx/2018.2/SDK/2018.2/gnu/aarch64/lin/aarch64-linux/bin:/apps/xilinx/2018.2/SDx/2018.2/bin/../gnu/ppc64le/4.9.3/lnx64/bin:/apps/xilinx/2018.2/SDK/2018.2/gnu/aarch32/lin/gcc-arm-linux-gnueabi/bin:/apps/xilinx/2018.2/Vivado/2018.2/lnx64/tools/gcc/bin:/apps/xilinx/2018.2/SDx/2018.2/bin:/apps/xilinx/2018.2/SDx/2018.2/tps/lnx64/jre/bin:/apps/xilinx/2018.2/SDK/2018.2/bin:/apps/xilinx/2018.2/Vivado/2018.2/bin:/apps/xilinx/2018.2/SDK/2018.2/gnu/arm/lin/bin:/apps/xilinx/2018.2/SDK/2018.2/gnu/microblaze/lin/bin:/apps/xilinx/2018.2/SDK/2018.2/gnu/microblaze/linux_toolchain/lin64_le/bin:/apps/xilinx/2018.2/SDK/2018.2/gnu/aarch32/lin/gcc-arm-linux-gnueabi/bin:/apps/xilinx/2018.2/SDK/2018.2/gnu/aarch32/lin/gcc-arm-none-eabi/bin:/apps/xilinx/2018.2/SDK/2018.2/gnu/aarch64/lin/aarch64-linux/bin:/apps/xilinx/2018.2/SDK/2018.2/gnu/aarch64/lin/aarch64-none/bin:/apps/xilinx/2018.2/SDK/2018.2/gnu/armr5/lin/gcc-arm-none-eabi/bin:/apps/xilinx/2018.2/SDK/2018.2/tps/lnx64/cmake-3.3.2/bin:/apps/conda/bin:/apps/conda/condabin:/usr/local/bin:/usr/bin:/usr/local/sbin:/usr/sbin:/apps/slurm/current/bin:/apps/slurm/current/sbin:/home/ylxiao_seas_upenn_edu/.local/bin:/home/ylxiao_seas_upenn_edu/bin
MAIL=/var/spool/mail/ylxiao_seas_upenn_edu
SLURM_TASKS_PER_NODE=1
SLURM_WORKING_CLUSTER=prflow:prflow-controller:6820:8704:101
SLURM_JOB_ID=4375
SLURM_CPUS_PER_TASK=8
CONDA_PREFIX=/apps/conda
PWD=/home/ylxiao_seas_upenn_edu/Roseetta/rosetta/optical-flow
SLURM_JOB_USER=ylxiao_seas_upenn_edu
XIL_CHECK_TCL_DEBUG=False
_LMFILES_=/apps/modulefiles/xilinx/2018.2
LANG=en_US.UTF-8
XILINX_VIVADO_HLS=/apps/xilinx/2018.2/Vivado/2018.2
MODULEPATH=/usr/share/Modules/modulefiles:/etc/modulefiles:/apps/modulefiles
HDI_APPROOT=/apps/xilinx/2018.2/SDx/2018.2
SLURM_JOB_UID=1767696695
LOADEDMODULES=xilinx/2018.2
SLURM_NODEID=0
SELINUX_LEVEL_REQUESTED=
SLURM_SUBMIT_DIR=/home/ylxiao_seas_upenn_edu/Roseetta/rosetta
SLURM_TASK_PID=1691
SLURM_NPROCS=1
SLURM_CPUS_ON_NODE=8
LM_LICENSE_FILE=2100@potato.cis.upenn.edu:1709@potato.cis.upenn.edu:1717@potato.cis.upenn.edu:27010@potato.cis.upenn.edu:27009@potato.cis.upenn.edu
XILINX_VIVADO=/apps/xilinx/2018.2/Vivado/2018.2
HISTCONTROL=ignoredups
SLURM_PROCID=0
ENVIRONMENT=BATCH
_CE_M=
XILINX_SDK=/apps/xilinx/2018.2/SDK/2018.2
SLURM_JOB_NODELIST=prflow-compute-0-0
XILINX_OPENCL=/apps/xilinx/2018.2/SDx/2018.2
ISL_IOSTREAMS_RSA=/apps/xilinx/2018.2/SDx/2018.2/tps/isl
HOME=/home/ylxiao_seas_upenn_edu
SHLVL=6
RDI_BASEROOT=/apps/xilinx/2018.2/SDx
SLURM_LOCALID=0
RDI_APPROOT=/apps/xilinx/2018.2/SDx/2018.2
SLURM_JOB_CPUS_PER_NODE=8
SLURM_CLUSTER_NAME=prflow
SLURM_JOB_GID=1767696695
SLURM_GTIDS=0
SLURM_SUBMIT_HOST=prflow-login0
SLURM_JOB_PARTITION=debug
LOGNAME=ylxiao_seas_upenn_edu
CONDA_PYTHON_EXE=/apps/conda/bin/python
RDI_JAVA_PLATFORM=amd64
SSH_CONNECTION=100.19.143.19 38354 10.0.0.2 22
RDI_BINROOT=/apps/xilinx/2018.2/SDx/2018.2/bin
SLURM_JOB_NUM_NODES=1
MODULESHOME=/usr/share/Modules
LESSOPEN=||/usr/bin/lesspipe.sh %s
CONDA_DEFAULT_ENV=base
XILINX_SDX=/apps/xilinx/2018.2/SDx/2018.2
RDI_PROG=/apps/xilinx/2018.2/SDx/2018.2/bin/unwrapped/lnx64.o/vpl
XDG_RUNTIME_DIR=/run/user/1767696695
XIL_SUPPRESS_OVERRIDE_WARNINGS=1
XIL_NO_OVERRIDE=0
XILINX_PLANAHEAD=/apps/xilinx/2018.2/SDx/2018.2
HDIPRELDPATH=/apps/xilinx/2018.2/SDx/2018.2/lib/lnx64.o/Default:/apps/xilinx/2018.2/SDx/2018.2/lib/lnx64.o:/apps/xilinx/2018.2/SDx/2018.2/lib/lnx64.o/Default:/apps/xilinx/2018.2/SDx/2018.2/lib/lnx64.o:/apps/xilinx/2018.2/SDx/2018.2/tps/lnx64/jre/lib/amd64:/apps/xilinx/2018.2/SDx/2018.2/tps/lnx64/jre/lib/amd64/server:/apps/xilinx/2018.2/SDx/2018.2/lib/lnx64.o/Default:/apps/xilinx/2018.2/SDx/2018.2/lib/lnx64.o:/apps/xilinx/2018.2/SDx/2018.2/runtime/lib/x86_64:/apps/xilinx/2018.2/SDx/2018.2/bin/../lnx64/tools/dot/lib:/apps/xilinx/2018.2/SDx/2018.2/bin/../lnx64/tools/dot/lib
RDI_INSTALLVER=2018.2
RDI_DATADIR=/apps/xilinx/2018.2/SDx/2018.2/data
RDI_INSTALLROOT=/apps/xilinx/2018.2
BASH_FUNC_module()=() {  eval `/usr/bin/modulecmd bash $*`
}
_=/apps/xilinx/2018.2/SDx/2018.2/bin/unwrapped/lnx64.o/vpl


------------------------------------------
internal step: generating ipirun.tcl for vivado
timestamp: 13 Aug 2020 01:51:57
------------------------------------------
step: running vivado to generate bitstream
timestamp: 13 Aug 2020 01:51:57
launch dir: /home/ylxiao_seas_upenn_edu/Roseetta/rosetta/optical-flow/_sds/p0/vivado
cmd: /apps/xilinx/2018.2/Vivado/2018.2/bin/vivado -mode batch -notrace -source /home/ylxiao_seas_upenn_edu/Roseetta/rosetta/optical-flow/_sds/p0/vivado/ipirun.tcl -messageDb /home/ylxiao_seas_upenn_edu/Roseetta/rosetta/optical-flow/_sds/p0/vivado/vivado.pb
   -----------------------
   internal step: creating sdx tcl hooks for implementation run
   timestamp: 13 August 2020 01:52:05
   -----------------------
   internal step: source .local/dsa/prj/rebuild.tcl
   timestamp: 13 August 2020 01:52:05
   -----------------------
   internal step: open_bd_design -auto_upgrade [get_files zcu102.bd]
   timestamp: 13 August 2020 01:52:23
   -----------------------
   internal step: source .local/top.bd.tcl
   timestamp: 13 August 2020 01:52:24
   -----------------------
   internal step: inserting profiling and debug cores
   timestamp: 13 August 2020 01:53:41
   -----------------------
   internal step: assign_bd_address
   timestamp: 13 August 2020 01:53:41
   -----------------------
   internal step: writing address_map.xml
   timestamp: 13 August 2020 01:53:57
   -----------------------
   internal step: generate_target all [get_files zcu102.bd]
   timestamp: 13 August 2020 01:53:57
   -----------------------
   internal step: write_hwdef -force -file output/system.hdf
   timestamp: 13 August 2020 01:54:50
   -----------------------
   internal step: add_files -norecurse [make_wrapper -top -files [get_files zcu102.bd]]
   timestamp: 13 August 2020 01:54:52
   -----------------------
   internal step: source scripts/_vivado_report_commands.tcl
   timestamp: 13 August 2020 01:54:52
   -----------------------
   internal step: source scripts/_vivado_synth_props.tcl
   timestamp: 13 August 2020 01:54:52
   -----------------------
   internal step: source scripts/_vivado_impl_props.tcl
   timestamp: 13 August 2020 01:55:23
   -----------------------
   internal step: launch_runs synth_1 -jobs 4  
   timestamp: 13 August 2020 01:55:23
   -----------------------
   internal step: generating resource usage report 'output/resource.json'
   timestamp: 13 August 2020 02:13:40
   -----------------------
   internal step: log_generated_reports for synthesis 'output/generated_reports.log'
   timestamp: 13 August 2020 02:13:40
   -----------------------
   internal step: launched run synth_1
   timestamp: 13 August 2020 02:13:40
   -----------------------
   internal step: launched run zcu102_axis2sgdma_dm_1_0_synth_1
   timestamp: 13 August 2020 02:13:40
   -----------------------
   internal step: launched run zcu102_auto_ss_slid_0_synth_1
   timestamp: 13 August 2020 02:13:40
   -----------------------
   internal step: launched run zcu102_xbar_2_synth_1
   timestamp: 13 August 2020 02:13:40
   -----------------------
   internal step: launched run zcu102_optical_flow_1_0_synth_1
   timestamp: 13 August 2020 02:13:40
   -----------------------
   internal step: launched run zcu102_dm_1_0_synth_1
   timestamp: 13 August 2020 02:13:40
   -----------------------
   internal step: launched run zcu102_xbar_1_synth_1
   timestamp: 13 August 2020 02:13:40
   -----------------------
   internal step: launched run zcu102_optical_flow_1_if_0_synth_1
   timestamp: 13 August 2020 02:13:40
   -----------------------
   internal step: launched run zcu102_s00_regslice_2_synth_1
   timestamp: 13 August 2020 02:13:40
   -----------------------
   internal step: launched run zcu102_s00_mmu_1_synth_1
   timestamp: 13 August 2020 02:13:40
   -----------------------
   internal step: launch_runs impl_1 -to_step write_bitstream 
   timestamp: 13 August 2020 02:13:40
   -----------------------
   internal step: log_generated_reports for implementation 'output/generated_reports.log'
   timestamp: 13 August 2020 02:38:49
status: success
