(c) Copyright 2012-2018 Xilinx, Inc. All Rights Reserved.
#-----------------------------------------------------------
# Tool version  : sds++ 2018.2 SW Build 2258646 on Thu Jun 14 20:03:40 MDT 2018
# Start time    : Wed Aug 12 22:45:40 UTC 2020
# Command line  : sds++ -sds-pf zcu102 -sds-hw rendering ./src/sdsoc/rendering.cpp -sds-end -clkid 3 -poll-mode 1 -verbose -O3 ./src/host/3d_rendering_host.o ./src/host/utils.o ./src/host/check_result.o ./src/sdsoc/rendering.o -o rendering.elf
# Log file      : /home/ylxiao_seas_upenn_edu/Roseetta/rosetta/3d-rendering/_sds/reports/sds.log
# Journal file  : /home/ylxiao_seas_upenn_edu/Roseetta/rosetta/3d-rendering/_sds/reports/sds.jou
# Report file   : /home/ylxiao_seas_upenn_edu/Roseetta/rosetta/3d-rendering/_sds/reports/sds.rpt
#-----------------------------------------------------------

Libraries: 
Library Paths {}
Analyzing object files
aarch64-linux-gnu-objcopy -O binary --set-section-flags .xdinfo=alloc --only-section=.xdinfo /home/ylxiao_seas_upenn_edu/Roseetta/rosetta/3d-rendering/src/host/3d_rendering_host.o /home/ylxiao_seas_upenn_edu/Roseetta/rosetta/3d-rendering/_sds/.data/xdinfo.xml
aarch64-linux-gnu-objcopy -O binary --set-section-flags .xddata=alloc --only-section=.xddata /home/ylxiao_seas_upenn_edu/Roseetta/rosetta/3d-rendering/src/host/3d_rendering_host.o /home/ylxiao_seas_upenn_edu/Roseetta/rosetta/3d-rendering/_sds/.data/xddata.xml
aarch64-linux-gnu-objcopy -O binary --set-section-flags .xdsdata=alloc --only-section=.xdsdata /home/ylxiao_seas_upenn_edu/Roseetta/rosetta/3d-rendering/src/host/3d_rendering_host.o /home/ylxiao_seas_upenn_edu/Roseetta/rosetta/3d-rendering/_sds/.data/3d_rendering_host.o.xml
aarch64-linux-gnu-objcopy -O binary --set-section-flags .xdinfo=alloc --only-section=.xdinfo /home/ylxiao_seas_upenn_edu/Roseetta/rosetta/3d-rendering/src/host/utils.o /home/ylxiao_seas_upenn_edu/Roseetta/rosetta/3d-rendering/_sds/.data/xdinfo.xml
aarch64-linux-gnu-objcopy -O binary --set-section-flags .xddata=alloc --only-section=.xddata /home/ylxiao_seas_upenn_edu/Roseetta/rosetta/3d-rendering/src/host/utils.o /home/ylxiao_seas_upenn_edu/Roseetta/rosetta/3d-rendering/_sds/.data/xddata.xml
aarch64-linux-gnu-objcopy -O binary --set-section-flags .xdsdata=alloc --only-section=.xdsdata /home/ylxiao_seas_upenn_edu/Roseetta/rosetta/3d-rendering/src/host/utils.o /home/ylxiao_seas_upenn_edu/Roseetta/rosetta/3d-rendering/_sds/.data/utils.o.xml
aarch64-linux-gnu-objcopy -O binary --set-section-flags .xdinfo=alloc --only-section=.xdinfo /home/ylxiao_seas_upenn_edu/Roseetta/rosetta/3d-rendering/src/host/check_result.o /home/ylxiao_seas_upenn_edu/Roseetta/rosetta/3d-rendering/_sds/.data/xdinfo.xml
aarch64-linux-gnu-objcopy -O binary --set-section-flags .xddata=alloc --only-section=.xddata /home/ylxiao_seas_upenn_edu/Roseetta/rosetta/3d-rendering/src/host/check_result.o /home/ylxiao_seas_upenn_edu/Roseetta/rosetta/3d-rendering/_sds/.data/xddata.xml
aarch64-linux-gnu-objcopy -O binary --set-section-flags .xdsdata=alloc --only-section=.xdsdata /home/ylxiao_seas_upenn_edu/Roseetta/rosetta/3d-rendering/src/host/check_result.o /home/ylxiao_seas_upenn_edu/Roseetta/rosetta/3d-rendering/_sds/.data/check_result.o.xml
aarch64-linux-gnu-objcopy -O binary --set-section-flags .xdinfo=alloc --only-section=.xdinfo /home/ylxiao_seas_upenn_edu/Roseetta/rosetta/3d-rendering/src/sdsoc/rendering.o /home/ylxiao_seas_upenn_edu/Roseetta/rosetta/3d-rendering/_sds/.data/xdinfo.xml
aarch64-linux-gnu-objcopy -O binary --set-section-flags .xddata=alloc --only-section=.xddata /home/ylxiao_seas_upenn_edu/Roseetta/rosetta/3d-rendering/src/sdsoc/rendering.o /home/ylxiao_seas_upenn_edu/Roseetta/rosetta/3d-rendering/_sds/.data/rendering.xml
aarch64-linux-gnu-objcopy -O binary --set-section-flags .xdpp=alloc --only-section=.xdpp /home/ylxiao_seas_upenn_edu/Roseetta/rosetta/3d-rendering/src/sdsoc/rendering.o /home/ylxiao_seas_upenn_edu/Roseetta/rosetta/3d-rendering/_sds/.pp/rendering.ii
aarch64-linux-gnu-objcopy -O binary --set-section-flags .xdfcnmap=alloc --only-section=.xdfcnmap /home/ylxiao_seas_upenn_edu/Roseetta/rosetta/3d-rendering/src/sdsoc/rendering.o /home/ylxiao_seas_upenn_edu/Roseetta/rosetta/3d-rendering/_sds/.cdb/rendering.rendering.fcnmap.xml
aarch64-linux-gnu-objcopy -O binary --set-section-flags .xdhlscore=alloc --only-section=.xdhlscore /home/ylxiao_seas_upenn_edu/Roseetta/rosetta/3d-rendering/src/sdsoc/rendering.o /home/ylxiao_seas_upenn_edu/Roseetta/rosetta/3d-rendering/_sds/iprepo/repo/xilinx_com_hls_rendering_1_0/xilinx_com_hls_rendering_1_0.zip
/usr/bin/unzip -u -o /home/ylxiao_seas_upenn_edu/Roseetta/rosetta/3d-rendering/_sds/iprepo/repo/xilinx_com_hls_rendering_1_0/xilinx_com_hls_rendering_1_0.zip -d /home/ylxiao_seas_upenn_edu/Roseetta/rosetta/3d-rendering/_sds/iprepo/repo/xilinx_com_hls_rendering_1_0
Archive:  /home/ylxiao_seas_upenn_edu/Roseetta/rosetta/3d-rendering/_sds/iprepo/repo/xilinx_com_hls_rendering_1_0/xilinx_com_hls_rendering_1_0.zip
  inflating: /home/ylxiao_seas_upenn_edu/Roseetta/rosetta/3d-rendering/_sds/iprepo/repo/xilinx_com_hls_rendering_1_0/component.xml  
  inflating: /home/ylxiao_seas_upenn_edu/Roseetta/rosetta/3d-rendering/_sds/iprepo/repo/xilinx_com_hls_rendering_1_0/constraints/a0_rendering_ooc.xdc  
  inflating: /home/ylxiao_seas_upenn_edu/Roseetta/rosetta/3d-rendering/_sds/iprepo/repo/xilinx_com_hls_rendering_1_0/hdl/verilog/a0_coloringFB.v  
  inflating: /home/ylxiao_seas_upenn_edu/Roseetta/rosetta/3d-rendering/_sds/iprepo/repo/xilinx_com_hls_rendering_1_0/hdl/verilog/a0_projection.v  
  inflating: /home/ylxiao_seas_upenn_edu/Roseetta/rosetta/3d-rendering/_sds/iprepo/repo/xilinx_com_hls_rendering_1_0/hdl/verilog/a0_rasterization1.v  
  inflating: /home/ylxiao_seas_upenn_edu/Roseetta/rosetta/3d-rendering/_sds/iprepo/repo/xilinx_com_hls_rendering_1_0/hdl/verilog/a0_rasterization2.v  
  inflating: /home/ylxiao_seas_upenn_edu/Roseetta/rosetta/3d-rendering/_sds/iprepo/repo/xilinx_com_hls_rendering_1_0/hdl/verilog/a0_rendering_am_submbkb.v  
  inflating: /home/ylxiao_seas_upenn_edu/Roseetta/rosetta/3d-rendering/_sds/iprepo/repo/xilinx_com_hls_rendering_1_0/hdl/verilog/a0_rendering_am_submcud.v  
  inflating: /home/ylxiao_seas_upenn_edu/Roseetta/rosetta/3d-rendering/_sds/iprepo/repo/xilinx_com_hls_rendering_1_0/hdl/verilog/a0_rendering_ama_subfYi.v  
  inflating: /home/ylxiao_seas_upenn_edu/Roseetta/rosetta/3d-rendering/_sds/iprepo/repo/xilinx_com_hls_rendering_1_0/hdl/verilog/a0_rendering_fragmeng8j.v  
  inflating: /home/ylxiao_seas_upenn_edu/Roseetta/rosetta/3d-rendering/_sds/iprepo/repo/xilinx_com_hls_rendering_1_0/hdl/verilog/a0_rendering_frame_bncg.v  
  inflating: /home/ylxiao_seas_upenn_edu/Roseetta/rosetta/3d-rendering/_sds/iprepo/repo/xilinx_com_hls_rendering_1_0/hdl/verilog/a0_rendering_udiv_16eOg.v  
  inflating: /home/ylxiao_seas_upenn_edu/Roseetta/rosetta/3d-rendering/_sds/iprepo/repo/xilinx_com_hls_rendering_1_0/hdl/verilog/a0_rendering_urem_16dEe.v  
  inflating: /home/ylxiao_seas_upenn_edu/Roseetta/rosetta/3d-rendering/_sds/iprepo/repo/xilinx_com_hls_rendering_1_0/hdl/verilog/a0_zculling.v  
  inflating: /home/ylxiao_seas_upenn_edu/Roseetta/rosetta/3d-rendering/_sds/iprepo/repo/xilinx_com_hls_rendering_1_0/hdl/verilog/a0_zculling_z_buffer_V.v  
  inflating: /home/ylxiao_seas_upenn_edu/Roseetta/rosetta/3d-rendering/_sds/iprepo/repo/xilinx_com_hls_rendering_1_0/hdl/verilog/a0_zculling_z_buffer_V_ram.dat  
  inflating: /home/ylxiao_seas_upenn_edu/Roseetta/rosetta/3d-rendering/_sds/iprepo/repo/xilinx_com_hls_rendering_1_0/hdl/verilog/a0_rendering.v  
  inflating: /home/ylxiao_seas_upenn_edu/Roseetta/rosetta/3d-rendering/_sds/iprepo/repo/xilinx_com_hls_rendering_1_0/hdl/vhdl/a0_coloringFB.vhd  
  inflating: /home/ylxiao_seas_upenn_edu/Roseetta/rosetta/3d-rendering/_sds/iprepo/repo/xilinx_com_hls_rendering_1_0/hdl/vhdl/a0_projection.vhd  
  inflating: /home/ylxiao_seas_upenn_edu/Roseetta/rosetta/3d-rendering/_sds/iprepo/repo/xilinx_com_hls_rendering_1_0/hdl/vhdl/a0_rasterization1.vhd  
  inflating: /home/ylxiao_seas_upenn_edu/Roseetta/rosetta/3d-rendering/_sds/iprepo/repo/xilinx_com_hls_rendering_1_0/hdl/vhdl/a0_rasterization2.vhd  
  inflating: /home/ylxiao_seas_upenn_edu/Roseetta/rosetta/3d-rendering/_sds/iprepo/repo/xilinx_com_hls_rendering_1_0/hdl/vhdl/a0_rendering_am_submbkb.vhd  
  inflating: /home/ylxiao_seas_upenn_edu/Roseetta/rosetta/3d-rendering/_sds/iprepo/repo/xilinx_com_hls_rendering_1_0/hdl/vhdl/a0_rendering_am_submcud.vhd  
  inflating: /home/ylxiao_seas_upenn_edu/Roseetta/rosetta/3d-rendering/_sds/iprepo/repo/xilinx_com_hls_rendering_1_0/hdl/vhdl/a0_rendering_ama_subfYi.vhd  
  inflating: /home/ylxiao_seas_upenn_edu/Roseetta/rosetta/3d-rendering/_sds/iprepo/repo/xilinx_com_hls_rendering_1_0/hdl/vhdl/a0_rendering_fragmeng8j.vhd  
  inflating: /home/ylxiao_seas_upenn_edu/Roseetta/rosetta/3d-rendering/_sds/iprepo/repo/xilinx_com_hls_rendering_1_0/hdl/vhdl/a0_rendering_frame_bncg.vhd  
  inflating: /home/ylxiao_seas_upenn_edu/Roseetta/rosetta/3d-rendering/_sds/iprepo/repo/xilinx_com_hls_rendering_1_0/hdl/vhdl/a0_rendering_udiv_16eOg.vhd  
  inflating: /home/ylxiao_seas_upenn_edu/Roseetta/rosetta/3d-rendering/_sds/iprepo/repo/xilinx_com_hls_rendering_1_0/hdl/vhdl/a0_rendering_urem_16dEe.vhd  
  inflating: /home/ylxiao_seas_upenn_edu/Roseetta/rosetta/3d-rendering/_sds/iprepo/repo/xilinx_com_hls_rendering_1_0/hdl/vhdl/a0_zculling.vhd  
  inflating: /home/ylxiao_seas_upenn_edu/Roseetta/rosetta/3d-rendering/_sds/iprepo/repo/xilinx_com_hls_rendering_1_0/hdl/vhdl/a0_zculling_z_buffer_V.vhd  
  inflating: /home/ylxiao_seas_upenn_edu/Roseetta/rosetta/3d-rendering/_sds/iprepo/repo/xilinx_com_hls_rendering_1_0/hdl/vhdl/a0_rendering.vhd  
  inflating: /home/ylxiao_seas_upenn_edu/Roseetta/rosetta/3d-rendering/_sds/iprepo/repo/xilinx_com_hls_rendering_1_0/doc/ReleaseNotes.txt  
  inflating: /home/ylxiao_seas_upenn_edu/Roseetta/rosetta/3d-rendering/_sds/iprepo/repo/xilinx_com_hls_rendering_1_0/misc/logo.png  
  inflating: /home/ylxiao_seas_upenn_edu/Roseetta/rosetta/3d-rendering/_sds/iprepo/repo/xilinx_com_hls_rendering_1_0/xgui/rendering_v1_0.tcl  
aarch64-linux-gnu-objcopy -O binary --set-section-flags .xdif=alloc --only-section=.xdif /home/ylxiao_seas_upenn_edu/Roseetta/rosetta/3d-rendering/src/sdsoc/rendering.o /home/ylxiao_seas_upenn_edu/Roseetta/rosetta/3d-rendering/_sds/.cdb/rendering_if.xml
Platform zcu102, /home/ylxiao_seas_upenn_edu/Roseetta/rosetta/3d-rendering/.Xil/zcu102.hpfm
/apps/xilinx/2018.2/SDx/2018.2/bin/build_xd_ip_db -ip_search 0  -sds-pf /home/ylxiao_seas_upenn_edu/Roseetta/rosetta/3d-rendering/.Xil/zcu102.hpfm  -ip /home/ylxiao_seas_upenn_edu/Roseetta/rosetta/3d-rendering/_sds/iprepo/repo/xilinx_com_hls_rendering_1_0  -o /home/ylxiao_seas_upenn_edu/Roseetta/rosetta/3d-rendering/_sds/.cdb/xd_ip_db.xml  -v
INFO: Using user-defined path for XILINX_XD environment variable /apps/xilinx/2018.2/SDx/2018.2
processing accelerators: /home/ylxiao_seas_upenn_edu/Roseetta/rosetta/3d-rendering/_sds/iprepo/repo/xilinx_com_hls_rendering_1_0
ip_dir: /home/ylxiao_seas_upenn_edu/Roseetta/rosetta/3d-rendering/_sds/iprepo/repo/xilinx_com_hls_rendering_1_0
/apps/xilinx/2018.2/SDx/2018.2/bin/xsltproc --stringparam xpath "spirit:component/spirit:name/text()" /apps/xilinx/2018.2/SDx/2018.2/scripts/xdcc/xpathValueOf.xsl /home/ylxiao_seas_upenn_edu/Roseetta/rosetta/3d-rendering/_sds/iprepo/repo/xilinx_com_hls_rendering_1_0/component.xml
ip_name: rendering
glb(XD_OPT_VERBOSE)                     = -v
glb(XD_XILINX_XD_IP_DIR_RELATIVE)       = data/cf/ip
glb(XD_XILINX_XD_PLATFORM_DIR_RELATIVE) = platforms
build_xd_ip_db
  XILINX_XD: /apps/xilinx/2018.2/SDx/2018.2
    DB root: /home/ylxiao_seas_upenn_edu/Roseetta/rosetta/3d-rendering/_sds/.cdb
     accels: 
         name: rendering
    directory: /home/ylxiao_seas_upenn_edu/Roseetta/rosetta/3d-rendering/_sds/iprepo/repo/xilinx_com_hls_rendering_1_0
      ip_name: rendering
       clk_id: 0
 buffer_depth: 1
 kernel_names: rendering

create_hls_accel_db_files
     XILINX_XD: /apps/xilinx/2018.2/SDx/2018.2
      acc name: rendering
       db root: /home/ylxiao_seas_upenn_edu/Roseetta/rosetta/3d-rendering/_sds/.cdb
    accel root: /home/ylxiao_seas_upenn_edu/Roseetta/rosetta/3d-rendering/_sds/iprepo/repo/xilinx_com_hls_rendering_1_0
hls_report_dir: /home/ylxiao_seas_upenn_edu/Roseetta/rosetta/3d-rendering/_sds/iprepo/repo/xilinx_com_hls_rendering_1_0/../../../syn/report
    hls_db_dir: /home/ylxiao_seas_upenn_edu/Roseetta/rosetta/3d-rendering/_sds/iprepo/repo/xilinx_com_hls_rendering_1_0/../../../.autopilot/db
/apps/xilinx/2018.2/SDx/2018.2/bin/xsltproc  --stringparam P_XD_AUTOESL_COMP TRUE  --stringparam P_XD_COMP_TYPE accelerator  --stringparam P_XD_COMP_FCNMAPS /home/ylxiao_seas_upenn_edu/Roseetta/rosetta/3d-rendering/_sds/.cdb/rendering.rendering.fcnmap.xml    -o /home/ylxiao_seas_upenn_edu/Roseetta/rosetta/3d-rendering/_sds/.cdb/rendering.xml  /apps/xilinx/2018.2/SDx/2018.2/scripts/xsd/ipxact2xdcomp.xsl  /home/ylxiao_seas_upenn_edu/Roseetta/rosetta/3d-rendering/_sds/iprepo/repo/xilinx_com_hls_rendering_1_0/component.xml
create_ip_database
     XILINX_XD: /apps/xilinx/2018.2/SDx/2018.2
       run_dir: /home/ylxiao_seas_upenn_edu/Roseetta/rosetta/3d-rendering
       db_file: /home/ylxiao_seas_upenn_edu/Roseetta/rosetta/3d-rendering/_sds/.cdb/xd_ip_db.xml
   db_file_abs: /home/ylxiao_seas_upenn_edu/Roseetta/rosetta/3d-rendering/_sds/.cdb/xd_ip_db.xml
   db_file_dir: /home/ylxiao_seas_upenn_edu/Roseetta/rosetta/3d-rendering/_sds/.cdb
  db_file_name: xd_ip_db.xml
/apps/xilinx/2018.2/SDx/2018.2/bin/xsltproc  --path ". /home/ylxiao_seas_upenn_edu/Roseetta/rosetta/3d-rendering/_sds/.cdb/repowork /home/ylxiao_seas_upenn_edu/Roseetta/rosetta/3d-rendering/_sds/.cdb"  -o /home/ylxiao_seas_upenn_edu/Roseetta/rosetta/3d-rendering/_sds/.cdb/xd_ip_db.xml  /apps/xilinx/2018.2/SDx/2018.2/scripts/xsd/xdBuildRepository.xsl  /home/ylxiao_seas_upenn_edu/Roseetta/rosetta/3d-rendering/_sds/.cdb/xd_ip_index.xml
/apps/xilinx/2018.2/SDx/2018.2/bin/xsltproc  -o /home/ylxiao_seas_upenn_edu/Roseetta/rosetta/3d-rendering/_sds/.cdb/xd_ip_db.xml  /apps/xilinx/2018.2/SDx/2018.2/scripts/xsd/xdMergeFcnmapsIntoComps.xsl  /home/ylxiao_seas_upenn_edu/Roseetta/rosetta/3d-rendering/_sds/.cdb/xd_ip_db.xml
Generating data motion network
/apps/xilinx/2018.2/SDx/2018.2/bin/llvm-link -o /home/ylxiao_seas_upenn_edu/Roseetta/rosetta/3d-rendering/_sds/.llvm/sds_all.o /home/ylxiao_seas_upenn_edu/Roseetta/rosetta/3d-rendering/_sds/.llvm/./src/host/3d_rendering_host.s /home/ylxiao_seas_upenn_edu/Roseetta/rosetta/3d-rendering/_sds/.llvm/./src/host/utils.s /home/ylxiao_seas_upenn_edu/Roseetta/rosetta/3d-rendering/_sds/.llvm/./src/host/check_result.s /home/ylxiao_seas_upenn_edu/Roseetta/rosetta/3d-rendering/_sds/.llvm/./src/sdsoc/rendering.s
/apps/xilinx/2018.2/SDx/2018.2/bin/XidanePass  --platform zcu102  --dmclkid 1  --repo /home/ylxiao_seas_upenn_edu/Roseetta/rosetta/3d-rendering/_sds/.cdb/xd_ip_db.xml  --dmdb /apps/xilinx/2018.2/SDx/2018.2/data/DM.db  --verbose -os linux -processor cortex-a53 -partition 0  
DEBUG: [DMAnalysis 83-1000] /home/ylxiao_seas_upenn_edu/Roseetta/rosetta/3d-rendering/_sds/.cdb/xd_ip_db.xml
DEBUG:  available components: 
DEBUG:     adapter_v3_0  ()
DEBUG:     axis_data_fifo  ()
DEBUG:     axis_dwidth_converter  ()
DEBUG:     axis_interconnect  (interconnect)
DEBUG:     axi_fifo_mm_s  (datamover)
DEBUG:     axi_interconnect  (interconnect)
DEBUG:     mdm  ()
DEBUG:     sdx_memory_subsystem  (interconnect)
DEBUG:     system_cache  ()
DEBUG:     Trace_Monitor_AXI_Master  ()
DEBUG:     Trace_Monitor_ScatterGather_Counter  ()
DEBUG:     xlconstant  ()
DEBUG:     xlslice  ()
DEBUG:     axis_ic2sgdma  ()
DEBUG:     axi_dma  (datamover)
DEBUG:     axi_fifo_register  ()
DEBUG:     axi_perf_mon  ()
DEBUG:     axi_protocol_converter  ()
DEBUG:     hbm_memory_subsystem  (interconnect)
DEBUG:     processing_system7  ()
DEBUG:     sgdma2axis_ic  ()
DEBUG:     smartconnect  (interconnect)
DEBUG:     Trace_Monitor_Accelerator  ()
DEBUG:     Trace_Monitor_AXI_Stream  ()
DEBUG:     Trace_Monitor_DMA_Simple_Counter  ()
DEBUG:     Trace_Monitor_Sim  ()
DEBUG:     Trace_Monitor  ()
DEBUG:     xlconcat  ()
DEBUG:     zcu102  (platform)
DEBUG:          clock IDs: 
DEBUG:            CPU  (1199.88)
DEBUG:              0  (74.9925 MHz)
DEBUG:              1  (99.99 MHz) - default
DEBUG:              2  (149.985 MHz)
DEBUG:              3  (199.98 MHz)
DEBUG:              4  (299.97 MHz)
DEBUG:              5  (399.96 MHz)
DEBUG:              6  (599.94 MHz)
DEBUG:     rendering  (accelerator)
DEBUG:     rendering_if  (accelerator)
DEBUG:  available hardware functions: 
DEBUG:      <fcn_name> => compRef (ctrlRegType:returnOffset)
DEBUG:           <arg> => portRef (portType:dataWidth:arraySize:offset:aximmRef)
DEBUG: 
DEBUG:     rendering => rendering (axis_acc_adapter:)
DEBUG:            output => output_V_PORTA (bram:32(32):16384:)
DEBUG:            input => input_V_PORTA (bram:32(32):9576:)

INFO: [DMAnalysis 83-4494] Analyzing hardware accelerators...
DEBUG: [DMAnalysis 83-4456] ====== CALLEE: ======
DEBUG: [DMAnalysis 83-4457] void rendering, extern "C": 0, non-const static: 0, Clock ID: 1, trace: , Latency: -1(Average) -1(Worst)
DEBUG: [DMAnalysis 83-4458]     Arg: bit32 input[9576], pass by pointer:1, class:0
DEBUG: [DMAnalysis 83-4459]         Port 0
                     HW name:       input_V_PORTA
                     SW name:       input
                     element bytes: 4
                     direction:     IN
                     interface:     BRAM
                     num elements:  9576
                     #pragma SDS data offsets:       
                     #pragma SDS data length:        
                     #pragma SDS data dim:           
                     #pragma SDS data direction:     Unspecified
                     #pragma SDS data mem_attribute: 
                     #pragma SDS data buffer_depth:  Unspecified
                     #pragma SDS data data_mover:    Unspecified
                     #pragma SDS data data_mover ID: Unspecified
                     #pragma SDS data sys_port:      Unspecified
                     #pragma SDS data cache:         Unspecified
                     #pragma SDS trace:              
DEBUG: [DMAnalysis 83-4458]     Arg: bit32 output[16384], pass by pointer:1, class:0
DEBUG: [DMAnalysis 83-4459]         Port 0
                     HW name:       output_V_PORTA
                     SW name:       output
                     element bytes: 4
                     direction:     OUT
                     interface:     BRAM
                     num elements:  16384
                     #pragma SDS data offsets:       
                     #pragma SDS data length:        
                     #pragma SDS data dim:           
                     #pragma SDS data direction:     Unspecified
                     #pragma SDS data mem_attribute: 
                     #pragma SDS data buffer_depth:  Unspecified
                     #pragma SDS data data_mover:    Unspecified
                     #pragma SDS data data_mover ID: Unspecified
                     #pragma SDS data sys_port:      Unspecified
                     #pragma SDS data cache:         Unspecified
                     #pragma SDS trace:              
INFO: [DMAnalysis 83-4497] Analyzing callers to hardware accelerators...
DEBUG: [DMAnalysis 83-4460] ====== CALLER: call 'rendering' in '3d_rendering_host.cpp' @152 (async_id:-1) (resource id:-1)\n ======
DEBUG: [DMAnalysis 83-4461] Source location:      /home/ylxiao_seas_upenn_edu/Roseetta/rosetta/3d-rendering/src/host/3d_rendering_host.cpp:152:5
DEBUG: [DMAnalysis 83-4462]     parent function:  main
DEBUG: [DMAnalysis 83-4463]     async_id:         -1
DEBUG: [DMAnalysis 83-4464]     partition_id:     0
DEBUG: [DMAnalysis 83-4465]     Caller operand:             0  (array:  %16 = call i8* @sds_alloc(i32 38304), !dbg !10841)
DEBUG: [DMAnalysis 83-4466]       bytes:                    38304
DEBUG: [DMAnalysis 83-4467]       physical_contiguous:      1
DEBUG: [DMAnalysis 83-4468]       non_cacheable:            0
DEBUG: [DMAnalysis 83-4465]     Caller operand:             1  (array:  %18 = call i8* @sds_alloc(i32 65536), !dbg !10845)
DEBUG: [DMAnalysis 83-4466]       bytes:                    65536
DEBUG: [DMAnalysis 83-4467]       physical_contiguous:      1
DEBUG: [DMAnalysis 83-4468]       non_cacheable:            0
INFO: [DMAnalysis 83-4444] Scheduling data transfer graph for partition 0
INFO: [DMAnalysis 83-4446] Creating data motion network hardware for partition 0
INFO: [DMAnalysis 83-4448] Creating software stub functions for partition 0
INFO: [DMAnalysis 83-4450] Generating data motion network report for partition 0
INFO: [DMAnalysis 83-4454] Rewriting caller code
Creating block diagram (BD)
/apps/xilinx/2018.2/SDx/2018.2/bin/sdx_link  -cf-system /home/ylxiao_seas_upenn_edu/Roseetta/rosetta/3d-rendering/_sds/.llvm/apsys_0.xml  -cf-db  /home/ylxiao_seas_upenn_edu/Roseetta/rosetta/3d-rendering/_sds/.cdb/xd_ip_db.xml  -xpfm /apps/xilinx/2018.2/SDx/2018.2/platforms/zcu102/zcu102.xpfm   -multi-clks -trace-buffer 1024 -v
using /apps/xilinx/2018.2/SDx/2018.2/platforms/zcu102/zcu102.xpfm
running: /usr/bin/unzip  -o -j /apps/xilinx/2018.2/SDx/2018.2/platforms/zcu102/hw/zcu102.dsa "dsa.xml" -d /home/ylxiao_seas_upenn_edu/Roseetta/rosetta/3d-rendering/_sds/p0/.xsd
Archive:  /apps/xilinx/2018.2/SDx/2018.2/platforms/zcu102/hw/zcu102.dsa
E3CtbULCHy83xb0zsG8P/GB56T9enSXfpWk8wJoByTbJo=
  inflating: /home/ylxiao_seas_upenn_edu/Roseetta/rosetta/3d-rendering/_sds/p0/.xsd/dsa.xml  
running: /usr/bin/unzip  -o -j /apps/xilinx/2018.2/SDx/2018.2/platforms/zcu102/hw/zcu102.dsa "zcu102.hpfm" -d /home/ylxiao_seas_upenn_edu/Roseetta/rosetta/3d-rendering/_sds/p0/.xsd
Archive:  /apps/xilinx/2018.2/SDx/2018.2/platforms/zcu102/hw/zcu102.dsa
E3CtbULCHy83xb0zsG8P/GB56T9enSXfpWk8wJoByTbJo=
  inflating: /home/ylxiao_seas_upenn_edu/Roseetta/rosetta/3d-rendering/_sds/p0/.xsd/zcu102.hpfm  
Creating top.bd.tcl
running: /apps/xilinx/2018.2/SDx/2018.2/bin/cf2xd   -v   -mc -trace-buffer 1024  -i /home/ylxiao_seas_upenn_edu/Roseetta/rosetta/3d-rendering/_sds/.llvm/apsys_0.xml  -r /home/ylxiao_seas_upenn_edu/Roseetta/rosetta/3d-rendering/_sds/.cdb/xd_ip_db.xml  -o top.xml
INFO: [CF2XD 83-2203] Adding accelerator adapters...
INFO: [CF2XD 83-2200] Adding axi_interconnects...
INFO: [CF2XD 83-2201] Adding axi_stream_router for scatter-gather DMAs...
INFO: [CF2XD 83-2202] Adding axi_dwidth_converters...
INFO: [CF2XD 83-2208] Adding bus connections for logical connections...
INFO: [CF2XD 83-2205] Adding clock connections...
INFO: [CF2XD 83-2206] Adding reset connections...
running: /apps/xilinx/2018.2/SDx/2018.2/bin/cf_xsd  -v  -dn top -disable-address-gen  -dp /home/ylxiao_seas_upenn_edu/Roseetta/rosetta/3d-rendering/_sds/p0/.xsd/_sds/.xsd
glb(XD_ADDRGEN_OPTION)                  = --stringparam P_GEN_ADDR_MAP false
glb(XD_DESIGN_DIR)                      = /home/ylxiao_seas_upenn_edu/Roseetta/rosetta/3d-rendering/_sds/p0/.xsd/_sds/.xsd
glb(XD_DESIGN_NAME)                     = top
glb(XD_IDS_VERSION)                     = 
glb(XD_OPT_VERBOSE)                     = -v
glb(XD_TOP_BD_OPTION)                   = 
glb(XD_XILINX_XD_IP_DIR_RELATIVE)       = data/cf/ip
glb(XD_XILINX_XD_PLATFORM_DIR_RELATIVE) = data/cf/platforms
glb(XD_ADDRGEN_OPTION)                  = --stringparam P_GEN_ADDR_MAP false
glb(XD_BD_TCL)                          = top.bd.tcl
glb(XD_DESIGN)                          = top.xml
glb(XD_DESIGN_DIR)                      = /home/ylxiao_seas_upenn_edu/Roseetta/rosetta/3d-rendering/_sds/p0/.xsd/_sds/.xsd
glb(XD_DESIGN_NAME)                     = top
glb(XD_ERROR)                           = top_error_check.xml
glb(XD_FLATACC)                         = top_flat_acc.xml
glb(XD_IDS_VERSION)                     = 
glb(XD_MERGED)                          = top_merged.xml
glb(XD_OPT_VERBOSE)                     = -v
glb(XD_REPOSITORY)                      = /home/ylxiao_seas_upenn_edu/Roseetta/rosetta/3d-rendering/_sds/p0/.xsd/_sds/.xsd/top_xd_repository.xml
glb(XD_TOP_BD_OPTION)                   = 
glb(XD_XILINX_XD_IP_DIR_RELATIVE)       = data/cf/ip
glb(XD_XILINX_XD_PLATFORM_DIR_RELATIVE) = data/cf/platforms
glb(XSL_XD2BD)                          = /apps/xilinx/2018.2/SDx/2018.2/scripts/xsd/xd2bd.xsl
glb(XSL_XDCHECK)                        = /apps/xilinx/2018.2/SDx/2018.2/scripts/xsd/xdCheckXdML.xsl
glb(XSL_XDFLATACC)                      = /apps/xilinx/2018.2/SDx/2018.2/scripts/xsd/xdFlattenAcc.xsl
glb(XSL_XDMERGE)                        = /apps/xilinx/2018.2/SDx/2018.2/scripts/xsd/xdMerge.xsl
glb(XSL_XDREPOSITORY)                   = /apps/xilinx/2018.2/SDx/2018.2/scripts/xsd/xdBuildRepository.xsl
/apps/xilinx/2018.2/SDx/2018.2/bin/xsltproc --path ".:/apps/xilinx/2018.2/SDx/2018.2/data/cf/ip:/apps/xilinx/2018.2/SDx/2018.2/data/cf/platforms" -o /home/ylxiao_seas_upenn_edu/Roseetta/rosetta/3d-rendering/_sds/p0/.xsd/_sds/.xsd/top_xd_repository.xml /apps/xilinx/2018.2/SDx/2018.2/scripts/xsd/xdBuildRepository.xsl top.xml
/apps/xilinx/2018.2/SDx/2018.2/bin/xsltproc -o top_error_check.xml /apps/xilinx/2018.2/SDx/2018.2/scripts/xsd/xdCheckXdML.xsl top.xml
/apps/xilinx/2018.2/SDx/2018.2/bin/xsltproc --stringparam P_XD_IP_REPOS /home/ylxiao_seas_upenn_edu/Roseetta/rosetta/3d-rendering/_sds/p0/.xsd/_sds/.xsd/top_xd_repository.xml -o top_merged.xml /apps/xilinx/2018.2/SDx/2018.2/scripts/xsd/xdMerge.xsl top.xml
/apps/xilinx/2018.2/SDx/2018.2/bin/xsltproc --stringparam P_XD_IP_REPOS /home/ylxiao_seas_upenn_edu/Roseetta/rosetta/3d-rendering/_sds/p0/.xsd/_sds/.xsd/top_xd_repository.xml -o top_flat_acc.xml /apps/xilinx/2018.2/SDx/2018.2/scripts/xsd/xdFlattenAcc.xsl top_merged.xml
/apps/xilinx/2018.2/SDx/2018.2/bin/xsltproc --stringparam P_XD_IP_REPOS /home/ylxiao_seas_upenn_edu/Roseetta/rosetta/3d-rendering/_sds/p0/.xsd/_sds/.xsd/top_xd_repository.xml --stringparam P_XILINX_XD /apps/xilinx/2018.2/SDx/2018.2  --stringparam P_GEN_ADDR_MAP false -o top.bd.tcl /apps/xilinx/2018.2/SDx/2018.2/scripts/xsd/xd2bd.xsl top_flat_acc.xml
Removing temporary file /home/ylxiao_seas_upenn_edu/Roseetta/rosetta/3d-rendering/_sds/p0/.xsd/dsa.xml
Removing temporary file /home/ylxiao_seas_upenn_edu/Roseetta/rosetta/3d-rendering/_sds/p0/.xsd/zcu102.hpfm
Removing temporary file top.xml
/apps/xilinx/2018.2/SDx/2018.2/bin/cf2sw  -i /home/ylxiao_seas_upenn_edu/Roseetta/rosetta/3d-rendering/_sds/.llvm/apsys_0.xml  -r /home/ylxiao_seas_upenn_edu/Roseetta/rosetta/3d-rendering/_sds/.cdb/xd_ip_db.xml  -pollMode 1 -mc -v
INFO: [CF2SW 83-2203] Adding accelerator adapters...
INFO: [CF2SW 83-2200] Adding axi_interconnects...
INFO: [CF2SW 83-2201] Adding axi_stream_router for scatter-gather DMAs...
INFO: [CF2SW 83-2202] Adding axi_dwidth_converters...
INFO: [CF2SW 83-2208] Adding bus connections for logical connections...
INFO: [CF2SW 83-2205] Adding clock connections...
INFO: [CF2SW 83-2206] Adding reset connections...
Rewrite caller functions
aarch64-linux-gnu-objcopy -O binary --set-section-flags .xdinfo=alloc --only-section=.xdinfo /home/ylxiao_seas_upenn_edu/Roseetta/rosetta/3d-rendering/src/host/3d_rendering_host.o /home/ylxiao_seas_upenn_edu/Roseetta/rosetta/3d-rendering/_sds/.data/xdinfo.xml
aarch64-linux-gnu-objcopy -O binary --set-section-flags .xddata=alloc --only-section=.xddata /home/ylxiao_seas_upenn_edu/Roseetta/rosetta/3d-rendering/src/host/3d_rendering_host.o /home/ylxiao_seas_upenn_edu/Roseetta/rosetta/3d-rendering/_sds/.data/xddata.xml
aarch64-linux-gnu-objcopy -O binary --set-section-flags .xdsdata=alloc --only-section=.xdsdata /home/ylxiao_seas_upenn_edu/Roseetta/rosetta/3d-rendering/src/host/3d_rendering_host.o /home/ylxiao_seas_upenn_edu/Roseetta/rosetta/3d-rendering/_sds/.data/3d_rendering_host.o.xml
/apps/xilinx/2018.2/SDx/2018.2/bin/caller_rewrite  -rewrite /home/ylxiao_seas_upenn_edu/Roseetta/rosetta/3d-rendering/_sds/.llvm/caller0.cfrewrite  -o /home/ylxiao_seas_upenn_edu/Roseetta/rosetta/3d-rendering/_sds/swstubs/3d_rendering_host.cpp  /home/ylxiao_seas_upenn_edu/Roseetta/rosetta/3d-rendering/_sds/swstubs/unix_3d_rendering_host.cpp  --  -c  -I/home/ylxiao_seas_upenn_edu/Roseetta/rosetta/3d-rendering/src/host  -DSDSOC -Wall -O3 -MMD -MP -D __SDSCC__  -target aarch64-linux-gnu -mcpu=cortex-a53 -O0 -g -w    -I /apps/xilinx/2018.2/SDx/2018.2/target/aarch64-linux/include  -D HLS_NO_XIL_FPO_LIB  -I /apps/xilinx/2018.2/Vivado/2018.2/include   -I/apps/xilinx/2018.2/SDK/2018.2/gnu/aarch64/lin/aarch64-linux/aarch64-linux-gnu/include/c++/7.2.1 -I/apps/xilinx/2018.2/SDK/2018.2/gnu/aarch64/lin/aarch64-linux/aarch64-linux-gnu/include/c++/7.2.1/aarch64-linux-gnu -I/apps/xilinx/2018.2/SDK/2018.2/gnu/aarch64/lin/aarch64-linux/aarch64-linux-gnu/include/c++/7.2.1/backward -I/apps/xilinx/2018.2/SDK/2018.2/gnu/aarch64/lin/aarch64-linux/lib/gcc/aarch64-linux-gnu/7.2.1/include -I/apps/xilinx/2018.2/SDK/2018.2/gnu/aarch64/lin/aarch64-linux/lib/gcc/aarch64-linux-gnu/7.2.1/include-fixed -I/apps/xilinx/2018.2/SDK/2018.2/gnu/aarch64/lin/aarch64-linux/aarch64-linux-gnu/include -I/apps/xilinx/2018.2/SDK/2018.2/gnu/aarch64/lin/aarch64-linux/aarch64-linux-gnu/libc/usr/include  -std=c++11
Compile caller rewrite file /home/ylxiao_seas_upenn_edu/Roseetta/rosetta/3d-rendering/_sds/swstubs/3d_rendering_host.cpp
aarch64-linux-gnu-g++  -c /home/ylxiao_seas_upenn_edu/Roseetta/rosetta/3d-rendering/_sds/swstubs/3d_rendering_host.cpp  -I/home/ylxiao_seas_upenn_edu/Roseetta/rosetta/3d-rendering/src/host  -DSDSOC -Wall -O3 -MMD -MP -D __SDSCC__      -I /apps/xilinx/2018.2/SDx/2018.2/target/aarch64-linux/include  -D HLS_NO_XIL_FPO_LIB  -I /apps/xilinx/2018.2/Vivado/2018.2/include  -o /home/ylxiao_seas_upenn_edu/Roseetta/rosetta/3d-rendering/_sds/swstubs/3d_rendering_host.o
                 from /apps/xilinx/2018.2/Vivado/2018.2/include/ap_int.h:65,
                 from /home/ylxiao_seas_upenn_edu/Roseetta/rosetta/3d-rendering/src/host/../sdsoc/../host/typedefs.h:30,
                 from /home/ylxiao_seas_upenn_edu/Roseetta/rosetta/3d-rendering/src/host/../sdsoc/rendering.h:12,
                 from /home/ylxiao_seas_upenn_edu/Roseetta/rosetta/3d-rendering/_sds/swstubs/3d_rendering_host.cpp:30:
/apps/xilinx/2018.2/Vivado/2018.2/include/etc/ap_private.h: In instantiation of ‘void ap_private<_AP_W, _AP_S, true>::clearUnusedBits() [with int _AP_W = 1; bool _AP_S = true]’:
/apps/xilinx/2018.2/Vivado/2018.2/include/etc/ap_private.h:1593:5:   required from ‘ap_private<_AP_W, _AP_S, true>::ap_private(bool) [with int _AP_W = 1; bool _AP_S = true]’
/apps/xilinx/2018.2/Vivado/2018.2/include/ap_int_sim.h:4295:1:   required from here
/apps/xilinx/2018.2/Vivado/2018.2/include/etc/ap_private.h:2057:98: warning: enum constant in boolean context [-Wint-in-bool-context]
         VAL = (ValType)(_AP_S ? ((((int64_t)VAL)<<(excess_bits))>> (excess_bits)) : (excess_bits ? (((uint64_t)VAL)<<(excess_bits))>>(excess_bits) : (uint64_t)VAL));
                                                                                     ~~~~~~~~~~~~~^~~~~~~~~~~~~~~~~~~~~~~~~~~~~~~~~~~~~~~~~~~~~~~~~~~~~~~~~~~~~~~~~~
/apps/xilinx/2018.2/Vivado/2018.2/include/etc/ap_private.h: In instantiation of ‘void ap_private<_AP_W, _AP_S, true>::clearUnusedBits() [with int _AP_W = 1; bool _AP_S = false]’:
/apps/xilinx/2018.2/Vivado/2018.2/include/etc/ap_private.h:1593:5:   required from ‘ap_private<_AP_W, _AP_S, true>::ap_private(bool) [with int _AP_W = 1; bool _AP_S = false]’
/apps/xilinx/2018.2/Vivado/2018.2/include/ap_int_sim.h:4295:1:   required from here
/apps/xilinx/2018.2/Vivado/2018.2/include/etc/ap_private.h:2057:98: warning: enum constant in boolean context [-Wint-in-bool-context]
/apps/xilinx/2018.2/Vivado/2018.2/include/etc/ap_private.h: In instantiation of ‘void ap_private<_AP_W, _AP_S, true>::clearUnusedBits() [with int _AP_W = 8; bool _AP_S = true]’:
/apps/xilinx/2018.2/Vivado/2018.2/include/etc/ap_private.h:1594:5:   required from ‘ap_private<_AP_W, _AP_S, true>::ap_private(signed char) [with int _AP_W = 8; bool _AP_S = true]’
/apps/xilinx/2018.2/Vivado/2018.2/include/ap_int_sim.h:4296:1:   required from here
/apps/xilinx/2018.2/Vivado/2018.2/include/etc/ap_private.h:2057:98: warning: enum constant in boolean context [-Wint-in-bool-context]
/apps/xilinx/2018.2/Vivado/2018.2/include/etc/ap_private.h: In instantiation of ‘void ap_private<_AP_W, _AP_S, true>::clearUnusedBits() [with int _AP_W = 8; bool _AP_S = false]’:
/apps/xilinx/2018.2/Vivado/2018.2/include/etc/ap_private.h:1594:5:   required from ‘ap_private<_AP_W, _AP_S, true>::ap_private(signed char) [with int _AP_W = 8; bool _AP_S = false]’
/apps/xilinx/2018.2/Vivado/2018.2/include/ap_int_sim.h:4296:1:   required from here
/apps/xilinx/2018.2/Vivado/2018.2/include/etc/ap_private.h:2057:98: warning: enum constant in boolean context [-Wint-in-bool-context]
/apps/xilinx/2018.2/Vivado/2018.2/include/etc/ap_private.h: In instantiation of ‘void ap_private<_AP_W, _AP_S, true>::clearUnusedBits() [with int _AP_W = 16; bool _AP_S = true]’:
/apps/xilinx/2018.2/Vivado/2018.2/include/etc/ap_private.h:1596:5:   required from ‘ap_private<_AP_W, _AP_S, true>::ap_private(short int) [with int _AP_W = 16; bool _AP_S = true]’
/apps/xilinx/2018.2/Vivado/2018.2/include/ap_int_sim.h:4298:1:   required from here
/apps/xilinx/2018.2/Vivado/2018.2/include/etc/ap_private.h:2057:98: warning: enum constant in boolean context [-Wint-in-bool-context]
/apps/xilinx/2018.2/Vivado/2018.2/include/etc/ap_private.h: In instantiation of ‘void ap_private<_AP_W, _AP_S, true>::clearUnusedBits() [with int _AP_W = 16; bool _AP_S = false]’:
/apps/xilinx/2018.2/Vivado/2018.2/include/etc/ap_private.h:1596:5:   required from ‘ap_private<_AP_W, _AP_S, true>::ap_private(short int) [with int _AP_W = 16; bool _AP_S = false]’
/apps/xilinx/2018.2/Vivado/2018.2/include/ap_int_sim.h:4298:1:   required from here
/apps/xilinx/2018.2/Vivado/2018.2/include/etc/ap_private.h:2057:98: warning: enum constant in boolean context [-Wint-in-bool-context]
/apps/xilinx/2018.2/Vivado/2018.2/include/etc/ap_private.h: In instantiation of ‘void ap_private<_AP_W, _AP_S, true>::clearUnusedBits() [with int _AP_W = 32; bool _AP_S = true]’:
/apps/xilinx/2018.2/Vivado/2018.2/include/etc/ap_private.h:1592:5:   required from ‘ap_private<_AP_W, _AP_S, true>::ap_private(int) [with int _AP_W = 32; bool _AP_S = true]’
/apps/xilinx/2018.2/Vivado/2018.2/include/ap_int_sim.h:4300:1:   required from here
/apps/xilinx/2018.2/Vivado/2018.2/include/etc/ap_private.h:2057:98: warning: enum constant in boolean context [-Wint-in-bool-context]
/apps/xilinx/2018.2/Vivado/2018.2/include/etc/ap_private.h: In instantiation of ‘void ap_private<_AP_W, _AP_S, true>::clearUnusedBits() [with int _AP_W = 32; bool _AP_S = false]’:
/apps/xilinx/2018.2/Vivado/2018.2/include/etc/ap_private.h:1592:5:   required from ‘ap_private<_AP_W, _AP_S, true>::ap_private(int) [with int _AP_W = 32; bool _AP_S = false]’
/apps/xilinx/2018.2/Vivado/2018.2/include/ap_int_sim.h:4300:1:   required from here
/apps/xilinx/2018.2/Vivado/2018.2/include/etc/ap_private.h:2057:98: warning: enum constant in boolean context [-Wint-in-bool-context]
Prepare hardware access API functions
Create accelerator stub functions
/apps/xilinx/2018.2/SDx/2018.2/bin/stub_gen  -func "rendering" -stub /home/ylxiao_seas_upenn_edu/Roseetta/rosetta/3d-rendering/_sds/.llvm/rendering.cfrewrite  -o /home/ylxiao_seas_upenn_edu/Roseetta/rosetta/3d-rendering/_sds/swstubs/rendering.cpp  /home/ylxiao_seas_upenn_edu/Roseetta/rosetta/3d-rendering/_sds/swstubs/unix_rendering.cpp  --  -c  -I/home/ylxiao_seas_upenn_edu/Roseetta/rosetta/3d-rendering/src/sdsoc  -DSDSOC -Wall -O3 -MMD -MP -D __SDSCC__  -target aarch64-linux-gnu -mcpu=cortex-a53 -O0 -g -w    -I /apps/xilinx/2018.2/SDx/2018.2/target/aarch64-linux/include  -D HLS_NO_XIL_FPO_LIB  -I /apps/xilinx/2018.2/Vivado/2018.2/include   -I/apps/xilinx/2018.2/SDK/2018.2/gnu/aarch64/lin/aarch64-linux/aarch64-linux-gnu/include/c++/7.2.1 -I/apps/xilinx/2018.2/SDK/2018.2/gnu/aarch64/lin/aarch64-linux/aarch64-linux-gnu/include/c++/7.2.1/aarch64-linux-gnu -I/apps/xilinx/2018.2/SDK/2018.2/gnu/aarch64/lin/aarch64-linux/aarch64-linux-gnu/include/c++/7.2.1/backward -I/apps/xilinx/2018.2/SDK/2018.2/gnu/aarch64/lin/aarch64-linux/lib/gcc/aarch64-linux-gnu/7.2.1/include -I/apps/xilinx/2018.2/SDK/2018.2/gnu/aarch64/lin/aarch64-linux/lib/gcc/aarch64-linux-gnu/7.2.1/include-fixed -I/apps/xilinx/2018.2/SDK/2018.2/gnu/aarch64/lin/aarch64-linux/aarch64-linux-gnu/include -I/apps/xilinx/2018.2/SDK/2018.2/gnu/aarch64/lin/aarch64-linux/aarch64-linux-gnu/libc/usr/include  -std=c++11
Compile hardware access API functions
aarch64-linux-gnu-gcc       -I /apps/xilinx/2018.2/SDx/2018.2/target/aarch64-linux/include  -D HLS_NO_XIL_FPO_LIB  -I /apps/xilinx/2018.2/Vivado/2018.2/include -c  /home/ylxiao_seas_upenn_edu/Roseetta/rosetta/3d-rendering/_sds/swstubs/portinfo.c
aarch64-linux-gnu-g++      -I /apps/xilinx/2018.2/SDx/2018.2/target/aarch64-linux/include  -D HLS_NO_XIL_FPO_LIB  -I /apps/xilinx/2018.2/Vivado/2018.2/include -c  /home/ylxiao_seas_upenn_edu/Roseetta/rosetta/3d-rendering/_sds/swstubs/cf_stub.c
aarch64-linux-gnu-ar crs /home/ylxiao_seas_upenn_edu/Roseetta/rosetta/3d-rendering/_sds/swstubs/libxlnk_stub.a /home/ylxiao_seas_upenn_edu/Roseetta/rosetta/3d-rendering/_sds/swstubs/portinfo.o /home/ylxiao_seas_upenn_edu/Roseetta/rosetta/3d-rendering/_sds/swstubs/cf_stub.o
Compile accelerator stub functions
aarch64-linux-gnu-g++ -c rendering.cpp  -I/home/ylxiao_seas_upenn_edu/Roseetta/rosetta/3d-rendering/src/sdsoc  -DSDSOC -Wall -O3 -MMD -MP -D __SDSCC__      -I /apps/xilinx/2018.2/SDx/2018.2/target/aarch64-linux/include  -D HLS_NO_XIL_FPO_LIB  -I /apps/xilinx/2018.2/Vivado/2018.2/include -o rendering.o
rendering.cpp: In function ‘bit16 rasterization2(bit2, bit8*, bit16*, Triangle_2D, CandidatePixel*)’:
rendering.cpp:191:3: warning: label ‘RAST2’ defined but not used [-Wunused-label]
   RAST2: for ( bit16 k = 0; k < max_index[0]; k++ )
   ^~~~~
rendering.cpp: In function ‘bit16 zculling(bit16, CandidatePixel*, bit16, Pixel*)’:
rendering.cpp:219:5: warning: label ‘ZCULLING_INIT_ROW’ defined but not used [-Wunused-label]
     ZCULLING_INIT_ROW: for ( bit16 i = 0; i < MAX_X; i++)
     ^~~~~~~~~~~~~~~~~
rendering.cpp:222:7: warning: label ‘ZCULLING_INIT_COL’ defined but not used [-Wunused-label]
       ZCULLING_INIT_COL: for ( bit16 j = 0; j < MAX_Y; j++)
       ^~~~~~~~~~~~~~~~~
rendering.cpp:233:3: warning: label ‘ZCULLING’ defined but not used [-Wunused-label]
   ZCULLING: for ( bit16 n = 0; n < size; n++ )
   ^~~~~~~~
rendering.cpp: In function ‘void coloringFB(bit16, bit16, Pixel*, bit8 (*)[256])’:
rendering.cpp:257:5: warning: label ‘COLORING_FB_INIT_ROW’ defined but not used [-Wunused-label]
     COLORING_FB_INIT_ROW: for ( bit16 i = 0; i < MAX_X; i++)
     ^~~~~~~~~~~~~~~~~~~~
rendering.cpp:260:7: warning: label ‘COLORING_FB_INIT_COL’ defined but not used [-Wunused-label]
       COLORING_FB_INIT_COL: for ( bit16 j = 0; j < MAX_Y; j++)
       ^~~~~~~~~~~~~~~~~~~~
rendering.cpp:266:3: warning: label ‘COLORING_FB’ defined but not used [-Wunused-label]
   COLORING_FB: for ( bit16 i = 0; i < size_pixels; i++)
   ^~~~~~~~~~~
rendering.cpp: In function ‘void output_FB(bit8 (*)[256], bit32*)’:
rendering.cpp:279:3: warning: label ‘OUTPUT_FB_ROW’ defined but not used [-Wunused-label]
   OUTPUT_FB_ROW: for ( bit16 i = 0; i < MAX_X; i++)
   ^~~~~~~~~~~~~
rendering.cpp:282:5: warning: label ‘OUTPUT_FB_COL’ defined but not used [-Wunused-label]
     OUTPUT_FB_COL: for ( bit16 j = 0; j < MAX_Y; j = j + 4)
     ^~~~~~~~~~~~~
rendering.cpp: In function ‘void rendering(bit32*, bit32*)’:
rendering.cpp:316:3: warning: label ‘TRIANGLES’ defined but not used [-Wunused-label]
   TRIANGLES: for (bit16 i = 0; i < NUM_3D_TRI; i++)
   ^~~~~~~~~
                 from /apps/xilinx/2018.2/Vivado/2018.2/include/ap_int.h:65,
                 from /home/ylxiao_seas_upenn_edu/Roseetta/rosetta/3d-rendering/src/sdsoc/../host/typedefs.h:30,
                 from rendering.cpp:9:
/apps/xilinx/2018.2/Vivado/2018.2/include/etc/ap_private.h: In instantiation of ‘void ap_private<_AP_W, _AP_S, true>::clearUnusedBits() [with int _AP_W = 1; bool _AP_S = true]’:
/apps/xilinx/2018.2/Vivado/2018.2/include/etc/ap_private.h:1593:5:   required from ‘ap_private<_AP_W, _AP_S, true>::ap_private(bool) [with int _AP_W = 1; bool _AP_S = true]’
/apps/xilinx/2018.2/Vivado/2018.2/include/ap_int_sim.h:4295:1:   required from here
/apps/xilinx/2018.2/Vivado/2018.2/include/etc/ap_private.h:2057:98: warning: enum constant in boolean context [-Wint-in-bool-context]
         VAL = (ValType)(_AP_S ? ((((int64_t)VAL)<<(excess_bits))>> (excess_bits)) : (excess_bits ? (((uint64_t)VAL)<<(excess_bits))>>(excess_bits) : (uint64_t)VAL));
                                                                                     ~~~~~~~~~~~~~^~~~~~~~~~~~~~~~~~~~~~~~~~~~~~~~~~~~~~~~~~~~~~~~~~~~~~~~~~~~~~~~~~
/apps/xilinx/2018.2/Vivado/2018.2/include/etc/ap_private.h: In instantiation of ‘void ap_private<_AP_W, _AP_S, true>::clearUnusedBits() [with int _AP_W = 1; bool _AP_S = false]’:
/apps/xilinx/2018.2/Vivado/2018.2/include/etc/ap_private.h:1593:5:   required from ‘ap_private<_AP_W, _AP_S, true>::ap_private(bool) [with int _AP_W = 1; bool _AP_S = false]’
/apps/xilinx/2018.2/Vivado/2018.2/include/ap_int_sim.h:4295:1:   required from here
/apps/xilinx/2018.2/Vivado/2018.2/include/etc/ap_private.h:2057:98: warning: enum constant in boolean context [-Wint-in-bool-context]
/apps/xilinx/2018.2/Vivado/2018.2/include/etc/ap_private.h: In instantiation of ‘void ap_private<_AP_W, _AP_S, true>::clearUnusedBits() [with int _AP_W = 8; bool _AP_S = true]’:
/apps/xilinx/2018.2/Vivado/2018.2/include/etc/ap_private.h:1594:5:   required from ‘ap_private<_AP_W, _AP_S, true>::ap_private(signed char) [with int _AP_W = 8; bool _AP_S = true]’
/apps/xilinx/2018.2/Vivado/2018.2/include/ap_int_sim.h:4296:1:   required from here
/apps/xilinx/2018.2/Vivado/2018.2/include/etc/ap_private.h:2057:98: warning: enum constant in boolean context [-Wint-in-bool-context]
/apps/xilinx/2018.2/Vivado/2018.2/include/etc/ap_private.h: In instantiation of ‘void ap_private<_AP_W, _AP_S, true>::clearUnusedBits() [with int _AP_W = 8; bool _AP_S = false]’:
/apps/xilinx/2018.2/Vivado/2018.2/include/etc/ap_private.h:1594:5:   required from ‘ap_private<_AP_W, _AP_S, true>::ap_private(signed char) [with int _AP_W = 8; bool _AP_S = false]’
/apps/xilinx/2018.2/Vivado/2018.2/include/ap_int_sim.h:4296:1:   required from here
/apps/xilinx/2018.2/Vivado/2018.2/include/etc/ap_private.h:2057:98: warning: enum constant in boolean context [-Wint-in-bool-context]
/apps/xilinx/2018.2/Vivado/2018.2/include/etc/ap_private.h: In instantiation of ‘void ap_private<_AP_W, _AP_S, true>::clearUnusedBits() [with int _AP_W = 16; bool _AP_S = true]’:
/apps/xilinx/2018.2/Vivado/2018.2/include/etc/ap_private.h:1596:5:   required from ‘ap_private<_AP_W, _AP_S, true>::ap_private(short int) [with int _AP_W = 16; bool _AP_S = true]’
/apps/xilinx/2018.2/Vivado/2018.2/include/ap_int_sim.h:4298:1:   required from here
/apps/xilinx/2018.2/Vivado/2018.2/include/etc/ap_private.h:2057:98: warning: enum constant in boolean context [-Wint-in-bool-context]
/apps/xilinx/2018.2/Vivado/2018.2/include/etc/ap_private.h: In instantiation of ‘void ap_private<_AP_W, _AP_S, true>::clearUnusedBits() [with int _AP_W = 16; bool _AP_S = false]’:
/apps/xilinx/2018.2/Vivado/2018.2/include/etc/ap_private.h:1596:5:   required from ‘ap_private<_AP_W, _AP_S, true>::ap_private(short int) [with int _AP_W = 16; bool _AP_S = false]’
/apps/xilinx/2018.2/Vivado/2018.2/include/ap_int_sim.h:4298:1:   required from here
/apps/xilinx/2018.2/Vivado/2018.2/include/etc/ap_private.h:2057:98: warning: enum constant in boolean context [-Wint-in-bool-context]
/apps/xilinx/2018.2/Vivado/2018.2/include/etc/ap_private.h: In instantiation of ‘void ap_private<_AP_W, _AP_S, true>::clearUnusedBits() [with int _AP_W = 32; bool _AP_S = true]’:
/apps/xilinx/2018.2/Vivado/2018.2/include/etc/ap_private.h:1592:5:   required from ‘ap_private<_AP_W, _AP_S, true>::ap_private(int) [with int _AP_W = 32; bool _AP_S = true]’
/apps/xilinx/2018.2/Vivado/2018.2/include/ap_int_sim.h:4300:1:   required from here
/apps/xilinx/2018.2/Vivado/2018.2/include/etc/ap_private.h:2057:98: warning: enum constant in boolean context [-Wint-in-bool-context]
/apps/xilinx/2018.2/Vivado/2018.2/include/etc/ap_private.h: In instantiation of ‘void ap_private<_AP_W, _AP_S, true>::clearUnusedBits() [with int _AP_W = 32; bool _AP_S = false]’:
/apps/xilinx/2018.2/Vivado/2018.2/include/etc/ap_private.h:1592:5:   required from ‘ap_private<_AP_W, _AP_S, true>::ap_private(int) [with int _AP_W = 32; bool _AP_S = false]’
/apps/xilinx/2018.2/Vivado/2018.2/include/ap_int_sim.h:4300:1:   required from here
/apps/xilinx/2018.2/Vivado/2018.2/include/etc/ap_private.h:2057:98: warning: enum constant in boolean context [-Wint-in-bool-context]
/apps/xilinx/2018.2/Vivado/2018.2/include/etc/ap_private.h: In instantiation of ‘void ap_private<_AP_W, _AP_S, true>::clearUnusedBits() [with int _AP_W = 9; bool _AP_S = true]’:
/apps/xilinx/2018.2/Vivado/2018.2/include/etc/ap_private.h:1599:5:   required from ‘ap_private<_AP_W, _AP_S, true>::ap_private(long int) [with int _AP_W = 9; bool _AP_S = true]’
/apps/xilinx/2018.2/Vivado/2018.2/include/etc/ap_private.h:1999:51:   required from ‘typename ap_private<_AP_W, _AP_S, true>::RType<_AP_W2, _AP_S2>::minus ap_private<_AP_W, _AP_S, true>::operator-(const ap_private<_AP_W1, _AP_S1>&) const [with int _AP_W1 = 8; bool _AP_S1 = false; int _AP_W = 8; bool _AP_S = false; typename ap_private<_AP_W, _AP_S, true>::RType<_AP_W2, _AP_S2>::minus = ap_private<9, true, true>]’
rendering.cpp:23:38:   required from here
/apps/xilinx/2018.2/Vivado/2018.2/include/etc/ap_private.h:2057:98: warning: enum constant in boolean context [-Wint-in-bool-context]
/apps/xilinx/2018.2/Vivado/2018.2/include/etc/ap_private.h: In instantiation of ‘void ap_private<_AP_W, _AP_S, true>::clearUnusedBits() [with int _AP_W = 18; bool _AP_S = true]’:
/apps/xilinx/2018.2/Vivado/2018.2/include/etc/ap_private.h:1600:5:   required from ‘ap_private<_AP_W, _AP_S, true>::ap_private(long unsigned int) [with int _AP_W = 18; bool _AP_S = true]’
/apps/xilinx/2018.2/Vivado/2018.2/include/etc/ap_private.h:1943:50:   required from ‘typename ap_private<_AP_W, _AP_S, true>::RType<_AP_W2, _AP_S2>::mult ap_private<_AP_W, _AP_S, true>::operator*(const ap_private<_AP_W1, _AP_S1>&) const [with int _AP_W1 = 9; bool _AP_S1 = true; int _AP_W = 9; bool _AP_S = true; typename ap_private<_AP_W, _AP_S, true>::RType<_AP_W2, _AP_S2>::mult = ap_private<18, true, true>]’
rendering.cpp:23:76:   required from here
/apps/xilinx/2018.2/Vivado/2018.2/include/etc/ap_private.h:2057:98: warning: enum constant in boolean context [-Wint-in-bool-context]
/apps/xilinx/2018.2/Vivado/2018.2/include/etc/ap_private.h: In instantiation of ‘void ap_private<_AP_W, _AP_S, true>::clearUnusedBits() [with int _AP_W = 19; bool _AP_S = true]’:
/apps/xilinx/2018.2/Vivado/2018.2/include/etc/ap_private.h:1599:5:   required from ‘ap_private<_AP_W, _AP_S, true>::ap_private(long int) [with int _AP_W = 19; bool _AP_S = true]’
/apps/xilinx/2018.2/Vivado/2018.2/include/etc/ap_private.h:1999:51:   required from ‘typename ap_private<_AP_W, _AP_S, true>::RType<_AP_W2, _AP_S2>::minus ap_private<_AP_W, _AP_S, true>::operator-(const ap_private<_AP_W1, _AP_S1>&) const [with int _AP_W1 = 18; bool _AP_S1 = true; int _AP_W = 18; bool _AP_S = true; typename ap_private<_AP_W, _AP_S, true>::RType<_AP_W2, _AP_S2>::minus = ap_private<19, true, true>]’
rendering.cpp:24:78:   required from here
/apps/xilinx/2018.2/Vivado/2018.2/include/etc/ap_private.h:2057:98: warning: enum constant in boolean context [-Wint-in-bool-context]
/apps/xilinx/2018.2/Vivado/2018.2/include/etc/ap_private.h: In instantiation of ‘void ap_private<_AP_W, _AP_S, true>::clearUnusedBits() [with int _AP_W = 10; bool _AP_S = true]’:
/apps/xilinx/2018.2/Vivado/2018.2/include/etc/ap_private.h:1600:5:   required from ‘ap_private<_AP_W, _AP_S, true>::ap_private(long unsigned int) [with int _AP_W = 10; bool _AP_S = true]’
/apps/xilinx/2018.2/Vivado/2018.2/include/etc/ap_private.h:1990:51:   required from ‘typename ap_private<_AP_W, _AP_S, true>::RType<_AP_W2, _AP_S2>::plus ap_private<_AP_W, _AP_S, true>::operator+(const ap_private<_AP_W1, _AP_S1>&) const [with int _AP_W1 = 9; bool _AP_S1 = true; int _AP_W = 9; bool _AP_S = true; typename ap_private<_AP_W, _AP_S, true>::RType<_AP_W2, _AP_S2>::plus = ap_private<10, true, true>]’
rendering.cpp:121:61:   required from here
/apps/xilinx/2018.2/Vivado/2018.2/include/etc/ap_private.h:2057:98: warning: enum constant in boolean context [-Wint-in-bool-context]
/apps/xilinx/2018.2/Vivado/2018.2/include/etc/ap_private.h: In instantiation of ‘void ap_private<_AP_W, _AP_S, true>::clearUnusedBits() [with int _AP_W = 11; bool _AP_S = true]’:
/apps/xilinx/2018.2/Vivado/2018.2/include/etc/ap_private.h:1600:5:   required from ‘ap_private<_AP_W, _AP_S, true>::ap_private(long unsigned int) [with int _AP_W = 11; bool _AP_S = true]’
/apps/xilinx/2018.2/Vivado/2018.2/include/etc/ap_private.h:1990:51:   required from ‘typename ap_private<_AP_W, _AP_S, true>::RType<_AP_W2, _AP_S2>::plus ap_private<_AP_W, _AP_S, true>::operator+(const ap_private<_AP_W1, _AP_S1>&) const [with int _AP_W1 = 9; bool _AP_S1 = true; int _AP_W = 10; bool _AP_S = true; typename ap_private<_AP_W, _AP_S, true>::RType<_AP_W2, _AP_S2>::plus = ap_private<11, true, true>]’
rendering.cpp:121:82:   required from here
/apps/xilinx/2018.2/Vivado/2018.2/include/etc/ap_private.h:2057:98: warning: enum constant in boolean context [-Wint-in-bool-context]
/apps/xilinx/2018.2/Vivado/2018.2/include/etc/ap_private.h: In instantiation of ‘void ap_private<_AP_W, _AP_S, true>::clearUnusedBits() [with int _AP_W = 2; bool _AP_S = false]’:
/apps/xilinx/2018.2/Vivado/2018.2/include/etc/ap_private.h:1592:5:   required from ‘ap_private<_AP_W, _AP_S, true>::ap_private(int) [with int _AP_W = 2; bool _AP_S = false]’
/apps/xilinx/2018.2/Vivado/2018.2/include/ap_int_sim.h:5070:3:   required from ‘ap_uint<_AP_W>::ap_uint(int) [with int _AP_W = 2]’
rendering.cpp:153:12:   required from here
/apps/xilinx/2018.2/Vivado/2018.2/include/etc/ap_private.h:2057:98: warning: enum constant in boolean context [-Wint-in-bool-context]
/apps/xilinx/2018.2/Vivado/2018.2/include/etc/ap_private.h: In instantiation of ‘void ap_private<_AP_W, _AP_S, true>::clearUnusedBits() [with int _AP_W = 9; bool _AP_S = false]’:
/apps/xilinx/2018.2/Vivado/2018.2/include/etc/ap_private.h:1600:5:   required from ‘ap_private<_AP_W, _AP_S, true>::ap_private(long unsigned int) [with int _AP_W = 9; bool _AP_S = false]’
/apps/xilinx/2018.2/Vivado/2018.2/include/etc/ap_private.h:1990:51:   required from ‘typename ap_private<_AP_W, _AP_S, true>::RType<_AP_W2, _AP_S2>::plus ap_private<_AP_W, _AP_S, true>::operator+(const ap_private<_AP_W1, _AP_S1>&) const [with int _AP_W1 = 8; bool _AP_S1 = false; int _AP_W = 8; bool _AP_S = false; typename ap_private<_AP_W, _AP_S, true>::RType<_AP_W2, _AP_S2>::plus = ap_private<9, false>]’
rendering.cpp:194:38:   required from here
/apps/xilinx/2018.2/Vivado/2018.2/include/etc/ap_private.h:2057:98: warning: enum constant in boolean context [-Wint-in-bool-context]
/apps/xilinx/2018.2/Vivado/2018.2/include/etc/ap_private.h: In instantiation of ‘void ap_private<_AP_W, _AP_S, true>::clearUnusedBits() [with int _AP_W = 17; bool _AP_S = false]’:
/apps/xilinx/2018.2/Vivado/2018.2/include/etc/ap_private.h:1600:5:   required from ‘ap_private<_AP_W, _AP_S, true>::ap_private(long unsigned int) [with int _AP_W = 17; bool _AP_S = false]’
/apps/xilinx/2018.2/Vivado/2018.2/include/etc/ap_private.h:1990:51:   required from ‘typename ap_private<_AP_W, _AP_S, true>::RType<_AP_W2, _AP_S2>::plus ap_private<_AP_W, _AP_S, true>::operator+(const ap_private<_AP_W1, _AP_S1>&) const [with int _AP_W1 = 16; bool _AP_S1 = false; int _AP_W = 8; bool _AP_S = false; typename ap_private<_AP_W, _AP_S, true>::RType<_AP_W2, _AP_S2>::plus = ap_private<17, false>]’
rendering.cpp:195:38:   required from here
/apps/xilinx/2018.2/Vivado/2018.2/include/etc/ap_private.h:2057:98: warning: enum constant in boolean context [-Wint-in-bool-context]
/apps/xilinx/2018.2/Vivado/2018.2/include/etc/ap_private.h: In instantiation of ‘void ap_private<_AP_W, _AP_S, true>::clearUnusedBits() [with int _AP_W = 50; bool _AP_S = true]’:
/apps/xilinx/2018.2/Vivado/2018.2/include/etc/ap_private.h:1600:5:   required from ‘ap_private<_AP_W, _AP_S, true>::ap_private(long unsigned int) [with int _AP_W = 50; bool _AP_S = true]’
/apps/xilinx/2018.2/Vivado/2018.2/include/etc/ap_private.h:1990:51:   required from ‘typename ap_private<_AP_W, _AP_S, true>::RType<_AP_W2, _AP_S2>::plus ap_private<_AP_W, _AP_S, true>::operator+(const ap_private<_AP_W1, _AP_S1>&) const [with int _AP_W1 = 17; bool _AP_S1 = true; int _AP_W = 49; bool _AP_S = true; typename ap_private<_AP_W, _AP_S, true>::RType<_AP_W2, _AP_S2>::plus = ap_private<50, true, true>]’
rendering.cpp:288:34:   required from here
/apps/xilinx/2018.2/Vivado/2018.2/include/etc/ap_private.h:2057:98: warning: enum constant in boolean context [-Wint-in-bool-context]
/apps/xilinx/2018.2/Vivado/2018.2/include/etc/ap_private.h: In instantiation of ‘void ap_private<_AP_W, _AP_S, true>::clearUnusedBits() [with int _AP_W = 33; bool _AP_S = true]’:
/apps/xilinx/2018.2/Vivado/2018.2/include/etc/ap_private.h:1622:24:   required from ‘ap_private<_AP_W, _AP_S, true>::ap_private(const ap_private<_AP_W1, _AP_S1, _AP_OPT>&) [with int _AP_W1 = 8; bool _AP_S1 = false; bool _AP_OPT = true; int _AP_W = 33; bool _AP_S = true]’
/apps/xilinx/2018.2/Vivado/2018.2/include/etc/ap_private.h:2345:132:   required from ‘typename ap_private<_AP_W, _AP_S, true>::RType<_AP_W2, _AP_S2>::div ap_private<_AP_W, _AP_S, true>::operator/(const ap_private<_AP_W1, _AP_S1>&) const [with int _AP_W2 = 32; bool _AP_S2 = true; int _AP_W = 8; bool _AP_S = false; typename ap_private<_AP_W, _AP_S, true>::RType<_AP_W2, _AP_S2>::div = ap_private<9, true, true>]’
/apps/xilinx/2018.2/Vivado/2018.2/include/etc/ap_private.h:5811:1:   required from ‘typename ap_private<_AP_W, _AP_S>::RType<32, true>::div operator/(const ap_private<_AP_W, _AP_S>&, int) [with int _AP_W = 8; bool _AP_S = false; typename ap_private<_AP_W, _AP_S>::RType<32, true>::div = ap_private<9, true, true>]’
rendering.cpp:121:40:   required from here
/apps/xilinx/2018.2/Vivado/2018.2/include/etc/ap_private.h:2057:98: warning: enum constant in boolean context [-Wint-in-bool-context]
/apps/xilinx/2018.2/Vivado/2018.2/include/etc/ap_private.h: In instantiation of ‘void ap_private<_AP_W, _AP_S, true>::clearUnusedBits() [with int _AP_W = 33; bool _AP_S = false]’:
/apps/xilinx/2018.2/Vivado/2018.2/include/etc/ap_private.h:1622:24:   required from ‘ap_private<_AP_W, _AP_S, true>::ap_private(const ap_private<_AP_W1, _AP_S1, _AP_OPT>&) [with int _AP_W1 = 16; bool _AP_S1 = false; bool _AP_OPT = true; int _AP_W = 33; bool _AP_S = false]’
/apps/xilinx/2018.2/Vivado/2018.2/include/etc/ap_private.h:2524:38:   required from ‘bool ap_private<_AP_W, _AP_S, true>::operator<(const ap_private<_AP_W1, _AP_S1>&) const [with int _AP_W2 = 32; bool _AP_S2 = true; int _AP_W = 16; bool _AP_S = false]’
/apps/xilinx/2018.2/Vivado/2018.2/include/etc/ap_private.h:5811:1:   required from ‘bool operator<(const ap_private<_AP_W, _AP_S>&, int) [with int _AP_W = 16; bool _AP_S = false]’
rendering.cpp:219:47:   required from here
/apps/xilinx/2018.2/Vivado/2018.2/include/etc/ap_private.h:2057:98: warning: enum constant in boolean context [-Wint-in-bool-context]
/apps/xilinx/2018.2/Vivado/2018.2/include/etc/ap_private.h: In instantiation of ‘void ap_private<_AP_W, _AP_S, true>::clearUnusedBits() [with int _AP_W = 48; bool _AP_S = true]’:
/apps/xilinx/2018.2/Vivado/2018.2/include/etc/ap_private.h:1600:5:   required from ‘ap_private<_AP_W, _AP_S, true>::ap_private(long unsigned int) [with int _AP_W = 48; bool _AP_S = true]’
/apps/xilinx/2018.2/Vivado/2018.2/include/etc/ap_private.h:1943:50:   required from ‘typename ap_private<_AP_W, _AP_S, true>::RType<_AP_W2, _AP_S2>::mult ap_private<_AP_W, _AP_S, true>::operator*(const ap_private<_AP_W1, _AP_S1>&) const [with int _AP_W1 = 32; bool _AP_S1 = true; int _AP_W = 16; bool _AP_S = false; typename ap_private<_AP_W, _AP_S, true>::RType<_AP_W2, _AP_S2>::mult = ap_private<48, true, true>]’
/apps/xilinx/2018.2/Vivado/2018.2/include/etc/ap_private.h:5811:1:   required from ‘typename ap_private<_AP_W, _AP_S>::RType<32, true>::mult operator*(const ap_private<_AP_W, _AP_S>&, int) [with int _AP_W = 16; bool _AP_S = false; typename ap_private<_AP_W, _AP_S>::RType<32, true>::mult = ap_private<48, true, true>]’
rendering.cpp:288:18:   required from here
/apps/xilinx/2018.2/Vivado/2018.2/include/etc/ap_private.h:2057:98: warning: enum constant in boolean context [-Wint-in-bool-context]
/apps/xilinx/2018.2/Vivado/2018.2/include/etc/ap_private.h: In instantiation of ‘void ap_private<_AP_W, _AP_S, true>::clearUnusedBits() [with int _AP_W = 49; bool _AP_S = true]’:
/apps/xilinx/2018.2/Vivado/2018.2/include/etc/ap_private.h:1622:24:   required from ‘ap_private<_AP_W, _AP_S, true>::ap_private(const ap_private<_AP_W1, _AP_S1, _AP_OPT>&) [with int _AP_W1 = 48; bool _AP_S1 = true; bool _AP_OPT = true; int _AP_W = 49; bool _AP_S = true]’
/apps/xilinx/2018.2/Vivado/2018.2/include/etc/ap_private.h:2345:132:   required from ‘typename ap_private<_AP_W, _AP_S, true>::RType<_AP_W2, _AP_S2>::div ap_private<_AP_W, _AP_S, true>::operator/(const ap_private<_AP_W1, _AP_S1>&) const [with int _AP_W2 = 32; bool _AP_S2 = true; int _AP_W = 48; bool _AP_S = true; typename ap_private<_AP_W, _AP_S, true>::RType<_AP_W2, _AP_S2>::div = ap_private<49, true, true>]’
/apps/xilinx/2018.2/Vivado/2018.2/include/etc/ap_private.h:5811:1:   required from ‘typename ap_private<_AP_W, _AP_S>::RType<32, true>::div operator/(const ap_private<_AP_W, _AP_S>&, int) [with int _AP_W = 48; bool _AP_S = true; typename ap_private<_AP_W, _AP_S>::RType<32, true>::div = ap_private<49, true, true>]’
rendering.cpp:288:26:   required from here
/apps/xilinx/2018.2/Vivado/2018.2/include/etc/ap_private.h:2057:98: warning: enum constant in boolean context [-Wint-in-bool-context]
/apps/xilinx/2018.2/Vivado/2018.2/include/etc/ap_private.h: In instantiation of ‘void ap_private<_AP_W, _AP_S, true>::clearUnusedBits() [with int _AP_W = 17; bool _AP_S = true]’:
/apps/xilinx/2018.2/Vivado/2018.2/include/etc/ap_private.h:1622:24:   required from ‘ap_private<_AP_W, _AP_S, true>::ap_private(const ap_private<_AP_W1, _AP_S1, _AP_OPT>&) [with int _AP_W1 = 33; bool _AP_S1 = true; bool _AP_OPT = true; int _AP_W = 17; bool _AP_S = true]’
/apps/xilinx/2018.2/Vivado/2018.2/include/etc/ap_private.h:2347:47:   required from ‘typename ap_private<_AP_W, _AP_S, true>::RType<_AP_W2, _AP_S2>::div ap_private<_AP_W, _AP_S, true>::operator/(const ap_private<_AP_W1, _AP_S1>&) const [with int _AP_W2 = 32; bool _AP_S2 = true; int _AP_W = 16; bool _AP_S = false; typename ap_private<_AP_W, _AP_S, true>::RType<_AP_W2, _AP_S2>::div = ap_private<17, true, true>]’
/apps/xilinx/2018.2/Vivado/2018.2/include/etc/ap_private.h:5811:1:   required from ‘typename ap_private<_AP_W, _AP_S>::RType<32, true>::div operator/(const ap_private<_AP_W, _AP_S>&, int) [with int _AP_W = 16; bool _AP_S = false; typename ap_private<_AP_W, _AP_S>::RType<32, true>::div = ap_private<17, true, true>]’
rendering.cpp:288:34:   required from here
/apps/xilinx/2018.2/Vivado/2018.2/include/etc/ap_private.h:2057:98: warning: enum constant in boolean context [-Wint-in-bool-context]
/apps/xilinx/2018.2/Vivado/2018.2/include/etc/ap_private.h: In instantiation of ‘void ap_private<_AP_W, _AP_S, true>::clearUnusedBits() [with int _AP_W = 34; bool _AP_S = true]’:
/apps/xilinx/2018.2/Vivado/2018.2/include/etc/ap_private.h:1599:5:   required from ‘ap_private<_AP_W, _AP_S, true>::ap_private(long int) [with int _AP_W = 34; bool _AP_S = true]’
/apps/xilinx/2018.2/Vivado/2018.2/include/etc/ap_private.h:1999:51:   required from ‘typename ap_private<_AP_W, _AP_S, true>::RType<_AP_W2, _AP_S2>::minus ap_private<_AP_W, _AP_S, true>::operator-(const ap_private<_AP_W1, _AP_S1>&) const [with int _AP_W1 = 33; bool _AP_S1 = true; int _AP_W = 32; bool _AP_S = true; typename ap_private<_AP_W, _AP_S, true>::RType<_AP_W2, _AP_S2>::minus = ap_private<34, true, true>]’
/apps/xilinx/2018.2/Vivado/2018.2/include/etc/ap_private.h:5811:1:   required from ‘typename ap_private<32, true>::RType<_AP_W2, _AP_S2>::minus operator-(int, const ap_private<_AP_W, _AP_S>&) [with int _AP_W = 33; bool _AP_S = true; typename ap_private<32, true>::RType<_AP_W2, _AP_S2>::minus = ap_private<34, true, true>]’
/apps/xilinx/2018.2/Vivado/2018.2/include/etc/ap_private.h:2075:38:   required from ‘ap_private<_AP_W, _AP_S, true> ap_private<_AP_W, _AP_S, true>::sdiv(const ap_private<_AP_W, _AP_S, true>&) const [with int _AP_W = 33; bool _AP_S = true]’
/apps/xilinx/2018.2/Vivado/2018.2/include/etc/ap_private.h:2347:66:   required from ‘typename ap_private<_AP_W, _AP_S, true>::RType<_AP_W2, _AP_S2>::div ap_private<_AP_W, _AP_S, true>::operator/(const ap_private<_AP_W1, _AP_S1>&) const [with int _AP_W2 = 32; bool _AP_S2 = true; int _AP_W = 8; bool _AP_S = false; typename ap_private<_AP_W, _AP_S, true>::RType<_AP_W2, _AP_S2>::div = ap_private<9, true, true>]’
/apps/xilinx/2018.2/Vivado/2018.2/include/etc/ap_private.h:5811:1:   required from ‘typename ap_private<_AP_W, _AP_S>::RType<32, true>::div operator/(const ap_private<_AP_W, _AP_S>&, int) [with int _AP_W = 8; bool _AP_S = false; typename ap_private<_AP_W, _AP_S>::RType<32, true>::div = ap_private<9, true, true>]’
rendering.cpp:121:40:   required from here
/apps/xilinx/2018.2/Vivado/2018.2/include/etc/ap_private.h:2057:98: warning: enum constant in boolean context [-Wint-in-bool-context]
aarch64-linux-gnu-ar crs /home/ylxiao_seas_upenn_edu/Roseetta/rosetta/3d-rendering/_sds/swstubs/librendering.a /home/ylxiao_seas_upenn_edu/Roseetta/rosetta/3d-rendering/_sds/swstubs/portinfo.o /home/ylxiao_seas_upenn_edu/Roseetta/rosetta/3d-rendering/_sds/swstubs/cf_stub.o /home/ylxiao_seas_upenn_edu/Roseetta/rosetta/3d-rendering/_sds/swstubs/rendering.o
Preliminary link application ELF
aarch64-linux-gnu-g++    /home/ylxiao_seas_upenn_edu/Roseetta/rosetta/3d-rendering/_sds/swstubs/rendering.o /home/ylxiao_seas_upenn_edu/Roseetta/rosetta/3d-rendering/src/host/utils.o /home/ylxiao_seas_upenn_edu/Roseetta/rosetta/3d-rendering/src/host/check_result.o /home/ylxiao_seas_upenn_edu/Roseetta/rosetta/3d-rendering/_sds/swstubs/3d_rendering_host.o /home/ylxiao_seas_upenn_edu/Roseetta/rosetta/3d-rendering/_sds/swstubs/portinfo.o -O3   -L /apps/xilinx/2018.2/SDx/2018.2/target/aarch64-linux/lib -L/home/ylxiao_seas_upenn_edu/Roseetta/rosetta/3d-rendering/_sds/swstubs -Wl,--start-group  -Wl,--end-group -Wl,--start-group    -lpthread -lsds_lib -lxlnk_stub  -Wl,--end-group -o /home/ylxiao_seas_upenn_edu/Roseetta/rosetta/3d-rendering/_sds/swstubs/rendering.elf
aarch64-linux-gnu-objcopy -R .xdinfo -R .xddata -R .xdasm -R .xdfcnmap -R .xdhlscore -R .xdif -R .xdparams -R .xdcore -R .xdrepo -R .xdsdata -R .xdpp /home/ylxiao_seas_upenn_edu/Roseetta/rosetta/3d-rendering/_sds/swstubs/rendering.elf
Enable generation of hardware programming files
Enable generation of boot files
Calling VPL
/apps/xilinx/2018.2/SDx/2018.2/bin/vpl   --iprepo /home/ylxiao_seas_upenn_edu/Roseetta/rosetta/3d-rendering/_sds/iprepo/repo  --iprepo /apps/xilinx/2018.2/SDx/2018.2/data/ip/xilinx  --platform /apps/xilinx/2018.2/SDx/2018.2/platforms/zcu102/zcu102.xpfm  --temp_dir /home/ylxiao_seas_upenn_edu/Roseetta/rosetta/3d-rendering/_sds/p0  --output_dir /home/ylxiao_seas_upenn_edu/Roseetta/rosetta/3d-rendering/_sds/p0/vpl  --input_file /home/ylxiao_seas_upenn_edu/Roseetta/rosetta/3d-rendering/_sds/p0/.xsd/top.bd.tcl  --target hw   --save_temps  --kernels rendering:adapter --webtalk_flag SDSoC  --xp "param:compiler.deleteDefaultReportConfigs=false" 

****** vpl v2018.2 (64-bit)
  **** SW Build 2258646 on Thu Jun 14 20:02:38 MDT 2018
    ** Copyright 1986-2018 Xilinx, Inc. All Rights Reserved.

Attempting to get a license: ap_opencl
WARNING: [VPL 17-301] Failed to get a license for 'ap_opencl'. Explanation: The license feature ap_opencl could not be found.
Resolution: Check the status of your licenses in the Vivado License Manager. For debug help search Xilinx Support for "Licensing FAQ". 
Attempting to get a license: ap_sdsoc
INFO: [VPL 17-1540] The version limit for your license is '2019.01' and has expired for new software. A version limit expiration means that, although you may be able to continue to use the current version of tools or IP with this license, you will not be eligible for any updates or new releases.
Feature available: ap_sdsoc
INFO: [VPL 60-895]   Target platform: /apps/xilinx/2018.2/SDx/2018.2/platforms/zcu102/zcu102.xpfm
INFO: [VPL 60-423]   Target device: zcu102
INFO: [VPL 60-1032] Extracting DSA to /home/ylxiao_seas_upenn_edu/Roseetta/rosetta/3d-rendering/_sds/p0/vivado/.local/dsa
INFO: [VPL 60-251]   Hardware accelerator integration...
Creating Vivado project and starting FPGA synthesis.
[22:52:55] Block-level synthesis in progress, 0 of 3 jobs complete, 3 jobs running.
[22:53:55] Block-level synthesis in progress, 0 of 3 jobs complete, 3 jobs running.
[22:54:55] Block-level synthesis in progress, 1 of 3 jobs complete, 2 jobs running.
[22:55:56] Block-level synthesis in progress, 2 of 3 jobs complete, 1 job running.
[22:56:56] Block-level synthesis in progress, 2 of 3 jobs complete, 1 job running.
[22:57:56] Top-level synthesis in progress.
[22:58:56] Top-level synthesis in progress.
[22:59:57] Top-level synthesis in progress.
[23:02:55] Finished 2nd of 6 tasks (FPGA linking synthesized kernels to platform). Elapsed time: 00h 14m 26s 

[23:02:55] Starting logic optimization..
[23:03:00] Phase 1 Retarget
[23:03:05] Phase 2 Constant propagation
[23:03:05] Phase 3 Sweep
[23:03:05] Phase 4 BUFG optimization
[23:03:05] Phase 5 Shift Register Optimization
[23:03:05] Phase 6 Post Processing Netlist
[23:04:13] Finished 3rd of 6 tasks (FPGA logic optimization). Elapsed time: 00h 01m 18s 

[23:04:13] Starting logic placement..
[23:04:24] Phase 1 Placer Initialization
[23:04:24] Phase 1.1 Placer Initialization Netlist Sorting
[23:04:29] Phase 1.2 IO Placement/ Clock Placement/ Build Placer Device
[23:04:34] Phase 1.3 Build Placer Netlist Model
[23:04:39] Phase 1.4 Constrain Clocks/Macros
[23:04:39] Phase 2 Global Placement
[23:04:39] Phase 2.1 Floorplanning
[23:05:11] Phase 2.2 Physical Synthesis In Placer
[23:05:16] Phase 3 Detail Placement
[23:05:16] Phase 3.1 Commit Multi Column Macros
[23:05:16] Phase 3.2 Commit Most Macros & LUTRAMs
[23:05:16] Phase 3.3 Area Swap Optimization
[23:05:16] Phase 3.4 Pipeline Register Optimization
[23:05:16] Phase 3.5 Small Shape Clustering
[23:05:22] Phase 3.6 DP Optimization
[23:05:32] Phase 3.7 Flow Legalize Slice Clusters
[23:05:32] Phase 3.8 Slice Area Swap
[23:05:32] Phase 3.9 Commit Slice Clusters
[23:05:32] Phase 3.10 Re-assign LUT pins
[23:05:38] Phase 3.11 Pipeline Register Optimization
[23:05:38] Phase 4 Post Placement Optimization and Clean-Up
[23:05:38] Phase 4.1 Post Commit Optimization
[23:05:38] Phase 4.1.1 Post Placement Optimization
[23:05:38] Phase 4.1.1.1 BUFG Insertion
[23:05:43] Phase 4.2 Post Placement Cleanup
[23:05:48] Phase 4.3 Placer Reporting
[23:05:48] Phase 4.4 Final Placement Cleanup
[23:05:53] Finished 4th of 6 tasks (FPGA logic placement). Elapsed time: 00h 01m 40s 

[23:05:53] Starting logic routing..
[23:06:04] Phase 1 Build RT Design
[23:06:56] Phase 2 Router Initialization
[23:06:56] Phase 2.1 Create Timer
[23:06:56] Phase 2.2 Fix Topology Constraints
[23:06:56] Phase 2.3 Pre Route Cleanup
[23:07:01] Phase 2.4 Global Clock Net Routing
[23:07:01] Phase 2.5 Update Timing
[23:07:07] Phase 3 Initial Routing
[23:07:12] Phase 4 Rip-up And Reroute
[23:07:12] Phase 4.1 Global Iteration 0
[23:07:23] Phase 4.2 Global Iteration 1
[23:07:23] Phase 5 Delay and Skew Optimization
[23:07:23] Phase 5.1 Delay CleanUp
[23:07:23] Phase 5.1.1 Update Timing
[23:07:28] Phase 5.2 Clock Skew Optimization
[23:07:28] Phase 6 Post Hold Fix
[23:07:28] Phase 6.1 Hold Fix Iter
[23:07:28] Phase 6.1.1 Update Timing
[23:07:28] Phase 7 Route finalize
[23:07:28] Phase 8 Verifying routed nets
[23:07:28] Phase 9 Depositing Routes
[23:07:28] Phase 10 Post Router Timing
[23:07:28] Finished 5th of 6 tasks (FPGA routing). Elapsed time: 00h 01m 34s 

[23:07:28] Starting bitstream generation..
[23:09:34] Creating bitmap...
[23:09:50] Writing bitstream ./zcu102_wrapper.bit...
[23:09:50] Finished 6th of 6 tasks (FPGA bitstream generation). Elapsed time: 00h 02m 21s 

INFO: [VPL 60-841] Created output file: /home/ylxiao_seas_upenn_edu/Roseetta/rosetta/3d-rendering/_sds/p0/vpl/address_map.xml
INFO: [VPL 60-841] Created output file: /home/ylxiao_seas_upenn_edu/Roseetta/rosetta/3d-rendering/_sds/p0/vpl/system.hdf
INFO: [VPL 60-841] Created output file: /home/ylxiao_seas_upenn_edu/Roseetta/rosetta/3d-rendering/_sds/p0/vpl/_new_clk_freq
INFO: [VPL 60-841] Created output file: /home/ylxiao_seas_upenn_edu/Roseetta/rosetta/3d-rendering/_sds/p0/vpl/system.bit
/apps/xilinx/2018.2/SDx/2018.2/bin/cf2sw  -i /home/ylxiao_seas_upenn_edu/Roseetta/rosetta/3d-rendering/_sds/.llvm/apsys_0.xml  -r /home/ylxiao_seas_upenn_edu/Roseetta/rosetta/3d-rendering/_sds/.cdb/xd_ip_db.xml  -a address_map.xml  -pollMode 1 -mc -v
INFO: [CF2SW 83-2203] Adding accelerator adapters...
INFO: [CF2SW 83-2200] Adding axi_interconnects...
INFO: [CF2SW 83-2201] Adding axi_stream_router for scatter-gather DMAs...
INFO: [CF2SW 83-2202] Adding axi_dwidth_converters...
INFO: [CF2SW 83-2208] Adding bus connections for logical connections...
INFO: [CF2SW 83-2205] Adding clock connections...
INFO: [CF2SW 83-2206] Adding reset connections...
Software tracing enabled
Compile hardware access API functions
aarch64-linux-gnu-gcc       -I /apps/xilinx/2018.2/SDx/2018.2/target/aarch64-linux/include  -D HLS_NO_XIL_FPO_LIB  -I /apps/xilinx/2018.2/Vivado/2018.2/include -c  /home/ylxiao_seas_upenn_edu/Roseetta/rosetta/3d-rendering/_sds/swstubs/portinfo.c
aarch64-linux-gnu-g++      -I /apps/xilinx/2018.2/SDx/2018.2/target/aarch64-linux/include  -D HLS_NO_XIL_FPO_LIB  -I /apps/xilinx/2018.2/Vivado/2018.2/include -c  /home/ylxiao_seas_upenn_edu/Roseetta/rosetta/3d-rendering/_sds/swstubs/cf_stub.c
aarch64-linux-gnu-ar crs /home/ylxiao_seas_upenn_edu/Roseetta/rosetta/3d-rendering/_sds/swstubs/libxlnk_stub.a /home/ylxiao_seas_upenn_edu/Roseetta/rosetta/3d-rendering/_sds/swstubs/portinfo.o /home/ylxiao_seas_upenn_edu/Roseetta/rosetta/3d-rendering/_sds/swstubs/cf_stub.o
aarch64-linux-gnu-ar crs /home/ylxiao_seas_upenn_edu/Roseetta/rosetta/3d-rendering/_sds/swstubs/librendering.a /home/ylxiao_seas_upenn_edu/Roseetta/rosetta/3d-rendering/_sds/swstubs/portinfo.o /home/ylxiao_seas_upenn_edu/Roseetta/rosetta/3d-rendering/_sds/swstubs/cf_stub.o /home/ylxiao_seas_upenn_edu/Roseetta/rosetta/3d-rendering/_sds/swstubs/rendering.o
Link application ELF file
aarch64-linux-gnu-g++    /home/ylxiao_seas_upenn_edu/Roseetta/rosetta/3d-rendering/_sds/swstubs/rendering.o /home/ylxiao_seas_upenn_edu/Roseetta/rosetta/3d-rendering/src/host/utils.o /home/ylxiao_seas_upenn_edu/Roseetta/rosetta/3d-rendering/src/host/check_result.o /home/ylxiao_seas_upenn_edu/Roseetta/rosetta/3d-rendering/_sds/swstubs/3d_rendering_host.o /home/ylxiao_seas_upenn_edu/Roseetta/rosetta/3d-rendering/_sds/swstubs/portinfo.o -O3   -L /apps/xilinx/2018.2/SDx/2018.2/target/aarch64-linux/lib -L/home/ylxiao_seas_upenn_edu/Roseetta/rosetta/3d-rendering/_sds/swstubs -Wl,--start-group  -Wl,--end-group -Wl,--start-group    -lpthread -lsds_lib -lxlnk_stub  -Wl,--end-group -o /home/ylxiao_seas_upenn_edu/Roseetta/rosetta/3d-rendering/_sds/swstubs/rendering.elf
aarch64-linux-gnu-objcopy -R .xdinfo -R .xddata -R .xdasm -R .xdfcnmap -R .xdhlscore -R .xdif -R .xdparams -R .xdcore -R .xdrepo -R .xdsdata -R .xdpp /home/ylxiao_seas_upenn_edu/Roseetta/rosetta/3d-rendering/_sds/swstubs/rendering.elf
All user specified timing constraints are met.
sds++ log file saved as /home/ylxiao_seas_upenn_edu/Roseetta/rosetta/3d-rendering/_sds/reports/sds.log
sds++ completed at Wed Aug 12 23:09:59 UTC 2020
