(c) Copyright 2012-2018 Xilinx, Inc. All Rights Reserved.
#-----------------------------------------------------------
# Tool version  : sds++ 2018.2 SW Build 2258646 on Thu Jun 14 20:03:40 MDT 2018
# Start time    : Wed Aug 12 22:44:14 UTC 2020
# Command line  : sds++ -sds-pf zcu102 -sds-hw rendering ./src/sdsoc/rendering.cpp -sds-end -clkid 3 -poll-mode 1 -verbose -DSDSOC -Wall -O3 -c -MMD -MP -MFsrc/host/check_result.d src/host/check_result.cpp -o src/host/check_result.o
# Log file      : /home/ylxiao_seas_upenn_edu/Roseetta/rosetta/3d-rendering/_sds/reports/sds_check_result.log
# Journal file  : /home/ylxiao_seas_upenn_edu/Roseetta/rosetta/3d-rendering/_sds/reports/sds_check_result.jou
# Report file   : /home/ylxiao_seas_upenn_edu/Roseetta/rosetta/3d-rendering/_sds/reports/sds_check_result.rpt
#-----------------------------------------------------------

Create data motion intermediate representation
/apps/xilinx/2018.2/SDx/2018.2/bin/clang_wrapper  -DSDSOC -Wall -MMD -MP -D __SDSCC__ -target aarch64-linux-gnu -mcpu=cortex-a53 -O0 -g     -I /apps/xilinx/2018.2/SDx/2018.2/target/aarch64-linux/include  -D HLS_NO_XIL_FPO_LIB  -I /apps/xilinx/2018.2/Vivado/2018.2/include   -I/apps/xilinx/2018.2/SDK/2018.2/gnu/aarch64/lin/aarch64-linux/aarch64-linux-gnu/include/c++/7.2.1 -I/apps/xilinx/2018.2/SDK/2018.2/gnu/aarch64/lin/aarch64-linux/aarch64-linux-gnu/include/c++/7.2.1/aarch64-linux-gnu -I/apps/xilinx/2018.2/SDK/2018.2/gnu/aarch64/lin/aarch64-linux/aarch64-linux-gnu/include/c++/7.2.1/backward -I/apps/xilinx/2018.2/SDK/2018.2/gnu/aarch64/lin/aarch64-linux/lib/gcc/aarch64-linux-gnu/7.2.1/include -I/apps/xilinx/2018.2/SDK/2018.2/gnu/aarch64/lin/aarch64-linux/lib/gcc/aarch64-linux-gnu/7.2.1/include-fixed -I/apps/xilinx/2018.2/SDK/2018.2/gnu/aarch64/lin/aarch64-linux/aarch64-linux-gnu/include -I/apps/xilinx/2018.2/SDK/2018.2/gnu/aarch64/lin/aarch64-linux/aarch64-linux-gnu/libc/usr/include  -std=c++11 -emit-llvm -S /home/ylxiao_seas_upenn_edu/Roseetta/rosetta/3d-rendering/src/host/check_result.cpp -o /home/ylxiao_seas_upenn_edu/Roseetta/rosetta/3d-rendering/_sds/.llvm/src/host/check_result.s
/apps/xilinx/2018.2/Vivado/2018.2/include/ap_int_special.h:99:1: warning: 'complex' defined as a struct template here but previously declared as a class template [-Wmismatched-tags]
struct complex<ap_int<_AP_W> > {
^
/apps/xilinx/2018.2/Vivado/2018.2/include/ap_int_special.h:71:24: note: did you mean struct here?
template<typename _Tp> class complex;
                       ^~~~~
                       struct
Compiling /home/ylxiao_seas_upenn_edu/Roseetta/rosetta/3d-rendering/src/host/check_result.cpp
aarch64-linux-gnu-g++ -c  -DSDSOC -Wall -O3 -MMD -MP -D __SDSCC__ -MF/home/ylxiao_seas_upenn_edu/Roseetta/rosetta/3d-rendering/src/host/check_result.d     -I /apps/xilinx/2018.2/SDx/2018.2/target/aarch64-linux/include  -D HLS_NO_XIL_FPO_LIB  -I /apps/xilinx/2018.2/Vivado/2018.2/include /home/ylxiao_seas_upenn_edu/Roseetta/rosetta/3d-rendering/src/host/check_result.cpp -o src/host/check_result.o
                 from /apps/xilinx/2018.2/Vivado/2018.2/include/ap_int.h:65,
                 from /home/ylxiao_seas_upenn_edu/Roseetta/rosetta/3d-rendering/src/host/typedefs.h:30,
                 from /home/ylxiao_seas_upenn_edu/Roseetta/rosetta/3d-rendering/src/host/check_result.cpp:10:
/apps/xilinx/2018.2/Vivado/2018.2/include/etc/ap_private.h: In instantiation of ‘void ap_private<_AP_W, _AP_S, true>::clearUnusedBits() [with int _AP_W = 1; bool _AP_S = true]’:
/apps/xilinx/2018.2/Vivado/2018.2/include/etc/ap_private.h:1593:5:   required from ‘ap_private<_AP_W, _AP_S, true>::ap_private(bool) [with int _AP_W = 1; bool _AP_S = true]’
/apps/xilinx/2018.2/Vivado/2018.2/include/ap_int_sim.h:4295:1:   required from here
/apps/xilinx/2018.2/Vivado/2018.2/include/etc/ap_private.h:2057:98: warning: enum constant in boolean context [-Wint-in-bool-context]
         VAL = (ValType)(_AP_S ? ((((int64_t)VAL)<<(excess_bits))>> (excess_bits)) : (excess_bits ? (((uint64_t)VAL)<<(excess_bits))>>(excess_bits) : (uint64_t)VAL));
                                                                                     ~~~~~~~~~~~~~^~~~~~~~~~~~~~~~~~~~~~~~~~~~~~~~~~~~~~~~~~~~~~~~~~~~~~~~~~~~~~~~~~
/apps/xilinx/2018.2/Vivado/2018.2/include/etc/ap_private.h: In instantiation of ‘void ap_private<_AP_W, _AP_S, true>::clearUnusedBits() [with int _AP_W = 1; bool _AP_S = false]’:
/apps/xilinx/2018.2/Vivado/2018.2/include/etc/ap_private.h:1593:5:   required from ‘ap_private<_AP_W, _AP_S, true>::ap_private(bool) [with int _AP_W = 1; bool _AP_S = false]’
/apps/xilinx/2018.2/Vivado/2018.2/include/ap_int_sim.h:4295:1:   required from here
/apps/xilinx/2018.2/Vivado/2018.2/include/etc/ap_private.h:2057:98: warning: enum constant in boolean context [-Wint-in-bool-context]
/apps/xilinx/2018.2/Vivado/2018.2/include/etc/ap_private.h: In instantiation of ‘void ap_private<_AP_W, _AP_S, true>::clearUnusedBits() [with int _AP_W = 8; bool _AP_S = true]’:
/apps/xilinx/2018.2/Vivado/2018.2/include/etc/ap_private.h:1594:5:   required from ‘ap_private<_AP_W, _AP_S, true>::ap_private(signed char) [with int _AP_W = 8; bool _AP_S = true]’
/apps/xilinx/2018.2/Vivado/2018.2/include/ap_int_sim.h:4296:1:   required from here
/apps/xilinx/2018.2/Vivado/2018.2/include/etc/ap_private.h:2057:98: warning: enum constant in boolean context [-Wint-in-bool-context]
/apps/xilinx/2018.2/Vivado/2018.2/include/etc/ap_private.h: In instantiation of ‘void ap_private<_AP_W, _AP_S, true>::clearUnusedBits() [with int _AP_W = 8; bool _AP_S = false]’:
/apps/xilinx/2018.2/Vivado/2018.2/include/etc/ap_private.h:1594:5:   required from ‘ap_private<_AP_W, _AP_S, true>::ap_private(signed char) [with int _AP_W = 8; bool _AP_S = false]’
/apps/xilinx/2018.2/Vivado/2018.2/include/ap_int_sim.h:4296:1:   required from here
/apps/xilinx/2018.2/Vivado/2018.2/include/etc/ap_private.h:2057:98: warning: enum constant in boolean context [-Wint-in-bool-context]
/apps/xilinx/2018.2/Vivado/2018.2/include/etc/ap_private.h: In instantiation of ‘void ap_private<_AP_W, _AP_S, true>::clearUnusedBits() [with int _AP_W = 16; bool _AP_S = true]’:
/apps/xilinx/2018.2/Vivado/2018.2/include/etc/ap_private.h:1596:5:   required from ‘ap_private<_AP_W, _AP_S, true>::ap_private(short int) [with int _AP_W = 16; bool _AP_S = true]’
/apps/xilinx/2018.2/Vivado/2018.2/include/ap_int_sim.h:4298:1:   required from here
/apps/xilinx/2018.2/Vivado/2018.2/include/etc/ap_private.h:2057:98: warning: enum constant in boolean context [-Wint-in-bool-context]
/apps/xilinx/2018.2/Vivado/2018.2/include/etc/ap_private.h: In instantiation of ‘void ap_private<_AP_W, _AP_S, true>::clearUnusedBits() [with int _AP_W = 16; bool _AP_S = false]’:
/apps/xilinx/2018.2/Vivado/2018.2/include/etc/ap_private.h:1596:5:   required from ‘ap_private<_AP_W, _AP_S, true>::ap_private(short int) [with int _AP_W = 16; bool _AP_S = false]’
/apps/xilinx/2018.2/Vivado/2018.2/include/ap_int_sim.h:4298:1:   required from here
/apps/xilinx/2018.2/Vivado/2018.2/include/etc/ap_private.h:2057:98: warning: enum constant in boolean context [-Wint-in-bool-context]
/apps/xilinx/2018.2/Vivado/2018.2/include/etc/ap_private.h: In instantiation of ‘void ap_private<_AP_W, _AP_S, true>::clearUnusedBits() [with int _AP_W = 32; bool _AP_S = true]’:
/apps/xilinx/2018.2/Vivado/2018.2/include/etc/ap_private.h:1592:5:   required from ‘ap_private<_AP_W, _AP_S, true>::ap_private(int) [with int _AP_W = 32; bool _AP_S = true]’
/apps/xilinx/2018.2/Vivado/2018.2/include/ap_int_sim.h:4300:1:   required from here
/apps/xilinx/2018.2/Vivado/2018.2/include/etc/ap_private.h:2057:98: warning: enum constant in boolean context [-Wint-in-bool-context]
/apps/xilinx/2018.2/Vivado/2018.2/include/etc/ap_private.h: In instantiation of ‘void ap_private<_AP_W, _AP_S, true>::clearUnusedBits() [with int _AP_W = 32; bool _AP_S = false]’:
/apps/xilinx/2018.2/Vivado/2018.2/include/etc/ap_private.h:1592:5:   required from ‘ap_private<_AP_W, _AP_S, true>::ap_private(int) [with int _AP_W = 32; bool _AP_S = false]’
/apps/xilinx/2018.2/Vivado/2018.2/include/ap_int_sim.h:4300:1:   required from here
/apps/xilinx/2018.2/Vivado/2018.2/include/etc/ap_private.h:2057:98: warning: enum constant in boolean context [-Wint-in-bool-context]
aarch64-linux-gnu-objcopy --add-section .xdsdata=/home/ylxiao_seas_upenn_edu/Roseetta/rosetta/3d-rendering/_sds/swstubs/check_result.o.xml src/host/check_result.o
sds++ log file saved as /home/ylxiao_seas_upenn_edu/Roseetta/rosetta/3d-rendering/_sds/reports/sds_check_result.log
sds++ completed at Wed Aug 12 22:44:19 UTC 2020
