

================================================================
== Vivado HLS Report for 'Loop_FRAMES_CP_OUTER'
================================================================
* Date:           Thu Aug 13 01:50:44 2020

* Version:        2018.2 (Build 2258646 on Thu Jun 14 20:25:20 MDT 2018)
* Project:        optical_flow
* Solution:       solution
* Product family: zynquplus
* Target device:  xczu9eg-ffvb1156-2-e


================================================================
== Performance Estimates
================================================================
+ Timing (ns): 
    * Summary: 
    +--------+-------+----------+------------+
    |  Clock | Target| Estimated| Uncertainty|
    +--------+-------+----------+------------+
    |ap_clk  |  10.00|     7.057|        2.70|
    +--------+-------+----------+------------+

+ Latency (clock cycles): 
    * Summary: 
    +--------+--------+--------+--------+---------+
    |     Latency     |     Interval    | Pipeline|
    |   min  |   max  |   min  |   max  |   Type  |
    +--------+--------+--------+--------+---------+
    |  446479|  446479|  446479|  446479|   none  |
    +--------+--------+--------+--------+---------+

    + Detail: 
        * Instance: 
        N/A

        * Loop: 
        +-----------------------------------+--------+--------+----------+-----------+-----------+--------+----------+
        |                                   |     Latency     | Iteration|  Initiation Interval  |  Trip  |          |
        |             Loop Name             |   min  |   max  |  Latency |  achieved |   target  |  Count | Pipelined|
        +-----------------------------------+--------+--------+----------+-----------+-----------+--------+----------+
        |- FRAMES_CP_OUTER_FRAMES_CP_INNER  |  446477|  446477|        15|          1|          1|  446464|    yes   |
        +-----------------------------------+--------+--------+----------+-----------+-----------+--------+----------+



================================================================
== Utilization Estimates
================================================================
* Summary: 
+-----------------+---------+-------+--------+--------+-----+
|       Name      | BRAM_18K| DSP48E|   FF   |   LUT  | URAM|
+-----------------+---------+-------+--------+--------+-----+
|DSP              |        -|      -|       -|       -|    -|
|Expression       |        -|      -|       0|      58|    -|
|FIFO             |        -|      -|       -|       -|    -|
|Instance         |        -|      0|    2895|    5730|    -|
|Memory           |        -|      -|       -|       -|    -|
|Multiplexer      |        -|      -|       -|     129|    -|
|Register         |        0|      -|     424|      32|    -|
+-----------------+---------+-------+--------+--------+-----+
|Total            |        0|      0|    3319|    5949|    0|
+-----------------+---------+-------+--------+--------+-----+
|Available        |     1824|   2520|  548160|  274080|    0|
+-----------------+---------+-------+--------+--------+-----+
|Utilization (%)  |        0|      0|   ~0   |       2|    0|
+-----------------+---------+-------+--------+--------+-----+

+ Detail: 
    * Instance: 
    +--------------------------+----------------------+---------+-------+-----+-----+
    |         Instance         |        Module        | BRAM_18K| DSP48E|  FF | LUT |
    +--------------------------+----------------------+---------+-------+-----+-----+
    |optical_flow_fdivbkb_U1   |optical_flow_fdivbkb  |        0|      0|  411|  802|
    |optical_flow_fdivbkb_U2   |optical_flow_fdivbkb  |        0|      0|  411|  802|
    |optical_flow_fdivbkb_U3   |optical_flow_fdivbkb  |        0|      0|  411|  802|
    |optical_flow_fdivbkb_U4   |optical_flow_fdivbkb  |        0|      0|  411|  802|
    |optical_flow_fdivbkb_U5   |optical_flow_fdivbkb  |        0|      0|  411|  802|
    |optical_flow_uitocud_U6   |optical_flow_uitocud  |        0|      0|  168|  344|
    |optical_flow_uitocud_U7   |optical_flow_uitocud  |        0|      0|  168|  344|
    |optical_flow_uitocud_U8   |optical_flow_uitocud  |        0|      0|  168|  344|
    |optical_flow_uitocud_U9   |optical_flow_uitocud  |        0|      0|  168|  344|
    |optical_flow_uitocud_U10  |optical_flow_uitocud  |        0|      0|  168|  344|
    +--------------------------+----------------------+---------+-------+-----+-----+
    |Total                     |                      |        0|      0| 2895| 5730|
    +--------------------------+----------------------+---------+-------+-----+-----+

    * DSP48: 
    N/A

    * Memory: 
    N/A

    * FIFO: 
    N/A

    * Expression: 
    +------------------------------------+----------+-------+---+----+------------+------------+
    |            Variable Name           | Operation| DSP48E| FF| LUT| Bitwidth P0| Bitwidth P1|
    +------------------------------------+----------+-------+---+----+------------+------------+
    |indvar_flatten_next_fu_247_p2       |     +    |      0|  0|  26|          19|           1|
    |ap_block_state3_pp0_stage0_iter1    |    and   |      0|  0|   2|           1|           1|
    |exitcond_flatten_fu_241_p2          |   icmp   |      0|  0|  20|          19|          18|
    |ap_block_pp0_stage0_01001           |    or    |      0|  0|   2|           1|           1|
    |ap_block_state1                     |    or    |      0|  0|   2|           1|           1|
    |ap_block_state16_pp0_stage0_iter14  |    or    |      0|  0|   2|           1|           1|
    |ap_enable_pp0                       |    xor   |      0|  0|   2|           1|           2|
    |ap_enable_reg_pp0_iter1             |    xor   |      0|  0|   2|           2|           1|
    +------------------------------------+----------+-------+---+----+------------+------------+
    |Total                               |          |      0|  0|  58|          45|          26|
    +------------------------------------+----------+-------+---+----+------------+------------+

    * Multiplexer: 
    +--------------------------+----+-----------+-----+-----------+
    |           Name           | LUT| Input Size| Bits| Total Bits|
    +--------------------------+----+-----------+-----+-----------+
    |ap_NS_fsm                 |  21|          4|    1|          4|
    |ap_done                   |   9|          2|    1|          2|
    |ap_enable_reg_pp0_iter1   |   9|          2|    1|          2|
    |ap_enable_reg_pp0_iter14  |   9|          2|    1|          2|
    |frame1_a_blk_n            |   9|          2|    1|          2|
    |frame2_a_blk_n            |   9|          2|    1|          2|
    |frame3_a_blk_n            |   9|          2|    1|          2|
    |frame3_b_blk_n            |   9|          2|    1|          2|
    |frame4_a_blk_n            |   9|          2|    1|          2|
    |frame5_a_blk_n            |   9|          2|    1|          2|
    |frames_V_blk_n            |   9|          2|    1|          2|
    |indvar_flatten_reg_190    |   9|          2|   19|         38|
    |real_start                |   9|          2|    1|          2|
    +--------------------------+----+-----------+-----+-----------+
    |Total                     | 129|         28|   31|         64|
    +--------------------------+----+-----------+-----+-----------+

    * Register: 
    +--------------------------+----+----+-----+-----------+
    |           Name           | FF | LUT| Bits| Const Bits|
    +--------------------------+----+----+-----+-----------+
    |ap_CS_fsm                 |   3|   0|    3|          0|
    |ap_done_reg               |   1|   0|    1|          0|
    |ap_enable_reg_pp0_iter0   |   1|   0|    1|          0|
    |ap_enable_reg_pp0_iter1   |   1|   0|    1|          0|
    |ap_enable_reg_pp0_iter10  |   1|   0|    1|          0|
    |ap_enable_reg_pp0_iter11  |   1|   0|    1|          0|
    |ap_enable_reg_pp0_iter12  |   1|   0|    1|          0|
    |ap_enable_reg_pp0_iter13  |   1|   0|    1|          0|
    |ap_enable_reg_pp0_iter14  |   1|   0|    1|          0|
    |ap_enable_reg_pp0_iter2   |   1|   0|    1|          0|
    |ap_enable_reg_pp0_iter3   |   1|   0|    1|          0|
    |ap_enable_reg_pp0_iter4   |   1|   0|    1|          0|
    |ap_enable_reg_pp0_iter5   |   1|   0|    1|          0|
    |ap_enable_reg_pp0_iter6   |   1|   0|    1|          0|
    |ap_enable_reg_pp0_iter7   |   1|   0|    1|          0|
    |ap_enable_reg_pp0_iter8   |   1|   0|    1|          0|
    |ap_enable_reg_pp0_iter9   |   1|   0|    1|          0|
    |exitcond_flatten_reg_322  |   1|   0|    1|          0|
    |indvar_flatten_reg_190    |  19|   0|   19|          0|
    |start_once_reg            |   1|   0|    1|          0|
    |tmp_46_i_i_reg_356        |  32|   0|   32|          0|
    |tmp_47_i_i_reg_381        |  32|   0|   32|          0|
    |tmp_48_i_i_reg_361        |  32|   0|   32|          0|
    |tmp_49_i_i_reg_386        |  32|   0|   32|          0|
    |tmp_50_i_i_reg_366        |  32|   0|   32|          0|
    |tmp_51_i_i_reg_391        |  32|   0|   32|          0|
    |tmp_52_i_i_reg_371        |  32|   0|   32|          0|
    |tmp_53_i_i_reg_397        |  32|   0|   32|          0|
    |tmp_54_i_i_reg_376        |  32|   0|   32|          0|
    |tmp_55_i_i_reg_402        |  32|   0|   32|          0|
    |exitcond_flatten_reg_322  |  64|  32|    1|          0|
    +--------------------------+----+----+-----+-----------+
    |Total                     | 424|  32|  361|          0|
    +--------------------------+----+----+-----+-----------+



================================================================
== Interface
================================================================
* Summary: 
+------------------+-----+-----+------------+----------------------+--------------+
|     RTL Ports    | Dir | Bits|  Protocol  |     Source Object    |    C Type    |
+------------------+-----+-----+------------+----------------------+--------------+
|ap_clk            |  in |    1| ap_ctrl_hs | Loop_FRAMES_CP_OUTER | return value |
|ap_rst            |  in |    1| ap_ctrl_hs | Loop_FRAMES_CP_OUTER | return value |
|ap_start          |  in |    1| ap_ctrl_hs | Loop_FRAMES_CP_OUTER | return value |
|start_full_n      |  in |    1| ap_ctrl_hs | Loop_FRAMES_CP_OUTER | return value |
|ap_done           | out |    1| ap_ctrl_hs | Loop_FRAMES_CP_OUTER | return value |
|ap_continue       |  in |    1| ap_ctrl_hs | Loop_FRAMES_CP_OUTER | return value |
|ap_idle           | out |    1| ap_ctrl_hs | Loop_FRAMES_CP_OUTER | return value |
|ap_ready          | out |    1| ap_ctrl_hs | Loop_FRAMES_CP_OUTER | return value |
|start_out         | out |    1| ap_ctrl_hs | Loop_FRAMES_CP_OUTER | return value |
|start_write       | out |    1| ap_ctrl_hs | Loop_FRAMES_CP_OUTER | return value |
|frames_V_dout     |  in |   64|   ap_fifo  |       frames_V       |    pointer   |
|frames_V_empty_n  |  in |    1|   ap_fifo  |       frames_V       |    pointer   |
|frames_V_read     | out |    1|   ap_fifo  |       frames_V       |    pointer   |
|frame1_a_din      | out |   32|   ap_fifo  |       frame1_a       |    pointer   |
|frame1_a_full_n   |  in |    1|   ap_fifo  |       frame1_a       |    pointer   |
|frame1_a_write    | out |    1|   ap_fifo  |       frame1_a       |    pointer   |
|frame2_a_din      | out |   32|   ap_fifo  |       frame2_a       |    pointer   |
|frame2_a_full_n   |  in |    1|   ap_fifo  |       frame2_a       |    pointer   |
|frame2_a_write    | out |    1|   ap_fifo  |       frame2_a       |    pointer   |
|frame3_a_din      | out |   32|   ap_fifo  |       frame3_a       |    pointer   |
|frame3_a_full_n   |  in |    1|   ap_fifo  |       frame3_a       |    pointer   |
|frame3_a_write    | out |    1|   ap_fifo  |       frame3_a       |    pointer   |
|frame3_b_din      | out |   32|   ap_fifo  |       frame3_b       |    pointer   |
|frame3_b_full_n   |  in |    1|   ap_fifo  |       frame3_b       |    pointer   |
|frame3_b_write    | out |    1|   ap_fifo  |       frame3_b       |    pointer   |
|frame4_a_din      | out |   32|   ap_fifo  |       frame4_a       |    pointer   |
|frame4_a_full_n   |  in |    1|   ap_fifo  |       frame4_a       |    pointer   |
|frame4_a_write    | out |    1|   ap_fifo  |       frame4_a       |    pointer   |
|frame5_a_din      | out |   32|   ap_fifo  |       frame5_a       |    pointer   |
|frame5_a_full_n   |  in |    1|   ap_fifo  |       frame5_a       |    pointer   |
|frame5_a_write    | out |    1|   ap_fifo  |       frame5_a       |    pointer   |
+------------------+-----+-----+------------+----------------------+--------------+

