

================================================================
== Vivado HLS Report for 'popcount'
================================================================
* Date:           Wed Aug 12 22:42:00 2020

* Version:        2018.2 (Build 2258646 on Thu Jun 14 20:25:20 MDT 2018)
* Project:        DigitRec
* Solution:       solution
* Product family: zynquplus
* Target device:  xczu9eg-ffvb1156-2-e


================================================================
== Performance Estimates
================================================================
+ Timing (ns): 
    * Summary: 
    +--------+-------+----------+------------+
    |  Clock | Target| Estimated| Uncertainty|
    +--------+-------+----------+------------+
    |ap_clk  |  10.00|     5.673|        2.70|
    +--------+-------+----------+------------+

+ Latency (clock cycles): 
    * Summary: 
    +-----+-----+-----+-----+----------+
    |  Latency  |  Interval | Pipeline |
    | min | max | min | max |   Type   |
    +-----+-----+-----+-----+----------+
    |    0|    0|    1|    1| function |
    +-----+-----+-----+-----+----------+

    + Detail: 
        * Instance: 
        N/A

        * Loop: 
        N/A



================================================================
== Utilization Estimates
================================================================
* Summary: 
+-----------------+---------+-------+--------+--------+-----+
|       Name      | BRAM_18K| DSP48E|   FF   |   LUT  | URAM|
+-----------------+---------+-------+--------+--------+-----+
|DSP              |        -|      -|       -|       -|    -|
|Expression       |        -|      -|       0|    2706|    -|
|FIFO             |        -|      -|       -|       -|    -|
|Instance         |        -|      -|       -|       -|    -|
|Memory           |        -|      -|       -|       -|    -|
|Multiplexer      |        -|      -|       -|       -|    -|
|Register         |        -|      -|       -|       -|    -|
+-----------------+---------+-------+--------+--------+-----+
|Total            |        0|      0|       0|    2706|    0|
+-----------------+---------+-------+--------+--------+-----+
|Available        |     1824|   2520|  548160|  274080|    0|
+-----------------+---------+-------+--------+--------+-----+
|Utilization (%)  |        0|      0|       0|   ~0   |    0|
+-----------------+---------+-------+--------+--------+-----+

+ Detail: 
    * Instance: 
    N/A

    * DSP48: 
    N/A

    * Memory: 
    N/A

    * FIFO: 
    N/A

    * Expression: 
    +-------------------+----------+-------+---+----+------------+------------+
    |   Variable Name   | Operation| DSP48E| FF| LUT| Bitwidth P0| Bitwidth P1|
    +-------------------+----------+-------+---+----+------------+------------+
    |ap_return          |     +    |      0|  0|  16|           9|           9|
    |tmp100_fu_4550_p2  |     +    |      0|  0|  11|           3|           3|
    |tmp101_fu_4540_p2  |     +    |      0|  0|   9|           2|           2|
    |tmp102_fu_4560_p2  |     +    |      0|  0|   9|           2|           2|
    |tmp103_fu_4580_p2  |     +    |      0|  0|  11|           3|           3|
    |tmp104_fu_4570_p2  |     +    |      0|  0|   9|           2|           2|
    |tmp105_fu_4600_p2  |     +    |      0|  0|   9|           2|           2|
    |tmp106_fu_4660_p2  |     +    |      0|  0|  12|           4|           4|
    |tmp107_fu_4620_p2  |     +    |      0|  0|  11|           3|           3|
    |tmp108_fu_4610_p2  |     +    |      0|  0|   9|           2|           2|
    |tmp109_fu_4630_p2  |     +    |      0|  0|   9|           2|           2|
    |tmp10_fu_3630_p2   |     +    |      0|  0|   9|           2|           2|
    |tmp110_fu_4650_p2  |     +    |      0|  0|  11|           3|           3|
    |tmp111_fu_4640_p2  |     +    |      0|  0|   9|           2|           2|
    |tmp112_fu_4680_p2  |     +    |      0|  0|   9|           2|           2|
    |tmp113_fu_4820_p2  |     +    |      0|  0|  15|           5|           5|
    |tmp114_fu_4740_p2  |     +    |      0|  0|  12|           4|           4|
    |tmp115_fu_4700_p2  |     +    |      0|  0|  11|           3|           3|
    |tmp116_fu_4690_p2  |     +    |      0|  0|   9|           2|           2|
    |tmp117_fu_4710_p2  |     +    |      0|  0|   9|           2|           2|
    |tmp118_fu_4730_p2  |     +    |      0|  0|  11|           3|           3|
    |tmp119_fu_4720_p2  |     +    |      0|  0|   9|           2|           2|
    |tmp11_fu_3660_p2   |     +    |      0|  0|   9|           2|           2|
    |tmp120_fu_4750_p2  |     +    |      0|  0|   9|           2|           2|
    |tmp121_fu_4810_p2  |     +    |      0|  0|  12|           4|           4|
    |tmp122_fu_4770_p2  |     +    |      0|  0|  11|           3|           3|
    |tmp123_fu_4760_p2  |     +    |      0|  0|   9|           2|           2|
    |tmp124_fu_4780_p2  |     +    |      0|  0|   9|           2|           2|
    |tmp125_fu_4800_p2  |     +    |      0|  0|  11|           3|           3|
    |tmp126_fu_4790_p2  |     +    |      0|  0|   9|           2|           2|
    |tmp127_fu_4860_p2  |     +    |      0|  0|   9|           2|           2|
    |tmp128_fu_6120_p2  |     +    |      0|  0|  15|           8|           8|
    |tmp129_fu_5480_p2  |     +    |      0|  0|  15|           7|           7|
    |tmp12_fu_3720_p2   |     +    |      0|  0|  12|           4|           4|
    |tmp130_fu_5160_p2  |     +    |      0|  0|  15|           6|           6|
    |tmp131_fu_5000_p2  |     +    |      0|  0|  15|           5|           5|
    |tmp132_fu_4920_p2  |     +    |      0|  0|  12|           4|           4|
    |tmp133_fu_4880_p2  |     +    |      0|  0|  11|           3|           3|
    |tmp134_fu_4870_p2  |     +    |      0|  0|   9|           2|           2|
    |tmp135_fu_4890_p2  |     +    |      0|  0|   9|           2|           2|
    |tmp136_fu_4910_p2  |     +    |      0|  0|  11|           3|           3|
    |tmp137_fu_4900_p2  |     +    |      0|  0|   9|           2|           2|
    |tmp138_fu_4930_p2  |     +    |      0|  0|   9|           2|           2|
    |tmp139_fu_4990_p2  |     +    |      0|  0|  12|           4|           4|
    |tmp13_fu_3680_p2   |     +    |      0|  0|  11|           3|           3|
    |tmp140_fu_4950_p2  |     +    |      0|  0|  11|           3|           3|
    |tmp141_fu_4940_p2  |     +    |      0|  0|   9|           2|           2|
    |tmp142_fu_4960_p2  |     +    |      0|  0|   9|           2|           2|
    |tmp143_fu_4980_p2  |     +    |      0|  0|  11|           3|           3|
    |tmp144_fu_4970_p2  |     +    |      0|  0|   9|           2|           2|
    |tmp145_fu_5010_p2  |     +    |      0|  0|   9|           2|           2|
    |tmp146_fu_5150_p2  |     +    |      0|  0|  15|           5|           5|
    |tmp147_fu_5070_p2  |     +    |      0|  0|  12|           4|           4|
    |tmp148_fu_5030_p2  |     +    |      0|  0|  11|           3|           3|
    |tmp149_fu_5020_p2  |     +    |      0|  0|   9|           2|           2|
    |tmp14_fu_3670_p2   |     +    |      0|  0|   9|           2|           2|
    |tmp150_fu_5040_p2  |     +    |      0|  0|   9|           2|           2|
    |tmp151_fu_5060_p2  |     +    |      0|  0|  11|           3|           3|
    |tmp152_fu_5050_p2  |     +    |      0|  0|   9|           2|           2|
    |tmp153_fu_5080_p2  |     +    |      0|  0|   9|           2|           2|
    |tmp154_fu_5140_p2  |     +    |      0|  0|  12|           4|           4|
    |tmp155_fu_5100_p2  |     +    |      0|  0|  11|           3|           3|
    |tmp156_fu_5090_p2  |     +    |      0|  0|   9|           2|           2|
    |tmp157_fu_5110_p2  |     +    |      0|  0|   9|           2|           2|
    |tmp158_fu_5130_p2  |     +    |      0|  0|  11|           3|           3|
    |tmp159_fu_5120_p2  |     +    |      0|  0|   9|           2|           2|
    |tmp15_fu_3690_p2   |     +    |      0|  0|   9|           2|           2|
    |tmp160_fu_5170_p2  |     +    |      0|  0|   9|           2|           2|
    |tmp161_fu_5470_p2  |     +    |      0|  0|  15|           6|           6|
    |tmp162_fu_5310_p2  |     +    |      0|  0|  15|           5|           5|
    |tmp163_fu_5230_p2  |     +    |      0|  0|  12|           4|           4|
    |tmp164_fu_5190_p2  |     +    |      0|  0|  11|           3|           3|
    |tmp165_fu_5180_p2  |     +    |      0|  0|   9|           2|           2|
    |tmp166_fu_5200_p2  |     +    |      0|  0|   9|           2|           2|
    |tmp167_fu_5220_p2  |     +    |      0|  0|  11|           3|           3|
    |tmp168_fu_5210_p2  |     +    |      0|  0|   9|           2|           2|
    |tmp169_fu_5240_p2  |     +    |      0|  0|   9|           2|           2|
    |tmp16_fu_3710_p2   |     +    |      0|  0|  11|           3|           3|
    |tmp170_fu_5300_p2  |     +    |      0|  0|  12|           4|           4|
    |tmp171_fu_5260_p2  |     +    |      0|  0|  11|           3|           3|
    |tmp172_fu_5250_p2  |     +    |      0|  0|   9|           2|           2|
    |tmp173_fu_5270_p2  |     +    |      0|  0|   9|           2|           2|
    |tmp174_fu_5290_p2  |     +    |      0|  0|  11|           3|           3|
    |tmp175_fu_5280_p2  |     +    |      0|  0|   9|           2|           2|
    |tmp176_fu_5320_p2  |     +    |      0|  0|   9|           2|           2|
    |tmp177_fu_5460_p2  |     +    |      0|  0|  15|           5|           5|
    |tmp178_fu_5380_p2  |     +    |      0|  0|  12|           4|           4|
    |tmp179_fu_5340_p2  |     +    |      0|  0|  11|           3|           3|
    |tmp17_fu_3700_p2   |     +    |      0|  0|   9|           2|           2|
    |tmp180_fu_5330_p2  |     +    |      0|  0|   9|           2|           2|
    |tmp181_fu_5350_p2  |     +    |      0|  0|   9|           2|           2|
    |tmp182_fu_5370_p2  |     +    |      0|  0|  11|           3|           3|
    |tmp183_fu_5360_p2  |     +    |      0|  0|   9|           2|           2|
    |tmp184_fu_5390_p2  |     +    |      0|  0|   9|           2|           2|
    |tmp185_fu_5450_p2  |     +    |      0|  0|  12|           4|           4|
    |tmp186_fu_5410_p2  |     +    |      0|  0|  11|           3|           3|
    |tmp187_fu_5400_p2  |     +    |      0|  0|   9|           2|           2|
    |tmp188_fu_5420_p2  |     +    |      0|  0|   9|           2|           2|
    |tmp189_fu_5440_p2  |     +    |      0|  0|  11|           3|           3|
    |tmp18_fu_3740_p2   |     +    |      0|  0|   9|           2|           2|
    |tmp190_fu_5430_p2  |     +    |      0|  0|   9|           2|           2|
    |tmp191_fu_5490_p2  |     +    |      0|  0|   9|           2|           2|
    |tmp192_fu_6110_p2  |     +    |      0|  0|  15|           7|           7|
    |tmp193_fu_5790_p2  |     +    |      0|  0|  15|           6|           6|
    |tmp194_fu_5630_p2  |     +    |      0|  0|  15|           5|           5|
    |tmp195_fu_5550_p2  |     +    |      0|  0|  12|           4|           4|
    |tmp196_fu_5510_p2  |     +    |      0|  0|  11|           3|           3|
    |tmp197_fu_5500_p2  |     +    |      0|  0|   9|           2|           2|
    |tmp198_fu_5520_p2  |     +    |      0|  0|   9|           2|           2|
    |tmp199_fu_5540_p2  |     +    |      0|  0|  11|           3|           3|
    |tmp19_fu_3880_p2   |     +    |      0|  0|  15|           5|           5|
    |tmp1_fu_4850_p2    |     +    |      0|  0|  15|           8|           8|
    |tmp200_fu_5530_p2  |     +    |      0|  0|   9|           2|           2|
    |tmp201_fu_5560_p2  |     +    |      0|  0|   9|           2|           2|
    |tmp202_fu_5620_p2  |     +    |      0|  0|  12|           4|           4|
    |tmp203_fu_5580_p2  |     +    |      0|  0|  11|           3|           3|
    |tmp204_fu_5570_p2  |     +    |      0|  0|   9|           2|           2|
    |tmp205_fu_5590_p2  |     +    |      0|  0|   9|           2|           2|
    |tmp206_fu_5610_p2  |     +    |      0|  0|  11|           3|           3|
    |tmp207_fu_5600_p2  |     +    |      0|  0|   9|           2|           2|
    |tmp208_fu_5640_p2  |     +    |      0|  0|   9|           2|           2|
    |tmp209_fu_5780_p2  |     +    |      0|  0|  15|           5|           5|
    |tmp20_fu_3800_p2   |     +    |      0|  0|  12|           4|           4|
    |tmp210_fu_5700_p2  |     +    |      0|  0|  12|           4|           4|
    |tmp211_fu_5660_p2  |     +    |      0|  0|  11|           3|           3|
    |tmp212_fu_5650_p2  |     +    |      0|  0|   9|           2|           2|
    |tmp213_fu_5670_p2  |     +    |      0|  0|   9|           2|           2|
    |tmp214_fu_5690_p2  |     +    |      0|  0|  11|           3|           3|
    |tmp215_fu_5680_p2  |     +    |      0|  0|   9|           2|           2|
    |tmp216_fu_5710_p2  |     +    |      0|  0|   9|           2|           2|
    |tmp217_fu_5770_p2  |     +    |      0|  0|  12|           4|           4|
    |tmp218_fu_5730_p2  |     +    |      0|  0|  11|           3|           3|
    |tmp219_fu_5720_p2  |     +    |      0|  0|   9|           2|           2|
    |tmp21_fu_3760_p2   |     +    |      0|  0|  11|           3|           3|
    |tmp220_fu_5740_p2  |     +    |      0|  0|   9|           2|           2|
    |tmp221_fu_5760_p2  |     +    |      0|  0|  11|           3|           3|
    |tmp222_fu_5750_p2  |     +    |      0|  0|   9|           2|           2|
    |tmp223_fu_5800_p2  |     +    |      0|  0|   9|           2|           2|
    |tmp224_fu_6100_p2  |     +    |      0|  0|  15|           6|           6|
    |tmp225_fu_5940_p2  |     +    |      0|  0|  15|           5|           5|
    |tmp226_fu_5860_p2  |     +    |      0|  0|  12|           4|           4|
    |tmp227_fu_5820_p2  |     +    |      0|  0|  11|           3|           3|
    |tmp228_fu_5810_p2  |     +    |      0|  0|   9|           2|           2|
    |tmp229_fu_5830_p2  |     +    |      0|  0|   9|           2|           2|
    |tmp22_fu_3750_p2   |     +    |      0|  0|   9|           2|           2|
    |tmp230_fu_5850_p2  |     +    |      0|  0|  11|           3|           3|
    |tmp231_fu_5840_p2  |     +    |      0|  0|   9|           2|           2|
    |tmp232_fu_5870_p2  |     +    |      0|  0|   9|           2|           2|
    |tmp233_fu_5930_p2  |     +    |      0|  0|  12|           4|           4|
    |tmp234_fu_5890_p2  |     +    |      0|  0|  11|           3|           3|
    |tmp235_fu_5880_p2  |     +    |      0|  0|   9|           2|           2|
    |tmp236_fu_5900_p2  |     +    |      0|  0|   9|           2|           2|
    |tmp237_fu_5920_p2  |     +    |      0|  0|  11|           3|           3|
    |tmp238_fu_5910_p2  |     +    |      0|  0|   9|           2|           2|
    |tmp239_fu_5950_p2  |     +    |      0|  0|   9|           2|           2|
    |tmp23_fu_3770_p2   |     +    |      0|  0|   9|           2|           2|
    |tmp240_fu_6090_p2  |     +    |      0|  0|  15|           5|           5|
    |tmp241_fu_6010_p2  |     +    |      0|  0|  12|           4|           4|
    |tmp242_fu_5970_p2  |     +    |      0|  0|  11|           3|           3|
    |tmp243_fu_5960_p2  |     +    |      0|  0|   9|           2|           2|
    |tmp244_fu_5980_p2  |     +    |      0|  0|   9|           2|           2|
    |tmp245_fu_6000_p2  |     +    |      0|  0|  11|           3|           3|
    |tmp246_fu_5990_p2  |     +    |      0|  0|   9|           2|           2|
    |tmp247_fu_6020_p2  |     +    |      0|  0|   9|           2|           2|
    |tmp248_fu_6080_p2  |     +    |      0|  0|  12|           4|           4|
    |tmp249_fu_6040_p2  |     +    |      0|  0|  11|           3|           3|
    |tmp24_fu_3790_p2   |     +    |      0|  0|  11|           3|           3|
    |tmp250_fu_6030_p2  |     +    |      0|  0|   9|           2|           2|
    |tmp251_fu_6050_p2  |     +    |      0|  0|   9|           2|           2|
    |tmp252_fu_6070_p2  |     +    |      0|  0|  11|           3|           3|
    |tmp253_fu_6060_p2  |     +    |      0|  0|   9|           2|           2|
    |tmp25_fu_3780_p2   |     +    |      0|  0|   9|           2|           2|
    |tmp26_fu_3810_p2   |     +    |      0|  0|   9|           2|           2|
    |tmp27_fu_3870_p2   |     +    |      0|  0|  12|           4|           4|
    |tmp28_fu_3830_p2   |     +    |      0|  0|  11|           3|           3|
    |tmp29_fu_3820_p2   |     +    |      0|  0|   9|           2|           2|
    |tmp2_fu_4210_p2    |     +    |      0|  0|  15|           7|           7|
    |tmp30_fu_3840_p2   |     +    |      0|  0|   9|           2|           2|
    |tmp31_fu_3860_p2   |     +    |      0|  0|  11|           3|           3|
    |tmp32_fu_3850_p2   |     +    |      0|  0|   9|           2|           2|
    |tmp33_fu_3900_p2   |     +    |      0|  0|   9|           2|           2|
    |tmp34_fu_4200_p2   |     +    |      0|  0|  15|           6|           6|
    |tmp35_fu_4040_p2   |     +    |      0|  0|  15|           5|           5|
    |tmp36_fu_3960_p2   |     +    |      0|  0|  12|           4|           4|
    |tmp37_fu_3920_p2   |     +    |      0|  0|  11|           3|           3|
    |tmp38_fu_3910_p2   |     +    |      0|  0|   9|           2|           2|
    |tmp39_fu_3930_p2   |     +    |      0|  0|   9|           2|           2|
    |tmp3_fu_3890_p2    |     +    |      0|  0|  15|           6|           6|
    |tmp40_fu_3950_p2   |     +    |      0|  0|  11|           3|           3|
    |tmp41_fu_3940_p2   |     +    |      0|  0|   9|           2|           2|
    |tmp42_fu_3970_p2   |     +    |      0|  0|   9|           2|           2|
    |tmp43_fu_4030_p2   |     +    |      0|  0|  12|           4|           4|
    |tmp44_fu_3990_p2   |     +    |      0|  0|  11|           3|           3|
    |tmp45_fu_3980_p2   |     +    |      0|  0|   9|           2|           2|
    |tmp46_fu_4000_p2   |     +    |      0|  0|   9|           2|           2|
    |tmp47_fu_4020_p2   |     +    |      0|  0|  11|           3|           3|
    |tmp48_fu_4010_p2   |     +    |      0|  0|   9|           2|           2|
    |tmp49_fu_4050_p2   |     +    |      0|  0|   9|           2|           2|
    |tmp4_fu_3730_p2    |     +    |      0|  0|  15|           5|           5|
    |tmp50_fu_4190_p2   |     +    |      0|  0|  15|           5|           5|
    |tmp51_fu_4110_p2   |     +    |      0|  0|  12|           4|           4|
    |tmp52_fu_4070_p2   |     +    |      0|  0|  11|           3|           3|
    |tmp53_fu_4060_p2   |     +    |      0|  0|   9|           2|           2|
    |tmp54_fu_4080_p2   |     +    |      0|  0|   9|           2|           2|
    |tmp55_fu_4100_p2   |     +    |      0|  0|  11|           3|           3|
    |tmp56_fu_4090_p2   |     +    |      0|  0|   9|           2|           2|
    |tmp57_fu_4120_p2   |     +    |      0|  0|   9|           2|           2|
    |tmp58_fu_4180_p2   |     +    |      0|  0|  12|           4|           4|
    |tmp59_fu_4140_p2   |     +    |      0|  0|  11|           3|           3|
    |tmp5_fu_3650_p2    |     +    |      0|  0|  12|           4|           4|
    |tmp60_fu_4130_p2   |     +    |      0|  0|   9|           2|           2|
    |tmp61_fu_4150_p2   |     +    |      0|  0|   9|           2|           2|
    |tmp62_fu_4170_p2   |     +    |      0|  0|  11|           3|           3|
    |tmp63_fu_4160_p2   |     +    |      0|  0|   9|           2|           2|
    |tmp64_fu_4220_p2   |     +    |      0|  0|   9|           2|           2|
    |tmp65_fu_4840_p2   |     +    |      0|  0|  15|           7|           7|
    |tmp66_fu_4520_p2   |     +    |      0|  0|  15|           6|           6|
    |tmp67_fu_4360_p2   |     +    |      0|  0|  15|           5|           5|
    |tmp68_fu_4280_p2   |     +    |      0|  0|  12|           4|           4|
    |tmp69_fu_4240_p2   |     +    |      0|  0|  11|           3|           3|
    |tmp6_fu_3610_p2    |     +    |      0|  0|  11|           3|           3|
    |tmp70_fu_4230_p2   |     +    |      0|  0|   9|           2|           2|
    |tmp71_fu_4250_p2   |     +    |      0|  0|   9|           2|           2|
    |tmp72_fu_4270_p2   |     +    |      0|  0|  11|           3|           3|
    |tmp73_fu_4260_p2   |     +    |      0|  0|   9|           2|           2|
    |tmp74_fu_4290_p2   |     +    |      0|  0|   9|           2|           2|
    |tmp75_fu_4350_p2   |     +    |      0|  0|  12|           4|           4|
    |tmp76_fu_4310_p2   |     +    |      0|  0|  11|           3|           3|
    |tmp77_fu_4300_p2   |     +    |      0|  0|   9|           2|           2|
    |tmp78_fu_4320_p2   |     +    |      0|  0|   9|           2|           2|
    |tmp79_fu_4340_p2   |     +    |      0|  0|  11|           3|           3|
    |tmp7_fu_3590_p2    |     +    |      0|  0|   9|           2|           2|
    |tmp80_fu_4330_p2   |     +    |      0|  0|   9|           2|           2|
    |tmp81_fu_4370_p2   |     +    |      0|  0|   9|           2|           2|
    |tmp82_fu_4510_p2   |     +    |      0|  0|  15|           5|           5|
    |tmp83_fu_4430_p2   |     +    |      0|  0|  12|           4|           4|
    |tmp84_fu_4390_p2   |     +    |      0|  0|  11|           3|           3|
    |tmp85_fu_4380_p2   |     +    |      0|  0|   9|           2|           2|
    |tmp86_fu_4400_p2   |     +    |      0|  0|   9|           2|           2|
    |tmp87_fu_4420_p2   |     +    |      0|  0|  11|           3|           3|
    |tmp88_fu_4410_p2   |     +    |      0|  0|   9|           2|           2|
    |tmp89_fu_4440_p2   |     +    |      0|  0|   9|           2|           2|
    |tmp8_fu_3600_p2    |     +    |      0|  0|   9|           2|           2|
    |tmp90_fu_4500_p2   |     +    |      0|  0|  12|           4|           4|
    |tmp91_fu_4460_p2   |     +    |      0|  0|  11|           3|           3|
    |tmp92_fu_4450_p2   |     +    |      0|  0|   9|           2|           2|
    |tmp93_fu_4470_p2   |     +    |      0|  0|   9|           2|           2|
    |tmp94_fu_4490_p2   |     +    |      0|  0|  11|           3|           3|
    |tmp95_fu_4480_p2   |     +    |      0|  0|   9|           2|           2|
    |tmp96_fu_4530_p2   |     +    |      0|  0|   9|           2|           2|
    |tmp97_fu_4830_p2   |     +    |      0|  0|  15|           6|           6|
    |tmp98_fu_4670_p2   |     +    |      0|  0|  15|           5|           5|
    |tmp99_fu_4590_p2   |     +    |      0|  0|  12|           4|           4|
    |tmp9_fu_3640_p2    |     +    |      0|  0|  11|           3|           3|
    |tmp_fu_3620_p2     |     +    |      0|  0|   9|           2|           2|
    +-------------------+----------+-------+---+----+------------+------------+
    |Total              |          |      0|  0|2706|         757|         757|
    +-------------------+----------+-------+---+----+------------+------------+

    * Multiplexer: 
    N/A

    * Register: 
    N/A



================================================================
== Interface
================================================================
* Summary: 
+-----------+-----+-----+------------+--------------+--------------+
| RTL Ports | Dir | Bits|  Protocol  | Source Object|    C Type    |
+-----------+-----+-----+------------+--------------+--------------+
|ap_ready   | out |    1| ap_ctrl_hs |   popcount   | return value |
|ap_return  | out |    9| ap_ctrl_hs |   popcount   | return value |
|x_V        |  in |  256|   ap_none  |      x_V     |    scalar    |
+-----------+-----+-----+------------+--------------+--------------+

