Copyright 1986-2018 Xilinx, Inc. All Rights Reserved.
-------------------------------------------------------------------------------------------------
| Tool Version      : Vivado v.2018.2 (lin64) Build 2258646 Thu Jun 14 20:02:38 MDT 2018
| Date              : Wed Aug 12 23:09:10 2020
| Host              : prflow-compute-0-3 running 64-bit CentOS Linux release 7.8.2003 (Core)
| Command           : report_clock_utilization -file zcu102_wrapper_clock_utilization_routed.rpt
| Design            : zcu102_wrapper
| Device            : xczu9eg-ffvb1156
| Speed File        : -2  PRODUCTION 1.20 05-21-2018
| Temperature Grade : E
-------------------------------------------------------------------------------------------------

Clock Utilization Report

Table of Contents
-----------------
1. Clock Primitive Utilization
2. Global Clock Resources
3. Global Clock Source Details
4. Clock Regions : Clock Primitives
5. Clock Regions : Load Primitives
6. Clock Regions : Global Clock Summary
7. Clock Regions : Routing Resource Utilization
8. Device Cell Placement Summary for Global Clock g0
9. Device Cell Placement Summary for Global Clock g1
10. Clock Region Cell Placement per Global Clock: Region X1Y0
11. Clock Region Cell Placement per Global Clock: Region X1Y1
12. Clock Region Cell Placement per Global Clock: Region X2Y1
13. Clock Region Cell Placement per Global Clock: Region X1Y2
14. Clock Region Cell Placement per Global Clock: Region X2Y2
15. Clock Region Cell Placement per Global Clock: Region X3Y3

1. Clock Primitive Utilization
------------------------------

+------------+------+-----------+-----+--------------+--------+
| Type       | Used | Available | LOC | Clock Region | Pblock |
+------------+------+-----------+-----+--------------+--------+
| BUFGCE     |    1 |       116 |   0 |            0 |      0 |
| BUFGCE_DIV |    0 |        16 |   0 |            0 |      0 |
| BUFGCTRL   |    0 |        32 |   0 |            0 |      0 |
| BUFG_GT    |    0 |       168 |   0 |            0 |      0 |
| MMCM       |    1 |         4 |   0 |            0 |      0 |
| PLL        |    0 |         8 |   0 |            0 |      0 |
+------------+------+-----------+-----+--------------+--------+


2. Global Clock Resources
-------------------------

+-----------+-----------+-----------------+------------+---------------+--------------+------+-------------------+-------------------+-------------+-----------------+--------------+-----------------------------+----------------------------------------------------+----------------------------------+
| Global Id | Source Id | Driver Type/Pin | Constraint | Site          | Clock Region | Root | Clock Delay Group | Load Clock Region | Clock Loads | Non-Clock Loads | Clock Period | Clock                       | Driver Pin                                         | Net                              |
+-----------+-----------+-----------------+------------+---------------+--------------+------+-------------------+-------------------+-------------+-----------------+--------------+-----------------------------+----------------------------------------------------+----------------------------------+
| g0        | src0      | BUFGCE/O        | None       | BUFGCE_X0Y74  | X3Y3         | X1Y1 |                   |                 6 |       10155 |               0 |       10.001 | clk_out2_zcu102_clk_wiz_0_0 | zcu102_i/clk_wiz_0/inst/clkout2_buf/O              | zcu102_i/clk_wiz_0/inst/clk_out2 |
| g1        | src1      | BUFG_PS/O       | None       | BUFG_PS_X0Y48 | X1Y2         | X3Y3 | n/a               |                 1 |           0 |               1 |       10.001 | clk_pl_0                    | zcu102_i/ps_e/inst/buffer_pl_clk_0.PL_CLK_0_BUFG/O | zcu102_i/ps_e/inst/pl_clk0       |
+-----------+-----------+-----------------+------------+---------------+--------------+------+-------------------+-------------------+-------------+-----------------+--------------+-----------------------------+----------------------------------------------------+----------------------------------+
* Clock Loads column represents the clock pin loads (pin count)
** Non-Clock Loads column represents the non-clock pin loads (pin count)


3. Global Clock Source Details
------------------------------

+-----------+-----------+--------------------+------------+-----------+--------------+-------------+-----------------+---------------------+-----------------------------+-------------------------------------------------+-----------------------------------------------------+
| Source Id | Global Id | Driver Type/Pin    | Constraint | Site      | Clock Region | Clock Loads | Non-Clock Loads | Source Clock Period | Source Clock                | Driver Pin                                      | Net                                                 |
+-----------+-----------+--------------------+------------+-----------+--------------+-------------+-----------------+---------------------+-----------------------------+-------------------------------------------------+-----------------------------------------------------+
| src0      | g0        | MMCME4_ADV/CLKOUT1 | None       | MMCM_X0Y3 | X3Y3         |           1 |               0 |              10.001 | clk_out2_zcu102_clk_wiz_0_0 | zcu102_i/clk_wiz_0/inst/mmcme4_adv_inst/CLKOUT1 | zcu102_i/clk_wiz_0/inst/clk_out2_zcu102_clk_wiz_0_0 |
| src1      | g1        | PS8/PLCLK[0]       | None       | PS8_X0Y0  | X0Y0         |           1 |               0 |              10.001 | clk_pl_0                    | zcu102_i/ps_e/inst/PS8_i/PLCLK[0]               | zcu102_i/ps_e/inst/pl_clk_unbuffered[0]             |
+-----------+-----------+--------------------+------------+-----------+--------------+-------------+-----------------+---------------------+-----------------------------+-------------------------------------------------+-----------------------------------------------------+
* Clock Loads column represents the clock pin loads (pin count)
** Non-Clock Loads column represents the non-clock pin loads (pin count)


4. Clock Regions : Clock Primitives
-----------------------------------

+-------------------+--------------+--------------+--------------+--------------+--------------+--------------+--------------+
|                   | Global Clock |    BUFGCE    |  BUFGCE_DIV  |   BUFGCTRL   |    BUFG_GT   |     MMCM     |      PLL     |
+-------------------+------+-------+------+-------+------+-------+------+-------+------+-------+------+-------+------+-------+
| Clock Region Name | Used | Avail | Used | Avail | Used | Avail | Used | Avail | Used | Avail | Used | Avail | Used | Avail |
+-------------------+------+-------+------+-------+------+-------+------+-------+------+-------+------+-------+------+-------+
| X0Y0              |   1* |     0 |    0 |     0 |    0 |     0 |    0 |     0 |    0 |     0 |    0 |     0 |    0 |     0 |
| X1Y0              |    1 |    24 |    0 |     0 |    0 |     0 |    0 |     0 |    0 |     0 |    0 |     0 |    0 |     0 |
| X2Y0              |    0 |    24 |    0 |     0 |    0 |     0 |    0 |     0 |    0 |     0 |    0 |     0 |    0 |     0 |
| X3Y0              |    0 |    24 |    0 |    28 |    0 |     4 |    0 |     8 |    0 |     0 |    0 |     1 |    0 |     2 |
| X0Y1              |    0 |     0 |    0 |     0 |    0 |     0 |    0 |     0 |    0 |     0 |    0 |     0 |    0 |     0 |
| X1Y1              |    1 |    24 |    0 |     0 |    0 |     0 |    0 |     0 |    0 |     0 |    0 |     0 |    0 |     0 |
| X2Y1              |    1 |    24 |    0 |     0 |    0 |     0 |    0 |     0 |    0 |     0 |    0 |     0 |    0 |     0 |
| X3Y1              |    0 |    24 |    0 |    24 |    0 |     4 |    0 |     8 |    0 |     0 |    0 |     1 |    0 |     2 |
| X0Y2              |    0 |     0 |    0 |     0 |    0 |     0 |    0 |     0 |    0 |     0 |    0 |     0 |    0 |     0 |
| X1Y2              |    2 |    24 |    0 |     0 |    0 |     0 |    0 |     0 |    0 |     0 |    0 |     0 |    0 |     0 |
| X2Y2              |    2 |    24 |    0 |     0 |    0 |     0 |    0 |     0 |    0 |     0 |    0 |     0 |    0 |     0 |
| X3Y2              |    1 |    24 |    0 |    24 |    0 |     4 |    0 |     8 |    0 |     0 |    0 |     1 |    0 |     2 |
| X0Y3              |    0 |    24 |    0 |     0 |    0 |     0 |    0 |     0 |    0 |    24 |    0 |     0 |    0 |     0 |
| X1Y3              |    1 |    24 |    0 |     0 |    0 |     0 |    0 |     0 |    0 |     0 |    0 |     0 |    0 |     0 |
| X2Y3              |    1 |    24 |    0 |     0 |    0 |     0 |    0 |     0 |    0 |     0 |    0 |     0 |    0 |     0 |
| X3Y3              |    2 |    24 |    1 |    28 |    0 |     4 |    0 |     8 |    0 |     0 |    1 |     1 |    0 |     2 |
| X0Y4              |    0 |    24 |    0 |     0 |    0 |     0 |    0 |     0 |    0 |    24 |    0 |     0 |    0 |     0 |
| X1Y4              |    0 |    24 |    0 |     0 |    0 |     0 |    0 |     0 |    0 |     0 |    0 |     0 |    0 |     0 |
| X2Y4              |    0 |    24 |    0 |     0 |    0 |     0 |    0 |     0 |    0 |     0 |    0 |     0 |    0 |     0 |
| X3Y4              |    0 |    24 |    0 |     4 |    0 |     0 |    0 |     0 |    0 |    24 |    0 |     0 |    0 |     0 |
| X0Y5              |    0 |    24 |    0 |     0 |    0 |     0 |    0 |     0 |    0 |    24 |    0 |     0 |    0 |     0 |
| X1Y5              |    0 |    24 |    0 |     0 |    0 |     0 |    0 |     0 |    0 |     0 |    0 |     0 |    0 |     0 |
| X2Y5              |    0 |    24 |    0 |     0 |    0 |     0 |    0 |     0 |    0 |     0 |    0 |     0 |    0 |     0 |
| X3Y5              |    0 |    24 |    0 |     4 |    0 |     0 |    0 |     0 |    0 |    24 |    0 |     0 |    0 |     0 |
| X0Y6              |    0 |    24 |    0 |     0 |    0 |     0 |    0 |     0 |    0 |    24 |    0 |     0 |    0 |     0 |
| X1Y6              |    0 |    24 |    0 |     0 |    0 |     0 |    0 |     0 |    0 |     0 |    0 |     0 |    0 |     0 |
| X2Y6              |    0 |    24 |    0 |     0 |    0 |     0 |    0 |     0 |    0 |     0 |    0 |     0 |    0 |     0 |
| X3Y6              |    0 |    24 |    0 |     4 |    0 |     0 |    0 |     0 |    0 |    24 |    0 |     0 |    0 |     0 |
+-------------------+------+-------+------+-------+------+-------+------+-------+------+-------+------+-------+------+-------+
* Global Clock column represents track count; while other columns represents cell counts


5. Clock Regions : Load Primitives
----------------------------------

+-------------------+------------------+------------------+------------------+------------------+------------------+------------------+------------------+
|                   |   Global Clock   |        FF        |      LUTRAM      |  Block RAM (18K) |        DSP       |        GT        |      HARD IP     |
+-------------------+--------+---------+--------+---------+--------+---------+--------+---------+--------+---------+--------+---------+--------+---------+
| Clock Region Name | Used   | Avail   | Used   | Avail   | Used   | Avail   | Used   | Avail   | Used   | Avail   | Used   | Avail   | Used   | Avail   |
+-------------------+--------+---------+--------+---------+--------+---------+--------+---------+--------+---------+--------+---------+--------+---------+
| X0Y0              |     1* |       0 |      0 |       0 |      0 |       0 |      0 |       0 |      0 |       0 |      0 |       0 |      0 |       0 |
| X1Y0              |      1 |      24 |   4189 |   19200 |    121 |    5280 |     17 |      48 |      0 |     120 |      0 |       0 |      0 |       0 |
| X2Y0              |      0 |      24 |      0 |   20160 |      0 |    5280 |      0 |      72 |      0 |      96 |      0 |       0 |      0 |       0 |
| X3Y0              |      0 |      24 |      0 |   19200 |      0 |    4800 |      0 |      72 |      0 |      48 |      0 |       0 |      0 |       0 |
| X0Y1              |      0 |       0 |      0 |       0 |      0 |       0 |      0 |       0 |      0 |       0 |      0 |       0 |      0 |       0 |
| X1Y1              |      1 |      24 |   4200 |   19200 |    161 |    5280 |     41 |      48 |      0 |     120 |      0 |       0 |      0 |       0 |
| X2Y1              |      1 |      24 |    349 |   20160 |      0 |    5280 |     48 |      72 |      0 |      96 |      0 |       0 |      0 |       0 |
| X3Y1              |      0 |      24 |      0 |   19200 |      0 |    4800 |      0 |      72 |      0 |      48 |      0 |       0 |      0 |       0 |
| X0Y2              |      0 |       0 |      0 |       0 |      0 |       0 |      0 |       0 |      0 |       0 |      0 |       0 |      0 |       0 |
| X1Y2              |      2 |      24 |    942 |   19200 |      1 |    5280 |     27 |      48 |      0 |     120 |      0 |       0 |      0 |       0 |
| X2Y2              |      2 |      24 |      1 |   20160 |      0 |    5280 |      8 |      72 |      0 |      96 |      0 |       0 |      0 |       0 |
| X3Y2              |      1 |      24 |      0 |   19200 |      0 |    4800 |      0 |      72 |      0 |      48 |      0 |       0 |      0 |       0 |
| X0Y3              |      0 |      24 |      0 |   27840 |      0 |    7200 |      0 |      96 |      0 |     144 |      0 |       4 |      0 |       0 |
| X1Y3              |      1 |      24 |      0 |   25920 |      0 |    7200 |      0 |      72 |      0 |     144 |      0 |       0 |      0 |       0 |
| X2Y3              |      1 |      24 |      0 |   20160 |      0 |    5280 |      0 |      72 |      0 |      96 |      0 |       0 |      0 |       0 |
| X3Y3              |      2 |      24 |      0 |   19200 |      0 |    4800 |      0 |      72 |      0 |      48 |      0 |       0 |      0 |       0 |
| X0Y4              |      0 |      24 |      0 |   27840 |      0 |    7200 |      0 |      96 |      0 |     144 |      0 |       4 |      0 |       0 |
| X1Y4              |      0 |      24 |      0 |   25920 |      0 |    7200 |      0 |      72 |      0 |     144 |      0 |       0 |      0 |       0 |
| X2Y4              |      0 |      24 |      0 |   20160 |      0 |    5280 |      0 |      72 |      0 |      96 |      0 |       0 |      0 |       0 |
| X3Y4              |      0 |      24 |      0 |   19200 |      0 |    4800 |      0 |      72 |      0 |      48 |      0 |       4 |      0 |       0 |
| X0Y5              |      0 |      24 |      0 |   27840 |      0 |    7200 |      0 |      96 |      0 |     144 |      0 |       4 |      0 |       0 |
| X1Y5              |      0 |      24 |      0 |   25920 |      0 |    7200 |      0 |      72 |      0 |     144 |      0 |       0 |      0 |       0 |
| X2Y5              |      0 |      24 |      0 |   20160 |      0 |    5280 |      0 |      72 |      0 |      96 |      0 |       0 |      0 |       0 |
| X3Y5              |      0 |      24 |      0 |   19200 |      0 |    4800 |      0 |      72 |      0 |      48 |      0 |       4 |      0 |       0 |
| X0Y6              |      0 |      24 |      0 |   27840 |      0 |    7200 |      0 |      96 |      0 |     144 |      0 |       4 |      0 |       0 |
| X1Y6              |      0 |      24 |      0 |   25920 |      0 |    7200 |      0 |      72 |      0 |     144 |      0 |       0 |      0 |       0 |
| X2Y6              |      0 |      24 |      0 |   20160 |      0 |    5280 |      0 |      72 |      0 |      96 |      0 |       0 |      0 |       0 |
| X3Y6              |      0 |      24 |      0 |   19200 |      0 |    4800 |      0 |      72 |      0 |      48 |      0 |       4 |      0 |       0 |
+-------------------+--------+---------+--------+---------+--------+---------+--------+---------+--------+---------+--------+---------+--------+---------+
* Global Clock column represents track count; while other columns represents cell counts


6. Clock Regions : Global Clock Summary
---------------------------------------

All Modules
+----+----+----+----+----+
|    | X0 | X1 | X2 | X3 |
+----+----+----+----+----+
| Y6 |  0 |  0 |  0 |  0 |
| Y5 |  0 |  0 |  0 |  0 |
| Y4 |  0 |  0 |  0 |  0 |
| Y3 |  0 |  0 |  0 |  1 |
| Y2 |  0 |  1 |  1 |  0 |
| Y1 |  0 |  1 |  1 |  0 |
| Y0 |  0 |  1 |  0 |  0 |
+----+----+----+----+----+


7. Clock Regions : Routing Resource Utilization
-----------------------------------------------

All Modules
+-------------------+----------------------+----------------------+----------------------+----------------------+
|                   |        HROUTES       |        HDISTRS       |        VROUTES       |        VDISTRS       |
+-------------------+------+-------+-------+------+-------+-------+------+-------+-------+------+-------+-------+
| Clock Region Name | Used | Avail | Util% | Used | Avail | Util% | Used | Avail | Util% | Used | Avail | Util% |
+-------------------+------+-------+-------+------+-------+-------+------+-------+-------+------+-------+-------+
| X0Y0              |    0 |     0 |  0.00 |    0 |     0 |  0.00 |    0 |     0 |  0.00 |    0 |     0 |  0.00 |
| X1Y0              |    0 |    24 |  0.00 |    1 |    24 |  4.17 |    0 |    24 |  0.00 |    1 |    24 |  4.17 |
| X2Y0              |    0 |    24 |  0.00 |    0 |    24 |  0.00 |    0 |    24 |  0.00 |    0 |    24 |  0.00 |
| X3Y0              |    0 |    24 |  0.00 |    0 |    24 |  0.00 |    0 |    24 |  0.00 |    0 |    24 |  0.00 |
| X0Y1              |    0 |     0 |  0.00 |    0 |     0 |  0.00 |    0 |     0 |  0.00 |    0 |     0 |  0.00 |
| X1Y1              |    0 |    24 |  0.00 |    1 |    24 |  4.17 |    1 |    24 |  4.17 |    1 |    24 |  4.17 |
| X2Y1              |    0 |    24 |  0.00 |    1 |    24 |  4.17 |    0 |    24 |  0.00 |    0 |    24 |  0.00 |
| X3Y1              |    0 |    24 |  0.00 |    0 |    24 |  0.00 |    0 |    24 |  0.00 |    0 |    24 |  0.00 |
| X0Y2              |    0 |     0 |  0.00 |    0 |     0 |  0.00 |    0 |     0 |  0.00 |    0 |     0 |  0.00 |
| X1Y2              |    1 |    24 |  4.17 |    1 |    24 |  4.17 |    1 |    24 |  4.17 |    0 |    24 |  0.00 |
| X2Y2              |    1 |    24 |  4.17 |    1 |    24 |  4.17 |    0 |    24 |  0.00 |    0 |    24 |  0.00 |
| X3Y2              |    1 |    24 |  4.17 |    0 |    24 |  0.00 |    0 |    24 |  0.00 |    0 |    24 |  0.00 |
| X0Y3              |    0 |    24 |  0.00 |    0 |    24 |  0.00 |    0 |    24 |  0.00 |    0 |    24 |  0.00 |
| X1Y3              |    1 |    24 |  4.17 |    0 |    24 |  0.00 |    1 |    24 |  4.17 |    0 |    24 |  0.00 |
| X2Y3              |    1 |    24 |  4.17 |    0 |    24 |  0.00 |    0 |    24 |  0.00 |    0 |    24 |  0.00 |
| X3Y3              |    1 |    24 |  4.17 |    1 |    24 |  4.17 |    1 |    24 |  4.17 |    1 |    24 |  4.17 |
| X0Y4              |    0 |    24 |  0.00 |    0 |    24 |  0.00 |    0 |    24 |  0.00 |    0 |    24 |  0.00 |
| X1Y4              |    0 |    24 |  0.00 |    0 |    24 |  0.00 |    0 |    24 |  0.00 |    0 |    24 |  0.00 |
| X2Y4              |    0 |    24 |  0.00 |    0 |    24 |  0.00 |    0 |    24 |  0.00 |    0 |    24 |  0.00 |
| X3Y4              |    0 |    24 |  0.00 |    0 |    24 |  0.00 |    0 |    24 |  0.00 |    0 |    24 |  0.00 |
| X0Y5              |    0 |    24 |  0.00 |    0 |    24 |  0.00 |    0 |    24 |  0.00 |    0 |    24 |  0.00 |
| X1Y5              |    0 |    24 |  0.00 |    0 |    24 |  0.00 |    0 |    24 |  0.00 |    0 |    24 |  0.00 |
| X2Y5              |    0 |    24 |  0.00 |    0 |    24 |  0.00 |    0 |    24 |  0.00 |    0 |    24 |  0.00 |
| X3Y5              |    0 |    24 |  0.00 |    0 |    24 |  0.00 |    0 |    24 |  0.00 |    0 |    24 |  0.00 |
| X0Y6              |    0 |    24 |  0.00 |    0 |    24 |  0.00 |    0 |    24 |  0.00 |    0 |    24 |  0.00 |
| X1Y6              |    0 |    24 |  0.00 |    0 |    24 |  0.00 |    0 |    24 |  0.00 |    0 |    24 |  0.00 |
| X2Y6              |    0 |    24 |  0.00 |    0 |    24 |  0.00 |    0 |    24 |  0.00 |    0 |    24 |  0.00 |
| X3Y6              |    0 |    24 |  0.00 |    0 |    24 |  0.00 |    0 |    24 |  0.00 |    0 |    24 |  0.00 |
+-------------------+------+-------+-------+------+-------+-------+------+-------+-------+------+-------+-------+


8. Device Cell Placement Summary for Global Clock g0
----------------------------------------------------

+-----------+-----------------+-------------------+-----------------------------+-------------+---------------+----------+-------------+----------+----------------+----------+----------------------------------+
| Global Id | Driver Type/Pin | Driver Region (D) | Clock                       | Period (ns) | Waveform (ns) | Root (R) | Slice Loads | IO Loads | Clocking Loads | GT Loads | Net                              |
+-----------+-----------------+-------------------+-----------------------------+-------------+---------------+----------+-------------+----------+----------------+----------+----------------------------------+
| g0        | BUFGCE/O        | X3Y3              | clk_out2_zcu102_clk_wiz_0_0 |      10.001 | {0.000 5.001} | X1Y1     |       10042 |        0 |              0 |        0 | zcu102_i/clk_wiz_0/inst/clk_out2 |
+-----------+-----------------+-------------------+-----------------------------+-------------+---------------+----------+-------------+----------+----------------+----------+----------------------------------+
* Logic Loads column represents load cell count of all cell types other than IO, GT and clock resources
** IO Loads column represents load cell count of IO types
*** Clocking Loads column represents load cell count that are clock resources (global clock buffer, MMCM, PLL, etc)
**** GT Loads column represents load cell count of GT types


+----+----+----------+------+--------+
|    | X0 | X1       | X2   | X3     |
+----+----+----------+------+--------+
| Y6 |  0 |        0 |    0 |      0 |
| Y5 |  0 |        0 |    0 |      0 |
| Y4 |  0 |        0 |    0 |      0 |
| Y3 |  0 |        0 |    0 |  (D) 0 |
| Y2 |  0 |      957 |    5 |      0 |
| Y1 |  0 | (R) 4385 |  373 |      0 |
| Y0 |  1 |     4321 |    0 |      0 |
+----+----+----------+------+--------+


9. Device Cell Placement Summary for Global Clock g1
----------------------------------------------------

+-----------+-----------------+-------------------+----------+-------------+---------------+----------+-------------+----------+----------------+----------+----------------------------+
| Global Id | Driver Type/Pin | Driver Region (D) | Clock    | Period (ns) | Waveform (ns) | Root (R) | Slice Loads | IO Loads | Clocking Loads | GT Loads | Net                        |
+-----------+-----------------+-------------------+----------+-------------+---------------+----------+-------------+----------+----------------+----------+----------------------------+
| g1        | BUFG_PS/O       | X1Y2              | clk_pl_0 |      10.001 | {0.000 5.001} | X3Y3     |           0 |        0 |              1 |        0 | zcu102_i/ps_e/inst/pl_clk0 |
+-----------+-----------------+-------------------+----------+-------------+---------------+----------+-------------+----------+----------------+----------+----------------------------+
* Logic Loads column represents load cell count of all cell types other than IO, GT and clock resources
** IO Loads column represents load cell count of IO types
*** Clocking Loads column represents load cell count that are clock resources (global clock buffer, MMCM, PLL, etc)
**** GT Loads column represents load cell count of GT types


+----+----+--------+----+-------+
|    | X0 | X1     | X2 | X3    |
+----+----+--------+----+-------+
| Y6 |  0 |      0 |  0 |     0 |
| Y5 |  0 |      0 |  0 |     0 |
| Y4 |  0 |      0 |  0 |     0 |
| Y3 |  0 |      0 |  0 | (R) 1 |
| Y2 |  0 |  (D) 0 |  0 |     0 |
| Y1 |  0 |      0 |  0 |     0 |
| Y0 |  0 |      0 |  0 |     0 |
+----+----+--------+----+-------+


10. Clock Region Cell Placement per Global Clock: Region X1Y0
-------------------------------------------------------------

+-----------+-------+-----------------+------------+-------------+-----------------+------+--------+------+-----+----+------+-----+---------+----------------------------------+
| Global Id | Track | Driver Type/Pin | Constraint | Clock Loads | Non-Clock Loads | FF   | LUTRAM | RAMB | DSP | GT | MMCM | PLL | Hard IP | Net                              |
+-----------+-------+-----------------+------------+-------------+-----------------+------+--------+------+-----+----+------+-----+---------+----------------------------------+
| g0        | 2     | BUFGCE/O        | None       |        4321 |               0 | 4189 |    121 |   11 |   0 |  0 |    0 |   0 |       0 | zcu102_i/clk_wiz_0/inst/clk_out2 |
+-----------+-------+-----------------+------------+-------------+-----------------+------+--------+------+-----+----+------+-----+---------+----------------------------------+
* Clock Loads column represents the clock pin loads (pin count)
** Non-Clock Loads column represents the non-clock pin loads (pin count)
*** Columns FF, LUTRAM, RAMB through 'Hard IP' represents load cell counts


11. Clock Region Cell Placement per Global Clock: Region X1Y1
-------------------------------------------------------------

+-----------+-------+-----------------+------------+-------------+-----------------+------+--------+------+-----+----+------+-----+---------+----------------------------------+
| Global Id | Track | Driver Type/Pin | Constraint | Clock Loads | Non-Clock Loads | FF   | LUTRAM | RAMB | DSP | GT | MMCM | PLL | Hard IP | Net                              |
+-----------+-------+-----------------+------------+-------------+-----------------+------+--------+------+-----+----+------+-----+---------+----------------------------------+
| g0        | 2     | BUFGCE/O        | None       |        4385 |               0 | 4200 |    161 |   24 |   0 |  0 |    0 |   0 |       0 | zcu102_i/clk_wiz_0/inst/clk_out2 |
+-----------+-------+-----------------+------------+-------------+-----------------+------+--------+------+-----+----+------+-----+---------+----------------------------------+
* Clock Loads column represents the clock pin loads (pin count)
** Non-Clock Loads column represents the non-clock pin loads (pin count)
*** Columns FF, LUTRAM, RAMB through 'Hard IP' represents load cell counts


12. Clock Region Cell Placement per Global Clock: Region X2Y1
-------------------------------------------------------------

+-----------+-------+-----------------+------------+-------------+-----------------+-----+--------+------+-----+----+------+-----+---------+----------------------------------+
| Global Id | Track | Driver Type/Pin | Constraint | Clock Loads | Non-Clock Loads | FF  | LUTRAM | RAMB | DSP | GT | MMCM | PLL | Hard IP | Net                              |
+-----------+-------+-----------------+------------+-------------+-----------------+-----+--------+------+-----+----+------+-----+---------+----------------------------------+
| g0        | 2     | BUFGCE/O        | None       |         373 |               0 | 349 |      0 |   24 |   0 |  0 |    0 |   0 |       0 | zcu102_i/clk_wiz_0/inst/clk_out2 |
+-----------+-------+-----------------+------------+-------------+-----------------+-----+--------+------+-----+----+------+-----+---------+----------------------------------+
* Clock Loads column represents the clock pin loads (pin count)
** Non-Clock Loads column represents the non-clock pin loads (pin count)
*** Columns FF, LUTRAM, RAMB through 'Hard IP' represents load cell counts


13. Clock Region Cell Placement per Global Clock: Region X1Y2
-------------------------------------------------------------

+-----------+-------+-----------------+------------+-------------+-----------------+-----+--------+------+-----+----+------+-----+---------+----------------------------------+
| Global Id | Track | Driver Type/Pin | Constraint | Clock Loads | Non-Clock Loads | FF  | LUTRAM | RAMB | DSP | GT | MMCM | PLL | Hard IP | Net                              |
+-----------+-------+-----------------+------------+-------------+-----------------+-----+--------+------+-----+----+------+-----+---------+----------------------------------+
| g0        | 2     | BUFGCE/O        | None       |         957 |               0 | 942 |      1 |   14 |   0 |  0 |    0 |   0 |       0 | zcu102_i/clk_wiz_0/inst/clk_out2 |
| g1+       | 0     | BUFG_PS/O       | None       |           0 |               0 |   0 |      0 |    0 |   0 |  0 |    0 |   0 |       0 | zcu102_i/ps_e/inst/pl_clk0       |
+-----------+-------+-----------------+------------+-------------+-----------------+-----+--------+------+-----+----+------+-----+---------+----------------------------------+
* Clock Loads column represents the clock pin loads (pin count)
** Non-Clock Loads column represents the non-clock pin loads (pin count)
*** Columns FF, LUTRAM, RAMB through 'Hard IP' represents load cell counts
**** In Global Id column, sympbol '+' indicates that global clock was used only to route through the clock region.


14. Clock Region Cell Placement per Global Clock: Region X2Y2
-------------------------------------------------------------

+-----------+-------+-----------------+------------+-------------+-----------------+----+--------+------+-----+----+------+-----+---------+----------------------------------+
| Global Id | Track | Driver Type/Pin | Constraint | Clock Loads | Non-Clock Loads | FF | LUTRAM | RAMB | DSP | GT | MMCM | PLL | Hard IP | Net                              |
+-----------+-------+-----------------+------------+-------------+-----------------+----+--------+------+-----+----+------+-----+---------+----------------------------------+
| g0        | 2     | BUFGCE/O        | None       |           5 |               0 |  1 |      0 |    4 |   0 |  0 |    0 |   0 |       0 | zcu102_i/clk_wiz_0/inst/clk_out2 |
| g1+       | 0     | BUFG_PS/O       | None       |           0 |               0 |  0 |      0 |    0 |   0 |  0 |    0 |   0 |       0 | zcu102_i/ps_e/inst/pl_clk0       |
+-----------+-------+-----------------+------------+-------------+-----------------+----+--------+------+-----+----+------+-----+---------+----------------------------------+
* Clock Loads column represents the clock pin loads (pin count)
** Non-Clock Loads column represents the non-clock pin loads (pin count)
*** Columns FF, LUTRAM, RAMB through 'Hard IP' represents load cell counts
**** In Global Id column, sympbol '+' indicates that global clock was used only to route through the clock region.


15. Clock Region Cell Placement per Global Clock: Region X3Y3
-------------------------------------------------------------

+-----------+-------+-----------------+------------+-------------+-----------------+----+--------+------+-----+----+------+-----+---------+----------------------------------+
| Global Id | Track | Driver Type/Pin | Constraint | Clock Loads | Non-Clock Loads | FF | LUTRAM | RAMB | DSP | GT | MMCM | PLL | Hard IP | Net                              |
+-----------+-------+-----------------+------------+-------------+-----------------+----+--------+------+-----+----+------+-----+---------+----------------------------------+
| g0+       | 2     | BUFGCE/O        | None       |           0 |               0 |  0 |      0 |    0 |   0 |  0 |    0 |   0 |       0 | zcu102_i/clk_wiz_0/inst/clk_out2 |
| g1        | 0     | BUFG_PS/O       | None       |           0 |               1 |  0 |      0 |    0 |   0 |  0 |    1 |   0 |       0 | zcu102_i/ps_e/inst/pl_clk0       |
+-----------+-------+-----------------+------------+-------------+-----------------+----+--------+------+-----+----+------+-----+---------+----------------------------------+
* Clock Loads column represents the clock pin loads (pin count)
** Non-Clock Loads column represents the non-clock pin loads (pin count)
*** Columns FF, LUTRAM, RAMB through 'Hard IP' represents load cell counts
**** In Global Id column, sympbol '+' indicates that global clock was used only to route through the clock region.


