

================================================================
== Vivado HLS Report for 'flow_calc'
================================================================
* Date:           Thu Aug 13 01:50:41 2020

* Version:        2018.2 (Build 2258646 on Thu Jun 14 20:25:20 MDT 2018)
* Project:        optical_flow
* Solution:       solution
* Product family: zynquplus
* Target device:  xczu9eg-ffvb1156-2-e


================================================================
== Performance Estimates
================================================================
+ Timing (ns): 
    * Summary: 
    +--------+-------+----------+------------+
    |  Clock | Target| Estimated| Uncertainty|
    +--------+-------+----------+------------+
    |ap_clk  |  10.00|     7.057|        2.70|
    +--------+-------+----------+------------+

+ Latency (clock cycles): 
    * Summary: 
    +--------+--------+--------+--------+---------+
    |     Latency     |     Interval    | Pipeline|
    |   min  |   max  |   min  |   max  |   Type  |
    +--------+--------+--------+--------+---------+
    |  446483|  446483|  446483|  446483|   none  |
    +--------+--------+--------+--------+---------+

    + Detail: 
        * Instance: 
        N/A

        * Loop: 
        +-------------------------+--------+--------+----------+-----------+-----------+--------+----------+
        |                         |     Latency     | Iteration|  Initiation Interval  |  Trip  |          |
        |        Loop Name        |   min  |   max  |  Latency |  achieved |   target  |  Count | Pipelined|
        +-------------------------+--------+--------+----------+-----------+-----------+--------+----------+
        |- FLOW_OUTER_FLOW_INNER  |  446481|  446481|        19|          1|          1|  446464|    yes   |
        +-------------------------+--------+--------+----------+-----------+-----------+--------+----------+

============================================================
+ Verbose Summary: Synthesis Manager
============================================================
InlineROM: 1
ExposeGlobal: 0
============================================================
+ Verbose Summary: CDFG Model
============================================================
IsTopModel: 0
ResetActiveHigh: 1
IsCombinational: 2
IsDatapathOnly: 0
HasWiredReturn: 1
HasMFsm: 0
HasVarLatency: 1
IsPipeline: 0
IsRtlPipelined: 0
IsInstanceOverlapped: 0
IsDontTouch: 0
HasImplIP: 0
IsGatedGlobalClock: 0

+ Individual pipeline summary: 
  * Pipeline-0: initiation interval (II) = 1, depth = 19


============================================================
+ Verbose Summary: Schedule
============================================================
* Number of FSM states : 21
* Pipeline : 1
  Pipeline-0 : II = 1, D = 19, States = { 2 3 4 5 6 7 8 9 10 11 12 13 14 15 16 17 18 19 20 }
* Dataflow Pipeline: 0

* FSM state transitions: 
1 --> 
	2  / true
2 --> 
	21  / (exitcond_flatten)
	3  / (!exitcond_flatten)
3 --> 
	4  / true
4 --> 
	5  / true
5 --> 
	6  / true
6 --> 
	7  / true
7 --> 
	8  / true
8 --> 
	9  / true
9 --> 
	10  / true
10 --> 
	11  / true
11 --> 
	12  / true
12 --> 
	13  / true
13 --> 
	14  / true
14 --> 
	15  / true
15 --> 
	16  / true
16 --> 
	17  / true
17 --> 
	18  / true
18 --> 
	19  / true
19 --> 
	20  / true
20 --> 
	2  / true
21 --> 

* FSM state operations: 

State 1 <SV = 0> <Delay = 0.65>
ST_1 : Operation 22 [1/1] (0.00ns)   --->   "call void (...)* @_ssdm_op_SpecInterface(i64* %outputs, [8 x i8]* @p_str, i32 0, i32 0, [1 x i8]* @p_str2, i32 0, i32 0, [1 x i8]* @p_str2, [1 x i8]* @p_str2, [1 x i8]* @p_str2, i32 0, i32 0, i32 0, i32 0, [1 x i8]* @p_str2, [1 x i8]* @p_str2)"   --->   Operation 22 'specinterface' <Predicate = true> <Delay = 0.00>
ST_1 : Operation 23 [1/1] (0.00ns)   --->   "call void (...)* @_ssdm_op_SpecInterface(i192* @tensor_val, [8 x i8]* @p_str, i32 0, i32 0, [1 x i8]* @p_str2, i32 0, i32 0, [1 x i8]* @p_str2, [1 x i8]* @p_str2, [1 x i8]* @p_str2, i32 0, i32 0, i32 0, i32 0, [1 x i8]* @p_str2, [1 x i8]* @p_str2)"   --->   Operation 23 'specinterface' <Predicate = true> <Delay = 0.00>
ST_1 : Operation 24 [1/1] (0.65ns)   --->   "br label %1" [/home/ylxiao_seas_upenn_edu/Roseetta/rosetta/optical-flow/src/sdsoc/optical_flow.cpp:380]   --->   Operation 24 'br' <Predicate = true> <Delay = 0.65>

State 2 <SV = 1> <Delay = 3.21>
ST_2 : Operation 25 [1/1] (0.00ns)   --->   "%indvar_flatten = phi i19 [ 0, %0 ], [ %indvar_flatten_next, %ifBlock ]"   --->   Operation 25 'phi' 'indvar_flatten' <Predicate = true> <Delay = 0.00>
ST_2 : Operation 26 [1/1] (0.00ns)   --->   "%r = phi i9 [ 0, %0 ], [ %r_mid2, %ifBlock ]" [/home/ylxiao_seas_upenn_edu/Roseetta/rosetta/optical-flow/src/sdsoc/optical_flow.cpp:382]   --->   Operation 26 'phi' 'r' <Predicate = true> <Delay = 0.00>
ST_2 : Operation 27 [1/1] (0.00ns)   --->   "%c = phi i11 [ 0, %0 ], [ %c_4, %ifBlock ]"   --->   Operation 27 'phi' 'c' <Predicate = true> <Delay = 0.00>
ST_2 : Operation 28 [1/1] (0.00ns)   --->   "%tmp = call i8 @_ssdm_op_PartSelect.i8.i9.i32.i32(i9 %r, i32 1, i32 8)" [/home/ylxiao_seas_upenn_edu/Roseetta/rosetta/optical-flow/src/sdsoc/optical_flow.cpp:385]   --->   Operation 28 'partselect' 'tmp' <Predicate = true> <Delay = 0.00>
ST_2 : Operation 29 [1/1] (0.84ns)   --->   "%icmp = icmp ne i8 %tmp, 0" [/home/ylxiao_seas_upenn_edu/Roseetta/rosetta/optical-flow/src/sdsoc/optical_flow.cpp:385]   --->   Operation 29 'icmp' 'icmp' <Predicate = true> <Delay = 0.84> <Core = "Cmp">   --->   Core 25 'Cmp' <Latency = 0> <II = 1> <Delay = 0.94> <FuncUnit> <Opcode : 'icmp'> <InPorts = 2> <OutPorts = 1>
ST_2 : Operation 30 [1/1] (0.88ns)   --->   "%tmp_s = icmp ult i9 %r, -78" [/home/ylxiao_seas_upenn_edu/Roseetta/rosetta/optical-flow/src/sdsoc/optical_flow.cpp:385]   --->   Operation 30 'icmp' 'tmp_s' <Predicate = true> <Delay = 0.88> <Core = "Cmp">   --->   Core 25 'Cmp' <Latency = 0> <II = 1> <Delay = 0.94> <FuncUnit> <Opcode : 'icmp'> <InPorts = 2> <OutPorts = 1>
ST_2 : Operation 31 [1/1] (0.28ns)   --->   "%tmp1 = and i1 %icmp, %tmp_s" [/home/ylxiao_seas_upenn_edu/Roseetta/rosetta/optical-flow/src/sdsoc/optical_flow.cpp:385]   --->   Operation 31 'and' 'tmp1' <Predicate = true> <Delay = 0.28> <Core = "LogicGate">   --->   Core 27 'LogicGate' <Latency = 0> <II = 1> <Delay = 0.28> <FuncUnit> <Opcode : 'and' 'or' 'xor'> <InPorts = 2> <OutPorts = 1>
ST_2 : Operation 32 [1/1] (1.08ns)   --->   "%exitcond_flatten = icmp eq i19 %indvar_flatten, -77824"   --->   Operation 32 'icmp' 'exitcond_flatten' <Predicate = true> <Delay = 1.08> <Core = "Cmp">   --->   Core 25 'Cmp' <Latency = 0> <II = 1> <Delay = 0.94> <FuncUnit> <Opcode : 'icmp'> <InPorts = 2> <OutPorts = 1>
ST_2 : Operation 33 [1/1] (0.88ns)   --->   "%indvar_flatten_next = add i19 %indvar_flatten, 1"   --->   Operation 33 'add' 'indvar_flatten_next' <Predicate = true> <Delay = 0.88> <Core = "AddSub">   --->   Core 14 'AddSub' <Latency = 0> <II = 1> <Delay = 0.79> <FuncUnit> <Opcode : 'add' 'sub'> <InPorts = 2> <OutPorts = 1>
ST_2 : Operation 34 [1/1] (0.00ns)   --->   "br i1 %exitcond_flatten, label %3, label %.reset"   --->   Operation 34 'br' <Predicate = true> <Delay = 0.00>
ST_2 : Operation 35 [1/1] (0.94ns)   --->   "%exitcond7 = icmp eq i11 %c, -1024" [/home/ylxiao_seas_upenn_edu/Roseetta/rosetta/optical-flow/src/sdsoc/optical_flow.cpp:382]   --->   Operation 35 'icmp' 'exitcond7' <Predicate = (!exitcond_flatten)> <Delay = 0.94> <Core = "Cmp">   --->   Core 25 'Cmp' <Latency = 0> <II = 1> <Delay = 0.94> <FuncUnit> <Opcode : 'icmp'> <InPorts = 2> <OutPorts = 1>
ST_2 : Operation 36 [1/1] (0.38ns)   --->   "%c_mid2 = select i1 %exitcond7, i11 0, i11 %c" [/home/ylxiao_seas_upenn_edu/Roseetta/rosetta/optical-flow/src/sdsoc/optical_flow.cpp:382]   --->   Operation 36 'select' 'c_mid2' <Predicate = (!exitcond_flatten)> <Delay = 0.38> <Core = "Sel">   --->   Core 26 'Sel' <Latency = 0> <II = 1> <Delay = 0.39> <FuncUnit> <Opcode : 'select'> <InPorts = 3> <OutPorts = 1>
ST_2 : Operation 37 [1/1] (0.77ns)   --->   "%r_s = add i9 %r, 1" [/home/ylxiao_seas_upenn_edu/Roseetta/rosetta/optical-flow/src/sdsoc/optical_flow.cpp:380]   --->   Operation 37 'add' 'r_s' <Predicate = (!exitcond_flatten)> <Delay = 0.77> <Core = "AddSub">   --->   Core 14 'AddSub' <Latency = 0> <II = 1> <Delay = 0.79> <FuncUnit> <Opcode : 'add' 'sub'> <InPorts = 2> <OutPorts = 1>
ST_2 : Operation 38 [1/1] (0.00ns)   --->   "%tmp_93 = call i8 @_ssdm_op_PartSelect.i8.i9.i32.i32(i9 %r_s, i32 1, i32 8)" [/home/ylxiao_seas_upenn_edu/Roseetta/rosetta/optical-flow/src/sdsoc/optical_flow.cpp:385]   --->   Operation 38 'partselect' 'tmp_93' <Predicate = (!exitcond_flatten)> <Delay = 0.00>
ST_2 : Operation 39 [1/1] (0.84ns)   --->   "%icmp8 = icmp ne i8 %tmp_93, 0" [/home/ylxiao_seas_upenn_edu/Roseetta/rosetta/optical-flow/src/sdsoc/optical_flow.cpp:385]   --->   Operation 39 'icmp' 'icmp8' <Predicate = (!exitcond_flatten)> <Delay = 0.84> <Core = "Cmp">   --->   Core 25 'Cmp' <Latency = 0> <II = 1> <Delay = 0.94> <FuncUnit> <Opcode : 'icmp'> <InPorts = 2> <OutPorts = 1>
ST_2 : Operation 40 [1/1] (0.88ns)   --->   "%tmp_mid1 = icmp ult i9 %r_s, -78" [/home/ylxiao_seas_upenn_edu/Roseetta/rosetta/optical-flow/src/sdsoc/optical_flow.cpp:385]   --->   Operation 40 'icmp' 'tmp_mid1' <Predicate = (!exitcond_flatten)> <Delay = 0.88> <Core = "Cmp">   --->   Core 25 'Cmp' <Latency = 0> <II = 1> <Delay = 0.94> <FuncUnit> <Opcode : 'icmp'> <InPorts = 2> <OutPorts = 1>
ST_2 : Operation 41 [1/1] (0.00ns) (grouped into LUT with out node or_cond3)   --->   "%tmp1_mid1 = and i1 %icmp8, %tmp_mid1" [/home/ylxiao_seas_upenn_edu/Roseetta/rosetta/optical-flow/src/sdsoc/optical_flow.cpp:385]   --->   Operation 41 'and' 'tmp1_mid1' <Predicate = (!exitcond_flatten)> <Delay = 0.00> <Core = "LogicGate">   --->   Core 27 'LogicGate' <Latency = 0> <II = 1> <Delay = 0.28> <FuncUnit> <Opcode : 'and' 'or' 'xor'> <InPorts = 2> <OutPorts = 1>
ST_2 : Operation 42 [1/1] (0.00ns) (grouped into LUT with out node or_cond3)   --->   "%tmp1_mid2 = select i1 %exitcond7, i1 %tmp1_mid1, i1 %tmp1" [/home/ylxiao_seas_upenn_edu/Roseetta/rosetta/optical-flow/src/sdsoc/optical_flow.cpp:385]   --->   Operation 42 'select' 'tmp1_mid2' <Predicate = (!exitcond_flatten)> <Delay = 0.00> <Core = "Sel">   --->   Core 26 'Sel' <Latency = 0> <II = 1> <Delay = 0.39> <FuncUnit> <Opcode : 'select'> <InPorts = 3> <OutPorts = 1>
ST_2 : Operation 43 [1/1] (0.39ns)   --->   "%r_mid2 = select i1 %exitcond7, i9 %r_s, i9 %r" [/home/ylxiao_seas_upenn_edu/Roseetta/rosetta/optical-flow/src/sdsoc/optical_flow.cpp:382]   --->   Operation 43 'select' 'r_mid2' <Predicate = (!exitcond_flatten)> <Delay = 0.39> <Core = "Sel">   --->   Core 26 'Sel' <Latency = 0> <II = 1> <Delay = 0.39> <FuncUnit> <Opcode : 'select'> <InPorts = 3> <OutPorts = 1>
ST_2 : Operation 44 [1/1] (0.00ns)   --->   "%tmp_94 = call i10 @_ssdm_op_PartSelect.i10.i11.i32.i32(i11 %c_mid2, i32 1, i32 10)" [/home/ylxiao_seas_upenn_edu/Roseetta/rosetta/optical-flow/src/sdsoc/optical_flow.cpp:385]   --->   Operation 44 'partselect' 'tmp_94' <Predicate = (!exitcond_flatten)> <Delay = 0.00>
ST_2 : Operation 45 [1/1] (0.91ns)   --->   "%icmp9 = icmp ne i10 %tmp_94, 0" [/home/ylxiao_seas_upenn_edu/Roseetta/rosetta/optical-flow/src/sdsoc/optical_flow.cpp:385]   --->   Operation 45 'icmp' 'icmp9' <Predicate = (!exitcond_flatten)> <Delay = 0.91> <Core = "Cmp">   --->   Core 25 'Cmp' <Latency = 0> <II = 1> <Delay = 0.94> <FuncUnit> <Opcode : 'icmp'> <InPorts = 2> <OutPorts = 1>
ST_2 : Operation 46 [1/1] (0.94ns)   --->   "%tmp_52 = icmp ult i11 %c_mid2, 1022" [/home/ylxiao_seas_upenn_edu/Roseetta/rosetta/optical-flow/src/sdsoc/optical_flow.cpp:385]   --->   Operation 46 'icmp' 'tmp_52' <Predicate = (!exitcond_flatten)> <Delay = 0.94> <Core = "Cmp">   --->   Core 25 'Cmp' <Latency = 0> <II = 1> <Delay = 0.94> <FuncUnit> <Opcode : 'icmp'> <InPorts = 2> <OutPorts = 1>
ST_2 : Operation 47 [1/1] (0.00ns) (grouped into LUT with out node or_cond3)   --->   "%tmp2 = and i1 %icmp9, %tmp_52" [/home/ylxiao_seas_upenn_edu/Roseetta/rosetta/optical-flow/src/sdsoc/optical_flow.cpp:385]   --->   Operation 47 'and' 'tmp2' <Predicate = (!exitcond_flatten)> <Delay = 0.00> <Core = "LogicGate">   --->   Core 27 'LogicGate' <Latency = 0> <II = 1> <Delay = 0.28> <FuncUnit> <Opcode : 'and' 'or' 'xor'> <InPorts = 2> <OutPorts = 1>
ST_2 : Operation 48 [1/1] (0.28ns) (out node of the LUT)   --->   "%or_cond3 = and i1 %tmp2, %tmp1_mid2" [/home/ylxiao_seas_upenn_edu/Roseetta/rosetta/optical-flow/src/sdsoc/optical_flow.cpp:385]   --->   Operation 48 'and' 'or_cond3' <Predicate = (!exitcond_flatten)> <Delay = 0.28> <Core = "LogicGate">   --->   Core 27 'LogicGate' <Latency = 0> <II = 1> <Delay = 0.28> <FuncUnit> <Opcode : 'and' 'or' 'xor'> <InPorts = 2> <OutPorts = 1>
ST_2 : Operation 49 [1/1] (0.65ns)   --->   "br i1 %or_cond3, label %2, label %ifBlock" [/home/ylxiao_seas_upenn_edu/Roseetta/rosetta/optical-flow/src/sdsoc/optical_flow.cpp:385]   --->   Operation 49 'br' <Predicate = (!exitcond_flatten)> <Delay = 0.65>
ST_2 : Operation 50 [1/1] (0.79ns)   --->   "%c_4 = add i11 %c_mid2, 1" [/home/ylxiao_seas_upenn_edu/Roseetta/rosetta/optical-flow/src/sdsoc/optical_flow.cpp:382]   --->   Operation 50 'add' 'c_4' <Predicate = (!exitcond_flatten)> <Delay = 0.79> <Core = "AddSub">   --->   Core 14 'AddSub' <Latency = 0> <II = 1> <Delay = 0.79> <FuncUnit> <Opcode : 'add' 'sub'> <InPorts = 2> <OutPorts = 1>

State 3 <SV = 2> <Delay = 1.83>
ST_3 : Operation 51 [1/1] (1.83ns)   --->   "%tensor_val_read = call i192 @_ssdm_op_Read.ap_fifo.volatile.i192P(i192* @tensor_val)" [/home/ylxiao_seas_upenn_edu/Roseetta/rosetta/optical-flow/src/sdsoc/optical_flow.cpp:388]   --->   Operation 51 'read' 'tensor_val_read' <Predicate = (!exitcond_flatten & or_cond3)> <Delay = 1.83> <Core = "FIFO">   --->   Core 32 'FIFO' <Latency = 0> <II = 1> <Delay = 1.83> <Storage> <Opcode : 'read' 'write' 'nbread' 'nbwrite'> <Ports = 0> <Width = 64> <Depth = 2> <FIFO>
ST_3 : Operation 52 [1/1] (0.00ns)   --->   "%tmp_95 = trunc i192 %tensor_val_read to i32" [/home/ylxiao_seas_upenn_edu/Roseetta/rosetta/optical-flow/src/sdsoc/optical_flow.cpp:388]   --->   Operation 52 'trunc' 'tmp_95' <Predicate = (!exitcond_flatten & or_cond3)> <Delay = 0.00>
ST_3 : Operation 53 [1/1] (0.00ns)   --->   "%tmp_83 = call i32 @_ssdm_op_PartSelect.i32.i192.i32.i32(i192 %tensor_val_read, i32 32, i32 63)" [/home/ylxiao_seas_upenn_edu/Roseetta/rosetta/optical-flow/src/sdsoc/optical_flow.cpp:388]   --->   Operation 53 'partselect' 'tmp_83' <Predicate = (!exitcond_flatten & or_cond3)> <Delay = 0.00>
ST_3 : Operation 54 [1/1] (0.00ns)   --->   "%tmp_85 = call i32 @_ssdm_op_PartSelect.i32.i192.i32.i32(i192 %tensor_val_read, i32 96, i32 127)" [/home/ylxiao_seas_upenn_edu/Roseetta/rosetta/optical-flow/src/sdsoc/optical_flow.cpp:388]   --->   Operation 54 'partselect' 'tmp_85' <Predicate = (!exitcond_flatten & or_cond3)> <Delay = 0.00>
ST_3 : Operation 55 [1/1] (0.00ns)   --->   "%tmp_87 = call i32 @_ssdm_op_PartSelect.i32.i192.i32.i32(i192 %tensor_val_read, i32 160, i32 191)" [/home/ylxiao_seas_upenn_edu/Roseetta/rosetta/optical-flow/src/sdsoc/optical_flow.cpp:389]   --->   Operation 55 'partselect' 'tmp_87' <Predicate = (!exitcond_flatten & or_cond3)> <Delay = 0.00>
ST_3 : Operation 56 [1/1] (0.00ns)   --->   "%tmp_89 = call i32 @_ssdm_op_PartSelect.i32.i192.i32.i32(i192 %tensor_val_read, i32 128, i32 159)" [/home/ylxiao_seas_upenn_edu/Roseetta/rosetta/optical-flow/src/sdsoc/optical_flow.cpp:389]   --->   Operation 56 'partselect' 'tmp_89' <Predicate = (!exitcond_flatten & or_cond3)> <Delay = 0.00>

State 4 <SV = 3> <Delay = 7.01>
ST_4 : Operation 57 [1/1] (0.00ns)   --->   "%tmp_82 = bitcast i32 %tmp_95 to float" [/home/ylxiao_seas_upenn_edu/Roseetta/rosetta/optical-flow/src/sdsoc/optical_flow.cpp:388]   --->   Operation 57 'bitcast' 'tmp_82' <Predicate = (!exitcond_flatten & or_cond3)> <Delay = 0.00>
ST_4 : Operation 58 [1/1] (0.00ns)   --->   "%tmp_84 = bitcast i32 %tmp_83 to float" [/home/ylxiao_seas_upenn_edu/Roseetta/rosetta/optical-flow/src/sdsoc/optical_flow.cpp:388]   --->   Operation 58 'bitcast' 'tmp_84' <Predicate = (!exitcond_flatten & or_cond3)> <Delay = 0.00>
ST_4 : Operation 59 [3/3] (7.01ns)   --->   "%tmp_54 = fmul float %tmp_82, %tmp_84" [/home/ylxiao_seas_upenn_edu/Roseetta/rosetta/optical-flow/src/sdsoc/optical_flow.cpp:388]   --->   Operation 59 'fmul' 'tmp_54' <Predicate = (!exitcond_flatten & or_cond3)> <Delay = 7.01> <Core = "FMul">   --->   Core 100 'FMul' <Latency = 2> <II = 1> <Delay = 7.01> <FuncUnit> <Opcode : 'fmul'> <InPorts = 2> <OutPorts = 1>
ST_4 : Operation 60 [1/1] (0.00ns)   --->   "%tmp_86 = bitcast i32 %tmp_85 to float" [/home/ylxiao_seas_upenn_edu/Roseetta/rosetta/optical-flow/src/sdsoc/optical_flow.cpp:388]   --->   Operation 60 'bitcast' 'tmp_86' <Predicate = (!exitcond_flatten & or_cond3)> <Delay = 0.00>
ST_4 : Operation 61 [3/3] (7.01ns)   --->   "%tmp_55 = fmul float %tmp_86, %tmp_86" [/home/ylxiao_seas_upenn_edu/Roseetta/rosetta/optical-flow/src/sdsoc/optical_flow.cpp:388]   --->   Operation 61 'fmul' 'tmp_55' <Predicate = (!exitcond_flatten & or_cond3)> <Delay = 7.01> <Core = "FMul">   --->   Core 100 'FMul' <Latency = 2> <II = 1> <Delay = 7.01> <FuncUnit> <Opcode : 'fmul'> <InPorts = 2> <OutPorts = 1>
ST_4 : Operation 62 [1/1] (0.00ns)   --->   "%tmp_88 = bitcast i32 %tmp_87 to float" [/home/ylxiao_seas_upenn_edu/Roseetta/rosetta/optical-flow/src/sdsoc/optical_flow.cpp:389]   --->   Operation 62 'bitcast' 'tmp_88' <Predicate = (!exitcond_flatten & or_cond3)> <Delay = 0.00>
ST_4 : Operation 63 [3/3] (7.01ns)   --->   "%tmp_56 = fmul float %tmp_88, %tmp_86" [/home/ylxiao_seas_upenn_edu/Roseetta/rosetta/optical-flow/src/sdsoc/optical_flow.cpp:389]   --->   Operation 63 'fmul' 'tmp_56' <Predicate = (!exitcond_flatten & or_cond3)> <Delay = 7.01> <Core = "FMul">   --->   Core 100 'FMul' <Latency = 2> <II = 1> <Delay = 7.01> <FuncUnit> <Opcode : 'fmul'> <InPorts = 2> <OutPorts = 1>
ST_4 : Operation 64 [1/1] (0.00ns)   --->   "%tmp_90 = bitcast i32 %tmp_89 to float" [/home/ylxiao_seas_upenn_edu/Roseetta/rosetta/optical-flow/src/sdsoc/optical_flow.cpp:389]   --->   Operation 64 'bitcast' 'tmp_90' <Predicate = (!exitcond_flatten & or_cond3)> <Delay = 0.00>
ST_4 : Operation 65 [3/3] (7.01ns)   --->   "%tmp_57 = fmul float %tmp_90, %tmp_84" [/home/ylxiao_seas_upenn_edu/Roseetta/rosetta/optical-flow/src/sdsoc/optical_flow.cpp:389]   --->   Operation 65 'fmul' 'tmp_57' <Predicate = (!exitcond_flatten & or_cond3)> <Delay = 7.01> <Core = "FMul">   --->   Core 100 'FMul' <Latency = 2> <II = 1> <Delay = 7.01> <FuncUnit> <Opcode : 'fmul'> <InPorts = 2> <OutPorts = 1>
ST_4 : Operation 66 [3/3] (7.01ns)   --->   "%tmp_60 = fmul float %tmp_90, %tmp_86" [/home/ylxiao_seas_upenn_edu/Roseetta/rosetta/optical-flow/src/sdsoc/optical_flow.cpp:391]   --->   Operation 66 'fmul' 'tmp_60' <Predicate = (!exitcond_flatten & or_cond3)> <Delay = 7.01> <Core = "FMul">   --->   Core 100 'FMul' <Latency = 2> <II = 1> <Delay = 7.01> <FuncUnit> <Opcode : 'fmul'> <InPorts = 2> <OutPorts = 1>
ST_4 : Operation 67 [3/3] (7.01ns)   --->   "%tmp_61 = fmul float %tmp_88, %tmp_82" [/home/ylxiao_seas_upenn_edu/Roseetta/rosetta/optical-flow/src/sdsoc/optical_flow.cpp:391]   --->   Operation 67 'fmul' 'tmp_61' <Predicate = (!exitcond_flatten & or_cond3)> <Delay = 7.01> <Core = "FMul">   --->   Core 100 'FMul' <Latency = 2> <II = 1> <Delay = 7.01> <FuncUnit> <Opcode : 'fmul'> <InPorts = 2> <OutPorts = 1>

State 5 <SV = 4> <Delay = 7.01>
ST_5 : Operation 68 [2/3] (7.01ns)   --->   "%tmp_54 = fmul float %tmp_82, %tmp_84" [/home/ylxiao_seas_upenn_edu/Roseetta/rosetta/optical-flow/src/sdsoc/optical_flow.cpp:388]   --->   Operation 68 'fmul' 'tmp_54' <Predicate = (!exitcond_flatten & or_cond3)> <Delay = 7.01> <Core = "FMul">   --->   Core 100 'FMul' <Latency = 2> <II = 1> <Delay = 7.01> <FuncUnit> <Opcode : 'fmul'> <InPorts = 2> <OutPorts = 1>
ST_5 : Operation 69 [2/3] (7.01ns)   --->   "%tmp_55 = fmul float %tmp_86, %tmp_86" [/home/ylxiao_seas_upenn_edu/Roseetta/rosetta/optical-flow/src/sdsoc/optical_flow.cpp:388]   --->   Operation 69 'fmul' 'tmp_55' <Predicate = (!exitcond_flatten & or_cond3)> <Delay = 7.01> <Core = "FMul">   --->   Core 100 'FMul' <Latency = 2> <II = 1> <Delay = 7.01> <FuncUnit> <Opcode : 'fmul'> <InPorts = 2> <OutPorts = 1>
ST_5 : Operation 70 [2/3] (7.01ns)   --->   "%tmp_56 = fmul float %tmp_88, %tmp_86" [/home/ylxiao_seas_upenn_edu/Roseetta/rosetta/optical-flow/src/sdsoc/optical_flow.cpp:389]   --->   Operation 70 'fmul' 'tmp_56' <Predicate = (!exitcond_flatten & or_cond3)> <Delay = 7.01> <Core = "FMul">   --->   Core 100 'FMul' <Latency = 2> <II = 1> <Delay = 7.01> <FuncUnit> <Opcode : 'fmul'> <InPorts = 2> <OutPorts = 1>
ST_5 : Operation 71 [2/3] (7.01ns)   --->   "%tmp_57 = fmul float %tmp_90, %tmp_84" [/home/ylxiao_seas_upenn_edu/Roseetta/rosetta/optical-flow/src/sdsoc/optical_flow.cpp:389]   --->   Operation 71 'fmul' 'tmp_57' <Predicate = (!exitcond_flatten & or_cond3)> <Delay = 7.01> <Core = "FMul">   --->   Core 100 'FMul' <Latency = 2> <II = 1> <Delay = 7.01> <FuncUnit> <Opcode : 'fmul'> <InPorts = 2> <OutPorts = 1>
ST_5 : Operation 72 [2/3] (7.01ns)   --->   "%tmp_60 = fmul float %tmp_90, %tmp_86" [/home/ylxiao_seas_upenn_edu/Roseetta/rosetta/optical-flow/src/sdsoc/optical_flow.cpp:391]   --->   Operation 72 'fmul' 'tmp_60' <Predicate = (!exitcond_flatten & or_cond3)> <Delay = 7.01> <Core = "FMul">   --->   Core 100 'FMul' <Latency = 2> <II = 1> <Delay = 7.01> <FuncUnit> <Opcode : 'fmul'> <InPorts = 2> <OutPorts = 1>
ST_5 : Operation 73 [2/3] (7.01ns)   --->   "%tmp_61 = fmul float %tmp_88, %tmp_82" [/home/ylxiao_seas_upenn_edu/Roseetta/rosetta/optical-flow/src/sdsoc/optical_flow.cpp:391]   --->   Operation 73 'fmul' 'tmp_61' <Predicate = (!exitcond_flatten & or_cond3)> <Delay = 7.01> <Core = "FMul">   --->   Core 100 'FMul' <Latency = 2> <II = 1> <Delay = 7.01> <FuncUnit> <Opcode : 'fmul'> <InPorts = 2> <OutPorts = 1>

State 6 <SV = 5> <Delay = 7.01>
ST_6 : Operation 74 [1/3] (7.01ns)   --->   "%tmp_54 = fmul float %tmp_82, %tmp_84" [/home/ylxiao_seas_upenn_edu/Roseetta/rosetta/optical-flow/src/sdsoc/optical_flow.cpp:388]   --->   Operation 74 'fmul' 'tmp_54' <Predicate = (!exitcond_flatten & or_cond3)> <Delay = 7.01> <Core = "FMul">   --->   Core 100 'FMul' <Latency = 2> <II = 1> <Delay = 7.01> <FuncUnit> <Opcode : 'fmul'> <InPorts = 2> <OutPorts = 1>
ST_6 : Operation 75 [1/3] (7.01ns)   --->   "%tmp_55 = fmul float %tmp_86, %tmp_86" [/home/ylxiao_seas_upenn_edu/Roseetta/rosetta/optical-flow/src/sdsoc/optical_flow.cpp:388]   --->   Operation 75 'fmul' 'tmp_55' <Predicate = (!exitcond_flatten & or_cond3)> <Delay = 7.01> <Core = "FMul">   --->   Core 100 'FMul' <Latency = 2> <II = 1> <Delay = 7.01> <FuncUnit> <Opcode : 'fmul'> <InPorts = 2> <OutPorts = 1>
ST_6 : Operation 76 [1/3] (7.01ns)   --->   "%tmp_56 = fmul float %tmp_88, %tmp_86" [/home/ylxiao_seas_upenn_edu/Roseetta/rosetta/optical-flow/src/sdsoc/optical_flow.cpp:389]   --->   Operation 76 'fmul' 'tmp_56' <Predicate = (!exitcond_flatten & or_cond3)> <Delay = 7.01> <Core = "FMul">   --->   Core 100 'FMul' <Latency = 2> <II = 1> <Delay = 7.01> <FuncUnit> <Opcode : 'fmul'> <InPorts = 2> <OutPorts = 1>
ST_6 : Operation 77 [1/3] (7.01ns)   --->   "%tmp_57 = fmul float %tmp_90, %tmp_84" [/home/ylxiao_seas_upenn_edu/Roseetta/rosetta/optical-flow/src/sdsoc/optical_flow.cpp:389]   --->   Operation 77 'fmul' 'tmp_57' <Predicate = (!exitcond_flatten & or_cond3)> <Delay = 7.01> <Core = "FMul">   --->   Core 100 'FMul' <Latency = 2> <II = 1> <Delay = 7.01> <FuncUnit> <Opcode : 'fmul'> <InPorts = 2> <OutPorts = 1>
ST_6 : Operation 78 [1/3] (7.01ns)   --->   "%tmp_60 = fmul float %tmp_90, %tmp_86" [/home/ylxiao_seas_upenn_edu/Roseetta/rosetta/optical-flow/src/sdsoc/optical_flow.cpp:391]   --->   Operation 78 'fmul' 'tmp_60' <Predicate = (!exitcond_flatten & or_cond3)> <Delay = 7.01> <Core = "FMul">   --->   Core 100 'FMul' <Latency = 2> <II = 1> <Delay = 7.01> <FuncUnit> <Opcode : 'fmul'> <InPorts = 2> <OutPorts = 1>
ST_6 : Operation 79 [1/3] (7.01ns)   --->   "%tmp_61 = fmul float %tmp_88, %tmp_82" [/home/ylxiao_seas_upenn_edu/Roseetta/rosetta/optical-flow/src/sdsoc/optical_flow.cpp:391]   --->   Operation 79 'fmul' 'tmp_61' <Predicate = (!exitcond_flatten & or_cond3)> <Delay = 7.01> <Core = "FMul">   --->   Core 100 'FMul' <Latency = 2> <II = 1> <Delay = 7.01> <FuncUnit> <Opcode : 'fmul'> <InPorts = 2> <OutPorts = 1>

State 7 <SV = 6> <Delay = 6.43>
ST_7 : Operation 80 [4/4] (6.43ns)   --->   "%denom = fsub float %tmp_54, %tmp_55" [/home/ylxiao_seas_upenn_edu/Roseetta/rosetta/optical-flow/src/sdsoc/optical_flow.cpp:388]   --->   Operation 80 'fsub' 'denom' <Predicate = (!exitcond_flatten & or_cond3)> <Delay = 6.43> <Core = "FAddSub">   --->   Core 99 'FAddSub' <Latency = 3> <II = 1> <Delay = 6.43> <FuncUnit> <Opcode : 'fadd' 'fsub'> <InPorts = 2> <OutPorts = 1>
ST_7 : Operation 81 [4/4] (6.43ns)   --->   "%tmp_58 = fsub float %tmp_56, %tmp_57" [/home/ylxiao_seas_upenn_edu/Roseetta/rosetta/optical-flow/src/sdsoc/optical_flow.cpp:389]   --->   Operation 81 'fsub' 'tmp_58' <Predicate = (!exitcond_flatten & or_cond3)> <Delay = 6.43> <Core = "FAddSub">   --->   Core 99 'FAddSub' <Latency = 3> <II = 1> <Delay = 6.43> <FuncUnit> <Opcode : 'fadd' 'fsub'> <InPorts = 2> <OutPorts = 1>
ST_7 : Operation 82 [4/4] (6.43ns)   --->   "%tmp_62 = fsub float %tmp_60, %tmp_61" [/home/ylxiao_seas_upenn_edu/Roseetta/rosetta/optical-flow/src/sdsoc/optical_flow.cpp:391]   --->   Operation 82 'fsub' 'tmp_62' <Predicate = (!exitcond_flatten & or_cond3)> <Delay = 6.43> <Core = "FAddSub">   --->   Core 99 'FAddSub' <Latency = 3> <II = 1> <Delay = 6.43> <FuncUnit> <Opcode : 'fadd' 'fsub'> <InPorts = 2> <OutPorts = 1>

State 8 <SV = 7> <Delay = 6.43>
ST_8 : Operation 83 [3/4] (6.43ns)   --->   "%denom = fsub float %tmp_54, %tmp_55" [/home/ylxiao_seas_upenn_edu/Roseetta/rosetta/optical-flow/src/sdsoc/optical_flow.cpp:388]   --->   Operation 83 'fsub' 'denom' <Predicate = (!exitcond_flatten & or_cond3)> <Delay = 6.43> <Core = "FAddSub">   --->   Core 99 'FAddSub' <Latency = 3> <II = 1> <Delay = 6.43> <FuncUnit> <Opcode : 'fadd' 'fsub'> <InPorts = 2> <OutPorts = 1>
ST_8 : Operation 84 [3/4] (6.43ns)   --->   "%tmp_58 = fsub float %tmp_56, %tmp_57" [/home/ylxiao_seas_upenn_edu/Roseetta/rosetta/optical-flow/src/sdsoc/optical_flow.cpp:389]   --->   Operation 84 'fsub' 'tmp_58' <Predicate = (!exitcond_flatten & or_cond3)> <Delay = 6.43> <Core = "FAddSub">   --->   Core 99 'FAddSub' <Latency = 3> <II = 1> <Delay = 6.43> <FuncUnit> <Opcode : 'fadd' 'fsub'> <InPorts = 2> <OutPorts = 1>
ST_8 : Operation 85 [3/4] (6.43ns)   --->   "%tmp_62 = fsub float %tmp_60, %tmp_61" [/home/ylxiao_seas_upenn_edu/Roseetta/rosetta/optical-flow/src/sdsoc/optical_flow.cpp:391]   --->   Operation 85 'fsub' 'tmp_62' <Predicate = (!exitcond_flatten & or_cond3)> <Delay = 6.43> <Core = "FAddSub">   --->   Core 99 'FAddSub' <Latency = 3> <II = 1> <Delay = 6.43> <FuncUnit> <Opcode : 'fadd' 'fsub'> <InPorts = 2> <OutPorts = 1>

State 9 <SV = 8> <Delay = 6.43>
ST_9 : Operation 86 [2/4] (6.43ns)   --->   "%denom = fsub float %tmp_54, %tmp_55" [/home/ylxiao_seas_upenn_edu/Roseetta/rosetta/optical-flow/src/sdsoc/optical_flow.cpp:388]   --->   Operation 86 'fsub' 'denom' <Predicate = (!exitcond_flatten & or_cond3)> <Delay = 6.43> <Core = "FAddSub">   --->   Core 99 'FAddSub' <Latency = 3> <II = 1> <Delay = 6.43> <FuncUnit> <Opcode : 'fadd' 'fsub'> <InPorts = 2> <OutPorts = 1>
ST_9 : Operation 87 [2/4] (6.43ns)   --->   "%tmp_58 = fsub float %tmp_56, %tmp_57" [/home/ylxiao_seas_upenn_edu/Roseetta/rosetta/optical-flow/src/sdsoc/optical_flow.cpp:389]   --->   Operation 87 'fsub' 'tmp_58' <Predicate = (!exitcond_flatten & or_cond3)> <Delay = 6.43> <Core = "FAddSub">   --->   Core 99 'FAddSub' <Latency = 3> <II = 1> <Delay = 6.43> <FuncUnit> <Opcode : 'fadd' 'fsub'> <InPorts = 2> <OutPorts = 1>
ST_9 : Operation 88 [2/4] (6.43ns)   --->   "%tmp_62 = fsub float %tmp_60, %tmp_61" [/home/ylxiao_seas_upenn_edu/Roseetta/rosetta/optical-flow/src/sdsoc/optical_flow.cpp:391]   --->   Operation 88 'fsub' 'tmp_62' <Predicate = (!exitcond_flatten & or_cond3)> <Delay = 6.43> <Core = "FAddSub">   --->   Core 99 'FAddSub' <Latency = 3> <II = 1> <Delay = 6.43> <FuncUnit> <Opcode : 'fadd' 'fsub'> <InPorts = 2> <OutPorts = 1>

State 10 <SV = 9> <Delay = 6.43>
ST_10 : Operation 89 [1/4] (6.43ns)   --->   "%denom = fsub float %tmp_54, %tmp_55" [/home/ylxiao_seas_upenn_edu/Roseetta/rosetta/optical-flow/src/sdsoc/optical_flow.cpp:388]   --->   Operation 89 'fsub' 'denom' <Predicate = (!exitcond_flatten & or_cond3)> <Delay = 6.43> <Core = "FAddSub">   --->   Core 99 'FAddSub' <Latency = 3> <II = 1> <Delay = 6.43> <FuncUnit> <Opcode : 'fadd' 'fsub'> <InPorts = 2> <OutPorts = 1>
ST_10 : Operation 90 [1/4] (6.43ns)   --->   "%tmp_58 = fsub float %tmp_56, %tmp_57" [/home/ylxiao_seas_upenn_edu/Roseetta/rosetta/optical-flow/src/sdsoc/optical_flow.cpp:389]   --->   Operation 90 'fsub' 'tmp_58' <Predicate = (!exitcond_flatten & or_cond3)> <Delay = 6.43> <Core = "FAddSub">   --->   Core 99 'FAddSub' <Latency = 3> <II = 1> <Delay = 6.43> <FuncUnit> <Opcode : 'fadd' 'fsub'> <InPorts = 2> <OutPorts = 1>
ST_10 : Operation 91 [1/4] (6.43ns)   --->   "%tmp_62 = fsub float %tmp_60, %tmp_61" [/home/ylxiao_seas_upenn_edu/Roseetta/rosetta/optical-flow/src/sdsoc/optical_flow.cpp:391]   --->   Operation 91 'fsub' 'tmp_62' <Predicate = (!exitcond_flatten & or_cond3)> <Delay = 6.43> <Core = "FAddSub">   --->   Core 99 'FAddSub' <Latency = 3> <II = 1> <Delay = 6.43> <FuncUnit> <Opcode : 'fadd' 'fsub'> <InPorts = 2> <OutPorts = 1>

State 11 <SV = 10> <Delay = 7.05>
ST_11 : Operation 92 [9/9] (7.05ns)   --->   "%tmp_59 = fdiv float %tmp_58, %denom" [/home/ylxiao_seas_upenn_edu/Roseetta/rosetta/optical-flow/src/sdsoc/optical_flow.cpp:389]   --->   Operation 92 'fdiv' 'tmp_59' <Predicate = (!exitcond_flatten & or_cond3)> <Delay = 7.05> <Core = "FDiv">   --->   Core 101 'FDiv' <Latency = 8> <II = 1> <Delay = 7.05> <FuncUnit> <Opcode : 'fdiv' 'frem'> <InPorts = 2> <OutPorts = 1>
ST_11 : Operation 93 [9/9] (7.05ns)   --->   "%tmp_63 = fdiv float %tmp_62, %denom" [/home/ylxiao_seas_upenn_edu/Roseetta/rosetta/optical-flow/src/sdsoc/optical_flow.cpp:391]   --->   Operation 93 'fdiv' 'tmp_63' <Predicate = (!exitcond_flatten & or_cond3)> <Delay = 7.05> <Core = "FDiv">   --->   Core 101 'FDiv' <Latency = 8> <II = 1> <Delay = 7.05> <FuncUnit> <Opcode : 'fdiv' 'frem'> <InPorts = 2> <OutPorts = 1>

State 12 <SV = 11> <Delay = 7.05>
ST_12 : Operation 94 [8/9] (7.05ns)   --->   "%tmp_59 = fdiv float %tmp_58, %denom" [/home/ylxiao_seas_upenn_edu/Roseetta/rosetta/optical-flow/src/sdsoc/optical_flow.cpp:389]   --->   Operation 94 'fdiv' 'tmp_59' <Predicate = (!exitcond_flatten & or_cond3)> <Delay = 7.05> <Core = "FDiv">   --->   Core 101 'FDiv' <Latency = 8> <II = 1> <Delay = 7.05> <FuncUnit> <Opcode : 'fdiv' 'frem'> <InPorts = 2> <OutPorts = 1>
ST_12 : Operation 95 [8/9] (7.05ns)   --->   "%tmp_63 = fdiv float %tmp_62, %denom" [/home/ylxiao_seas_upenn_edu/Roseetta/rosetta/optical-flow/src/sdsoc/optical_flow.cpp:391]   --->   Operation 95 'fdiv' 'tmp_63' <Predicate = (!exitcond_flatten & or_cond3)> <Delay = 7.05> <Core = "FDiv">   --->   Core 101 'FDiv' <Latency = 8> <II = 1> <Delay = 7.05> <FuncUnit> <Opcode : 'fdiv' 'frem'> <InPorts = 2> <OutPorts = 1>

State 13 <SV = 12> <Delay = 7.05>
ST_13 : Operation 96 [7/9] (7.05ns)   --->   "%tmp_59 = fdiv float %tmp_58, %denom" [/home/ylxiao_seas_upenn_edu/Roseetta/rosetta/optical-flow/src/sdsoc/optical_flow.cpp:389]   --->   Operation 96 'fdiv' 'tmp_59' <Predicate = (!exitcond_flatten & or_cond3)> <Delay = 7.05> <Core = "FDiv">   --->   Core 101 'FDiv' <Latency = 8> <II = 1> <Delay = 7.05> <FuncUnit> <Opcode : 'fdiv' 'frem'> <InPorts = 2> <OutPorts = 1>
ST_13 : Operation 97 [7/9] (7.05ns)   --->   "%tmp_63 = fdiv float %tmp_62, %denom" [/home/ylxiao_seas_upenn_edu/Roseetta/rosetta/optical-flow/src/sdsoc/optical_flow.cpp:391]   --->   Operation 97 'fdiv' 'tmp_63' <Predicate = (!exitcond_flatten & or_cond3)> <Delay = 7.05> <Core = "FDiv">   --->   Core 101 'FDiv' <Latency = 8> <II = 1> <Delay = 7.05> <FuncUnit> <Opcode : 'fdiv' 'frem'> <InPorts = 2> <OutPorts = 1>

State 14 <SV = 13> <Delay = 7.05>
ST_14 : Operation 98 [6/9] (7.05ns)   --->   "%tmp_59 = fdiv float %tmp_58, %denom" [/home/ylxiao_seas_upenn_edu/Roseetta/rosetta/optical-flow/src/sdsoc/optical_flow.cpp:389]   --->   Operation 98 'fdiv' 'tmp_59' <Predicate = (!exitcond_flatten & or_cond3)> <Delay = 7.05> <Core = "FDiv">   --->   Core 101 'FDiv' <Latency = 8> <II = 1> <Delay = 7.05> <FuncUnit> <Opcode : 'fdiv' 'frem'> <InPorts = 2> <OutPorts = 1>
ST_14 : Operation 99 [6/9] (7.05ns)   --->   "%tmp_63 = fdiv float %tmp_62, %denom" [/home/ylxiao_seas_upenn_edu/Roseetta/rosetta/optical-flow/src/sdsoc/optical_flow.cpp:391]   --->   Operation 99 'fdiv' 'tmp_63' <Predicate = (!exitcond_flatten & or_cond3)> <Delay = 7.05> <Core = "FDiv">   --->   Core 101 'FDiv' <Latency = 8> <II = 1> <Delay = 7.05> <FuncUnit> <Opcode : 'fdiv' 'frem'> <InPorts = 2> <OutPorts = 1>

State 15 <SV = 14> <Delay = 7.05>
ST_15 : Operation 100 [5/9] (7.05ns)   --->   "%tmp_59 = fdiv float %tmp_58, %denom" [/home/ylxiao_seas_upenn_edu/Roseetta/rosetta/optical-flow/src/sdsoc/optical_flow.cpp:389]   --->   Operation 100 'fdiv' 'tmp_59' <Predicate = (!exitcond_flatten & or_cond3)> <Delay = 7.05> <Core = "FDiv">   --->   Core 101 'FDiv' <Latency = 8> <II = 1> <Delay = 7.05> <FuncUnit> <Opcode : 'fdiv' 'frem'> <InPorts = 2> <OutPorts = 1>
ST_15 : Operation 101 [5/9] (7.05ns)   --->   "%tmp_63 = fdiv float %tmp_62, %denom" [/home/ylxiao_seas_upenn_edu/Roseetta/rosetta/optical-flow/src/sdsoc/optical_flow.cpp:391]   --->   Operation 101 'fdiv' 'tmp_63' <Predicate = (!exitcond_flatten & or_cond3)> <Delay = 7.05> <Core = "FDiv">   --->   Core 101 'FDiv' <Latency = 8> <II = 1> <Delay = 7.05> <FuncUnit> <Opcode : 'fdiv' 'frem'> <InPorts = 2> <OutPorts = 1>

State 16 <SV = 15> <Delay = 7.05>
ST_16 : Operation 102 [4/9] (7.05ns)   --->   "%tmp_59 = fdiv float %tmp_58, %denom" [/home/ylxiao_seas_upenn_edu/Roseetta/rosetta/optical-flow/src/sdsoc/optical_flow.cpp:389]   --->   Operation 102 'fdiv' 'tmp_59' <Predicate = (!exitcond_flatten & or_cond3)> <Delay = 7.05> <Core = "FDiv">   --->   Core 101 'FDiv' <Latency = 8> <II = 1> <Delay = 7.05> <FuncUnit> <Opcode : 'fdiv' 'frem'> <InPorts = 2> <OutPorts = 1>
ST_16 : Operation 103 [4/9] (7.05ns)   --->   "%tmp_63 = fdiv float %tmp_62, %denom" [/home/ylxiao_seas_upenn_edu/Roseetta/rosetta/optical-flow/src/sdsoc/optical_flow.cpp:391]   --->   Operation 103 'fdiv' 'tmp_63' <Predicate = (!exitcond_flatten & or_cond3)> <Delay = 7.05> <Core = "FDiv">   --->   Core 101 'FDiv' <Latency = 8> <II = 1> <Delay = 7.05> <FuncUnit> <Opcode : 'fdiv' 'frem'> <InPorts = 2> <OutPorts = 1>

State 17 <SV = 16> <Delay = 7.05>
ST_17 : Operation 104 [3/9] (7.05ns)   --->   "%tmp_59 = fdiv float %tmp_58, %denom" [/home/ylxiao_seas_upenn_edu/Roseetta/rosetta/optical-flow/src/sdsoc/optical_flow.cpp:389]   --->   Operation 104 'fdiv' 'tmp_59' <Predicate = (!exitcond_flatten & or_cond3)> <Delay = 7.05> <Core = "FDiv">   --->   Core 101 'FDiv' <Latency = 8> <II = 1> <Delay = 7.05> <FuncUnit> <Opcode : 'fdiv' 'frem'> <InPorts = 2> <OutPorts = 1>
ST_17 : Operation 105 [3/9] (7.05ns)   --->   "%tmp_63 = fdiv float %tmp_62, %denom" [/home/ylxiao_seas_upenn_edu/Roseetta/rosetta/optical-flow/src/sdsoc/optical_flow.cpp:391]   --->   Operation 105 'fdiv' 'tmp_63' <Predicate = (!exitcond_flatten & or_cond3)> <Delay = 7.05> <Core = "FDiv">   --->   Core 101 'FDiv' <Latency = 8> <II = 1> <Delay = 7.05> <FuncUnit> <Opcode : 'fdiv' 'frem'> <InPorts = 2> <OutPorts = 1>

State 18 <SV = 17> <Delay = 7.05>
ST_18 : Operation 106 [2/9] (7.05ns)   --->   "%tmp_59 = fdiv float %tmp_58, %denom" [/home/ylxiao_seas_upenn_edu/Roseetta/rosetta/optical-flow/src/sdsoc/optical_flow.cpp:389]   --->   Operation 106 'fdiv' 'tmp_59' <Predicate = (!exitcond_flatten & or_cond3)> <Delay = 7.05> <Core = "FDiv">   --->   Core 101 'FDiv' <Latency = 8> <II = 1> <Delay = 7.05> <FuncUnit> <Opcode : 'fdiv' 'frem'> <InPorts = 2> <OutPorts = 1>
ST_18 : Operation 107 [2/9] (7.05ns)   --->   "%tmp_63 = fdiv float %tmp_62, %denom" [/home/ylxiao_seas_upenn_edu/Roseetta/rosetta/optical-flow/src/sdsoc/optical_flow.cpp:391]   --->   Operation 107 'fdiv' 'tmp_63' <Predicate = (!exitcond_flatten & or_cond3)> <Delay = 7.05> <Core = "FDiv">   --->   Core 101 'FDiv' <Latency = 8> <II = 1> <Delay = 7.05> <FuncUnit> <Opcode : 'fdiv' 'frem'> <InPorts = 2> <OutPorts = 1>

State 19 <SV = 18> <Delay = 7.05>
ST_19 : Operation 108 [1/9] (7.05ns)   --->   "%tmp_59 = fdiv float %tmp_58, %denom" [/home/ylxiao_seas_upenn_edu/Roseetta/rosetta/optical-flow/src/sdsoc/optical_flow.cpp:389]   --->   Operation 108 'fdiv' 'tmp_59' <Predicate = (!exitcond_flatten & or_cond3)> <Delay = 7.05> <Core = "FDiv">   --->   Core 101 'FDiv' <Latency = 8> <II = 1> <Delay = 7.05> <FuncUnit> <Opcode : 'fdiv' 'frem'> <InPorts = 2> <OutPorts = 1>
ST_19 : Operation 109 [1/9] (7.05ns)   --->   "%tmp_63 = fdiv float %tmp_62, %denom" [/home/ylxiao_seas_upenn_edu/Roseetta/rosetta/optical-flow/src/sdsoc/optical_flow.cpp:391]   --->   Operation 109 'fdiv' 'tmp_63' <Predicate = (!exitcond_flatten & or_cond3)> <Delay = 7.05> <Core = "FDiv">   --->   Core 101 'FDiv' <Latency = 8> <II = 1> <Delay = 7.05> <FuncUnit> <Opcode : 'fdiv' 'frem'> <InPorts = 2> <OutPorts = 1>

State 20 <SV = 19> <Delay = 2.49>
ST_20 : Operation 110 [1/1] (0.00ns)   --->   "call void (...)* @_ssdm_op_SpecLoopName([22 x i8]* @FLOW_OUTER_FLOW_INNE)"   --->   Operation 110 'specloopname' <Predicate = (!exitcond_flatten)> <Delay = 0.00>
ST_20 : Operation 111 [1/1] (0.00ns)   --->   "call void (...)* @_ssdm_op_SpecLoopName([11 x i8]* @p_str30) nounwind" [/home/ylxiao_seas_upenn_edu/Roseetta/rosetta/optical-flow/src/sdsoc/optical_flow.cpp:383]   --->   Operation 111 'specloopname' <Predicate = (!exitcond_flatten)> <Delay = 0.00>
ST_20 : Operation 112 [1/1] (0.00ns)   --->   "%tmp_81 = call i32 (...)* @_ssdm_op_SpecRegionBegin([11 x i8]* @p_str30)" [/home/ylxiao_seas_upenn_edu/Roseetta/rosetta/optical-flow/src/sdsoc/optical_flow.cpp:383]   --->   Operation 112 'specregionbegin' 'tmp_81' <Predicate = (!exitcond_flatten)> <Delay = 0.00>
ST_20 : Operation 113 [1/1] (0.00ns)   --->   "call void (...)* @_ssdm_op_SpecPipeline(i32 1, i32 1, i32 1, i32 0, [1 x i8]* @p_str2) nounwind" [/home/ylxiao_seas_upenn_edu/Roseetta/rosetta/optical-flow/src/sdsoc/optical_flow.cpp:384]   --->   Operation 113 'specpipeline' <Predicate = (!exitcond_flatten)> <Delay = 0.00>
ST_20 : Operation 114 [1/1] (0.65ns)   --->   "br label %ifBlock" [/home/ylxiao_seas_upenn_edu/Roseetta/rosetta/optical-flow/src/sdsoc/optical_flow.cpp:393]   --->   Operation 114 'br' <Predicate = (!exitcond_flatten & or_cond3)> <Delay = 0.65>
ST_20 : Operation 115 [1/1] (0.00ns)   --->   "%buf_1_load = phi float [ %tmp_63, %2 ], [ 0.000000e+00, %.reset ]" [/home/ylxiao_seas_upenn_edu/Roseetta/rosetta/optical-flow/src/sdsoc/optical_flow.cpp:391]   --->   Operation 115 'phi' 'buf_1_load' <Predicate = (!exitcond_flatten)> <Delay = 0.00>
ST_20 : Operation 116 [1/1] (0.00ns)   --->   "%tmp_64 = phi float [ %tmp_59, %2 ], [ 0.000000e+00, %.reset ]" [/home/ylxiao_seas_upenn_edu/Roseetta/rosetta/optical-flow/src/sdsoc/optical_flow.cpp:389]   --->   Operation 116 'phi' 'tmp_64' <Predicate = (!exitcond_flatten)> <Delay = 0.00>
ST_20 : Operation 117 [1/1] (0.00ns)   --->   "%tmp_162_toint = bitcast float %tmp_64 to i32" [/home/ylxiao_seas_upenn_edu/Roseetta/rosetta/optical-flow/src/sdsoc/optical_flow.cpp:399]   --->   Operation 117 'bitcast' 'tmp_162_toint' <Predicate = (!exitcond_flatten)> <Delay = 0.00>
ST_20 : Operation 118 [1/1] (0.00ns)   --->   "%buf_1_load_toint = bitcast float %buf_1_load to i32" [/home/ylxiao_seas_upenn_edu/Roseetta/rosetta/optical-flow/src/sdsoc/optical_flow.cpp:400]   --->   Operation 118 'bitcast' 'buf_1_load_toint' <Predicate = (!exitcond_flatten)> <Delay = 0.00>
ST_20 : Operation 119 [1/1] (0.00ns)   --->   "%outputs_y_addr1578_p = call i64 @_ssdm_op_BitConcatenate.i64.i32.i32(i32 %buf_1_load_toint, i32 %tmp_162_toint)" [/home/ylxiao_seas_upenn_edu/Roseetta/rosetta/optical-flow/src/sdsoc/optical_flow.cpp:400]   --->   Operation 119 'bitconcatenate' 'outputs_y_addr1578_p' <Predicate = (!exitcond_flatten)> <Delay = 0.00>
ST_20 : Operation 120 [1/1] (1.83ns)   --->   "call void @_ssdm_op_Write.ap_fifo.volatile.i64P(i64* %outputs, i64 %outputs_y_addr1578_p)" [/home/ylxiao_seas_upenn_edu/Roseetta/rosetta/optical-flow/src/sdsoc/optical_flow.cpp:400]   --->   Operation 120 'write' <Predicate = (!exitcond_flatten)> <Delay = 1.83> <Core = "FIFO">   --->   Core 32 'FIFO' <Latency = 0> <II = 1> <Delay = 1.83> <Storage> <Opcode : 'read' 'write' 'nbread' 'nbwrite'> <Ports = 0> <Width = 64> <Depth = 2> <FIFO>
ST_20 : Operation 121 [1/1] (0.00ns)   --->   "%empty = call i32 (...)* @_ssdm_op_SpecRegionEnd([11 x i8]* @p_str30, i32 %tmp_81)" [/home/ylxiao_seas_upenn_edu/Roseetta/rosetta/optical-flow/src/sdsoc/optical_flow.cpp:402]   --->   Operation 121 'specregionend' 'empty' <Predicate = (!exitcond_flatten)> <Delay = 0.00>
ST_20 : Operation 122 [1/1] (0.00ns)   --->   "br label %1"   --->   Operation 122 'br' <Predicate = (!exitcond_flatten)> <Delay = 0.00>

State 21 <SV = 2> <Delay = 0.00>
ST_21 : Operation 123 [1/1] (0.00ns)   --->   "ret void" [/home/ylxiao_seas_upenn_edu/Roseetta/rosetta/optical-flow/src/sdsoc/optical_flow.cpp:404]   --->   Operation 123 'ret' <Predicate = true> <Delay = 0.00>


============================================================
+ Verbose Summary: Timing violations
============================================================
Target clock period: 10ns, clock uncertainty: 2.7ns.

 <State 1>: 0.656ns
The critical path consists of the following:
	multiplexor before 'phi' operation ('indvar_flatten') with incoming values : ('indvar_flatten_next') [7]  (0.656 ns)

 <State 2>: 3.22ns
The critical path consists of the following:
	'phi' operation ('c') with incoming values : ('c', /home/ylxiao_seas_upenn_edu/Roseetta/rosetta/optical-flow/src/sdsoc/optical_flow.cpp:382) [9]  (0 ns)
	'icmp' operation ('exitcond7', /home/ylxiao_seas_upenn_edu/Roseetta/rosetta/optical-flow/src/sdsoc/optical_flow.cpp:382) [19]  (0.944 ns)
	'select' operation ('c_mid2', /home/ylxiao_seas_upenn_edu/Roseetta/rosetta/optical-flow/src/sdsoc/optical_flow.cpp:382) [20]  (0.389 ns)
	'icmp' operation ('tmp_52', /home/ylxiao_seas_upenn_edu/Roseetta/rosetta/optical-flow/src/sdsoc/optical_flow.cpp:385) [33]  (0.944 ns)
	'and' operation ('tmp2', /home/ylxiao_seas_upenn_edu/Roseetta/rosetta/optical-flow/src/sdsoc/optical_flow.cpp:385) [34]  (0 ns)
	'and' operation ('or_cond3', /home/ylxiao_seas_upenn_edu/Roseetta/rosetta/optical-flow/src/sdsoc/optical_flow.cpp:385) [35]  (0.287 ns)
	multiplexor before 'phi' operation ('buf_1_load', /home/ylxiao_seas_upenn_edu/Roseetta/rosetta/optical-flow/src/sdsoc/optical_flow.cpp:391) with incoming values : ('tmp_63', /home/ylxiao_seas_upenn_edu/Roseetta/rosetta/optical-flow/src/sdsoc/optical_flow.cpp:391) [62]  (0.656 ns)

 <State 3>: 1.84ns
The critical path consists of the following:
	fifo read on port 'tensor_val' (/home/ylxiao_seas_upenn_edu/Roseetta/rosetta/optical-flow/src/sdsoc/optical_flow.cpp:388) [38]  (1.84 ns)

 <State 4>: 7.02ns
The critical path consists of the following:
	'fmul' operation ('tmp_54', /home/ylxiao_seas_upenn_edu/Roseetta/rosetta/optical-flow/src/sdsoc/optical_flow.cpp:388) [43]  (7.02 ns)

 <State 5>: 7.02ns
The critical path consists of the following:
	'fmul' operation ('tmp_54', /home/ylxiao_seas_upenn_edu/Roseetta/rosetta/optical-flow/src/sdsoc/optical_flow.cpp:388) [43]  (7.02 ns)

 <State 6>: 7.02ns
The critical path consists of the following:
	'fmul' operation ('tmp_54', /home/ylxiao_seas_upenn_edu/Roseetta/rosetta/optical-flow/src/sdsoc/optical_flow.cpp:388) [43]  (7.02 ns)

 <State 7>: 6.44ns
The critical path consists of the following:
	'fsub' operation ('denom', /home/ylxiao_seas_upenn_edu/Roseetta/rosetta/optical-flow/src/sdsoc/optical_flow.cpp:388) [47]  (6.44 ns)

 <State 8>: 6.44ns
The critical path consists of the following:
	'fsub' operation ('denom', /home/ylxiao_seas_upenn_edu/Roseetta/rosetta/optical-flow/src/sdsoc/optical_flow.cpp:388) [47]  (6.44 ns)

 <State 9>: 6.44ns
The critical path consists of the following:
	'fsub' operation ('denom', /home/ylxiao_seas_upenn_edu/Roseetta/rosetta/optical-flow/src/sdsoc/optical_flow.cpp:388) [47]  (6.44 ns)

 <State 10>: 6.44ns
The critical path consists of the following:
	'fsub' operation ('denom', /home/ylxiao_seas_upenn_edu/Roseetta/rosetta/optical-flow/src/sdsoc/optical_flow.cpp:388) [47]  (6.44 ns)

 <State 11>: 7.06ns
The critical path consists of the following:
	'fdiv' operation ('tmp_59', /home/ylxiao_seas_upenn_edu/Roseetta/rosetta/optical-flow/src/sdsoc/optical_flow.cpp:389) [55]  (7.06 ns)

 <State 12>: 7.06ns
The critical path consists of the following:
	'fdiv' operation ('tmp_59', /home/ylxiao_seas_upenn_edu/Roseetta/rosetta/optical-flow/src/sdsoc/optical_flow.cpp:389) [55]  (7.06 ns)

 <State 13>: 7.06ns
The critical path consists of the following:
	'fdiv' operation ('tmp_59', /home/ylxiao_seas_upenn_edu/Roseetta/rosetta/optical-flow/src/sdsoc/optical_flow.cpp:389) [55]  (7.06 ns)

 <State 14>: 7.06ns
The critical path consists of the following:
	'fdiv' operation ('tmp_59', /home/ylxiao_seas_upenn_edu/Roseetta/rosetta/optical-flow/src/sdsoc/optical_flow.cpp:389) [55]  (7.06 ns)

 <State 15>: 7.06ns
The critical path consists of the following:
	'fdiv' operation ('tmp_59', /home/ylxiao_seas_upenn_edu/Roseetta/rosetta/optical-flow/src/sdsoc/optical_flow.cpp:389) [55]  (7.06 ns)

 <State 16>: 7.06ns
The critical path consists of the following:
	'fdiv' operation ('tmp_59', /home/ylxiao_seas_upenn_edu/Roseetta/rosetta/optical-flow/src/sdsoc/optical_flow.cpp:389) [55]  (7.06 ns)

 <State 17>: 7.06ns
The critical path consists of the following:
	'fdiv' operation ('tmp_59', /home/ylxiao_seas_upenn_edu/Roseetta/rosetta/optical-flow/src/sdsoc/optical_flow.cpp:389) [55]  (7.06 ns)

 <State 18>: 7.06ns
The critical path consists of the following:
	'fdiv' operation ('tmp_59', /home/ylxiao_seas_upenn_edu/Roseetta/rosetta/optical-flow/src/sdsoc/optical_flow.cpp:389) [55]  (7.06 ns)

 <State 19>: 7.06ns
The critical path consists of the following:
	'fdiv' operation ('tmp_59', /home/ylxiao_seas_upenn_edu/Roseetta/rosetta/optical-flow/src/sdsoc/optical_flow.cpp:389) [55]  (7.06 ns)

 <State 20>: 2.49ns
The critical path consists of the following:
	multiplexor before 'phi' operation ('buf_1_load', /home/ylxiao_seas_upenn_edu/Roseetta/rosetta/optical-flow/src/sdsoc/optical_flow.cpp:391) with incoming values : ('tmp_63', /home/ylxiao_seas_upenn_edu/Roseetta/rosetta/optical-flow/src/sdsoc/optical_flow.cpp:391) [62]  (0.656 ns)
	'phi' operation ('buf_1_load', /home/ylxiao_seas_upenn_edu/Roseetta/rosetta/optical-flow/src/sdsoc/optical_flow.cpp:391) with incoming values : ('tmp_63', /home/ylxiao_seas_upenn_edu/Roseetta/rosetta/optical-flow/src/sdsoc/optical_flow.cpp:391) [62]  (0 ns)
	fifo write on port 'outputs' (/home/ylxiao_seas_upenn_edu/Roseetta/rosetta/optical-flow/src/sdsoc/optical_flow.cpp:400) [67]  (1.84 ns)

 <State 21>: 0ns
The critical path consists of the following:


============================================================
+ Verbose Summary: Binding
============================================================
N/A
* FSMD analyzer results:
  - Output states:
 - Input state : 
  - Chain level:
	State 1
	State 2
	State 3
	State 4
	State 5
	State 6
	State 7
	State 8
	State 9
	State 10
	State 11
	State 12
	State 13
	State 14
	State 15
	State 16
	State 17
	State 18
	State 19
	State 20
	State 21


============================================================
+ Verbose Summary: Datapath Resource usage 
============================================================
N/A
