

================================================================
== Vivado HLS Report for 'gradient_z_calc'
================================================================
* Date:           Thu Aug 13 01:50:36 2020

* Version:        2018.2 (Build 2258646 on Thu Jun 14 20:25:20 MDT 2018)
* Project:        optical_flow
* Solution:       solution
* Product family: zynquplus
* Target device:  xczu9eg-ffvb1156-2-e


================================================================
== Performance Estimates
================================================================
+ Timing (ns): 
    * Summary: 
    +--------+-------+----------+------------+
    |  Clock | Target| Estimated| Uncertainty|
    +--------+-------+----------+------------+
    |ap_clk  |  10.00|     7.057|        2.70|
    +--------+-------+----------+------------+

+ Latency (clock cycles): 
    * Summary: 
    +--------+--------+--------+--------+---------+
    |     Latency     |     Interval    | Pipeline|
    |   min  |   max  |   min  |   max  |   Type  |
    +--------+--------+--------+--------+---------+
    |  446495|  446495|  446495|  446495|   none  |
    +--------+--------+--------+--------+---------+

    + Detail: 
        * Instance: 
        N/A

        * Loop: 
        +-----------------------------+--------+--------+----------+-----------+-----------+--------+----------+
        |                             |     Latency     | Iteration|  Initiation Interval  |  Trip  |          |
        |          Loop Name          |   min  |   max  |  Latency |  achieved |   target  |  Count | Pipelined|
        +-----------------------------+--------+--------+----------+-----------+-----------+--------+----------+
        |- GRAD_Z_OUTER_GRAD_Z_INNER  |  446493|  446493|        31|          1|          1|  446464|    yes   |
        +-----------------------------+--------+--------+----------+-----------+-----------+--------+----------+

============================================================
+ Verbose Summary: Synthesis Manager
============================================================
InlineROM: 1
ExposeGlobal: 0
============================================================
+ Verbose Summary: CDFG Model
============================================================
IsTopModel: 0
ResetActiveHigh: 1
IsCombinational: 2
IsDatapathOnly: 0
HasWiredReturn: 1
HasMFsm: 0
HasVarLatency: 1
IsPipeline: 0
IsRtlPipelined: 0
IsInstanceOverlapped: 0
IsDontTouch: 0
HasImplIP: 0
IsGatedGlobalClock: 0

+ Individual pipeline summary: 
  * Pipeline-0: initiation interval (II) = 1, depth = 31


============================================================
+ Verbose Summary: Schedule
============================================================
* Number of FSM states : 33
* Pipeline : 1
  Pipeline-0 : II = 1, D = 31, States = { 2 3 4 5 6 7 8 9 10 11 12 13 14 15 16 17 18 19 20 21 22 23 24 25 26 27 28 29 30 31 32 }
* Dataflow Pipeline: 0

* FSM state transitions: 
1 --> 
	2  / true
2 --> 
	33  / (exitcond_flatten)
	3  / (!exitcond_flatten)
3 --> 
	4  / true
4 --> 
	5  / true
5 --> 
	6  / true
6 --> 
	7  / true
7 --> 
	8  / true
8 --> 
	9  / true
9 --> 
	10  / true
10 --> 
	11  / true
11 --> 
	12  / true
12 --> 
	13  / true
13 --> 
	14  / true
14 --> 
	15  / true
15 --> 
	16  / true
16 --> 
	17  / true
17 --> 
	18  / true
18 --> 
	19  / true
19 --> 
	20  / true
20 --> 
	21  / true
21 --> 
	22  / true
22 --> 
	23  / true
23 --> 
	24  / true
24 --> 
	25  / true
25 --> 
	26  / true
26 --> 
	27  / true
27 --> 
	28  / true
28 --> 
	29  / true
29 --> 
	30  / true
30 --> 
	31  / true
31 --> 
	32  / true
32 --> 
	2  / true
33 --> 

* FSM state operations: 

State 1 <SV = 0> <Delay = 0.65>
ST_1 : Operation 34 [1/1] (0.00ns)   --->   "call void (...)* @_ssdm_op_SpecInterface(float* @frame1_a, [8 x i8]* @p_str, i32 0, i32 0, [1 x i8]* @p_str2, i32 0, i32 0, [1 x i8]* @p_str2, [1 x i8]* @p_str2, [1 x i8]* @p_str2, i32 0, i32 0, i32 0, i32 0, [1 x i8]* @p_str2, [1 x i8]* @p_str2)"   --->   Operation 34 'specinterface' <Predicate = true> <Delay = 0.00>
ST_1 : Operation 35 [1/1] (0.00ns)   --->   "call void (...)* @_ssdm_op_SpecInterface(float* @frame2_a, [8 x i8]* @p_str, i32 0, i32 0, [1 x i8]* @p_str2, i32 0, i32 0, [1 x i8]* @p_str2, [1 x i8]* @p_str2, [1 x i8]* @p_str2, i32 0, i32 0, i32 0, i32 0, [1 x i8]* @p_str2, [1 x i8]* @p_str2)"   --->   Operation 35 'specinterface' <Predicate = true> <Delay = 0.00>
ST_1 : Operation 36 [1/1] (0.00ns)   --->   "call void (...)* @_ssdm_op_SpecInterface(float* @frame3_b, [8 x i8]* @p_str, i32 0, i32 0, [1 x i8]* @p_str2, i32 0, i32 0, [1 x i8]* @p_str2, [1 x i8]* @p_str2, [1 x i8]* @p_str2, i32 0, i32 0, i32 0, i32 0, [1 x i8]* @p_str2, [1 x i8]* @p_str2)"   --->   Operation 36 'specinterface' <Predicate = true> <Delay = 0.00>
ST_1 : Operation 37 [1/1] (0.00ns)   --->   "call void (...)* @_ssdm_op_SpecInterface(float* @frame4_a, [8 x i8]* @p_str, i32 0, i32 0, [1 x i8]* @p_str2, i32 0, i32 0, [1 x i8]* @p_str2, [1 x i8]* @p_str2, [1 x i8]* @p_str2, i32 0, i32 0, i32 0, i32 0, [1 x i8]* @p_str2, [1 x i8]* @p_str2)"   --->   Operation 37 'specinterface' <Predicate = true> <Delay = 0.00>
ST_1 : Operation 38 [1/1] (0.00ns)   --->   "call void (...)* @_ssdm_op_SpecInterface(float* @frame5_a, [8 x i8]* @p_str, i32 0, i32 0, [1 x i8]* @p_str2, i32 0, i32 0, [1 x i8]* @p_str2, [1 x i8]* @p_str2, [1 x i8]* @p_str2, i32 0, i32 0, i32 0, i32 0, [1 x i8]* @p_str2, [1 x i8]* @p_str2)"   --->   Operation 38 'specinterface' <Predicate = true> <Delay = 0.00>
ST_1 : Operation 39 [1/1] (0.00ns)   --->   "call void (...)* @_ssdm_op_SpecInterface(float* @gradient_z, [8 x i8]* @p_str, i32 0, i32 0, [1 x i8]* @p_str2, i32 0, i32 0, [1 x i8]* @p_str2, [1 x i8]* @p_str2, [1 x i8]* @p_str2, i32 0, i32 0, i32 0, i32 0, [1 x i8]* @p_str2, [1 x i8]* @p_str2)"   --->   Operation 39 'specinterface' <Predicate = true> <Delay = 0.00>
ST_1 : Operation 40 [1/1] (0.65ns)   --->   "br label %1" [/home/ylxiao_seas_upenn_edu/Roseetta/rosetta/optical-flow/src/sdsoc/optical_flow.cpp:124]   --->   Operation 40 'br' <Predicate = true> <Delay = 0.65>

State 2 <SV = 1> <Delay = 1.08>
ST_2 : Operation 41 [1/1] (0.00ns)   --->   "%indvar_flatten = phi i19 [ 0, %0 ], [ %indvar_flatten_next, %.reset ]"   --->   Operation 41 'phi' 'indvar_flatten' <Predicate = true> <Delay = 0.00>
ST_2 : Operation 42 [1/1] (1.08ns)   --->   "%exitcond_flatten = icmp eq i19 %indvar_flatten, -77824"   --->   Operation 42 'icmp' 'exitcond_flatten' <Predicate = true> <Delay = 1.08> <Core = "Cmp">   --->   Core 25 'Cmp' <Latency = 0> <II = 1> <Delay = 1.08> <FuncUnit> <Opcode : 'icmp'> <InPorts = 2> <OutPorts = 1>
ST_2 : Operation 43 [1/1] (0.88ns)   --->   "%indvar_flatten_next = add i19 %indvar_flatten, 1"   --->   Operation 43 'add' 'indvar_flatten_next' <Predicate = true> <Delay = 0.88> <Core = "AddSub">   --->   Core 14 'AddSub' <Latency = 0> <II = 1> <Delay = 0.88> <FuncUnit> <Opcode : 'add' 'sub'> <InPorts = 2> <OutPorts = 1>
ST_2 : Operation 44 [1/1] (0.00ns)   --->   "br i1 %exitcond_flatten, label %2, label %.reset"   --->   Operation 44 'br' <Predicate = true> <Delay = 0.00>

State 3 <SV = 2> <Delay = 1.83>
ST_3 : Operation 45 [1/1] (1.83ns)   --->   "%frame1_a_read = call float @_ssdm_op_Read.ap_fifo.volatile.floatP(float* @frame1_a)" [/home/ylxiao_seas_upenn_edu/Roseetta/rosetta/optical-flow/src/sdsoc/optical_flow.cpp:129]   --->   Operation 45 'read' 'frame1_a_read' <Predicate = (!exitcond_flatten)> <Delay = 1.83> <Core = "FIFO">   --->   Core 32 'FIFO' <Latency = 0> <II = 1> <Delay = 1.83> <Storage> <Opcode : 'read' 'write' 'nbread' 'nbwrite'> <Ports = 0> <Width = 32> <Depth = 2> <FIFO>
ST_3 : Operation 46 [1/1] (1.83ns)   --->   "%frame2_a_read = call float @_ssdm_op_Read.ap_fifo.volatile.floatP(float* @frame2_a)" [/home/ylxiao_seas_upenn_edu/Roseetta/rosetta/optical-flow/src/sdsoc/optical_flow.cpp:129]   --->   Operation 46 'read' 'frame2_a_read' <Predicate = (!exitcond_flatten)> <Delay = 1.83> <Core = "FIFO">   --->   Core 32 'FIFO' <Latency = 0> <II = 1> <Delay = 1.83> <Storage> <Opcode : 'read' 'write' 'nbread' 'nbwrite'> <Ports = 0> <Width = 32> <Depth = 2> <FIFO>
ST_3 : Operation 47 [1/1] (1.83ns)   --->   "%frame3_b_read = call float @_ssdm_op_Read.ap_fifo.volatile.floatP(float* @frame3_b)" [/home/ylxiao_seas_upenn_edu/Roseetta/rosetta/optical-flow/src/sdsoc/optical_flow.cpp:129]   --->   Operation 47 'read' 'frame3_b_read' <Predicate = (!exitcond_flatten)> <Delay = 1.83> <Core = "FIFO">   --->   Core 32 'FIFO' <Latency = 0> <II = 1> <Delay = 1.83> <Storage> <Opcode : 'read' 'write' 'nbread' 'nbwrite'> <Ports = 0> <Width = 32> <Depth = 2> <FIFO>
ST_3 : Operation 48 [1/1] (1.83ns)   --->   "%frame4_a_read = call float @_ssdm_op_Read.ap_fifo.volatile.floatP(float* @frame4_a)" [/home/ylxiao_seas_upenn_edu/Roseetta/rosetta/optical-flow/src/sdsoc/optical_flow.cpp:129]   --->   Operation 48 'read' 'frame4_a_read' <Predicate = (!exitcond_flatten)> <Delay = 1.83> <Core = "FIFO">   --->   Core 32 'FIFO' <Latency = 0> <II = 1> <Delay = 1.83> <Storage> <Opcode : 'read' 'write' 'nbread' 'nbwrite'> <Ports = 0> <Width = 32> <Depth = 2> <FIFO>
ST_3 : Operation 49 [1/1] (1.83ns)   --->   "%frame5_a_read = call float @_ssdm_op_Read.ap_fifo.volatile.floatP(float* @frame5_a)" [/home/ylxiao_seas_upenn_edu/Roseetta/rosetta/optical-flow/src/sdsoc/optical_flow.cpp:129]   --->   Operation 49 'read' 'frame5_a_read' <Predicate = (!exitcond_flatten)> <Delay = 1.83> <Core = "FIFO">   --->   Core 32 'FIFO' <Latency = 0> <II = 1> <Delay = 1.83> <Storage> <Opcode : 'read' 'write' 'nbread' 'nbwrite'> <Ports = 0> <Width = 32> <Depth = 2> <FIFO>

State 4 <SV = 3> <Delay = 7.01>
ST_4 : Operation 50 [3/3] (7.01ns)   --->   "%tmp_13 = fmul float %frame2_a_read, -8.000000e+00" [/home/ylxiao_seas_upenn_edu/Roseetta/rosetta/optical-flow/src/sdsoc/optical_flow.cpp:129]   --->   Operation 50 'fmul' 'tmp_13' <Predicate = (!exitcond_flatten)> <Delay = 7.01> <Core = "FMul">   --->   Core 100 'FMul' <Latency = 2> <II = 1> <Delay = 7.01> <FuncUnit> <Opcode : 'fmul'> <InPorts = 2> <OutPorts = 1>

State 5 <SV = 4> <Delay = 7.01>
ST_5 : Operation 51 [2/3] (7.01ns)   --->   "%tmp_13 = fmul float %frame2_a_read, -8.000000e+00" [/home/ylxiao_seas_upenn_edu/Roseetta/rosetta/optical-flow/src/sdsoc/optical_flow.cpp:129]   --->   Operation 51 'fmul' 'tmp_13' <Predicate = (!exitcond_flatten)> <Delay = 7.01> <Core = "FMul">   --->   Core 100 'FMul' <Latency = 2> <II = 1> <Delay = 7.01> <FuncUnit> <Opcode : 'fmul'> <InPorts = 2> <OutPorts = 1>

State 6 <SV = 5> <Delay = 7.01>
ST_6 : Operation 52 [1/3] (7.01ns)   --->   "%tmp_13 = fmul float %frame2_a_read, -8.000000e+00" [/home/ylxiao_seas_upenn_edu/Roseetta/rosetta/optical-flow/src/sdsoc/optical_flow.cpp:129]   --->   Operation 52 'fmul' 'tmp_13' <Predicate = (!exitcond_flatten)> <Delay = 7.01> <Core = "FMul">   --->   Core 100 'FMul' <Latency = 2> <II = 1> <Delay = 7.01> <FuncUnit> <Opcode : 'fmul'> <InPorts = 2> <OutPorts = 1>

State 7 <SV = 6> <Delay = 6.43>
ST_7 : Operation 53 [4/4] (6.43ns)   --->   "%tmp_14 = fadd float %frame1_a_read, %tmp_13" [/home/ylxiao_seas_upenn_edu/Roseetta/rosetta/optical-flow/src/sdsoc/optical_flow.cpp:129]   --->   Operation 53 'fadd' 'tmp_14' <Predicate = (!exitcond_flatten)> <Delay = 6.43> <Core = "FAddSub">   --->   Core 99 'FAddSub' <Latency = 3> <II = 1> <Delay = 6.43> <FuncUnit> <Opcode : 'fadd' 'fsub'> <InPorts = 2> <OutPorts = 1>

State 8 <SV = 7> <Delay = 7.01>
ST_8 : Operation 54 [3/4] (6.43ns)   --->   "%tmp_14 = fadd float %frame1_a_read, %tmp_13" [/home/ylxiao_seas_upenn_edu/Roseetta/rosetta/optical-flow/src/sdsoc/optical_flow.cpp:129]   --->   Operation 54 'fadd' 'tmp_14' <Predicate = (!exitcond_flatten)> <Delay = 6.43> <Core = "FAddSub">   --->   Core 99 'FAddSub' <Latency = 3> <II = 1> <Delay = 6.43> <FuncUnit> <Opcode : 'fadd' 'fsub'> <InPorts = 2> <OutPorts = 1>
ST_8 : Operation 55 [3/3] (7.01ns)   --->   "%tmp_15 = fmul float %frame3_b_read, 0.000000e+00" [/home/ylxiao_seas_upenn_edu/Roseetta/rosetta/optical-flow/src/sdsoc/optical_flow.cpp:129]   --->   Operation 55 'fmul' 'tmp_15' <Predicate = (!exitcond_flatten)> <Delay = 7.01> <Core = "FMul">   --->   Core 100 'FMul' <Latency = 2> <II = 1> <Delay = 7.01> <FuncUnit> <Opcode : 'fmul'> <InPorts = 2> <OutPorts = 1>

State 9 <SV = 8> <Delay = 7.01>
ST_9 : Operation 56 [2/4] (6.43ns)   --->   "%tmp_14 = fadd float %frame1_a_read, %tmp_13" [/home/ylxiao_seas_upenn_edu/Roseetta/rosetta/optical-flow/src/sdsoc/optical_flow.cpp:129]   --->   Operation 56 'fadd' 'tmp_14' <Predicate = (!exitcond_flatten)> <Delay = 6.43> <Core = "FAddSub">   --->   Core 99 'FAddSub' <Latency = 3> <II = 1> <Delay = 6.43> <FuncUnit> <Opcode : 'fadd' 'fsub'> <InPorts = 2> <OutPorts = 1>
ST_9 : Operation 57 [2/3] (7.01ns)   --->   "%tmp_15 = fmul float %frame3_b_read, 0.000000e+00" [/home/ylxiao_seas_upenn_edu/Roseetta/rosetta/optical-flow/src/sdsoc/optical_flow.cpp:129]   --->   Operation 57 'fmul' 'tmp_15' <Predicate = (!exitcond_flatten)> <Delay = 7.01> <Core = "FMul">   --->   Core 100 'FMul' <Latency = 2> <II = 1> <Delay = 7.01> <FuncUnit> <Opcode : 'fmul'> <InPorts = 2> <OutPorts = 1>

State 10 <SV = 9> <Delay = 7.01>
ST_10 : Operation 58 [1/4] (6.43ns)   --->   "%tmp_14 = fadd float %frame1_a_read, %tmp_13" [/home/ylxiao_seas_upenn_edu/Roseetta/rosetta/optical-flow/src/sdsoc/optical_flow.cpp:129]   --->   Operation 58 'fadd' 'tmp_14' <Predicate = (!exitcond_flatten)> <Delay = 6.43> <Core = "FAddSub">   --->   Core 99 'FAddSub' <Latency = 3> <II = 1> <Delay = 6.43> <FuncUnit> <Opcode : 'fadd' 'fsub'> <InPorts = 2> <OutPorts = 1>
ST_10 : Operation 59 [1/3] (7.01ns)   --->   "%tmp_15 = fmul float %frame3_b_read, 0.000000e+00" [/home/ylxiao_seas_upenn_edu/Roseetta/rosetta/optical-flow/src/sdsoc/optical_flow.cpp:129]   --->   Operation 59 'fmul' 'tmp_15' <Predicate = (!exitcond_flatten)> <Delay = 7.01> <Core = "FMul">   --->   Core 100 'FMul' <Latency = 2> <II = 1> <Delay = 7.01> <FuncUnit> <Opcode : 'fmul'> <InPorts = 2> <OutPorts = 1>

State 11 <SV = 10> <Delay = 6.43>
ST_11 : Operation 60 [4/4] (6.43ns)   --->   "%tmp_16 = fadd float %tmp_14, %tmp_15" [/home/ylxiao_seas_upenn_edu/Roseetta/rosetta/optical-flow/src/sdsoc/optical_flow.cpp:129]   --->   Operation 60 'fadd' 'tmp_16' <Predicate = (!exitcond_flatten)> <Delay = 6.43> <Core = "FAddSub">   --->   Core 99 'FAddSub' <Latency = 3> <II = 1> <Delay = 6.43> <FuncUnit> <Opcode : 'fadd' 'fsub'> <InPorts = 2> <OutPorts = 1>

State 12 <SV = 11> <Delay = 7.01>
ST_12 : Operation 61 [3/4] (6.43ns)   --->   "%tmp_16 = fadd float %tmp_14, %tmp_15" [/home/ylxiao_seas_upenn_edu/Roseetta/rosetta/optical-flow/src/sdsoc/optical_flow.cpp:129]   --->   Operation 61 'fadd' 'tmp_16' <Predicate = (!exitcond_flatten)> <Delay = 6.43> <Core = "FAddSub">   --->   Core 99 'FAddSub' <Latency = 3> <II = 1> <Delay = 6.43> <FuncUnit> <Opcode : 'fadd' 'fsub'> <InPorts = 2> <OutPorts = 1>
ST_12 : Operation 62 [3/3] (7.01ns)   --->   "%tmp_17 = fmul float %frame4_a_read, 8.000000e+00" [/home/ylxiao_seas_upenn_edu/Roseetta/rosetta/optical-flow/src/sdsoc/optical_flow.cpp:129]   --->   Operation 62 'fmul' 'tmp_17' <Predicate = (!exitcond_flatten)> <Delay = 7.01> <Core = "FMul">   --->   Core 100 'FMul' <Latency = 2> <II = 1> <Delay = 7.01> <FuncUnit> <Opcode : 'fmul'> <InPorts = 2> <OutPorts = 1>

State 13 <SV = 12> <Delay = 7.01>
ST_13 : Operation 63 [2/4] (6.43ns)   --->   "%tmp_16 = fadd float %tmp_14, %tmp_15" [/home/ylxiao_seas_upenn_edu/Roseetta/rosetta/optical-flow/src/sdsoc/optical_flow.cpp:129]   --->   Operation 63 'fadd' 'tmp_16' <Predicate = (!exitcond_flatten)> <Delay = 6.43> <Core = "FAddSub">   --->   Core 99 'FAddSub' <Latency = 3> <II = 1> <Delay = 6.43> <FuncUnit> <Opcode : 'fadd' 'fsub'> <InPorts = 2> <OutPorts = 1>
ST_13 : Operation 64 [2/3] (7.01ns)   --->   "%tmp_17 = fmul float %frame4_a_read, 8.000000e+00" [/home/ylxiao_seas_upenn_edu/Roseetta/rosetta/optical-flow/src/sdsoc/optical_flow.cpp:129]   --->   Operation 64 'fmul' 'tmp_17' <Predicate = (!exitcond_flatten)> <Delay = 7.01> <Core = "FMul">   --->   Core 100 'FMul' <Latency = 2> <II = 1> <Delay = 7.01> <FuncUnit> <Opcode : 'fmul'> <InPorts = 2> <OutPorts = 1>

State 14 <SV = 13> <Delay = 7.01>
ST_14 : Operation 65 [1/4] (6.43ns)   --->   "%tmp_16 = fadd float %tmp_14, %tmp_15" [/home/ylxiao_seas_upenn_edu/Roseetta/rosetta/optical-flow/src/sdsoc/optical_flow.cpp:129]   --->   Operation 65 'fadd' 'tmp_16' <Predicate = (!exitcond_flatten)> <Delay = 6.43> <Core = "FAddSub">   --->   Core 99 'FAddSub' <Latency = 3> <II = 1> <Delay = 6.43> <FuncUnit> <Opcode : 'fadd' 'fsub'> <InPorts = 2> <OutPorts = 1>
ST_14 : Operation 66 [1/3] (7.01ns)   --->   "%tmp_17 = fmul float %frame4_a_read, 8.000000e+00" [/home/ylxiao_seas_upenn_edu/Roseetta/rosetta/optical-flow/src/sdsoc/optical_flow.cpp:129]   --->   Operation 66 'fmul' 'tmp_17' <Predicate = (!exitcond_flatten)> <Delay = 7.01> <Core = "FMul">   --->   Core 100 'FMul' <Latency = 2> <II = 1> <Delay = 7.01> <FuncUnit> <Opcode : 'fmul'> <InPorts = 2> <OutPorts = 1>

State 15 <SV = 14> <Delay = 6.43>
ST_15 : Operation 67 [4/4] (6.43ns)   --->   "%tmp_18 = fadd float %tmp_16, %tmp_17" [/home/ylxiao_seas_upenn_edu/Roseetta/rosetta/optical-flow/src/sdsoc/optical_flow.cpp:129]   --->   Operation 67 'fadd' 'tmp_18' <Predicate = (!exitcond_flatten)> <Delay = 6.43> <Core = "FAddSub">   --->   Core 99 'FAddSub' <Latency = 3> <II = 1> <Delay = 6.43> <FuncUnit> <Opcode : 'fadd' 'fsub'> <InPorts = 2> <OutPorts = 1>

State 16 <SV = 15> <Delay = 6.43>
ST_16 : Operation 68 [3/4] (6.43ns)   --->   "%tmp_18 = fadd float %tmp_16, %tmp_17" [/home/ylxiao_seas_upenn_edu/Roseetta/rosetta/optical-flow/src/sdsoc/optical_flow.cpp:129]   --->   Operation 68 'fadd' 'tmp_18' <Predicate = (!exitcond_flatten)> <Delay = 6.43> <Core = "FAddSub">   --->   Core 99 'FAddSub' <Latency = 3> <II = 1> <Delay = 6.43> <FuncUnit> <Opcode : 'fadd' 'fsub'> <InPorts = 2> <OutPorts = 1>

State 17 <SV = 16> <Delay = 6.43>
ST_17 : Operation 69 [2/4] (6.43ns)   --->   "%tmp_18 = fadd float %tmp_16, %tmp_17" [/home/ylxiao_seas_upenn_edu/Roseetta/rosetta/optical-flow/src/sdsoc/optical_flow.cpp:129]   --->   Operation 69 'fadd' 'tmp_18' <Predicate = (!exitcond_flatten)> <Delay = 6.43> <Core = "FAddSub">   --->   Core 99 'FAddSub' <Latency = 3> <II = 1> <Delay = 6.43> <FuncUnit> <Opcode : 'fadd' 'fsub'> <InPorts = 2> <OutPorts = 1>

State 18 <SV = 17> <Delay = 6.43>
ST_18 : Operation 70 [1/4] (6.43ns)   --->   "%tmp_18 = fadd float %tmp_16, %tmp_17" [/home/ylxiao_seas_upenn_edu/Roseetta/rosetta/optical-flow/src/sdsoc/optical_flow.cpp:129]   --->   Operation 70 'fadd' 'tmp_18' <Predicate = (!exitcond_flatten)> <Delay = 6.43> <Core = "FAddSub">   --->   Core 99 'FAddSub' <Latency = 3> <II = 1> <Delay = 6.43> <FuncUnit> <Opcode : 'fadd' 'fsub'> <InPorts = 2> <OutPorts = 1>

State 19 <SV = 18> <Delay = 6.78>
ST_19 : Operation 71 [1/1] (0.00ns)   --->   "%tmp_62_to_int = bitcast float %frame5_a_read to i32" [/home/ylxiao_seas_upenn_edu/Roseetta/rosetta/optical-flow/src/sdsoc/optical_flow.cpp:129]   --->   Operation 71 'bitcast' 'tmp_62_to_int' <Predicate = (!exitcond_flatten)> <Delay = 0.00>
ST_19 : Operation 72 [1/1] (0.35ns)   --->   "%tmp_62_neg = xor i32 %tmp_62_to_int, -2147483648" [/home/ylxiao_seas_upenn_edu/Roseetta/rosetta/optical-flow/src/sdsoc/optical_flow.cpp:129]   --->   Operation 72 'xor' 'tmp_62_neg' <Predicate = (!exitcond_flatten)> <Delay = 0.35> <Core = "LogicGate">   --->   Core 27 'LogicGate' <Latency = 0> <II = 1> <Delay = 0.35> <FuncUnit> <Opcode : 'and' 'or' 'xor'> <InPorts = 2> <OutPorts = 1>
ST_19 : Operation 73 [1/1] (0.00ns)   --->   "%tmp_19 = bitcast i32 %tmp_62_neg to float" [/home/ylxiao_seas_upenn_edu/Roseetta/rosetta/optical-flow/src/sdsoc/optical_flow.cpp:129]   --->   Operation 73 'bitcast' 'tmp_19' <Predicate = (!exitcond_flatten)> <Delay = 0.00>
ST_19 : Operation 74 [4/4] (6.43ns)   --->   "%tmp_20 = fadd float %tmp_18, %tmp_19" [/home/ylxiao_seas_upenn_edu/Roseetta/rosetta/optical-flow/src/sdsoc/optical_flow.cpp:129]   --->   Operation 74 'fadd' 'tmp_20' <Predicate = (!exitcond_flatten)> <Delay = 6.43> <Core = "FAddSub">   --->   Core 99 'FAddSub' <Latency = 3> <II = 1> <Delay = 6.43> <FuncUnit> <Opcode : 'fadd' 'fsub'> <InPorts = 2> <OutPorts = 1>

State 20 <SV = 19> <Delay = 6.43>
ST_20 : Operation 75 [3/4] (6.43ns)   --->   "%tmp_20 = fadd float %tmp_18, %tmp_19" [/home/ylxiao_seas_upenn_edu/Roseetta/rosetta/optical-flow/src/sdsoc/optical_flow.cpp:129]   --->   Operation 75 'fadd' 'tmp_20' <Predicate = (!exitcond_flatten)> <Delay = 6.43> <Core = "FAddSub">   --->   Core 99 'FAddSub' <Latency = 3> <II = 1> <Delay = 6.43> <FuncUnit> <Opcode : 'fadd' 'fsub'> <InPorts = 2> <OutPorts = 1>

State 21 <SV = 20> <Delay = 6.43>
ST_21 : Operation 76 [2/4] (6.43ns)   --->   "%tmp_20 = fadd float %tmp_18, %tmp_19" [/home/ylxiao_seas_upenn_edu/Roseetta/rosetta/optical-flow/src/sdsoc/optical_flow.cpp:129]   --->   Operation 76 'fadd' 'tmp_20' <Predicate = (!exitcond_flatten)> <Delay = 6.43> <Core = "FAddSub">   --->   Core 99 'FAddSub' <Latency = 3> <II = 1> <Delay = 6.43> <FuncUnit> <Opcode : 'fadd' 'fsub'> <InPorts = 2> <OutPorts = 1>

State 22 <SV = 21> <Delay = 6.43>
ST_22 : Operation 77 [1/4] (6.43ns)   --->   "%tmp_20 = fadd float %tmp_18, %tmp_19" [/home/ylxiao_seas_upenn_edu/Roseetta/rosetta/optical-flow/src/sdsoc/optical_flow.cpp:129]   --->   Operation 77 'fadd' 'tmp_20' <Predicate = (!exitcond_flatten)> <Delay = 6.43> <Core = "FAddSub">   --->   Core 99 'FAddSub' <Latency = 3> <II = 1> <Delay = 6.43> <FuncUnit> <Opcode : 'fadd' 'fsub'> <InPorts = 2> <OutPorts = 1>

State 23 <SV = 22> <Delay = 7.05>
ST_23 : Operation 78 [9/9] (7.05ns)   --->   "%tmp_21 = fdiv float %tmp_20, 1.200000e+01" [/home/ylxiao_seas_upenn_edu/Roseetta/rosetta/optical-flow/src/sdsoc/optical_flow.cpp:129]   --->   Operation 78 'fdiv' 'tmp_21' <Predicate = (!exitcond_flatten)> <Delay = 7.05> <Core = "FDiv">   --->   Core 101 'FDiv' <Latency = 8> <II = 1> <Delay = 7.05> <FuncUnit> <Opcode : 'fdiv' 'frem'> <InPorts = 2> <OutPorts = 1>

State 24 <SV = 23> <Delay = 7.05>
ST_24 : Operation 79 [8/9] (7.05ns)   --->   "%tmp_21 = fdiv float %tmp_20, 1.200000e+01" [/home/ylxiao_seas_upenn_edu/Roseetta/rosetta/optical-flow/src/sdsoc/optical_flow.cpp:129]   --->   Operation 79 'fdiv' 'tmp_21' <Predicate = (!exitcond_flatten)> <Delay = 7.05> <Core = "FDiv">   --->   Core 101 'FDiv' <Latency = 8> <II = 1> <Delay = 7.05> <FuncUnit> <Opcode : 'fdiv' 'frem'> <InPorts = 2> <OutPorts = 1>

State 25 <SV = 24> <Delay = 7.05>
ST_25 : Operation 80 [7/9] (7.05ns)   --->   "%tmp_21 = fdiv float %tmp_20, 1.200000e+01" [/home/ylxiao_seas_upenn_edu/Roseetta/rosetta/optical-flow/src/sdsoc/optical_flow.cpp:129]   --->   Operation 80 'fdiv' 'tmp_21' <Predicate = (!exitcond_flatten)> <Delay = 7.05> <Core = "FDiv">   --->   Core 101 'FDiv' <Latency = 8> <II = 1> <Delay = 7.05> <FuncUnit> <Opcode : 'fdiv' 'frem'> <InPorts = 2> <OutPorts = 1>

State 26 <SV = 25> <Delay = 7.05>
ST_26 : Operation 81 [6/9] (7.05ns)   --->   "%tmp_21 = fdiv float %tmp_20, 1.200000e+01" [/home/ylxiao_seas_upenn_edu/Roseetta/rosetta/optical-flow/src/sdsoc/optical_flow.cpp:129]   --->   Operation 81 'fdiv' 'tmp_21' <Predicate = (!exitcond_flatten)> <Delay = 7.05> <Core = "FDiv">   --->   Core 101 'FDiv' <Latency = 8> <II = 1> <Delay = 7.05> <FuncUnit> <Opcode : 'fdiv' 'frem'> <InPorts = 2> <OutPorts = 1>

State 27 <SV = 26> <Delay = 7.05>
ST_27 : Operation 82 [5/9] (7.05ns)   --->   "%tmp_21 = fdiv float %tmp_20, 1.200000e+01" [/home/ylxiao_seas_upenn_edu/Roseetta/rosetta/optical-flow/src/sdsoc/optical_flow.cpp:129]   --->   Operation 82 'fdiv' 'tmp_21' <Predicate = (!exitcond_flatten)> <Delay = 7.05> <Core = "FDiv">   --->   Core 101 'FDiv' <Latency = 8> <II = 1> <Delay = 7.05> <FuncUnit> <Opcode : 'fdiv' 'frem'> <InPorts = 2> <OutPorts = 1>

State 28 <SV = 27> <Delay = 7.05>
ST_28 : Operation 83 [4/9] (7.05ns)   --->   "%tmp_21 = fdiv float %tmp_20, 1.200000e+01" [/home/ylxiao_seas_upenn_edu/Roseetta/rosetta/optical-flow/src/sdsoc/optical_flow.cpp:129]   --->   Operation 83 'fdiv' 'tmp_21' <Predicate = (!exitcond_flatten)> <Delay = 7.05> <Core = "FDiv">   --->   Core 101 'FDiv' <Latency = 8> <II = 1> <Delay = 7.05> <FuncUnit> <Opcode : 'fdiv' 'frem'> <InPorts = 2> <OutPorts = 1>

State 29 <SV = 28> <Delay = 7.05>
ST_29 : Operation 84 [3/9] (7.05ns)   --->   "%tmp_21 = fdiv float %tmp_20, 1.200000e+01" [/home/ylxiao_seas_upenn_edu/Roseetta/rosetta/optical-flow/src/sdsoc/optical_flow.cpp:129]   --->   Operation 84 'fdiv' 'tmp_21' <Predicate = (!exitcond_flatten)> <Delay = 7.05> <Core = "FDiv">   --->   Core 101 'FDiv' <Latency = 8> <II = 1> <Delay = 7.05> <FuncUnit> <Opcode : 'fdiv' 'frem'> <InPorts = 2> <OutPorts = 1>

State 30 <SV = 29> <Delay = 7.05>
ST_30 : Operation 85 [2/9] (7.05ns)   --->   "%tmp_21 = fdiv float %tmp_20, 1.200000e+01" [/home/ylxiao_seas_upenn_edu/Roseetta/rosetta/optical-flow/src/sdsoc/optical_flow.cpp:129]   --->   Operation 85 'fdiv' 'tmp_21' <Predicate = (!exitcond_flatten)> <Delay = 7.05> <Core = "FDiv">   --->   Core 101 'FDiv' <Latency = 8> <II = 1> <Delay = 7.05> <FuncUnit> <Opcode : 'fdiv' 'frem'> <InPorts = 2> <OutPorts = 1>

State 31 <SV = 30> <Delay = 7.05>
ST_31 : Operation 86 [1/9] (7.05ns)   --->   "%tmp_21 = fdiv float %tmp_20, 1.200000e+01" [/home/ylxiao_seas_upenn_edu/Roseetta/rosetta/optical-flow/src/sdsoc/optical_flow.cpp:129]   --->   Operation 86 'fdiv' 'tmp_21' <Predicate = (!exitcond_flatten)> <Delay = 7.05> <Core = "FDiv">   --->   Core 101 'FDiv' <Latency = 8> <II = 1> <Delay = 7.05> <FuncUnit> <Opcode : 'fdiv' 'frem'> <InPorts = 2> <OutPorts = 1>

State 32 <SV = 31> <Delay = 1.83>
ST_32 : Operation 87 [1/1] (0.00ns)   --->   "call void (...)* @_ssdm_op_SpecLoopName([26 x i8]* @GRAD_Z_OUTER_GRAD_Z_s)"   --->   Operation 87 'specloopname' <Predicate = (!exitcond_flatten)> <Delay = 0.00>
ST_32 : Operation 88 [1/1] (0.00ns)   --->   "call void (...)* @_ssdm_op_SpecLoopName([13 x i8]* @p_str8) nounwind" [/home/ylxiao_seas_upenn_edu/Roseetta/rosetta/optical-flow/src/sdsoc/optical_flow.cpp:127]   --->   Operation 88 'specloopname' <Predicate = (!exitcond_flatten)> <Delay = 0.00>
ST_32 : Operation 89 [1/1] (0.00ns)   --->   "%tmp_s = call i32 (...)* @_ssdm_op_SpecRegionBegin([13 x i8]* @p_str8)" [/home/ylxiao_seas_upenn_edu/Roseetta/rosetta/optical-flow/src/sdsoc/optical_flow.cpp:127]   --->   Operation 89 'specregionbegin' 'tmp_s' <Predicate = (!exitcond_flatten)> <Delay = 0.00>
ST_32 : Operation 90 [1/1] (0.00ns)   --->   "call void (...)* @_ssdm_op_SpecPipeline(i32 1, i32 1, i32 1, i32 0, [1 x i8]* @p_str2) nounwind" [/home/ylxiao_seas_upenn_edu/Roseetta/rosetta/optical-flow/src/sdsoc/optical_flow.cpp:128]   --->   Operation 90 'specpipeline' <Predicate = (!exitcond_flatten)> <Delay = 0.00>
ST_32 : Operation 91 [1/1] (1.83ns)   --->   "call void @_ssdm_op_Write.ap_fifo.volatile.floatP(float* @gradient_z, float %tmp_21)" [/home/ylxiao_seas_upenn_edu/Roseetta/rosetta/optical-flow/src/sdsoc/optical_flow.cpp:129]   --->   Operation 91 'write' <Predicate = (!exitcond_flatten)> <Delay = 1.83> <Core = "FIFO">   --->   Core 32 'FIFO' <Latency = 0> <II = 1> <Delay = 1.83> <Storage> <Opcode : 'read' 'write' 'nbread' 'nbwrite'> <Ports = 0> <Width = 32> <Depth = 2> <FIFO>
ST_32 : Operation 92 [1/1] (0.00ns)   --->   "%empty = call i32 (...)* @_ssdm_op_SpecRegionEnd([13 x i8]* @p_str8, i32 %tmp_s)" [/home/ylxiao_seas_upenn_edu/Roseetta/rosetta/optical-flow/src/sdsoc/optical_flow.cpp:134]   --->   Operation 92 'specregionend' 'empty' <Predicate = (!exitcond_flatten)> <Delay = 0.00>
ST_32 : Operation 93 [1/1] (0.00ns)   --->   "br label %1"   --->   Operation 93 'br' <Predicate = (!exitcond_flatten)> <Delay = 0.00>

State 33 <SV = 2> <Delay = 0.00>
ST_33 : Operation 94 [1/1] (0.00ns)   --->   "ret void" [/home/ylxiao_seas_upenn_edu/Roseetta/rosetta/optical-flow/src/sdsoc/optical_flow.cpp:136]   --->   Operation 94 'ret' <Predicate = true> <Delay = 0.00>


============================================================
+ Verbose Summary: Timing violations
============================================================
Target clock period: 10ns, clock uncertainty: 2.7ns.

 <State 1>: 0.656ns
The critical path consists of the following:
	multiplexor before 'phi' operation ('indvar_flatten') with incoming values : ('indvar_flatten_next') [15]  (0.656 ns)

 <State 2>: 1.08ns
The critical path consists of the following:
	'phi' operation ('indvar_flatten') with incoming values : ('indvar_flatten_next') [15]  (0 ns)
	'icmp' operation ('exitcond_flatten') [16]  (1.08 ns)

 <State 3>: 1.84ns
The critical path consists of the following:
	fifo read on port 'frame1_a' (/home/ylxiao_seas_upenn_edu/Roseetta/rosetta/optical-flow/src/sdsoc/optical_flow.cpp:129) [24]  (1.84 ns)

 <State 4>: 7.02ns
The critical path consists of the following:
	'fmul' operation ('tmp_13', /home/ylxiao_seas_upenn_edu/Roseetta/rosetta/optical-flow/src/sdsoc/optical_flow.cpp:129) [26]  (7.02 ns)

 <State 5>: 7.02ns
The critical path consists of the following:
	'fmul' operation ('tmp_13', /home/ylxiao_seas_upenn_edu/Roseetta/rosetta/optical-flow/src/sdsoc/optical_flow.cpp:129) [26]  (7.02 ns)

 <State 6>: 7.02ns
The critical path consists of the following:
	'fmul' operation ('tmp_13', /home/ylxiao_seas_upenn_edu/Roseetta/rosetta/optical-flow/src/sdsoc/optical_flow.cpp:129) [26]  (7.02 ns)

 <State 7>: 6.44ns
The critical path consists of the following:
	'fadd' operation ('tmp_14', /home/ylxiao_seas_upenn_edu/Roseetta/rosetta/optical-flow/src/sdsoc/optical_flow.cpp:129) [27]  (6.44 ns)

 <State 8>: 7.02ns
The critical path consists of the following:
	'fmul' operation ('tmp_15', /home/ylxiao_seas_upenn_edu/Roseetta/rosetta/optical-flow/src/sdsoc/optical_flow.cpp:129) [29]  (7.02 ns)

 <State 9>: 7.02ns
The critical path consists of the following:
	'fmul' operation ('tmp_15', /home/ylxiao_seas_upenn_edu/Roseetta/rosetta/optical-flow/src/sdsoc/optical_flow.cpp:129) [29]  (7.02 ns)

 <State 10>: 7.02ns
The critical path consists of the following:
	'fmul' operation ('tmp_15', /home/ylxiao_seas_upenn_edu/Roseetta/rosetta/optical-flow/src/sdsoc/optical_flow.cpp:129) [29]  (7.02 ns)

 <State 11>: 6.44ns
The critical path consists of the following:
	'fadd' operation ('tmp_16', /home/ylxiao_seas_upenn_edu/Roseetta/rosetta/optical-flow/src/sdsoc/optical_flow.cpp:129) [30]  (6.44 ns)

 <State 12>: 7.02ns
The critical path consists of the following:
	'fmul' operation ('tmp_17', /home/ylxiao_seas_upenn_edu/Roseetta/rosetta/optical-flow/src/sdsoc/optical_flow.cpp:129) [32]  (7.02 ns)

 <State 13>: 7.02ns
The critical path consists of the following:
	'fmul' operation ('tmp_17', /home/ylxiao_seas_upenn_edu/Roseetta/rosetta/optical-flow/src/sdsoc/optical_flow.cpp:129) [32]  (7.02 ns)

 <State 14>: 7.02ns
The critical path consists of the following:
	'fmul' operation ('tmp_17', /home/ylxiao_seas_upenn_edu/Roseetta/rosetta/optical-flow/src/sdsoc/optical_flow.cpp:129) [32]  (7.02 ns)

 <State 15>: 6.44ns
The critical path consists of the following:
	'fadd' operation ('tmp_18', /home/ylxiao_seas_upenn_edu/Roseetta/rosetta/optical-flow/src/sdsoc/optical_flow.cpp:129) [33]  (6.44 ns)

 <State 16>: 6.44ns
The critical path consists of the following:
	'fadd' operation ('tmp_18', /home/ylxiao_seas_upenn_edu/Roseetta/rosetta/optical-flow/src/sdsoc/optical_flow.cpp:129) [33]  (6.44 ns)

 <State 17>: 6.44ns
The critical path consists of the following:
	'fadd' operation ('tmp_18', /home/ylxiao_seas_upenn_edu/Roseetta/rosetta/optical-flow/src/sdsoc/optical_flow.cpp:129) [33]  (6.44 ns)

 <State 18>: 6.44ns
The critical path consists of the following:
	'fadd' operation ('tmp_18', /home/ylxiao_seas_upenn_edu/Roseetta/rosetta/optical-flow/src/sdsoc/optical_flow.cpp:129) [33]  (6.44 ns)

 <State 19>: 6.79ns
The critical path consists of the following:
	'xor' operation ('tmp_62_neg', /home/ylxiao_seas_upenn_edu/Roseetta/rosetta/optical-flow/src/sdsoc/optical_flow.cpp:129) [36]  (0.351 ns)
	'fadd' operation ('tmp_20', /home/ylxiao_seas_upenn_edu/Roseetta/rosetta/optical-flow/src/sdsoc/optical_flow.cpp:129) [38]  (6.44 ns)

 <State 20>: 6.44ns
The critical path consists of the following:
	'fadd' operation ('tmp_20', /home/ylxiao_seas_upenn_edu/Roseetta/rosetta/optical-flow/src/sdsoc/optical_flow.cpp:129) [38]  (6.44 ns)

 <State 21>: 6.44ns
The critical path consists of the following:
	'fadd' operation ('tmp_20', /home/ylxiao_seas_upenn_edu/Roseetta/rosetta/optical-flow/src/sdsoc/optical_flow.cpp:129) [38]  (6.44 ns)

 <State 22>: 6.44ns
The critical path consists of the following:
	'fadd' operation ('tmp_20', /home/ylxiao_seas_upenn_edu/Roseetta/rosetta/optical-flow/src/sdsoc/optical_flow.cpp:129) [38]  (6.44 ns)

 <State 23>: 7.06ns
The critical path consists of the following:
	'fdiv' operation ('tmp_21', /home/ylxiao_seas_upenn_edu/Roseetta/rosetta/optical-flow/src/sdsoc/optical_flow.cpp:129) [39]  (7.06 ns)

 <State 24>: 7.06ns
The critical path consists of the following:
	'fdiv' operation ('tmp_21', /home/ylxiao_seas_upenn_edu/Roseetta/rosetta/optical-flow/src/sdsoc/optical_flow.cpp:129) [39]  (7.06 ns)

 <State 25>: 7.06ns
The critical path consists of the following:
	'fdiv' operation ('tmp_21', /home/ylxiao_seas_upenn_edu/Roseetta/rosetta/optical-flow/src/sdsoc/optical_flow.cpp:129) [39]  (7.06 ns)

 <State 26>: 7.06ns
The critical path consists of the following:
	'fdiv' operation ('tmp_21', /home/ylxiao_seas_upenn_edu/Roseetta/rosetta/optical-flow/src/sdsoc/optical_flow.cpp:129) [39]  (7.06 ns)

 <State 27>: 7.06ns
The critical path consists of the following:
	'fdiv' operation ('tmp_21', /home/ylxiao_seas_upenn_edu/Roseetta/rosetta/optical-flow/src/sdsoc/optical_flow.cpp:129) [39]  (7.06 ns)

 <State 28>: 7.06ns
The critical path consists of the following:
	'fdiv' operation ('tmp_21', /home/ylxiao_seas_upenn_edu/Roseetta/rosetta/optical-flow/src/sdsoc/optical_flow.cpp:129) [39]  (7.06 ns)

 <State 29>: 7.06ns
The critical path consists of the following:
	'fdiv' operation ('tmp_21', /home/ylxiao_seas_upenn_edu/Roseetta/rosetta/optical-flow/src/sdsoc/optical_flow.cpp:129) [39]  (7.06 ns)

 <State 30>: 7.06ns
The critical path consists of the following:
	'fdiv' operation ('tmp_21', /home/ylxiao_seas_upenn_edu/Roseetta/rosetta/optical-flow/src/sdsoc/optical_flow.cpp:129) [39]  (7.06 ns)

 <State 31>: 7.06ns
The critical path consists of the following:
	'fdiv' operation ('tmp_21', /home/ylxiao_seas_upenn_edu/Roseetta/rosetta/optical-flow/src/sdsoc/optical_flow.cpp:129) [39]  (7.06 ns)

 <State 32>: 1.84ns
The critical path consists of the following:
	fifo write on port 'gradient_z' (/home/ylxiao_seas_upenn_edu/Roseetta/rosetta/optical-flow/src/sdsoc/optical_flow.cpp:129) [40]  (1.84 ns)

 <State 33>: 0ns
The critical path consists of the following:


============================================================
+ Verbose Summary: Binding
============================================================
N/A
* FSMD analyzer results:
  - Output states:
 - Input state : 
  - Chain level:
	State 1
	State 2
	State 3
	State 4
	State 5
	State 6
	State 7
	State 8
	State 9
	State 10
	State 11
	State 12
	State 13
	State 14
	State 15
	State 16
	State 17
	State 18
	State 19
	State 20
	State 21
	State 22
	State 23
	State 24
	State 25
	State 26
	State 27
	State 28
	State 29
	State 30
	State 31
	State 32
	State 33


============================================================
+ Verbose Summary: Datapath Resource usage 
============================================================
N/A
