

================================================================
== Vivado HLS Report for 'Loop_FRAMES_CP_OUTER'
================================================================
* Date:           Thu Aug 13 01:50:34 2020

* Version:        2018.2 (Build 2258646 on Thu Jun 14 20:25:20 MDT 2018)
* Project:        optical_flow
* Solution:       solution
* Product family: zynquplus
* Target device:  xczu9eg-ffvb1156-2-e


================================================================
== Performance Estimates
================================================================
+ Timing (ns): 
    * Summary: 
    +--------+-------+----------+------------+
    |  Clock | Target| Estimated| Uncertainty|
    +--------+-------+----------+------------+
    |ap_clk  |  10.00|     7.057|        2.70|
    +--------+-------+----------+------------+

+ Latency (clock cycles): 
    * Summary: 
    +--------+--------+--------+--------+---------+
    |     Latency     |     Interval    | Pipeline|
    |   min  |   max  |   min  |   max  |   Type  |
    +--------+--------+--------+--------+---------+
    |  446479|  446479|  446479|  446479|   none  |
    +--------+--------+--------+--------+---------+

    + Detail: 
        * Instance: 
        N/A

        * Loop: 
        +-----------------------------------+--------+--------+----------+-----------+-----------+--------+----------+
        |                                   |     Latency     | Iteration|  Initiation Interval  |  Trip  |          |
        |             Loop Name             |   min  |   max  |  Latency |  achieved |   target  |  Count | Pipelined|
        +-----------------------------------+--------+--------+----------+-----------+-----------+--------+----------+
        |- FRAMES_CP_OUTER_FRAMES_CP_INNER  |  446477|  446477|        15|          1|          1|  446464|    yes   |
        +-----------------------------------+--------+--------+----------+-----------+-----------+--------+----------+

============================================================
+ Verbose Summary: Synthesis Manager
============================================================
InlineROM: 1
ExposeGlobal: 0
============================================================
+ Verbose Summary: CDFG Model
============================================================
IsTopModel: 0
ResetActiveHigh: 1
IsCombinational: 2
IsDatapathOnly: 0
HasWiredReturn: 1
HasMFsm: 0
HasVarLatency: 1
IsPipeline: 0
IsRtlPipelined: 0
IsInstanceOverlapped: 0
IsDontTouch: 0
HasImplIP: 0
IsGatedGlobalClock: 0

+ Individual pipeline summary: 
  * Pipeline-0: initiation interval (II) = 1, depth = 15


============================================================
+ Verbose Summary: Schedule
============================================================
* Number of FSM states : 17
* Pipeline : 1
  Pipeline-0 : II = 1, D = 15, States = { 2 3 4 5 6 7 8 9 10 11 12 13 14 15 16 }
* Dataflow Pipeline: 0

* FSM state transitions: 
1 --> 
	2  / true
2 --> 
	17  / (exitcond_flatten)
	3  / (!exitcond_flatten)
3 --> 
	4  / true
4 --> 
	5  / true
5 --> 
	6  / true
6 --> 
	7  / true
7 --> 
	8  / true
8 --> 
	9  / true
9 --> 
	10  / true
10 --> 
	11  / true
11 --> 
	12  / true
12 --> 
	13  / true
13 --> 
	14  / true
14 --> 
	15  / true
15 --> 
	16  / true
16 --> 
	2  / true
17 --> 

* FSM state operations: 

State 1 <SV = 0> <Delay = 0.65>
ST_1 : Operation 18 [1/1] (0.00ns)   --->   "call void (...)* @_ssdm_op_SpecInterface(float* @frame5_a, [8 x i8]* @ap_fifo_str, i32 0, i32 0, [1 x i8]* @p_str101, i32 0, i32 0, [1 x i8]* @p_str102, [1 x i8]* @p_str103, [1 x i8]* @p_str104, i32 2, i32 2, i32 16, i32 16, [1 x i8]* @p_str105, [1 x i8]* @p_str106)"   --->   Operation 18 'specinterface' <Predicate = true> <Delay = 0.00>
ST_1 : Operation 19 [1/1] (0.00ns)   --->   "call void (...)* @_ssdm_op_SpecInterface(float* @frame4_a, [8 x i8]* @ap_fifo_str, i32 0, i32 0, [1 x i8]* @p_str95, i32 0, i32 0, [1 x i8]* @p_str96, [1 x i8]* @p_str97, [1 x i8]* @p_str98, i32 2, i32 2, i32 16, i32 16, [1 x i8]* @p_str99, [1 x i8]* @p_str100)"   --->   Operation 19 'specinterface' <Predicate = true> <Delay = 0.00>
ST_1 : Operation 20 [1/1] (0.00ns)   --->   "call void (...)* @_ssdm_op_SpecInterface(float* @frame3_b, [8 x i8]* @ap_fifo_str, i32 0, i32 0, [1 x i8]* @p_str89, i32 0, i32 0, [1 x i8]* @p_str90, [1 x i8]* @p_str91, [1 x i8]* @p_str92, i32 2, i32 2, i32 16, i32 16, [1 x i8]* @p_str93, [1 x i8]* @p_str94)"   --->   Operation 20 'specinterface' <Predicate = true> <Delay = 0.00>
ST_1 : Operation 21 [1/1] (0.00ns)   --->   "call void (...)* @_ssdm_op_SpecInterface(float* @frame2_a, [8 x i8]* @ap_fifo_str, i32 0, i32 0, [1 x i8]* @p_str83, i32 0, i32 0, [1 x i8]* @p_str84, [1 x i8]* @p_str85, [1 x i8]* @p_str86, i32 2, i32 2, i32 16, i32 16, [1 x i8]* @p_str87, [1 x i8]* @p_str88)"   --->   Operation 21 'specinterface' <Predicate = true> <Delay = 0.00>
ST_1 : Operation 22 [1/1] (0.00ns)   --->   "call void (...)* @_ssdm_op_SpecInterface(float* @frame1_a, [8 x i8]* @ap_fifo_str, i32 0, i32 0, [1 x i8]* @p_str77, i32 0, i32 0, [1 x i8]* @p_str78, [1 x i8]* @p_str79, [1 x i8]* @p_str80, i32 2, i32 2, i32 16, i32 16, [1 x i8]* @p_str81, [1 x i8]* @p_str82)"   --->   Operation 22 'specinterface' <Predicate = true> <Delay = 0.00>
ST_1 : Operation 23 [1/1] (0.00ns)   --->   "call void (...)* @_ssdm_op_SpecInterface(float* @frame3_a, [8 x i8]* @ap_fifo_str, i32 0, i32 0, [1 x i8]* @p_str59, i32 0, i32 0, [1 x i8]* @p_str60, [1 x i8]* @p_str61, [1 x i8]* @p_str62, i32 2, i32 2, i32 16, i32 16, [1 x i8]* @p_str63, [1 x i8]* @p_str64)"   --->   Operation 23 'specinterface' <Predicate = true> <Delay = 0.00>
ST_1 : Operation 24 [1/1] (0.00ns)   --->   "call void (...)* @_ssdm_op_SpecInterface(i64* %frames_V, [8 x i8]* @p_str, i32 0, i32 0, [1 x i8]* @p_str2, i32 0, i32 0, [1 x i8]* @p_str2, [1 x i8]* @p_str2, [1 x i8]* @p_str2, i32 0, i32 0, i32 0, i32 0, [1 x i8]* @p_str2, [1 x i8]* @p_str2)"   --->   Operation 24 'specinterface' <Predicate = true> <Delay = 0.00>
ST_1 : Operation 25 [1/1] (0.65ns)   --->   "br label %0"   --->   Operation 25 'br' <Predicate = true> <Delay = 0.65>

State 2 <SV = 1> <Delay = 1.08>
ST_2 : Operation 26 [1/1] (0.00ns)   --->   "%indvar_flatten = phi i19 [ 0, %entry ], [ %indvar_flatten_next, %.reset ]"   --->   Operation 26 'phi' 'indvar_flatten' <Predicate = true> <Delay = 0.00>
ST_2 : Operation 27 [1/1] (1.08ns)   --->   "%exitcond_flatten = icmp eq i19 %indvar_flatten, -77824"   --->   Operation 27 'icmp' 'exitcond_flatten' <Predicate = true> <Delay = 1.08> <Core = "Cmp">   --->   Core 25 'Cmp' <Latency = 0> <II = 1> <Delay = 1.08> <FuncUnit> <Opcode : 'icmp'> <InPorts = 2> <OutPorts = 1>
ST_2 : Operation 28 [1/1] (0.88ns)   --->   "%indvar_flatten_next = add i19 %indvar_flatten, 1"   --->   Operation 28 'add' 'indvar_flatten_next' <Predicate = true> <Delay = 0.88> <Core = "AddSub">   --->   Core 14 'AddSub' <Latency = 0> <II = 1> <Delay = 0.88> <FuncUnit> <Opcode : 'add' 'sub'> <InPorts = 2> <OutPorts = 1>
ST_2 : Operation 29 [1/1] (0.00ns)   --->   "br i1 %exitcond_flatten, label %Loop_FRAMES_CP_OUTER_proc.exit, label %.reset"   --->   Operation 29 'br' <Predicate = true> <Delay = 0.00>

State 3 <SV = 2> <Delay = 7.03>
ST_3 : Operation 30 [1/1] (1.83ns)   --->   "%p_Val2_s = call i64 @_ssdm_op_Read.ap_fifo.volatile.i64P(i64* %frames_V)" [/home/ylxiao_seas_upenn_edu/Roseetta/rosetta/optical-flow/src/sdsoc/optical_flow.cpp:460]   --->   Operation 30 'read' 'p_Val2_s' <Predicate = (!exitcond_flatten)> <Delay = 1.83> <Core = "FIFO">   --->   Core 32 'FIFO' <Latency = 0> <II = 1> <Delay = 1.83> <Storage> <Opcode : 'read' 'write' 'nbread' 'nbwrite'> <Ports = 0> <Width = 32> <Depth = 2> <FIFO>
ST_3 : Operation 31 [1/1] (0.00ns)   --->   "%tmp = trunc i64 %p_Val2_s to i8" [/home/ylxiao_seas_upenn_edu/Roseetta/rosetta/optical-flow/src/sdsoc/optical_flow.cpp:462]   --->   Operation 31 'trunc' 'tmp' <Predicate = (!exitcond_flatten)> <Delay = 0.00>
ST_3 : Operation 32 [1/1] (0.00ns)   --->   "%tmp_46_i_i7 = zext i8 %tmp to i32" [/home/ylxiao_seas_upenn_edu/Roseetta/rosetta/optical-flow/src/sdsoc/optical_flow.cpp:462]   --->   Operation 32 'zext' 'tmp_46_i_i7' <Predicate = (!exitcond_flatten)> <Delay = 0.00>
ST_3 : Operation 33 [4/4] (5.19ns)   --->   "%tmp_46_i_i = uitofp i32 %tmp_46_i_i7 to float" [/home/ylxiao_seas_upenn_edu/Roseetta/rosetta/optical-flow/src/sdsoc/optical_flow.cpp:462]   --->   Operation 33 'uitofp' 'tmp_46_i_i' <Predicate = (!exitcond_flatten)> <Delay = 5.19> <Core = "Int2Float">   --->   Core 106 'Int2Float' <Latency = 3> <II = 1> <Delay = 5.19> <FuncUnit> <Opcode : 'sitofp' 'uitofp'> <InPorts = 1> <OutPorts = 1>
ST_3 : Operation 34 [1/1] (0.00ns)   --->   "%p_Result_1_i_i = call i8 @_ssdm_op_PartSelect.i8.i64.i32.i32(i64 %p_Val2_s, i32 8, i32 15)" [/home/ylxiao_seas_upenn_edu/Roseetta/rosetta/optical-flow/src/sdsoc/optical_flow.cpp:463]   --->   Operation 34 'partselect' 'p_Result_1_i_i' <Predicate = (!exitcond_flatten)> <Delay = 0.00>
ST_3 : Operation 35 [1/1] (0.00ns)   --->   "%tmp_48_i_i8 = zext i8 %p_Result_1_i_i to i32" [/home/ylxiao_seas_upenn_edu/Roseetta/rosetta/optical-flow/src/sdsoc/optical_flow.cpp:463]   --->   Operation 35 'zext' 'tmp_48_i_i8' <Predicate = (!exitcond_flatten)> <Delay = 0.00>
ST_3 : Operation 36 [4/4] (5.19ns)   --->   "%tmp_48_i_i = uitofp i32 %tmp_48_i_i8 to float" [/home/ylxiao_seas_upenn_edu/Roseetta/rosetta/optical-flow/src/sdsoc/optical_flow.cpp:463]   --->   Operation 36 'uitofp' 'tmp_48_i_i' <Predicate = (!exitcond_flatten)> <Delay = 5.19> <Core = "Int2Float">   --->   Core 106 'Int2Float' <Latency = 3> <II = 1> <Delay = 5.19> <FuncUnit> <Opcode : 'sitofp' 'uitofp'> <InPorts = 1> <OutPorts = 1>
ST_3 : Operation 37 [1/1] (0.00ns)   --->   "%p_Result_2_i_i = call i8 @_ssdm_op_PartSelect.i8.i64.i32.i32(i64 %p_Val2_s, i32 16, i32 23)" [/home/ylxiao_seas_upenn_edu/Roseetta/rosetta/optical-flow/src/sdsoc/optical_flow.cpp:464]   --->   Operation 37 'partselect' 'p_Result_2_i_i' <Predicate = (!exitcond_flatten)> <Delay = 0.00>
ST_3 : Operation 38 [1/1] (0.00ns)   --->   "%tmp_50_i_i9 = zext i8 %p_Result_2_i_i to i32" [/home/ylxiao_seas_upenn_edu/Roseetta/rosetta/optical-flow/src/sdsoc/optical_flow.cpp:464]   --->   Operation 38 'zext' 'tmp_50_i_i9' <Predicate = (!exitcond_flatten)> <Delay = 0.00>
ST_3 : Operation 39 [4/4] (5.19ns)   --->   "%tmp_50_i_i = uitofp i32 %tmp_50_i_i9 to float" [/home/ylxiao_seas_upenn_edu/Roseetta/rosetta/optical-flow/src/sdsoc/optical_flow.cpp:464]   --->   Operation 39 'uitofp' 'tmp_50_i_i' <Predicate = (!exitcond_flatten)> <Delay = 5.19> <Core = "Int2Float">   --->   Core 106 'Int2Float' <Latency = 3> <II = 1> <Delay = 5.19> <FuncUnit> <Opcode : 'sitofp' 'uitofp'> <InPorts = 1> <OutPorts = 1>
ST_3 : Operation 40 [1/1] (0.00ns)   --->   "%p_Result_3_i_i = call i8 @_ssdm_op_PartSelect.i8.i64.i32.i32(i64 %p_Val2_s, i32 24, i32 31)" [/home/ylxiao_seas_upenn_edu/Roseetta/rosetta/optical-flow/src/sdsoc/optical_flow.cpp:466]   --->   Operation 40 'partselect' 'p_Result_3_i_i' <Predicate = (!exitcond_flatten)> <Delay = 0.00>
ST_3 : Operation 41 [1/1] (0.00ns)   --->   "%tmp_52_i_i1 = zext i8 %p_Result_3_i_i to i32" [/home/ylxiao_seas_upenn_edu/Roseetta/rosetta/optical-flow/src/sdsoc/optical_flow.cpp:466]   --->   Operation 41 'zext' 'tmp_52_i_i1' <Predicate = (!exitcond_flatten)> <Delay = 0.00>
ST_3 : Operation 42 [4/4] (5.19ns)   --->   "%tmp_52_i_i = uitofp i32 %tmp_52_i_i1 to float" [/home/ylxiao_seas_upenn_edu/Roseetta/rosetta/optical-flow/src/sdsoc/optical_flow.cpp:466]   --->   Operation 42 'uitofp' 'tmp_52_i_i' <Predicate = (!exitcond_flatten)> <Delay = 5.19> <Core = "Int2Float">   --->   Core 106 'Int2Float' <Latency = 3> <II = 1> <Delay = 5.19> <FuncUnit> <Opcode : 'sitofp' 'uitofp'> <InPorts = 1> <OutPorts = 1>
ST_3 : Operation 43 [1/1] (0.00ns)   --->   "%p_Result_4_i_i = call i8 @_ssdm_op_PartSelect.i8.i64.i32.i32(i64 %p_Val2_s, i32 32, i32 39)" [/home/ylxiao_seas_upenn_edu/Roseetta/rosetta/optical-flow/src/sdsoc/optical_flow.cpp:467]   --->   Operation 43 'partselect' 'p_Result_4_i_i' <Predicate = (!exitcond_flatten)> <Delay = 0.00>
ST_3 : Operation 44 [1/1] (0.00ns)   --->   "%tmp_54_i_i1 = zext i8 %p_Result_4_i_i to i32" [/home/ylxiao_seas_upenn_edu/Roseetta/rosetta/optical-flow/src/sdsoc/optical_flow.cpp:467]   --->   Operation 44 'zext' 'tmp_54_i_i1' <Predicate = (!exitcond_flatten)> <Delay = 0.00>
ST_3 : Operation 45 [4/4] (5.19ns)   --->   "%tmp_54_i_i = uitofp i32 %tmp_54_i_i1 to float" [/home/ylxiao_seas_upenn_edu/Roseetta/rosetta/optical-flow/src/sdsoc/optical_flow.cpp:467]   --->   Operation 45 'uitofp' 'tmp_54_i_i' <Predicate = (!exitcond_flatten)> <Delay = 5.19> <Core = "Int2Float">   --->   Core 106 'Int2Float' <Latency = 3> <II = 1> <Delay = 5.19> <FuncUnit> <Opcode : 'sitofp' 'uitofp'> <InPorts = 1> <OutPorts = 1>

State 4 <SV = 3> <Delay = 5.19>
ST_4 : Operation 46 [3/4] (5.19ns)   --->   "%tmp_46_i_i = uitofp i32 %tmp_46_i_i7 to float" [/home/ylxiao_seas_upenn_edu/Roseetta/rosetta/optical-flow/src/sdsoc/optical_flow.cpp:462]   --->   Operation 46 'uitofp' 'tmp_46_i_i' <Predicate = (!exitcond_flatten)> <Delay = 5.19> <Core = "Int2Float">   --->   Core 106 'Int2Float' <Latency = 3> <II = 1> <Delay = 5.19> <FuncUnit> <Opcode : 'sitofp' 'uitofp'> <InPorts = 1> <OutPorts = 1>
ST_4 : Operation 47 [3/4] (5.19ns)   --->   "%tmp_48_i_i = uitofp i32 %tmp_48_i_i8 to float" [/home/ylxiao_seas_upenn_edu/Roseetta/rosetta/optical-flow/src/sdsoc/optical_flow.cpp:463]   --->   Operation 47 'uitofp' 'tmp_48_i_i' <Predicate = (!exitcond_flatten)> <Delay = 5.19> <Core = "Int2Float">   --->   Core 106 'Int2Float' <Latency = 3> <II = 1> <Delay = 5.19> <FuncUnit> <Opcode : 'sitofp' 'uitofp'> <InPorts = 1> <OutPorts = 1>
ST_4 : Operation 48 [3/4] (5.19ns)   --->   "%tmp_50_i_i = uitofp i32 %tmp_50_i_i9 to float" [/home/ylxiao_seas_upenn_edu/Roseetta/rosetta/optical-flow/src/sdsoc/optical_flow.cpp:464]   --->   Operation 48 'uitofp' 'tmp_50_i_i' <Predicate = (!exitcond_flatten)> <Delay = 5.19> <Core = "Int2Float">   --->   Core 106 'Int2Float' <Latency = 3> <II = 1> <Delay = 5.19> <FuncUnit> <Opcode : 'sitofp' 'uitofp'> <InPorts = 1> <OutPorts = 1>
ST_4 : Operation 49 [3/4] (5.19ns)   --->   "%tmp_52_i_i = uitofp i32 %tmp_52_i_i1 to float" [/home/ylxiao_seas_upenn_edu/Roseetta/rosetta/optical-flow/src/sdsoc/optical_flow.cpp:466]   --->   Operation 49 'uitofp' 'tmp_52_i_i' <Predicate = (!exitcond_flatten)> <Delay = 5.19> <Core = "Int2Float">   --->   Core 106 'Int2Float' <Latency = 3> <II = 1> <Delay = 5.19> <FuncUnit> <Opcode : 'sitofp' 'uitofp'> <InPorts = 1> <OutPorts = 1>
ST_4 : Operation 50 [3/4] (5.19ns)   --->   "%tmp_54_i_i = uitofp i32 %tmp_54_i_i1 to float" [/home/ylxiao_seas_upenn_edu/Roseetta/rosetta/optical-flow/src/sdsoc/optical_flow.cpp:467]   --->   Operation 50 'uitofp' 'tmp_54_i_i' <Predicate = (!exitcond_flatten)> <Delay = 5.19> <Core = "Int2Float">   --->   Core 106 'Int2Float' <Latency = 3> <II = 1> <Delay = 5.19> <FuncUnit> <Opcode : 'sitofp' 'uitofp'> <InPorts = 1> <OutPorts = 1>

State 5 <SV = 4> <Delay = 5.19>
ST_5 : Operation 51 [2/4] (5.19ns)   --->   "%tmp_46_i_i = uitofp i32 %tmp_46_i_i7 to float" [/home/ylxiao_seas_upenn_edu/Roseetta/rosetta/optical-flow/src/sdsoc/optical_flow.cpp:462]   --->   Operation 51 'uitofp' 'tmp_46_i_i' <Predicate = (!exitcond_flatten)> <Delay = 5.19> <Core = "Int2Float">   --->   Core 106 'Int2Float' <Latency = 3> <II = 1> <Delay = 5.19> <FuncUnit> <Opcode : 'sitofp' 'uitofp'> <InPorts = 1> <OutPorts = 1>
ST_5 : Operation 52 [2/4] (5.19ns)   --->   "%tmp_48_i_i = uitofp i32 %tmp_48_i_i8 to float" [/home/ylxiao_seas_upenn_edu/Roseetta/rosetta/optical-flow/src/sdsoc/optical_flow.cpp:463]   --->   Operation 52 'uitofp' 'tmp_48_i_i' <Predicate = (!exitcond_flatten)> <Delay = 5.19> <Core = "Int2Float">   --->   Core 106 'Int2Float' <Latency = 3> <II = 1> <Delay = 5.19> <FuncUnit> <Opcode : 'sitofp' 'uitofp'> <InPorts = 1> <OutPorts = 1>
ST_5 : Operation 53 [2/4] (5.19ns)   --->   "%tmp_50_i_i = uitofp i32 %tmp_50_i_i9 to float" [/home/ylxiao_seas_upenn_edu/Roseetta/rosetta/optical-flow/src/sdsoc/optical_flow.cpp:464]   --->   Operation 53 'uitofp' 'tmp_50_i_i' <Predicate = (!exitcond_flatten)> <Delay = 5.19> <Core = "Int2Float">   --->   Core 106 'Int2Float' <Latency = 3> <II = 1> <Delay = 5.19> <FuncUnit> <Opcode : 'sitofp' 'uitofp'> <InPorts = 1> <OutPorts = 1>
ST_5 : Operation 54 [2/4] (5.19ns)   --->   "%tmp_52_i_i = uitofp i32 %tmp_52_i_i1 to float" [/home/ylxiao_seas_upenn_edu/Roseetta/rosetta/optical-flow/src/sdsoc/optical_flow.cpp:466]   --->   Operation 54 'uitofp' 'tmp_52_i_i' <Predicate = (!exitcond_flatten)> <Delay = 5.19> <Core = "Int2Float">   --->   Core 106 'Int2Float' <Latency = 3> <II = 1> <Delay = 5.19> <FuncUnit> <Opcode : 'sitofp' 'uitofp'> <InPorts = 1> <OutPorts = 1>
ST_5 : Operation 55 [2/4] (5.19ns)   --->   "%tmp_54_i_i = uitofp i32 %tmp_54_i_i1 to float" [/home/ylxiao_seas_upenn_edu/Roseetta/rosetta/optical-flow/src/sdsoc/optical_flow.cpp:467]   --->   Operation 55 'uitofp' 'tmp_54_i_i' <Predicate = (!exitcond_flatten)> <Delay = 5.19> <Core = "Int2Float">   --->   Core 106 'Int2Float' <Latency = 3> <II = 1> <Delay = 5.19> <FuncUnit> <Opcode : 'sitofp' 'uitofp'> <InPorts = 1> <OutPorts = 1>

State 6 <SV = 5> <Delay = 5.19>
ST_6 : Operation 56 [1/4] (5.19ns)   --->   "%tmp_46_i_i = uitofp i32 %tmp_46_i_i7 to float" [/home/ylxiao_seas_upenn_edu/Roseetta/rosetta/optical-flow/src/sdsoc/optical_flow.cpp:462]   --->   Operation 56 'uitofp' 'tmp_46_i_i' <Predicate = (!exitcond_flatten)> <Delay = 5.19> <Core = "Int2Float">   --->   Core 106 'Int2Float' <Latency = 3> <II = 1> <Delay = 5.19> <FuncUnit> <Opcode : 'sitofp' 'uitofp'> <InPorts = 1> <OutPorts = 1>
ST_6 : Operation 57 [1/4] (5.19ns)   --->   "%tmp_48_i_i = uitofp i32 %tmp_48_i_i8 to float" [/home/ylxiao_seas_upenn_edu/Roseetta/rosetta/optical-flow/src/sdsoc/optical_flow.cpp:463]   --->   Operation 57 'uitofp' 'tmp_48_i_i' <Predicate = (!exitcond_flatten)> <Delay = 5.19> <Core = "Int2Float">   --->   Core 106 'Int2Float' <Latency = 3> <II = 1> <Delay = 5.19> <FuncUnit> <Opcode : 'sitofp' 'uitofp'> <InPorts = 1> <OutPorts = 1>
ST_6 : Operation 58 [1/4] (5.19ns)   --->   "%tmp_50_i_i = uitofp i32 %tmp_50_i_i9 to float" [/home/ylxiao_seas_upenn_edu/Roseetta/rosetta/optical-flow/src/sdsoc/optical_flow.cpp:464]   --->   Operation 58 'uitofp' 'tmp_50_i_i' <Predicate = (!exitcond_flatten)> <Delay = 5.19> <Core = "Int2Float">   --->   Core 106 'Int2Float' <Latency = 3> <II = 1> <Delay = 5.19> <FuncUnit> <Opcode : 'sitofp' 'uitofp'> <InPorts = 1> <OutPorts = 1>
ST_6 : Operation 59 [1/4] (5.19ns)   --->   "%tmp_52_i_i = uitofp i32 %tmp_52_i_i1 to float" [/home/ylxiao_seas_upenn_edu/Roseetta/rosetta/optical-flow/src/sdsoc/optical_flow.cpp:466]   --->   Operation 59 'uitofp' 'tmp_52_i_i' <Predicate = (!exitcond_flatten)> <Delay = 5.19> <Core = "Int2Float">   --->   Core 106 'Int2Float' <Latency = 3> <II = 1> <Delay = 5.19> <FuncUnit> <Opcode : 'sitofp' 'uitofp'> <InPorts = 1> <OutPorts = 1>
ST_6 : Operation 60 [1/4] (5.19ns)   --->   "%tmp_54_i_i = uitofp i32 %tmp_54_i_i1 to float" [/home/ylxiao_seas_upenn_edu/Roseetta/rosetta/optical-flow/src/sdsoc/optical_flow.cpp:467]   --->   Operation 60 'uitofp' 'tmp_54_i_i' <Predicate = (!exitcond_flatten)> <Delay = 5.19> <Core = "Int2Float">   --->   Core 106 'Int2Float' <Latency = 3> <II = 1> <Delay = 5.19> <FuncUnit> <Opcode : 'sitofp' 'uitofp'> <InPorts = 1> <OutPorts = 1>

State 7 <SV = 6> <Delay = 7.05>
ST_7 : Operation 61 [9/9] (7.05ns)   --->   "%tmp_47_i_i = fdiv float %tmp_46_i_i, 2.550000e+02" [/home/ylxiao_seas_upenn_edu/Roseetta/rosetta/optical-flow/src/sdsoc/optical_flow.cpp:462]   --->   Operation 61 'fdiv' 'tmp_47_i_i' <Predicate = (!exitcond_flatten)> <Delay = 7.05> <Core = "FDiv">   --->   Core 101 'FDiv' <Latency = 8> <II = 1> <Delay = 7.05> <FuncUnit> <Opcode : 'fdiv' 'frem'> <InPorts = 2> <OutPorts = 1>
ST_7 : Operation 62 [9/9] (7.05ns)   --->   "%tmp_49_i_i = fdiv float %tmp_48_i_i, 2.550000e+02" [/home/ylxiao_seas_upenn_edu/Roseetta/rosetta/optical-flow/src/sdsoc/optical_flow.cpp:463]   --->   Operation 62 'fdiv' 'tmp_49_i_i' <Predicate = (!exitcond_flatten)> <Delay = 7.05> <Core = "FDiv">   --->   Core 101 'FDiv' <Latency = 8> <II = 1> <Delay = 7.05> <FuncUnit> <Opcode : 'fdiv' 'frem'> <InPorts = 2> <OutPorts = 1>
ST_7 : Operation 63 [9/9] (7.05ns)   --->   "%tmp_51_i_i = fdiv float %tmp_50_i_i, 2.550000e+02" [/home/ylxiao_seas_upenn_edu/Roseetta/rosetta/optical-flow/src/sdsoc/optical_flow.cpp:464]   --->   Operation 63 'fdiv' 'tmp_51_i_i' <Predicate = (!exitcond_flatten)> <Delay = 7.05> <Core = "FDiv">   --->   Core 101 'FDiv' <Latency = 8> <II = 1> <Delay = 7.05> <FuncUnit> <Opcode : 'fdiv' 'frem'> <InPorts = 2> <OutPorts = 1>
ST_7 : Operation 64 [9/9] (7.05ns)   --->   "%tmp_53_i_i = fdiv float %tmp_52_i_i, 2.550000e+02" [/home/ylxiao_seas_upenn_edu/Roseetta/rosetta/optical-flow/src/sdsoc/optical_flow.cpp:466]   --->   Operation 64 'fdiv' 'tmp_53_i_i' <Predicate = (!exitcond_flatten)> <Delay = 7.05> <Core = "FDiv">   --->   Core 101 'FDiv' <Latency = 8> <II = 1> <Delay = 7.05> <FuncUnit> <Opcode : 'fdiv' 'frem'> <InPorts = 2> <OutPorts = 1>
ST_7 : Operation 65 [9/9] (7.05ns)   --->   "%tmp_55_i_i = fdiv float %tmp_54_i_i, 2.550000e+02" [/home/ylxiao_seas_upenn_edu/Roseetta/rosetta/optical-flow/src/sdsoc/optical_flow.cpp:467]   --->   Operation 65 'fdiv' 'tmp_55_i_i' <Predicate = (!exitcond_flatten)> <Delay = 7.05> <Core = "FDiv">   --->   Core 101 'FDiv' <Latency = 8> <II = 1> <Delay = 7.05> <FuncUnit> <Opcode : 'fdiv' 'frem'> <InPorts = 2> <OutPorts = 1>

State 8 <SV = 7> <Delay = 7.05>
ST_8 : Operation 66 [8/9] (7.05ns)   --->   "%tmp_47_i_i = fdiv float %tmp_46_i_i, 2.550000e+02" [/home/ylxiao_seas_upenn_edu/Roseetta/rosetta/optical-flow/src/sdsoc/optical_flow.cpp:462]   --->   Operation 66 'fdiv' 'tmp_47_i_i' <Predicate = (!exitcond_flatten)> <Delay = 7.05> <Core = "FDiv">   --->   Core 101 'FDiv' <Latency = 8> <II = 1> <Delay = 7.05> <FuncUnit> <Opcode : 'fdiv' 'frem'> <InPorts = 2> <OutPorts = 1>
ST_8 : Operation 67 [8/9] (7.05ns)   --->   "%tmp_49_i_i = fdiv float %tmp_48_i_i, 2.550000e+02" [/home/ylxiao_seas_upenn_edu/Roseetta/rosetta/optical-flow/src/sdsoc/optical_flow.cpp:463]   --->   Operation 67 'fdiv' 'tmp_49_i_i' <Predicate = (!exitcond_flatten)> <Delay = 7.05> <Core = "FDiv">   --->   Core 101 'FDiv' <Latency = 8> <II = 1> <Delay = 7.05> <FuncUnit> <Opcode : 'fdiv' 'frem'> <InPorts = 2> <OutPorts = 1>
ST_8 : Operation 68 [8/9] (7.05ns)   --->   "%tmp_51_i_i = fdiv float %tmp_50_i_i, 2.550000e+02" [/home/ylxiao_seas_upenn_edu/Roseetta/rosetta/optical-flow/src/sdsoc/optical_flow.cpp:464]   --->   Operation 68 'fdiv' 'tmp_51_i_i' <Predicate = (!exitcond_flatten)> <Delay = 7.05> <Core = "FDiv">   --->   Core 101 'FDiv' <Latency = 8> <II = 1> <Delay = 7.05> <FuncUnit> <Opcode : 'fdiv' 'frem'> <InPorts = 2> <OutPorts = 1>
ST_8 : Operation 69 [8/9] (7.05ns)   --->   "%tmp_53_i_i = fdiv float %tmp_52_i_i, 2.550000e+02" [/home/ylxiao_seas_upenn_edu/Roseetta/rosetta/optical-flow/src/sdsoc/optical_flow.cpp:466]   --->   Operation 69 'fdiv' 'tmp_53_i_i' <Predicate = (!exitcond_flatten)> <Delay = 7.05> <Core = "FDiv">   --->   Core 101 'FDiv' <Latency = 8> <II = 1> <Delay = 7.05> <FuncUnit> <Opcode : 'fdiv' 'frem'> <InPorts = 2> <OutPorts = 1>
ST_8 : Operation 70 [8/9] (7.05ns)   --->   "%tmp_55_i_i = fdiv float %tmp_54_i_i, 2.550000e+02" [/home/ylxiao_seas_upenn_edu/Roseetta/rosetta/optical-flow/src/sdsoc/optical_flow.cpp:467]   --->   Operation 70 'fdiv' 'tmp_55_i_i' <Predicate = (!exitcond_flatten)> <Delay = 7.05> <Core = "FDiv">   --->   Core 101 'FDiv' <Latency = 8> <II = 1> <Delay = 7.05> <FuncUnit> <Opcode : 'fdiv' 'frem'> <InPorts = 2> <OutPorts = 1>

State 9 <SV = 8> <Delay = 7.05>
ST_9 : Operation 71 [7/9] (7.05ns)   --->   "%tmp_47_i_i = fdiv float %tmp_46_i_i, 2.550000e+02" [/home/ylxiao_seas_upenn_edu/Roseetta/rosetta/optical-flow/src/sdsoc/optical_flow.cpp:462]   --->   Operation 71 'fdiv' 'tmp_47_i_i' <Predicate = (!exitcond_flatten)> <Delay = 7.05> <Core = "FDiv">   --->   Core 101 'FDiv' <Latency = 8> <II = 1> <Delay = 7.05> <FuncUnit> <Opcode : 'fdiv' 'frem'> <InPorts = 2> <OutPorts = 1>
ST_9 : Operation 72 [7/9] (7.05ns)   --->   "%tmp_49_i_i = fdiv float %tmp_48_i_i, 2.550000e+02" [/home/ylxiao_seas_upenn_edu/Roseetta/rosetta/optical-flow/src/sdsoc/optical_flow.cpp:463]   --->   Operation 72 'fdiv' 'tmp_49_i_i' <Predicate = (!exitcond_flatten)> <Delay = 7.05> <Core = "FDiv">   --->   Core 101 'FDiv' <Latency = 8> <II = 1> <Delay = 7.05> <FuncUnit> <Opcode : 'fdiv' 'frem'> <InPorts = 2> <OutPorts = 1>
ST_9 : Operation 73 [7/9] (7.05ns)   --->   "%tmp_51_i_i = fdiv float %tmp_50_i_i, 2.550000e+02" [/home/ylxiao_seas_upenn_edu/Roseetta/rosetta/optical-flow/src/sdsoc/optical_flow.cpp:464]   --->   Operation 73 'fdiv' 'tmp_51_i_i' <Predicate = (!exitcond_flatten)> <Delay = 7.05> <Core = "FDiv">   --->   Core 101 'FDiv' <Latency = 8> <II = 1> <Delay = 7.05> <FuncUnit> <Opcode : 'fdiv' 'frem'> <InPorts = 2> <OutPorts = 1>
ST_9 : Operation 74 [7/9] (7.05ns)   --->   "%tmp_53_i_i = fdiv float %tmp_52_i_i, 2.550000e+02" [/home/ylxiao_seas_upenn_edu/Roseetta/rosetta/optical-flow/src/sdsoc/optical_flow.cpp:466]   --->   Operation 74 'fdiv' 'tmp_53_i_i' <Predicate = (!exitcond_flatten)> <Delay = 7.05> <Core = "FDiv">   --->   Core 101 'FDiv' <Latency = 8> <II = 1> <Delay = 7.05> <FuncUnit> <Opcode : 'fdiv' 'frem'> <InPorts = 2> <OutPorts = 1>
ST_9 : Operation 75 [7/9] (7.05ns)   --->   "%tmp_55_i_i = fdiv float %tmp_54_i_i, 2.550000e+02" [/home/ylxiao_seas_upenn_edu/Roseetta/rosetta/optical-flow/src/sdsoc/optical_flow.cpp:467]   --->   Operation 75 'fdiv' 'tmp_55_i_i' <Predicate = (!exitcond_flatten)> <Delay = 7.05> <Core = "FDiv">   --->   Core 101 'FDiv' <Latency = 8> <II = 1> <Delay = 7.05> <FuncUnit> <Opcode : 'fdiv' 'frem'> <InPorts = 2> <OutPorts = 1>

State 10 <SV = 9> <Delay = 7.05>
ST_10 : Operation 76 [6/9] (7.05ns)   --->   "%tmp_47_i_i = fdiv float %tmp_46_i_i, 2.550000e+02" [/home/ylxiao_seas_upenn_edu/Roseetta/rosetta/optical-flow/src/sdsoc/optical_flow.cpp:462]   --->   Operation 76 'fdiv' 'tmp_47_i_i' <Predicate = (!exitcond_flatten)> <Delay = 7.05> <Core = "FDiv">   --->   Core 101 'FDiv' <Latency = 8> <II = 1> <Delay = 7.05> <FuncUnit> <Opcode : 'fdiv' 'frem'> <InPorts = 2> <OutPorts = 1>
ST_10 : Operation 77 [6/9] (7.05ns)   --->   "%tmp_49_i_i = fdiv float %tmp_48_i_i, 2.550000e+02" [/home/ylxiao_seas_upenn_edu/Roseetta/rosetta/optical-flow/src/sdsoc/optical_flow.cpp:463]   --->   Operation 77 'fdiv' 'tmp_49_i_i' <Predicate = (!exitcond_flatten)> <Delay = 7.05> <Core = "FDiv">   --->   Core 101 'FDiv' <Latency = 8> <II = 1> <Delay = 7.05> <FuncUnit> <Opcode : 'fdiv' 'frem'> <InPorts = 2> <OutPorts = 1>
ST_10 : Operation 78 [6/9] (7.05ns)   --->   "%tmp_51_i_i = fdiv float %tmp_50_i_i, 2.550000e+02" [/home/ylxiao_seas_upenn_edu/Roseetta/rosetta/optical-flow/src/sdsoc/optical_flow.cpp:464]   --->   Operation 78 'fdiv' 'tmp_51_i_i' <Predicate = (!exitcond_flatten)> <Delay = 7.05> <Core = "FDiv">   --->   Core 101 'FDiv' <Latency = 8> <II = 1> <Delay = 7.05> <FuncUnit> <Opcode : 'fdiv' 'frem'> <InPorts = 2> <OutPorts = 1>
ST_10 : Operation 79 [6/9] (7.05ns)   --->   "%tmp_53_i_i = fdiv float %tmp_52_i_i, 2.550000e+02" [/home/ylxiao_seas_upenn_edu/Roseetta/rosetta/optical-flow/src/sdsoc/optical_flow.cpp:466]   --->   Operation 79 'fdiv' 'tmp_53_i_i' <Predicate = (!exitcond_flatten)> <Delay = 7.05> <Core = "FDiv">   --->   Core 101 'FDiv' <Latency = 8> <II = 1> <Delay = 7.05> <FuncUnit> <Opcode : 'fdiv' 'frem'> <InPorts = 2> <OutPorts = 1>
ST_10 : Operation 80 [6/9] (7.05ns)   --->   "%tmp_55_i_i = fdiv float %tmp_54_i_i, 2.550000e+02" [/home/ylxiao_seas_upenn_edu/Roseetta/rosetta/optical-flow/src/sdsoc/optical_flow.cpp:467]   --->   Operation 80 'fdiv' 'tmp_55_i_i' <Predicate = (!exitcond_flatten)> <Delay = 7.05> <Core = "FDiv">   --->   Core 101 'FDiv' <Latency = 8> <II = 1> <Delay = 7.05> <FuncUnit> <Opcode : 'fdiv' 'frem'> <InPorts = 2> <OutPorts = 1>

State 11 <SV = 10> <Delay = 7.05>
ST_11 : Operation 81 [5/9] (7.05ns)   --->   "%tmp_47_i_i = fdiv float %tmp_46_i_i, 2.550000e+02" [/home/ylxiao_seas_upenn_edu/Roseetta/rosetta/optical-flow/src/sdsoc/optical_flow.cpp:462]   --->   Operation 81 'fdiv' 'tmp_47_i_i' <Predicate = (!exitcond_flatten)> <Delay = 7.05> <Core = "FDiv">   --->   Core 101 'FDiv' <Latency = 8> <II = 1> <Delay = 7.05> <FuncUnit> <Opcode : 'fdiv' 'frem'> <InPorts = 2> <OutPorts = 1>
ST_11 : Operation 82 [5/9] (7.05ns)   --->   "%tmp_49_i_i = fdiv float %tmp_48_i_i, 2.550000e+02" [/home/ylxiao_seas_upenn_edu/Roseetta/rosetta/optical-flow/src/sdsoc/optical_flow.cpp:463]   --->   Operation 82 'fdiv' 'tmp_49_i_i' <Predicate = (!exitcond_flatten)> <Delay = 7.05> <Core = "FDiv">   --->   Core 101 'FDiv' <Latency = 8> <II = 1> <Delay = 7.05> <FuncUnit> <Opcode : 'fdiv' 'frem'> <InPorts = 2> <OutPorts = 1>
ST_11 : Operation 83 [5/9] (7.05ns)   --->   "%tmp_51_i_i = fdiv float %tmp_50_i_i, 2.550000e+02" [/home/ylxiao_seas_upenn_edu/Roseetta/rosetta/optical-flow/src/sdsoc/optical_flow.cpp:464]   --->   Operation 83 'fdiv' 'tmp_51_i_i' <Predicate = (!exitcond_flatten)> <Delay = 7.05> <Core = "FDiv">   --->   Core 101 'FDiv' <Latency = 8> <II = 1> <Delay = 7.05> <FuncUnit> <Opcode : 'fdiv' 'frem'> <InPorts = 2> <OutPorts = 1>
ST_11 : Operation 84 [5/9] (7.05ns)   --->   "%tmp_53_i_i = fdiv float %tmp_52_i_i, 2.550000e+02" [/home/ylxiao_seas_upenn_edu/Roseetta/rosetta/optical-flow/src/sdsoc/optical_flow.cpp:466]   --->   Operation 84 'fdiv' 'tmp_53_i_i' <Predicate = (!exitcond_flatten)> <Delay = 7.05> <Core = "FDiv">   --->   Core 101 'FDiv' <Latency = 8> <II = 1> <Delay = 7.05> <FuncUnit> <Opcode : 'fdiv' 'frem'> <InPorts = 2> <OutPorts = 1>
ST_11 : Operation 85 [5/9] (7.05ns)   --->   "%tmp_55_i_i = fdiv float %tmp_54_i_i, 2.550000e+02" [/home/ylxiao_seas_upenn_edu/Roseetta/rosetta/optical-flow/src/sdsoc/optical_flow.cpp:467]   --->   Operation 85 'fdiv' 'tmp_55_i_i' <Predicate = (!exitcond_flatten)> <Delay = 7.05> <Core = "FDiv">   --->   Core 101 'FDiv' <Latency = 8> <II = 1> <Delay = 7.05> <FuncUnit> <Opcode : 'fdiv' 'frem'> <InPorts = 2> <OutPorts = 1>

State 12 <SV = 11> <Delay = 7.05>
ST_12 : Operation 86 [4/9] (7.05ns)   --->   "%tmp_47_i_i = fdiv float %tmp_46_i_i, 2.550000e+02" [/home/ylxiao_seas_upenn_edu/Roseetta/rosetta/optical-flow/src/sdsoc/optical_flow.cpp:462]   --->   Operation 86 'fdiv' 'tmp_47_i_i' <Predicate = (!exitcond_flatten)> <Delay = 7.05> <Core = "FDiv">   --->   Core 101 'FDiv' <Latency = 8> <II = 1> <Delay = 7.05> <FuncUnit> <Opcode : 'fdiv' 'frem'> <InPorts = 2> <OutPorts = 1>
ST_12 : Operation 87 [4/9] (7.05ns)   --->   "%tmp_49_i_i = fdiv float %tmp_48_i_i, 2.550000e+02" [/home/ylxiao_seas_upenn_edu/Roseetta/rosetta/optical-flow/src/sdsoc/optical_flow.cpp:463]   --->   Operation 87 'fdiv' 'tmp_49_i_i' <Predicate = (!exitcond_flatten)> <Delay = 7.05> <Core = "FDiv">   --->   Core 101 'FDiv' <Latency = 8> <II = 1> <Delay = 7.05> <FuncUnit> <Opcode : 'fdiv' 'frem'> <InPorts = 2> <OutPorts = 1>
ST_12 : Operation 88 [4/9] (7.05ns)   --->   "%tmp_51_i_i = fdiv float %tmp_50_i_i, 2.550000e+02" [/home/ylxiao_seas_upenn_edu/Roseetta/rosetta/optical-flow/src/sdsoc/optical_flow.cpp:464]   --->   Operation 88 'fdiv' 'tmp_51_i_i' <Predicate = (!exitcond_flatten)> <Delay = 7.05> <Core = "FDiv">   --->   Core 101 'FDiv' <Latency = 8> <II = 1> <Delay = 7.05> <FuncUnit> <Opcode : 'fdiv' 'frem'> <InPorts = 2> <OutPorts = 1>
ST_12 : Operation 89 [4/9] (7.05ns)   --->   "%tmp_53_i_i = fdiv float %tmp_52_i_i, 2.550000e+02" [/home/ylxiao_seas_upenn_edu/Roseetta/rosetta/optical-flow/src/sdsoc/optical_flow.cpp:466]   --->   Operation 89 'fdiv' 'tmp_53_i_i' <Predicate = (!exitcond_flatten)> <Delay = 7.05> <Core = "FDiv">   --->   Core 101 'FDiv' <Latency = 8> <II = 1> <Delay = 7.05> <FuncUnit> <Opcode : 'fdiv' 'frem'> <InPorts = 2> <OutPorts = 1>
ST_12 : Operation 90 [4/9] (7.05ns)   --->   "%tmp_55_i_i = fdiv float %tmp_54_i_i, 2.550000e+02" [/home/ylxiao_seas_upenn_edu/Roseetta/rosetta/optical-flow/src/sdsoc/optical_flow.cpp:467]   --->   Operation 90 'fdiv' 'tmp_55_i_i' <Predicate = (!exitcond_flatten)> <Delay = 7.05> <Core = "FDiv">   --->   Core 101 'FDiv' <Latency = 8> <II = 1> <Delay = 7.05> <FuncUnit> <Opcode : 'fdiv' 'frem'> <InPorts = 2> <OutPorts = 1>

State 13 <SV = 12> <Delay = 7.05>
ST_13 : Operation 91 [3/9] (7.05ns)   --->   "%tmp_47_i_i = fdiv float %tmp_46_i_i, 2.550000e+02" [/home/ylxiao_seas_upenn_edu/Roseetta/rosetta/optical-flow/src/sdsoc/optical_flow.cpp:462]   --->   Operation 91 'fdiv' 'tmp_47_i_i' <Predicate = (!exitcond_flatten)> <Delay = 7.05> <Core = "FDiv">   --->   Core 101 'FDiv' <Latency = 8> <II = 1> <Delay = 7.05> <FuncUnit> <Opcode : 'fdiv' 'frem'> <InPorts = 2> <OutPorts = 1>
ST_13 : Operation 92 [3/9] (7.05ns)   --->   "%tmp_49_i_i = fdiv float %tmp_48_i_i, 2.550000e+02" [/home/ylxiao_seas_upenn_edu/Roseetta/rosetta/optical-flow/src/sdsoc/optical_flow.cpp:463]   --->   Operation 92 'fdiv' 'tmp_49_i_i' <Predicate = (!exitcond_flatten)> <Delay = 7.05> <Core = "FDiv">   --->   Core 101 'FDiv' <Latency = 8> <II = 1> <Delay = 7.05> <FuncUnit> <Opcode : 'fdiv' 'frem'> <InPorts = 2> <OutPorts = 1>
ST_13 : Operation 93 [3/9] (7.05ns)   --->   "%tmp_51_i_i = fdiv float %tmp_50_i_i, 2.550000e+02" [/home/ylxiao_seas_upenn_edu/Roseetta/rosetta/optical-flow/src/sdsoc/optical_flow.cpp:464]   --->   Operation 93 'fdiv' 'tmp_51_i_i' <Predicate = (!exitcond_flatten)> <Delay = 7.05> <Core = "FDiv">   --->   Core 101 'FDiv' <Latency = 8> <II = 1> <Delay = 7.05> <FuncUnit> <Opcode : 'fdiv' 'frem'> <InPorts = 2> <OutPorts = 1>
ST_13 : Operation 94 [3/9] (7.05ns)   --->   "%tmp_53_i_i = fdiv float %tmp_52_i_i, 2.550000e+02" [/home/ylxiao_seas_upenn_edu/Roseetta/rosetta/optical-flow/src/sdsoc/optical_flow.cpp:466]   --->   Operation 94 'fdiv' 'tmp_53_i_i' <Predicate = (!exitcond_flatten)> <Delay = 7.05> <Core = "FDiv">   --->   Core 101 'FDiv' <Latency = 8> <II = 1> <Delay = 7.05> <FuncUnit> <Opcode : 'fdiv' 'frem'> <InPorts = 2> <OutPorts = 1>
ST_13 : Operation 95 [3/9] (7.05ns)   --->   "%tmp_55_i_i = fdiv float %tmp_54_i_i, 2.550000e+02" [/home/ylxiao_seas_upenn_edu/Roseetta/rosetta/optical-flow/src/sdsoc/optical_flow.cpp:467]   --->   Operation 95 'fdiv' 'tmp_55_i_i' <Predicate = (!exitcond_flatten)> <Delay = 7.05> <Core = "FDiv">   --->   Core 101 'FDiv' <Latency = 8> <II = 1> <Delay = 7.05> <FuncUnit> <Opcode : 'fdiv' 'frem'> <InPorts = 2> <OutPorts = 1>

State 14 <SV = 13> <Delay = 7.05>
ST_14 : Operation 96 [2/9] (7.05ns)   --->   "%tmp_47_i_i = fdiv float %tmp_46_i_i, 2.550000e+02" [/home/ylxiao_seas_upenn_edu/Roseetta/rosetta/optical-flow/src/sdsoc/optical_flow.cpp:462]   --->   Operation 96 'fdiv' 'tmp_47_i_i' <Predicate = (!exitcond_flatten)> <Delay = 7.05> <Core = "FDiv">   --->   Core 101 'FDiv' <Latency = 8> <II = 1> <Delay = 7.05> <FuncUnit> <Opcode : 'fdiv' 'frem'> <InPorts = 2> <OutPorts = 1>
ST_14 : Operation 97 [2/9] (7.05ns)   --->   "%tmp_49_i_i = fdiv float %tmp_48_i_i, 2.550000e+02" [/home/ylxiao_seas_upenn_edu/Roseetta/rosetta/optical-flow/src/sdsoc/optical_flow.cpp:463]   --->   Operation 97 'fdiv' 'tmp_49_i_i' <Predicate = (!exitcond_flatten)> <Delay = 7.05> <Core = "FDiv">   --->   Core 101 'FDiv' <Latency = 8> <II = 1> <Delay = 7.05> <FuncUnit> <Opcode : 'fdiv' 'frem'> <InPorts = 2> <OutPorts = 1>
ST_14 : Operation 98 [2/9] (7.05ns)   --->   "%tmp_51_i_i = fdiv float %tmp_50_i_i, 2.550000e+02" [/home/ylxiao_seas_upenn_edu/Roseetta/rosetta/optical-flow/src/sdsoc/optical_flow.cpp:464]   --->   Operation 98 'fdiv' 'tmp_51_i_i' <Predicate = (!exitcond_flatten)> <Delay = 7.05> <Core = "FDiv">   --->   Core 101 'FDiv' <Latency = 8> <II = 1> <Delay = 7.05> <FuncUnit> <Opcode : 'fdiv' 'frem'> <InPorts = 2> <OutPorts = 1>
ST_14 : Operation 99 [2/9] (7.05ns)   --->   "%tmp_53_i_i = fdiv float %tmp_52_i_i, 2.550000e+02" [/home/ylxiao_seas_upenn_edu/Roseetta/rosetta/optical-flow/src/sdsoc/optical_flow.cpp:466]   --->   Operation 99 'fdiv' 'tmp_53_i_i' <Predicate = (!exitcond_flatten)> <Delay = 7.05> <Core = "FDiv">   --->   Core 101 'FDiv' <Latency = 8> <II = 1> <Delay = 7.05> <FuncUnit> <Opcode : 'fdiv' 'frem'> <InPorts = 2> <OutPorts = 1>
ST_14 : Operation 100 [2/9] (7.05ns)   --->   "%tmp_55_i_i = fdiv float %tmp_54_i_i, 2.550000e+02" [/home/ylxiao_seas_upenn_edu/Roseetta/rosetta/optical-flow/src/sdsoc/optical_flow.cpp:467]   --->   Operation 100 'fdiv' 'tmp_55_i_i' <Predicate = (!exitcond_flatten)> <Delay = 7.05> <Core = "FDiv">   --->   Core 101 'FDiv' <Latency = 8> <II = 1> <Delay = 7.05> <FuncUnit> <Opcode : 'fdiv' 'frem'> <InPorts = 2> <OutPorts = 1>

State 15 <SV = 14> <Delay = 7.05>
ST_15 : Operation 101 [1/9] (7.05ns)   --->   "%tmp_47_i_i = fdiv float %tmp_46_i_i, 2.550000e+02" [/home/ylxiao_seas_upenn_edu/Roseetta/rosetta/optical-flow/src/sdsoc/optical_flow.cpp:462]   --->   Operation 101 'fdiv' 'tmp_47_i_i' <Predicate = (!exitcond_flatten)> <Delay = 7.05> <Core = "FDiv">   --->   Core 101 'FDiv' <Latency = 8> <II = 1> <Delay = 7.05> <FuncUnit> <Opcode : 'fdiv' 'frem'> <InPorts = 2> <OutPorts = 1>
ST_15 : Operation 102 [1/9] (7.05ns)   --->   "%tmp_49_i_i = fdiv float %tmp_48_i_i, 2.550000e+02" [/home/ylxiao_seas_upenn_edu/Roseetta/rosetta/optical-flow/src/sdsoc/optical_flow.cpp:463]   --->   Operation 102 'fdiv' 'tmp_49_i_i' <Predicate = (!exitcond_flatten)> <Delay = 7.05> <Core = "FDiv">   --->   Core 101 'FDiv' <Latency = 8> <II = 1> <Delay = 7.05> <FuncUnit> <Opcode : 'fdiv' 'frem'> <InPorts = 2> <OutPorts = 1>
ST_15 : Operation 103 [1/9] (7.05ns)   --->   "%tmp_51_i_i = fdiv float %tmp_50_i_i, 2.550000e+02" [/home/ylxiao_seas_upenn_edu/Roseetta/rosetta/optical-flow/src/sdsoc/optical_flow.cpp:464]   --->   Operation 103 'fdiv' 'tmp_51_i_i' <Predicate = (!exitcond_flatten)> <Delay = 7.05> <Core = "FDiv">   --->   Core 101 'FDiv' <Latency = 8> <II = 1> <Delay = 7.05> <FuncUnit> <Opcode : 'fdiv' 'frem'> <InPorts = 2> <OutPorts = 1>
ST_15 : Operation 104 [1/9] (7.05ns)   --->   "%tmp_53_i_i = fdiv float %tmp_52_i_i, 2.550000e+02" [/home/ylxiao_seas_upenn_edu/Roseetta/rosetta/optical-flow/src/sdsoc/optical_flow.cpp:466]   --->   Operation 104 'fdiv' 'tmp_53_i_i' <Predicate = (!exitcond_flatten)> <Delay = 7.05> <Core = "FDiv">   --->   Core 101 'FDiv' <Latency = 8> <II = 1> <Delay = 7.05> <FuncUnit> <Opcode : 'fdiv' 'frem'> <InPorts = 2> <OutPorts = 1>
ST_15 : Operation 105 [1/9] (7.05ns)   --->   "%tmp_55_i_i = fdiv float %tmp_54_i_i, 2.550000e+02" [/home/ylxiao_seas_upenn_edu/Roseetta/rosetta/optical-flow/src/sdsoc/optical_flow.cpp:467]   --->   Operation 105 'fdiv' 'tmp_55_i_i' <Predicate = (!exitcond_flatten)> <Delay = 7.05> <Core = "FDiv">   --->   Core 101 'FDiv' <Latency = 8> <II = 1> <Delay = 7.05> <FuncUnit> <Opcode : 'fdiv' 'frem'> <InPorts = 2> <OutPorts = 1>

State 16 <SV = 15> <Delay = 1.83>
ST_16 : Operation 106 [1/1] (0.00ns)   --->   "call void (...)* @_ssdm_op_SpecLoopName([32 x i8]* @FRAMES_CP_OUTER_FRAM)"   --->   Operation 106 'specloopname' <Predicate = (!exitcond_flatten)> <Delay = 0.00>
ST_16 : Operation 107 [1/1] (0.00ns)   --->   "call void (...)* @_ssdm_op_SpecLoopName([16 x i8]* @p_str32) nounwind" [/home/ylxiao_seas_upenn_edu/Roseetta/rosetta/optical-flow/src/sdsoc/optical_flow.cpp:456]   --->   Operation 107 'specloopname' <Predicate = (!exitcond_flatten)> <Delay = 0.00>
ST_16 : Operation 108 [1/1] (0.00ns)   --->   "%tmp_81_i = call i32 (...)* @_ssdm_op_SpecRegionBegin([16 x i8]* @p_str32)" [/home/ylxiao_seas_upenn_edu/Roseetta/rosetta/optical-flow/src/sdsoc/optical_flow.cpp:456]   --->   Operation 108 'specregionbegin' 'tmp_81_i' <Predicate = (!exitcond_flatten)> <Delay = 0.00>
ST_16 : Operation 109 [1/1] (0.00ns)   --->   "call void (...)* @_ssdm_op_SpecPipeline(i32 1, i32 1, i32 1, i32 0, [1 x i8]* @p_str2) nounwind" [/home/ylxiao_seas_upenn_edu/Roseetta/rosetta/optical-flow/src/sdsoc/optical_flow.cpp:457]   --->   Operation 109 'specpipeline' <Predicate = (!exitcond_flatten)> <Delay = 0.00>
ST_16 : Operation 110 [1/1] (1.83ns)   --->   "call void @_ssdm_op_Write.ap_fifo.volatile.floatP(float* @frame1_a, float %tmp_47_i_i)" [/home/ylxiao_seas_upenn_edu/Roseetta/rosetta/optical-flow/src/sdsoc/optical_flow.cpp:462]   --->   Operation 110 'write' <Predicate = (!exitcond_flatten)> <Delay = 1.83> <Core = "FIFO">   --->   Core 32 'FIFO' <Latency = 0> <II = 1> <Delay = 1.83> <Storage> <Opcode : 'read' 'write' 'nbread' 'nbwrite'> <Ports = 0> <Width = 32> <Depth = 2> <FIFO>
ST_16 : Operation 111 [1/1] (1.83ns)   --->   "call void @_ssdm_op_Write.ap_fifo.volatile.floatP(float* @frame2_a, float %tmp_49_i_i)" [/home/ylxiao_seas_upenn_edu/Roseetta/rosetta/optical-flow/src/sdsoc/optical_flow.cpp:463]   --->   Operation 111 'write' <Predicate = (!exitcond_flatten)> <Delay = 1.83> <Core = "FIFO">   --->   Core 32 'FIFO' <Latency = 0> <II = 1> <Delay = 1.83> <Storage> <Opcode : 'read' 'write' 'nbread' 'nbwrite'> <Ports = 0> <Width = 32> <Depth = 2> <FIFO>
ST_16 : Operation 112 [1/1] (1.83ns)   --->   "call void @_ssdm_op_Write.ap_fifo.volatile.floatP(float* @frame3_a, float %tmp_51_i_i)" [/home/ylxiao_seas_upenn_edu/Roseetta/rosetta/optical-flow/src/sdsoc/optical_flow.cpp:464]   --->   Operation 112 'write' <Predicate = (!exitcond_flatten)> <Delay = 1.83> <Core = "FIFO">   --->   Core 32 'FIFO' <Latency = 0> <II = 1> <Delay = 1.83> <Storage> <Opcode : 'read' 'write' 'nbread' 'nbwrite'> <Ports = 0> <Width = 32> <Depth = 2> <FIFO>
ST_16 : Operation 113 [1/1] (1.83ns)   --->   "call void @_ssdm_op_Write.ap_fifo.volatile.floatP(float* @frame3_b, float %tmp_51_i_i)" [/home/ylxiao_seas_upenn_edu/Roseetta/rosetta/optical-flow/src/sdsoc/optical_flow.cpp:465]   --->   Operation 113 'write' <Predicate = (!exitcond_flatten)> <Delay = 1.83> <Core = "FIFO">   --->   Core 32 'FIFO' <Latency = 0> <II = 1> <Delay = 1.83> <Storage> <Opcode : 'read' 'write' 'nbread' 'nbwrite'> <Ports = 0> <Width = 32> <Depth = 2> <FIFO>
ST_16 : Operation 114 [1/1] (1.83ns)   --->   "call void @_ssdm_op_Write.ap_fifo.volatile.floatP(float* @frame4_a, float %tmp_53_i_i)" [/home/ylxiao_seas_upenn_edu/Roseetta/rosetta/optical-flow/src/sdsoc/optical_flow.cpp:466]   --->   Operation 114 'write' <Predicate = (!exitcond_flatten)> <Delay = 1.83> <Core = "FIFO">   --->   Core 32 'FIFO' <Latency = 0> <II = 1> <Delay = 1.83> <Storage> <Opcode : 'read' 'write' 'nbread' 'nbwrite'> <Ports = 0> <Width = 32> <Depth = 2> <FIFO>
ST_16 : Operation 115 [1/1] (1.83ns)   --->   "call void @_ssdm_op_Write.ap_fifo.volatile.floatP(float* @frame5_a, float %tmp_55_i_i)" [/home/ylxiao_seas_upenn_edu/Roseetta/rosetta/optical-flow/src/sdsoc/optical_flow.cpp:467]   --->   Operation 115 'write' <Predicate = (!exitcond_flatten)> <Delay = 1.83> <Core = "FIFO">   --->   Core 32 'FIFO' <Latency = 0> <II = 1> <Delay = 1.83> <Storage> <Opcode : 'read' 'write' 'nbread' 'nbwrite'> <Ports = 0> <Width = 32> <Depth = 2> <FIFO>
ST_16 : Operation 116 [1/1] (0.00ns)   --->   "%empty = call i32 (...)* @_ssdm_op_SpecRegionEnd([16 x i8]* @p_str32, i32 %tmp_81_i)" [/home/ylxiao_seas_upenn_edu/Roseetta/rosetta/optical-flow/src/sdsoc/optical_flow.cpp:468]   --->   Operation 116 'specregionend' 'empty' <Predicate = (!exitcond_flatten)> <Delay = 0.00>
ST_16 : Operation 117 [1/1] (0.00ns)   --->   "br label %0"   --->   Operation 117 'br' <Predicate = (!exitcond_flatten)> <Delay = 0.00>

State 17 <SV = 2> <Delay = 0.00>
ST_17 : Operation 118 [1/1] (0.00ns)   --->   "ret void"   --->   Operation 118 'ret' <Predicate = true> <Delay = 0.00>


============================================================
+ Verbose Summary: Timing violations
============================================================
Target clock period: 10ns, clock uncertainty: 2.7ns.

 <State 1>: 0.656ns
The critical path consists of the following:
	multiplexor before 'phi' operation ('indvar_flatten') with incoming values : ('indvar_flatten_next') [17]  (0.656 ns)

 <State 2>: 1.08ns
The critical path consists of the following:
	'phi' operation ('indvar_flatten') with incoming values : ('indvar_flatten_next') [17]  (0 ns)
	'icmp' operation ('exitcond_flatten') [18]  (1.08 ns)

 <State 3>: 7.04ns
The critical path consists of the following:
	fifo read on port 'frames_V' (/home/ylxiao_seas_upenn_edu/Roseetta/rosetta/optical-flow/src/sdsoc/optical_flow.cpp:460) [26]  (1.84 ns)
	'uitofp' operation ('tmp_46_i_i', /home/ylxiao_seas_upenn_edu/Roseetta/rosetta/optical-flow/src/sdsoc/optical_flow.cpp:462) [29]  (5.2 ns)

 <State 4>: 5.2ns
The critical path consists of the following:
	'uitofp' operation ('tmp_46_i_i', /home/ylxiao_seas_upenn_edu/Roseetta/rosetta/optical-flow/src/sdsoc/optical_flow.cpp:462) [29]  (5.2 ns)

 <State 5>: 5.2ns
The critical path consists of the following:
	'uitofp' operation ('tmp_46_i_i', /home/ylxiao_seas_upenn_edu/Roseetta/rosetta/optical-flow/src/sdsoc/optical_flow.cpp:462) [29]  (5.2 ns)

 <State 6>: 5.2ns
The critical path consists of the following:
	'uitofp' operation ('tmp_46_i_i', /home/ylxiao_seas_upenn_edu/Roseetta/rosetta/optical-flow/src/sdsoc/optical_flow.cpp:462) [29]  (5.2 ns)

 <State 7>: 7.06ns
The critical path consists of the following:
	'fdiv' operation ('tmp_47_i_i', /home/ylxiao_seas_upenn_edu/Roseetta/rosetta/optical-flow/src/sdsoc/optical_flow.cpp:462) [30]  (7.06 ns)

 <State 8>: 7.06ns
The critical path consists of the following:
	'fdiv' operation ('tmp_47_i_i', /home/ylxiao_seas_upenn_edu/Roseetta/rosetta/optical-flow/src/sdsoc/optical_flow.cpp:462) [30]  (7.06 ns)

 <State 9>: 7.06ns
The critical path consists of the following:
	'fdiv' operation ('tmp_47_i_i', /home/ylxiao_seas_upenn_edu/Roseetta/rosetta/optical-flow/src/sdsoc/optical_flow.cpp:462) [30]  (7.06 ns)

 <State 10>: 7.06ns
The critical path consists of the following:
	'fdiv' operation ('tmp_47_i_i', /home/ylxiao_seas_upenn_edu/Roseetta/rosetta/optical-flow/src/sdsoc/optical_flow.cpp:462) [30]  (7.06 ns)

 <State 11>: 7.06ns
The critical path consists of the following:
	'fdiv' operation ('tmp_47_i_i', /home/ylxiao_seas_upenn_edu/Roseetta/rosetta/optical-flow/src/sdsoc/optical_flow.cpp:462) [30]  (7.06 ns)

 <State 12>: 7.06ns
The critical path consists of the following:
	'fdiv' operation ('tmp_47_i_i', /home/ylxiao_seas_upenn_edu/Roseetta/rosetta/optical-flow/src/sdsoc/optical_flow.cpp:462) [30]  (7.06 ns)

 <State 13>: 7.06ns
The critical path consists of the following:
	'fdiv' operation ('tmp_47_i_i', /home/ylxiao_seas_upenn_edu/Roseetta/rosetta/optical-flow/src/sdsoc/optical_flow.cpp:462) [30]  (7.06 ns)

 <State 14>: 7.06ns
The critical path consists of the following:
	'fdiv' operation ('tmp_47_i_i', /home/ylxiao_seas_upenn_edu/Roseetta/rosetta/optical-flow/src/sdsoc/optical_flow.cpp:462) [30]  (7.06 ns)

 <State 15>: 7.06ns
The critical path consists of the following:
	'fdiv' operation ('tmp_47_i_i', /home/ylxiao_seas_upenn_edu/Roseetta/rosetta/optical-flow/src/sdsoc/optical_flow.cpp:462) [30]  (7.06 ns)

 <State 16>: 1.84ns
The critical path consists of the following:
	fifo write on port 'frame1_a' (/home/ylxiao_seas_upenn_edu/Roseetta/rosetta/optical-flow/src/sdsoc/optical_flow.cpp:462) [31]  (1.84 ns)

 <State 17>: 0ns
The critical path consists of the following:


============================================================
+ Verbose Summary: Binding
============================================================
N/A
* FSMD analyzer results:
  - Output states:
 - Input state : 
  - Chain level:
	State 1
	State 2
	State 3
	State 4
	State 5
	State 6
	State 7
	State 8
	State 9
	State 10
	State 11
	State 12
	State 13
	State 14
	State 15
	State 16
	State 17


============================================================
+ Verbose Summary: Datapath Resource usage 
============================================================
N/A
