

================================================================
== Vivado HLS Report for 'tensor_weight_x'
================================================================
* Date:           Thu Aug 13 01:50:40 2020

* Version:        2018.2 (Build 2258646 on Thu Jun 14 20:25:20 MDT 2018)
* Project:        optical_flow
* Solution:       solution
* Product family: zynquplus
* Target device:  xczu9eg-ffvb1156-2-e


================================================================
== Performance Estimates
================================================================
+ Timing (ns): 
    * Summary: 
    +--------+-------+----------+------------+
    |  Clock | Target| Estimated| Uncertainty|
    +--------+-------+----------+------------+
    |ap_clk  |  10.00|     7.016|        2.70|
    +--------+-------+----------+------------+

+ Latency (clock cycles): 
    * Summary: 
    +--------+--------+--------+--------+---------+
    |     Latency     |     Interval    | Pipeline|
    |   min  |   max  |   min  |   max  |   Type  |
    +--------+--------+--------+--------+---------+
    |  446917|  446917|  446917|  446917|   none  |
    +--------+--------+--------+--------+---------+

    + Detail: 
        * Instance: 
        N/A

        * Loop: 
        +-----------------------------------------------+--------+--------+----------+-----------+-----------+--------+----------+
        |                                               |     Latency     | Iteration|  Initiation Interval  |  Trip  |          |
        |                   Loop Name                   |   min  |   max  |  Latency |  achieved |   target  |  Count | Pipelined|
        +-----------------------------------------------+--------+--------+----------+-----------+-----------+--------+----------+
        |- TENSOR_WEIGHT_X_OUTER_TENSOR_WEIGHT_X_INNER  |  446915|  446915|        17|          1|          1|  446900|    yes   |
        +-----------------------------------------------+--------+--------+----------+-----------+-----------+--------+----------+

============================================================
+ Verbose Summary: Synthesis Manager
============================================================
InlineROM: 1
ExposeGlobal: 0
============================================================
+ Verbose Summary: CDFG Model
============================================================
IsTopModel: 0
ResetActiveHigh: 1
IsCombinational: 2
IsDatapathOnly: 0
HasWiredReturn: 1
HasMFsm: 0
HasVarLatency: 1
IsPipeline: 0
IsRtlPipelined: 0
IsInstanceOverlapped: 0
IsDontTouch: 0
HasImplIP: 0
IsGatedGlobalClock: 0

+ Individual pipeline summary: 
  * Pipeline-0: initiation interval (II) = 1, depth = 17


============================================================
+ Verbose Summary: Schedule
============================================================
* Number of FSM states : 19
* Pipeline : 1
  Pipeline-0 : II = 1, D = 17, States = { 2 3 4 5 6 7 8 9 10 11 12 13 14 15 16 17 18 }
* Dataflow Pipeline: 0

* FSM state transitions: 
1 --> 
	2  / true
2 --> 
	3  / true
3 --> 
	19  / (exitcond_flatten)
	4  / (!exitcond_flatten)
4 --> 
	5  / true
5 --> 
	6  / true
6 --> 
	7  / true
7 --> 
	8  / true
8 --> 
	9  / true
9 --> 
	10  / true
10 --> 
	11  / true
11 --> 
	12  / true
12 --> 
	13  / true
13 --> 
	14  / true
14 --> 
	15  / true
15 --> 
	16  / true
16 --> 
	17  / true
17 --> 
	18  / true
18 --> 
	2  / true
19 --> 

* FSM state operations: 

State 1 <SV = 0> <Delay = 0.65>
ST_1 : Operation 20 [1/1] (0.00ns)   --->   "%buf_val_val_load_7 = alloca float"   --->   Operation 20 'alloca' 'buf_val_val_load_7' <Predicate = true> <Delay = 0.00>
ST_1 : Operation 21 [1/1] (0.00ns)   --->   "%buf_val_val_load_6 = alloca float"   --->   Operation 21 'alloca' 'buf_val_val_load_6' <Predicate = true> <Delay = 0.00>
ST_1 : Operation 22 [1/1] (0.00ns)   --->   "%buf_val_val_load_5 = alloca float"   --->   Operation 22 'alloca' 'buf_val_val_load_5' <Predicate = true> <Delay = 0.00>
ST_1 : Operation 23 [1/1] (0.00ns)   --->   "%buf_val_val_load_4 = alloca float"   --->   Operation 23 'alloca' 'buf_val_val_load_4' <Predicate = true> <Delay = 0.00>
ST_1 : Operation 24 [1/1] (0.00ns)   --->   "%buf_val_val_load_3 = alloca float"   --->   Operation 24 'alloca' 'buf_val_val_load_3' <Predicate = true> <Delay = 0.00>
ST_1 : Operation 25 [1/1] (0.00ns)   --->   "%buf_val_val_load_2 = alloca float"   --->   Operation 25 'alloca' 'buf_val_val_load_2' <Predicate = true> <Delay = 0.00>
ST_1 : Operation 26 [1/1] (0.00ns)   --->   "%buf_val_val_load_17_1 = alloca float"   --->   Operation 26 'alloca' 'buf_val_val_load_17_1' <Predicate = true> <Delay = 0.00>
ST_1 : Operation 27 [1/1] (0.00ns)   --->   "%buf_val_val_load_18_1 = alloca float"   --->   Operation 27 'alloca' 'buf_val_val_load_18_1' <Predicate = true> <Delay = 0.00>
ST_1 : Operation 28 [1/1] (0.00ns)   --->   "%buf_val_val_load_19_1 = alloca float"   --->   Operation 28 'alloca' 'buf_val_val_load_19_1' <Predicate = true> <Delay = 0.00>
ST_1 : Operation 29 [1/1] (0.00ns)   --->   "%buf_val_val_load_20_1 = alloca float"   --->   Operation 29 'alloca' 'buf_val_val_load_20_1' <Predicate = true> <Delay = 0.00>
ST_1 : Operation 30 [1/1] (0.00ns)   --->   "%buf_val_val_load_21_1 = alloca float"   --->   Operation 30 'alloca' 'buf_val_val_load_21_1' <Predicate = true> <Delay = 0.00>
ST_1 : Operation 31 [1/1] (0.00ns)   --->   "%buf_val_val_load_22_1 = alloca float"   --->   Operation 31 'alloca' 'buf_val_val_load_22_1' <Predicate = true> <Delay = 0.00>
ST_1 : Operation 32 [1/1] (0.00ns)   --->   "call void (...)* @_ssdm_op_SpecInterface(i192* @tensor_y_val, [8 x i8]* @p_str, i32 0, i32 0, [1 x i8]* @p_str2, i32 0, i32 0, [1 x i8]* @p_str2, [1 x i8]* @p_str2, [1 x i8]* @p_str2, i32 0, i32 0, i32 0, i32 0, [1 x i8]* @p_str2, [1 x i8]* @p_str2)"   --->   Operation 32 'specinterface' <Predicate = true> <Delay = 0.00>
ST_1 : Operation 33 [1/1] (0.00ns)   --->   "call void (...)* @_ssdm_op_SpecInterface(i192* @tensor_val, [8 x i8]* @p_str, i32 0, i32 0, [1 x i8]* @p_str2, i32 0, i32 0, [1 x i8]* @p_str2, [1 x i8]* @p_str2, [1 x i8]* @p_str2, i32 0, i32 0, i32 0, i32 0, [1 x i8]* @p_str2, [1 x i8]* @p_str2)"   --->   Operation 33 'specinterface' <Predicate = true> <Delay = 0.00>
ST_1 : Operation 34 [1/1] (0.65ns)   --->   "br label %1" [/home/ylxiao_seas_upenn_edu/Roseetta/rosetta/optical-flow/src/sdsoc/optical_flow.cpp:332]   --->   Operation 34 'br' <Predicate = true> <Delay = 0.65>

State 2 <SV = 1> <Delay = 2.53>
ST_2 : Operation 35 [1/1] (0.00ns)   --->   "%indvar_flatten = phi i19 [ 0, %0 ], [ %indvar_flatten_next, %.loopexit._crit_edge ]"   --->   Operation 35 'phi' 'indvar_flatten' <Predicate = true> <Delay = 0.00>
ST_2 : Operation 36 [1/1] (0.00ns)   --->   "%c = phi i11 [ 0, %0 ], [ %c_1, %.loopexit._crit_edge ]"   --->   Operation 36 'phi' 'c' <Predicate = true> <Delay = 0.00>
ST_2 : Operation 37 [1/1] (1.08ns)   --->   "%exitcond_flatten = icmp eq i19 %indvar_flatten, -77388"   --->   Operation 37 'icmp' 'exitcond_flatten' <Predicate = true> <Delay = 1.08> <Core = "Cmp">   --->   Core 25 'Cmp' <Latency = 0> <II = 1> <Delay = 0.94> <FuncUnit> <Opcode : 'icmp'> <InPorts = 2> <OutPorts = 1>
ST_2 : Operation 38 [1/1] (0.88ns)   --->   "%indvar_flatten_next = add i19 %indvar_flatten, 1"   --->   Operation 38 'add' 'indvar_flatten_next' <Predicate = true> <Delay = 0.88> <Core = "AddSub">   --->   Core 14 'AddSub' <Latency = 0> <II = 1> <Delay = 0.79> <FuncUnit> <Opcode : 'add' 'sub'> <InPorts = 2> <OutPorts = 1>
ST_2 : Operation 39 [1/1] (0.94ns)   --->   "%exitcond = icmp eq i11 %c, -1023" [/home/ylxiao_seas_upenn_edu/Roseetta/rosetta/optical-flow/src/sdsoc/optical_flow.cpp:334]   --->   Operation 39 'icmp' 'exitcond' <Predicate = (!exitcond_flatten)> <Delay = 0.94> <Core = "Cmp">   --->   Core 25 'Cmp' <Latency = 0> <II = 1> <Delay = 0.94> <FuncUnit> <Opcode : 'icmp'> <InPorts = 2> <OutPorts = 1>
ST_2 : Operation 40 [1/1] (0.38ns)   --->   "%c_mid2 = select i1 %exitcond, i11 0, i11 %c" [/home/ylxiao_seas_upenn_edu/Roseetta/rosetta/optical-flow/src/sdsoc/optical_flow.cpp:334]   --->   Operation 40 'select' 'c_mid2' <Predicate = (!exitcond_flatten)> <Delay = 0.38> <Core = "Sel">   --->   Core 26 'Sel' <Latency = 0> <II = 1> <Delay = 0.44> <FuncUnit> <Opcode : 'select'> <InPorts = 3> <OutPorts = 1>
ST_2 : Operation 41 [1/1] (0.00ns)   --->   "%tmp = call i1 @_ssdm_op_BitSelect.i1.i11.i32(i11 %c_mid2, i32 10)" [/home/ylxiao_seas_upenn_edu/Roseetta/rosetta/optical-flow/src/sdsoc/optical_flow.cpp:339]   --->   Operation 41 'bitselect' 'tmp' <Predicate = (!exitcond_flatten)> <Delay = 0.00>
ST_2 : Operation 42 [1/1] (0.28ns)   --->   "%rev = xor i1 %tmp, true" [/home/ylxiao_seas_upenn_edu/Roseetta/rosetta/optical-flow/src/sdsoc/optical_flow.cpp:339]   --->   Operation 42 'xor' 'rev' <Predicate = (!exitcond_flatten)> <Delay = 0.28> <Core = "LogicGate">   --->   Core 27 'LogicGate' <Latency = 0> <II = 1> <Delay = 0.28> <FuncUnit> <Opcode : 'and' 'or' 'xor'> <InPorts = 2> <OutPorts = 1>
ST_2 : Operation 43 [1/1] (0.65ns)   --->   "br i1 %tmp, label %.loopexit7_ifconv, label %2" [/home/ylxiao_seas_upenn_edu/Roseetta/rosetta/optical-flow/src/sdsoc/optical_flow.cpp:339]   --->   Operation 43 'br' <Predicate = (!exitcond_flatten)> <Delay = 0.65>
ST_2 : Operation 44 [1/1] (0.00ns)   --->   "%tmp_75 = call i10 @_ssdm_op_PartSelect.i10.i11.i32.i32(i11 %c_mid2, i32 1, i32 10)" [/home/ylxiao_seas_upenn_edu/Roseetta/rosetta/optical-flow/src/sdsoc/optical_flow.cpp:353]   --->   Operation 44 'partselect' 'tmp_75' <Predicate = (!exitcond_flatten)> <Delay = 0.00>
ST_2 : Operation 45 [1/1] (0.91ns)   --->   "%icmp = icmp ne i10 %tmp_75, 0" [/home/ylxiao_seas_upenn_edu/Roseetta/rosetta/optical-flow/src/sdsoc/optical_flow.cpp:353]   --->   Operation 45 'icmp' 'icmp' <Predicate = (!exitcond_flatten)> <Delay = 0.91> <Core = "Cmp">   --->   Core 25 'Cmp' <Latency = 0> <II = 1> <Delay = 0.94> <FuncUnit> <Opcode : 'icmp'> <InPorts = 2> <OutPorts = 1>
ST_2 : Operation 46 [1/1] (0.28ns)   --->   "%or_cond = and i1 %icmp, %rev" [/home/ylxiao_seas_upenn_edu/Roseetta/rosetta/optical-flow/src/sdsoc/optical_flow.cpp:353]   --->   Operation 46 'and' 'or_cond' <Predicate = (!exitcond_flatten)> <Delay = 0.28> <Core = "LogicGate">   --->   Core 27 'LogicGate' <Latency = 0> <II = 1> <Delay = 0.28> <FuncUnit> <Opcode : 'and' 'or' 'xor'> <InPorts = 2> <OutPorts = 1>
ST_2 : Operation 47 [1/1] (0.94ns)   --->   "%tmp_4 = icmp eq i11 %c_mid2, 0" [/home/ylxiao_seas_upenn_edu/Roseetta/rosetta/optical-flow/src/sdsoc/optical_flow.cpp:364]   --->   Operation 47 'icmp' 'tmp_4' <Predicate = (!exitcond_flatten)> <Delay = 0.94> <Core = "Cmp">   --->   Core 25 'Cmp' <Latency = 0> <II = 1> <Delay = 0.94> <FuncUnit> <Opcode : 'icmp'> <InPorts = 2> <OutPorts = 1>
ST_2 : Operation 48 [1/1] (0.00ns)   --->   "br i1 %tmp_4, label %.loopexit._crit_edge, label %3" [/home/ylxiao_seas_upenn_edu/Roseetta/rosetta/optical-flow/src/sdsoc/optical_flow.cpp:364]   --->   Operation 48 'br' <Predicate = (!exitcond_flatten)> <Delay = 0.00>
ST_2 : Operation 49 [1/1] (0.79ns)   --->   "%c_1 = add i11 %c_mid2, 1" [/home/ylxiao_seas_upenn_edu/Roseetta/rosetta/optical-flow/src/sdsoc/optical_flow.cpp:334]   --->   Operation 49 'add' 'c_1' <Predicate = (!exitcond_flatten)> <Delay = 0.79> <Core = "AddSub">   --->   Core 14 'AddSub' <Latency = 0> <II = 1> <Delay = 0.79> <FuncUnit> <Opcode : 'add' 'sub'> <InPorts = 2> <OutPorts = 1>

State 3 <SV = 2> <Delay = 7.01>
ST_3 : Operation 50 [1/1] (0.00ns)   --->   "%buf_val_val_load = load float* %buf_val_val_load_7" [/home/ylxiao_seas_upenn_edu/Roseetta/rosetta/optical-flow/src/sdsoc/optical_flow.cpp:360]   --->   Operation 50 'load' 'buf_val_val_load' <Predicate = (or_cond)> <Delay = 0.00>
ST_3 : Operation 51 [1/1] (0.00ns)   --->   "%buf_val_val_load_1 = load float* %buf_val_val_load_6" [/home/ylxiao_seas_upenn_edu/Roseetta/rosetta/optical-flow/src/sdsoc/optical_flow.cpp:360]   --->   Operation 51 'load' 'buf_val_val_load_1' <Predicate = (or_cond)> <Delay = 0.00>
ST_3 : Operation 52 [1/1] (0.00ns)   --->   "%buf_val_val_load_8 = load float* %buf_val_val_load_5" [/home/ylxiao_seas_upenn_edu/Roseetta/rosetta/optical-flow/src/sdsoc/optical_flow.cpp:360]   --->   Operation 52 'load' 'buf_val_val_load_8' <Predicate = (or_cond)> <Delay = 0.00>
ST_3 : Operation 53 [1/1] (0.00ns)   --->   "%buf_val_val_load_9 = load float* %buf_val_val_load_4" [/home/ylxiao_seas_upenn_edu/Roseetta/rosetta/optical-flow/src/sdsoc/optical_flow.cpp:360]   --->   Operation 53 'load' 'buf_val_val_load_9' <Predicate = (or_cond)> <Delay = 0.00>
ST_3 : Operation 54 [1/1] (0.00ns)   --->   "%buf_val_val_load_10 = load float* %buf_val_val_load_3" [/home/ylxiao_seas_upenn_edu/Roseetta/rosetta/optical-flow/src/sdsoc/optical_flow.cpp:360]   --->   Operation 54 'load' 'buf_val_val_load_10' <Predicate = (or_cond)> <Delay = 0.00>
ST_3 : Operation 55 [1/1] (0.00ns)   --->   "%buf_val_val_load_11 = load float* %buf_val_val_load_2" [/home/ylxiao_seas_upenn_edu/Roseetta/rosetta/optical-flow/src/sdsoc/optical_flow.cpp:360]   --->   Operation 55 'load' 'buf_val_val_load_11' <Predicate = (or_cond)> <Delay = 0.00>
ST_3 : Operation 56 [1/1] (0.00ns)   --->   "%buf_val_val_load_12 = load float* %buf_val_val_load_17_1"   --->   Operation 56 'load' 'buf_val_val_load_12' <Predicate = true> <Delay = 0.00>
ST_3 : Operation 57 [1/1] (0.00ns)   --->   "%buf_val_val_load_13 = load float* %buf_val_val_load_18_1"   --->   Operation 57 'load' 'buf_val_val_load_13' <Predicate = true> <Delay = 0.00>
ST_3 : Operation 58 [1/1] (0.00ns)   --->   "%buf_val_val_load_14 = load float* %buf_val_val_load_19_1"   --->   Operation 58 'load' 'buf_val_val_load_14' <Predicate = true> <Delay = 0.00>
ST_3 : Operation 59 [1/1] (0.00ns)   --->   "%buf_val_val_load_15 = load float* %buf_val_val_load_20_1"   --->   Operation 59 'load' 'buf_val_val_load_15' <Predicate = true> <Delay = 0.00>
ST_3 : Operation 60 [1/1] (0.00ns)   --->   "%buf_val_val_load_16 = load float* %buf_val_val_load_21_1"   --->   Operation 60 'load' 'buf_val_val_load_16' <Predicate = true> <Delay = 0.00>
ST_3 : Operation 61 [1/1] (0.00ns)   --->   "%buf_val_val_load_17 = load float* %buf_val_val_load_22_1"   --->   Operation 61 'load' 'buf_val_val_load_17' <Predicate = true> <Delay = 0.00>
ST_3 : Operation 62 [1/1] (0.00ns)   --->   "store float %buf_val_val_load_17, float* %buf_val_val_load_2"   --->   Operation 62 'store' <Predicate = true> <Delay = 0.00>
ST_3 : Operation 63 [1/1] (0.00ns)   --->   "store float %buf_val_val_load_16, float* %buf_val_val_load_3"   --->   Operation 63 'store' <Predicate = true> <Delay = 0.00>
ST_3 : Operation 64 [1/1] (0.00ns)   --->   "store float %buf_val_val_load_15, float* %buf_val_val_load_4"   --->   Operation 64 'store' <Predicate = true> <Delay = 0.00>
ST_3 : Operation 65 [1/1] (0.00ns)   --->   "store float %buf_val_val_load_14, float* %buf_val_val_load_5"   --->   Operation 65 'store' <Predicate = true> <Delay = 0.00>
ST_3 : Operation 66 [1/1] (0.00ns)   --->   "store float %buf_val_val_load_13, float* %buf_val_val_load_6"   --->   Operation 66 'store' <Predicate = true> <Delay = 0.00>
ST_3 : Operation 67 [1/1] (0.00ns)   --->   "store float %buf_val_val_load_12, float* %buf_val_val_load_7"   --->   Operation 67 'store' <Predicate = true> <Delay = 0.00>
ST_3 : Operation 68 [1/1] (0.00ns)   --->   "br i1 %exitcond_flatten, label %4, label %.reset"   --->   Operation 68 'br' <Predicate = true> <Delay = 0.00>
ST_3 : Operation 69 [1/1] (1.83ns)   --->   "%tensor_y_val_read = call i192 @_ssdm_op_Read.ap_fifo.volatile.i192P(i192* @tensor_y_val)" [/home/ylxiao_seas_upenn_edu/Roseetta/rosetta/optical-flow/src/sdsoc/optical_flow.cpp:341]   --->   Operation 69 'read' 'tensor_y_val_read' <Predicate = (!exitcond_flatten & !tmp)> <Delay = 1.83> <Core = "FIFO">   --->   Core 32 'FIFO' <Latency = 0> <II = 1> <Delay = 1.83> <Storage> <Opcode : 'read' 'write' 'nbread' 'nbwrite'> <Ports = 0> <Width = 192> <Depth = 2> <FIFO>
ST_3 : Operation 70 [1/1] (0.00ns)   --->   "%tmp_74 = trunc i192 %tensor_y_val_read to i32" [/home/ylxiao_seas_upenn_edu/Roseetta/rosetta/optical-flow/src/sdsoc/optical_flow.cpp:341]   --->   Operation 70 'trunc' 'tmp_74' <Predicate = (!exitcond_flatten & !tmp)> <Delay = 0.00>
ST_3 : Operation 71 [1/1] (0.00ns)   --->   "%tmp_50 = bitcast i32 %tmp_74 to float" [/home/ylxiao_seas_upenn_edu/Roseetta/rosetta/optical-flow/src/sdsoc/optical_flow.cpp:341]   --->   Operation 71 'bitcast' 'tmp_50' <Predicate = (!exitcond_flatten & !tmp)> <Delay = 0.00>
ST_3 : Operation 72 [1/1] (0.00ns)   --->   "%tmp_51 = call i32 @_ssdm_op_PartSelect.i32.i192.i32.i32(i192 %tensor_y_val_read, i32 32, i32 63)" [/home/ylxiao_seas_upenn_edu/Roseetta/rosetta/optical-flow/src/sdsoc/optical_flow.cpp:341]   --->   Operation 72 'partselect' 'tmp_51' <Predicate = (!exitcond_flatten & !tmp)> <Delay = 0.00>
ST_3 : Operation 73 [1/1] (0.00ns)   --->   "%tmp_52 = bitcast i32 %tmp_51 to float" [/home/ylxiao_seas_upenn_edu/Roseetta/rosetta/optical-flow/src/sdsoc/optical_flow.cpp:341]   --->   Operation 73 'bitcast' 'tmp_52' <Predicate = (!exitcond_flatten & !tmp)> <Delay = 0.00>
ST_3 : Operation 74 [1/1] (0.00ns)   --->   "%tmp_53 = call i32 @_ssdm_op_PartSelect.i32.i192.i32.i32(i192 %tensor_y_val_read, i32 64, i32 95)" [/home/ylxiao_seas_upenn_edu/Roseetta/rosetta/optical-flow/src/sdsoc/optical_flow.cpp:341]   --->   Operation 74 'partselect' 'tmp_53' <Predicate = (!exitcond_flatten & !tmp)> <Delay = 0.00>
ST_3 : Operation 75 [1/1] (0.00ns)   --->   "%tmp_54 = bitcast i32 %tmp_53 to float" [/home/ylxiao_seas_upenn_edu/Roseetta/rosetta/optical-flow/src/sdsoc/optical_flow.cpp:341]   --->   Operation 75 'bitcast' 'tmp_54' <Predicate = (!exitcond_flatten & !tmp)> <Delay = 0.00>
ST_3 : Operation 76 [1/1] (0.00ns)   --->   "%tmp_55 = call i32 @_ssdm_op_PartSelect.i32.i192.i32.i32(i192 %tensor_y_val_read, i32 96, i32 127)" [/home/ylxiao_seas_upenn_edu/Roseetta/rosetta/optical-flow/src/sdsoc/optical_flow.cpp:341]   --->   Operation 76 'partselect' 'tmp_55' <Predicate = (!exitcond_flatten & !tmp)> <Delay = 0.00>
ST_3 : Operation 77 [1/1] (0.00ns)   --->   "%tmp_56 = bitcast i32 %tmp_55 to float" [/home/ylxiao_seas_upenn_edu/Roseetta/rosetta/optical-flow/src/sdsoc/optical_flow.cpp:341]   --->   Operation 77 'bitcast' 'tmp_56' <Predicate = (!exitcond_flatten & !tmp)> <Delay = 0.00>
ST_3 : Operation 78 [1/1] (0.00ns)   --->   "%tmp_57 = call i32 @_ssdm_op_PartSelect.i32.i192.i32.i32(i192 %tensor_y_val_read, i32 128, i32 159)" [/home/ylxiao_seas_upenn_edu/Roseetta/rosetta/optical-flow/src/sdsoc/optical_flow.cpp:341]   --->   Operation 78 'partselect' 'tmp_57' <Predicate = (!exitcond_flatten & !tmp)> <Delay = 0.00>
ST_3 : Operation 79 [1/1] (0.00ns)   --->   "%tmp_58 = bitcast i32 %tmp_57 to float" [/home/ylxiao_seas_upenn_edu/Roseetta/rosetta/optical-flow/src/sdsoc/optical_flow.cpp:341]   --->   Operation 79 'bitcast' 'tmp_58' <Predicate = (!exitcond_flatten & !tmp)> <Delay = 0.00>
ST_3 : Operation 80 [1/1] (0.00ns)   --->   "%tmp_59 = call i32 @_ssdm_op_PartSelect.i32.i192.i32.i32(i192 %tensor_y_val_read, i32 160, i32 191)" [/home/ylxiao_seas_upenn_edu/Roseetta/rosetta/optical-flow/src/sdsoc/optical_flow.cpp:341]   --->   Operation 80 'partselect' 'tmp_59' <Predicate = (!exitcond_flatten & !tmp)> <Delay = 0.00>
ST_3 : Operation 81 [1/1] (0.00ns)   --->   "%tmp_60 = bitcast i32 %tmp_59 to float" [/home/ylxiao_seas_upenn_edu/Roseetta/rosetta/optical-flow/src/sdsoc/optical_flow.cpp:341]   --->   Operation 81 'bitcast' 'tmp_60' <Predicate = (!exitcond_flatten & !tmp)> <Delay = 0.00>
ST_3 : Operation 82 [1/1] (0.65ns)   --->   "br label %.loopexit7_ifconv" [/home/ylxiao_seas_upenn_edu/Roseetta/rosetta/optical-flow/src/sdsoc/optical_flow.cpp:342]   --->   Operation 82 'br' <Predicate = (!exitcond_flatten & !tmp)> <Delay = 0.65>
ST_3 : Operation 83 [1/1] (0.00ns)   --->   "%buf_val_val_load_22_2 = phi float [ %tmp_60, %2 ], [ 0.000000e+00, %.reset ]" [/home/ylxiao_seas_upenn_edu/Roseetta/rosetta/optical-flow/src/sdsoc/optical_flow.cpp:341]   --->   Operation 83 'phi' 'buf_val_val_load_22_2' <Predicate = (!exitcond_flatten)> <Delay = 0.00>
ST_3 : Operation 84 [1/1] (0.00ns)   --->   "%buf_val_val_load_21_2 = phi float [ %tmp_58, %2 ], [ 0.000000e+00, %.reset ]" [/home/ylxiao_seas_upenn_edu/Roseetta/rosetta/optical-flow/src/sdsoc/optical_flow.cpp:341]   --->   Operation 84 'phi' 'buf_val_val_load_21_2' <Predicate = (!exitcond_flatten)> <Delay = 0.00>
ST_3 : Operation 85 [1/1] (0.00ns)   --->   "%buf_val_val_load_20_2 = phi float [ %tmp_56, %2 ], [ 0.000000e+00, %.reset ]" [/home/ylxiao_seas_upenn_edu/Roseetta/rosetta/optical-flow/src/sdsoc/optical_flow.cpp:341]   --->   Operation 85 'phi' 'buf_val_val_load_20_2' <Predicate = (!exitcond_flatten)> <Delay = 0.00>
ST_3 : Operation 86 [1/1] (0.00ns)   --->   "%buf_val_val_load_19_2 = phi float [ %tmp_54, %2 ], [ 0.000000e+00, %.reset ]" [/home/ylxiao_seas_upenn_edu/Roseetta/rosetta/optical-flow/src/sdsoc/optical_flow.cpp:341]   --->   Operation 86 'phi' 'buf_val_val_load_19_2' <Predicate = (!exitcond_flatten)> <Delay = 0.00>
ST_3 : Operation 87 [1/1] (0.00ns)   --->   "%buf_val_val_load_18_2 = phi float [ %tmp_52, %2 ], [ 0.000000e+00, %.reset ]" [/home/ylxiao_seas_upenn_edu/Roseetta/rosetta/optical-flow/src/sdsoc/optical_flow.cpp:341]   --->   Operation 87 'phi' 'buf_val_val_load_18_2' <Predicate = (!exitcond_flatten)> <Delay = 0.00>
ST_3 : Operation 88 [1/1] (0.00ns)   --->   "%buf_val_val_load_17_2 = phi float [ %tmp_50, %2 ], [ 0.000000e+00, %.reset ]" [/home/ylxiao_seas_upenn_edu/Roseetta/rosetta/optical-flow/src/sdsoc/optical_flow.cpp:341]   --->   Operation 88 'phi' 'buf_val_val_load_17_2' <Predicate = (!exitcond_flatten)> <Delay = 0.00>
ST_3 : Operation 89 [1/1] (0.00ns)   --->   "%buf_val_val_load_18 = load float* %buf_val_val_load_17_1" [/home/ylxiao_seas_upenn_edu/Roseetta/rosetta/optical-flow/src/sdsoc/optical_flow.cpp:360]   --->   Operation 89 'load' 'buf_val_val_load_18' <Predicate = (!exitcond_flatten & or_cond)> <Delay = 0.00>
ST_3 : Operation 90 [1/1] (0.00ns)   --->   "%buf_val_val_load_19 = load float* %buf_val_val_load_18_1" [/home/ylxiao_seas_upenn_edu/Roseetta/rosetta/optical-flow/src/sdsoc/optical_flow.cpp:360]   --->   Operation 90 'load' 'buf_val_val_load_19' <Predicate = (!exitcond_flatten & or_cond)> <Delay = 0.00>
ST_3 : Operation 91 [1/1] (0.00ns)   --->   "%buf_val_val_load_20 = load float* %buf_val_val_load_19_1" [/home/ylxiao_seas_upenn_edu/Roseetta/rosetta/optical-flow/src/sdsoc/optical_flow.cpp:360]   --->   Operation 91 'load' 'buf_val_val_load_20' <Predicate = (!exitcond_flatten & or_cond)> <Delay = 0.00>
ST_3 : Operation 92 [1/1] (0.00ns)   --->   "%buf_val_val_load_21 = load float* %buf_val_val_load_20_1" [/home/ylxiao_seas_upenn_edu/Roseetta/rosetta/optical-flow/src/sdsoc/optical_flow.cpp:360]   --->   Operation 92 'load' 'buf_val_val_load_21' <Predicate = (!exitcond_flatten & or_cond)> <Delay = 0.00>
ST_3 : Operation 93 [1/1] (0.00ns)   --->   "%buf_val_val_load_22 = load float* %buf_val_val_load_21_1" [/home/ylxiao_seas_upenn_edu/Roseetta/rosetta/optical-flow/src/sdsoc/optical_flow.cpp:360]   --->   Operation 93 'load' 'buf_val_val_load_22' <Predicate = (!exitcond_flatten & or_cond)> <Delay = 0.00>
ST_3 : Operation 94 [1/1] (0.00ns)   --->   "%buf_val_val_load_23 = load float* %buf_val_val_load_22_1" [/home/ylxiao_seas_upenn_edu/Roseetta/rosetta/optical-flow/src/sdsoc/optical_flow.cpp:360]   --->   Operation 94 'load' 'buf_val_val_load_23' <Predicate = (!exitcond_flatten & or_cond)> <Delay = 0.00>
ST_3 : Operation 95 [3/3] (7.01ns)   --->   "%tmp_38 = fmul float %buf_val_val_load, 0x3FD4C154C0000000" [/home/ylxiao_seas_upenn_edu/Roseetta/rosetta/optical-flow/src/sdsoc/optical_flow.cpp:360]   --->   Operation 95 'fmul' 'tmp_38' <Predicate = (!exitcond_flatten & or_cond)> <Delay = 7.01> <Core = "FMul">   --->   Core 100 'FMul' <Latency = 2> <II = 1> <Delay = 7.01> <FuncUnit> <Opcode : 'fmul'> <InPorts = 2> <OutPorts = 1>
ST_3 : Operation 96 [3/3] (7.01ns)   --->   "%tmp_38_0_1 = fmul float %buf_val_val_load_1, 0x3FD4C154C0000000" [/home/ylxiao_seas_upenn_edu/Roseetta/rosetta/optical-flow/src/sdsoc/optical_flow.cpp:360]   --->   Operation 96 'fmul' 'tmp_38_0_1' <Predicate = (!exitcond_flatten & or_cond)> <Delay = 7.01> <Core = "FMul">   --->   Core 100 'FMul' <Latency = 2> <II = 1> <Delay = 7.01> <FuncUnit> <Opcode : 'fmul'> <InPorts = 2> <OutPorts = 1>
ST_3 : Operation 97 [3/3] (7.01ns)   --->   "%tmp_38_0_2 = fmul float %buf_val_val_load_8, 0x3FD4C154C0000000" [/home/ylxiao_seas_upenn_edu/Roseetta/rosetta/optical-flow/src/sdsoc/optical_flow.cpp:360]   --->   Operation 97 'fmul' 'tmp_38_0_2' <Predicate = (!exitcond_flatten & or_cond)> <Delay = 7.01> <Core = "FMul">   --->   Core 100 'FMul' <Latency = 2> <II = 1> <Delay = 7.01> <FuncUnit> <Opcode : 'fmul'> <InPorts = 2> <OutPorts = 1>
ST_3 : Operation 98 [3/3] (7.01ns)   --->   "%tmp_38_0_3 = fmul float %buf_val_val_load_9, 0x3FD4C154C0000000" [/home/ylxiao_seas_upenn_edu/Roseetta/rosetta/optical-flow/src/sdsoc/optical_flow.cpp:360]   --->   Operation 98 'fmul' 'tmp_38_0_3' <Predicate = (!exitcond_flatten & or_cond)> <Delay = 7.01> <Core = "FMul">   --->   Core 100 'FMul' <Latency = 2> <II = 1> <Delay = 7.01> <FuncUnit> <Opcode : 'fmul'> <InPorts = 2> <OutPorts = 1>
ST_3 : Operation 99 [3/3] (7.01ns)   --->   "%tmp_38_0_4 = fmul float %buf_val_val_load_10, 0x3FD4C154C0000000" [/home/ylxiao_seas_upenn_edu/Roseetta/rosetta/optical-flow/src/sdsoc/optical_flow.cpp:360]   --->   Operation 99 'fmul' 'tmp_38_0_4' <Predicate = (!exitcond_flatten & or_cond)> <Delay = 7.01> <Core = "FMul">   --->   Core 100 'FMul' <Latency = 2> <II = 1> <Delay = 7.01> <FuncUnit> <Opcode : 'fmul'> <InPorts = 2> <OutPorts = 1>
ST_3 : Operation 100 [3/3] (7.01ns)   --->   "%tmp_38_0_5 = fmul float %buf_val_val_load_11, 0x3FD4C154C0000000" [/home/ylxiao_seas_upenn_edu/Roseetta/rosetta/optical-flow/src/sdsoc/optical_flow.cpp:360]   --->   Operation 100 'fmul' 'tmp_38_0_5' <Predicate = (!exitcond_flatten & or_cond)> <Delay = 7.01> <Core = "FMul">   --->   Core 100 'FMul' <Latency = 2> <II = 1> <Delay = 7.01> <FuncUnit> <Opcode : 'fmul'> <InPorts = 2> <OutPorts = 1>
ST_3 : Operation 101 [1/1] (0.00ns)   --->   "store float %buf_val_val_load_22_2, float* %buf_val_val_load_22_1" [/home/ylxiao_seas_upenn_edu/Roseetta/rosetta/optical-flow/src/sdsoc/optical_flow.cpp:341]   --->   Operation 101 'store' <Predicate = (!exitcond_flatten)> <Delay = 0.00>
ST_3 : Operation 102 [1/1] (0.00ns)   --->   "store float %buf_val_val_load_21_2, float* %buf_val_val_load_21_1" [/home/ylxiao_seas_upenn_edu/Roseetta/rosetta/optical-flow/src/sdsoc/optical_flow.cpp:341]   --->   Operation 102 'store' <Predicate = (!exitcond_flatten)> <Delay = 0.00>
ST_3 : Operation 103 [1/1] (0.00ns)   --->   "store float %buf_val_val_load_20_2, float* %buf_val_val_load_20_1" [/home/ylxiao_seas_upenn_edu/Roseetta/rosetta/optical-flow/src/sdsoc/optical_flow.cpp:341]   --->   Operation 103 'store' <Predicate = (!exitcond_flatten)> <Delay = 0.00>
ST_3 : Operation 104 [1/1] (0.00ns)   --->   "store float %buf_val_val_load_19_2, float* %buf_val_val_load_19_1" [/home/ylxiao_seas_upenn_edu/Roseetta/rosetta/optical-flow/src/sdsoc/optical_flow.cpp:341]   --->   Operation 104 'store' <Predicate = (!exitcond_flatten)> <Delay = 0.00>
ST_3 : Operation 105 [1/1] (0.00ns)   --->   "store float %buf_val_val_load_18_2, float* %buf_val_val_load_18_1" [/home/ylxiao_seas_upenn_edu/Roseetta/rosetta/optical-flow/src/sdsoc/optical_flow.cpp:341]   --->   Operation 105 'store' <Predicate = (!exitcond_flatten)> <Delay = 0.00>
ST_3 : Operation 106 [1/1] (0.00ns)   --->   "store float %buf_val_val_load_17_2, float* %buf_val_val_load_17_1" [/home/ylxiao_seas_upenn_edu/Roseetta/rosetta/optical-flow/src/sdsoc/optical_flow.cpp:341]   --->   Operation 106 'store' <Predicate = (!exitcond_flatten)> <Delay = 0.00>

State 4 <SV = 3> <Delay = 7.01>
ST_4 : Operation 107 [2/3] (7.01ns)   --->   "%tmp_38 = fmul float %buf_val_val_load, 0x3FD4C154C0000000" [/home/ylxiao_seas_upenn_edu/Roseetta/rosetta/optical-flow/src/sdsoc/optical_flow.cpp:360]   --->   Operation 107 'fmul' 'tmp_38' <Predicate = (or_cond)> <Delay = 7.01> <Core = "FMul">   --->   Core 100 'FMul' <Latency = 2> <II = 1> <Delay = 7.01> <FuncUnit> <Opcode : 'fmul'> <InPorts = 2> <OutPorts = 1>
ST_4 : Operation 108 [2/3] (7.01ns)   --->   "%tmp_38_0_1 = fmul float %buf_val_val_load_1, 0x3FD4C154C0000000" [/home/ylxiao_seas_upenn_edu/Roseetta/rosetta/optical-flow/src/sdsoc/optical_flow.cpp:360]   --->   Operation 108 'fmul' 'tmp_38_0_1' <Predicate = (or_cond)> <Delay = 7.01> <Core = "FMul">   --->   Core 100 'FMul' <Latency = 2> <II = 1> <Delay = 7.01> <FuncUnit> <Opcode : 'fmul'> <InPorts = 2> <OutPorts = 1>
ST_4 : Operation 109 [2/3] (7.01ns)   --->   "%tmp_38_0_2 = fmul float %buf_val_val_load_8, 0x3FD4C154C0000000" [/home/ylxiao_seas_upenn_edu/Roseetta/rosetta/optical-flow/src/sdsoc/optical_flow.cpp:360]   --->   Operation 109 'fmul' 'tmp_38_0_2' <Predicate = (or_cond)> <Delay = 7.01> <Core = "FMul">   --->   Core 100 'FMul' <Latency = 2> <II = 1> <Delay = 7.01> <FuncUnit> <Opcode : 'fmul'> <InPorts = 2> <OutPorts = 1>
ST_4 : Operation 110 [2/3] (7.01ns)   --->   "%tmp_38_0_3 = fmul float %buf_val_val_load_9, 0x3FD4C154C0000000" [/home/ylxiao_seas_upenn_edu/Roseetta/rosetta/optical-flow/src/sdsoc/optical_flow.cpp:360]   --->   Operation 110 'fmul' 'tmp_38_0_3' <Predicate = (or_cond)> <Delay = 7.01> <Core = "FMul">   --->   Core 100 'FMul' <Latency = 2> <II = 1> <Delay = 7.01> <FuncUnit> <Opcode : 'fmul'> <InPorts = 2> <OutPorts = 1>
ST_4 : Operation 111 [2/3] (7.01ns)   --->   "%tmp_38_0_4 = fmul float %buf_val_val_load_10, 0x3FD4C154C0000000" [/home/ylxiao_seas_upenn_edu/Roseetta/rosetta/optical-flow/src/sdsoc/optical_flow.cpp:360]   --->   Operation 111 'fmul' 'tmp_38_0_4' <Predicate = (or_cond)> <Delay = 7.01> <Core = "FMul">   --->   Core 100 'FMul' <Latency = 2> <II = 1> <Delay = 7.01> <FuncUnit> <Opcode : 'fmul'> <InPorts = 2> <OutPorts = 1>
ST_4 : Operation 112 [2/3] (7.01ns)   --->   "%tmp_38_0_5 = fmul float %buf_val_val_load_11, 0x3FD4C154C0000000" [/home/ylxiao_seas_upenn_edu/Roseetta/rosetta/optical-flow/src/sdsoc/optical_flow.cpp:360]   --->   Operation 112 'fmul' 'tmp_38_0_5' <Predicate = (or_cond)> <Delay = 7.01> <Core = "FMul">   --->   Core 100 'FMul' <Latency = 2> <II = 1> <Delay = 7.01> <FuncUnit> <Opcode : 'fmul'> <InPorts = 2> <OutPorts = 1>

State 5 <SV = 4> <Delay = 7.01>
ST_5 : Operation 113 [1/3] (7.01ns)   --->   "%tmp_38 = fmul float %buf_val_val_load, 0x3FD4C154C0000000" [/home/ylxiao_seas_upenn_edu/Roseetta/rosetta/optical-flow/src/sdsoc/optical_flow.cpp:360]   --->   Operation 113 'fmul' 'tmp_38' <Predicate = (or_cond)> <Delay = 7.01> <Core = "FMul">   --->   Core 100 'FMul' <Latency = 2> <II = 1> <Delay = 7.01> <FuncUnit> <Opcode : 'fmul'> <InPorts = 2> <OutPorts = 1>
ST_5 : Operation 114 [1/3] (7.01ns)   --->   "%tmp_38_0_1 = fmul float %buf_val_val_load_1, 0x3FD4C154C0000000" [/home/ylxiao_seas_upenn_edu/Roseetta/rosetta/optical-flow/src/sdsoc/optical_flow.cpp:360]   --->   Operation 114 'fmul' 'tmp_38_0_1' <Predicate = (or_cond)> <Delay = 7.01> <Core = "FMul">   --->   Core 100 'FMul' <Latency = 2> <II = 1> <Delay = 7.01> <FuncUnit> <Opcode : 'fmul'> <InPorts = 2> <OutPorts = 1>
ST_5 : Operation 115 [1/3] (7.01ns)   --->   "%tmp_38_0_2 = fmul float %buf_val_val_load_8, 0x3FD4C154C0000000" [/home/ylxiao_seas_upenn_edu/Roseetta/rosetta/optical-flow/src/sdsoc/optical_flow.cpp:360]   --->   Operation 115 'fmul' 'tmp_38_0_2' <Predicate = (or_cond)> <Delay = 7.01> <Core = "FMul">   --->   Core 100 'FMul' <Latency = 2> <II = 1> <Delay = 7.01> <FuncUnit> <Opcode : 'fmul'> <InPorts = 2> <OutPorts = 1>
ST_5 : Operation 116 [1/3] (7.01ns)   --->   "%tmp_38_0_3 = fmul float %buf_val_val_load_9, 0x3FD4C154C0000000" [/home/ylxiao_seas_upenn_edu/Roseetta/rosetta/optical-flow/src/sdsoc/optical_flow.cpp:360]   --->   Operation 116 'fmul' 'tmp_38_0_3' <Predicate = (or_cond)> <Delay = 7.01> <Core = "FMul">   --->   Core 100 'FMul' <Latency = 2> <II = 1> <Delay = 7.01> <FuncUnit> <Opcode : 'fmul'> <InPorts = 2> <OutPorts = 1>
ST_5 : Operation 117 [1/3] (7.01ns)   --->   "%tmp_38_0_4 = fmul float %buf_val_val_load_10, 0x3FD4C154C0000000" [/home/ylxiao_seas_upenn_edu/Roseetta/rosetta/optical-flow/src/sdsoc/optical_flow.cpp:360]   --->   Operation 117 'fmul' 'tmp_38_0_4' <Predicate = (or_cond)> <Delay = 7.01> <Core = "FMul">   --->   Core 100 'FMul' <Latency = 2> <II = 1> <Delay = 7.01> <FuncUnit> <Opcode : 'fmul'> <InPorts = 2> <OutPorts = 1>
ST_5 : Operation 118 [1/3] (7.01ns)   --->   "%tmp_38_0_5 = fmul float %buf_val_val_load_11, 0x3FD4C154C0000000" [/home/ylxiao_seas_upenn_edu/Roseetta/rosetta/optical-flow/src/sdsoc/optical_flow.cpp:360]   --->   Operation 118 'fmul' 'tmp_38_0_5' <Predicate = (or_cond)> <Delay = 7.01> <Core = "FMul">   --->   Core 100 'FMul' <Latency = 2> <II = 1> <Delay = 7.01> <FuncUnit> <Opcode : 'fmul'> <InPorts = 2> <OutPorts = 1>

State 6 <SV = 5> <Delay = 6.43>
ST_6 : Operation 119 [4/4] (6.43ns)   --->   "%tmp_39 = fadd float %tmp_38, 0.000000e+00" [/home/ylxiao_seas_upenn_edu/Roseetta/rosetta/optical-flow/src/sdsoc/optical_flow.cpp:360]   --->   Operation 119 'fadd' 'tmp_39' <Predicate = (or_cond)> <Delay = 6.43> <Core = "FAddSub">   --->   Core 99 'FAddSub' <Latency = 3> <II = 1> <Delay = 6.43> <FuncUnit> <Opcode : 'fadd' 'fsub'> <InPorts = 2> <OutPorts = 1>
ST_6 : Operation 120 [4/4] (6.43ns)   --->   "%tmp_39_0_1 = fadd float %tmp_38_0_1, 0.000000e+00" [/home/ylxiao_seas_upenn_edu/Roseetta/rosetta/optical-flow/src/sdsoc/optical_flow.cpp:360]   --->   Operation 120 'fadd' 'tmp_39_0_1' <Predicate = (or_cond)> <Delay = 6.43> <Core = "FAddSub">   --->   Core 99 'FAddSub' <Latency = 3> <II = 1> <Delay = 6.43> <FuncUnit> <Opcode : 'fadd' 'fsub'> <InPorts = 2> <OutPorts = 1>
ST_6 : Operation 121 [4/4] (6.43ns)   --->   "%tmp_39_0_2 = fadd float %tmp_38_0_2, 0.000000e+00" [/home/ylxiao_seas_upenn_edu/Roseetta/rosetta/optical-flow/src/sdsoc/optical_flow.cpp:360]   --->   Operation 121 'fadd' 'tmp_39_0_2' <Predicate = (or_cond)> <Delay = 6.43> <Core = "FAddSub">   --->   Core 99 'FAddSub' <Latency = 3> <II = 1> <Delay = 6.43> <FuncUnit> <Opcode : 'fadd' 'fsub'> <InPorts = 2> <OutPorts = 1>
ST_6 : Operation 122 [4/4] (6.43ns)   --->   "%tmp_39_0_3 = fadd float %tmp_38_0_3, 0.000000e+00" [/home/ylxiao_seas_upenn_edu/Roseetta/rosetta/optical-flow/src/sdsoc/optical_flow.cpp:360]   --->   Operation 122 'fadd' 'tmp_39_0_3' <Predicate = (or_cond)> <Delay = 6.43> <Core = "FAddSub">   --->   Core 99 'FAddSub' <Latency = 3> <II = 1> <Delay = 6.43> <FuncUnit> <Opcode : 'fadd' 'fsub'> <InPorts = 2> <OutPorts = 1>
ST_6 : Operation 123 [4/4] (6.43ns)   --->   "%tmp_39_0_4 = fadd float %tmp_38_0_4, 0.000000e+00" [/home/ylxiao_seas_upenn_edu/Roseetta/rosetta/optical-flow/src/sdsoc/optical_flow.cpp:360]   --->   Operation 123 'fadd' 'tmp_39_0_4' <Predicate = (or_cond)> <Delay = 6.43> <Core = "FAddSub">   --->   Core 99 'FAddSub' <Latency = 3> <II = 1> <Delay = 6.43> <FuncUnit> <Opcode : 'fadd' 'fsub'> <InPorts = 2> <OutPorts = 1>
ST_6 : Operation 124 [4/4] (6.43ns)   --->   "%tmp_39_0_5 = fadd float %tmp_38_0_5, 0.000000e+00" [/home/ylxiao_seas_upenn_edu/Roseetta/rosetta/optical-flow/src/sdsoc/optical_flow.cpp:360]   --->   Operation 124 'fadd' 'tmp_39_0_5' <Predicate = (or_cond)> <Delay = 6.43> <Core = "FAddSub">   --->   Core 99 'FAddSub' <Latency = 3> <II = 1> <Delay = 6.43> <FuncUnit> <Opcode : 'fadd' 'fsub'> <InPorts = 2> <OutPorts = 1>

State 7 <SV = 6> <Delay = 7.01>
ST_7 : Operation 125 [3/4] (6.43ns)   --->   "%tmp_39 = fadd float %tmp_38, 0.000000e+00" [/home/ylxiao_seas_upenn_edu/Roseetta/rosetta/optical-flow/src/sdsoc/optical_flow.cpp:360]   --->   Operation 125 'fadd' 'tmp_39' <Predicate = (or_cond)> <Delay = 6.43> <Core = "FAddSub">   --->   Core 99 'FAddSub' <Latency = 3> <II = 1> <Delay = 6.43> <FuncUnit> <Opcode : 'fadd' 'fsub'> <InPorts = 2> <OutPorts = 1>
ST_7 : Operation 126 [3/4] (6.43ns)   --->   "%tmp_39_0_1 = fadd float %tmp_38_0_1, 0.000000e+00" [/home/ylxiao_seas_upenn_edu/Roseetta/rosetta/optical-flow/src/sdsoc/optical_flow.cpp:360]   --->   Operation 126 'fadd' 'tmp_39_0_1' <Predicate = (or_cond)> <Delay = 6.43> <Core = "FAddSub">   --->   Core 99 'FAddSub' <Latency = 3> <II = 1> <Delay = 6.43> <FuncUnit> <Opcode : 'fadd' 'fsub'> <InPorts = 2> <OutPorts = 1>
ST_7 : Operation 127 [3/4] (6.43ns)   --->   "%tmp_39_0_2 = fadd float %tmp_38_0_2, 0.000000e+00" [/home/ylxiao_seas_upenn_edu/Roseetta/rosetta/optical-flow/src/sdsoc/optical_flow.cpp:360]   --->   Operation 127 'fadd' 'tmp_39_0_2' <Predicate = (or_cond)> <Delay = 6.43> <Core = "FAddSub">   --->   Core 99 'FAddSub' <Latency = 3> <II = 1> <Delay = 6.43> <FuncUnit> <Opcode : 'fadd' 'fsub'> <InPorts = 2> <OutPorts = 1>
ST_7 : Operation 128 [3/4] (6.43ns)   --->   "%tmp_39_0_3 = fadd float %tmp_38_0_3, 0.000000e+00" [/home/ylxiao_seas_upenn_edu/Roseetta/rosetta/optical-flow/src/sdsoc/optical_flow.cpp:360]   --->   Operation 128 'fadd' 'tmp_39_0_3' <Predicate = (or_cond)> <Delay = 6.43> <Core = "FAddSub">   --->   Core 99 'FAddSub' <Latency = 3> <II = 1> <Delay = 6.43> <FuncUnit> <Opcode : 'fadd' 'fsub'> <InPorts = 2> <OutPorts = 1>
ST_7 : Operation 129 [3/4] (6.43ns)   --->   "%tmp_39_0_4 = fadd float %tmp_38_0_4, 0.000000e+00" [/home/ylxiao_seas_upenn_edu/Roseetta/rosetta/optical-flow/src/sdsoc/optical_flow.cpp:360]   --->   Operation 129 'fadd' 'tmp_39_0_4' <Predicate = (or_cond)> <Delay = 6.43> <Core = "FAddSub">   --->   Core 99 'FAddSub' <Latency = 3> <II = 1> <Delay = 6.43> <FuncUnit> <Opcode : 'fadd' 'fsub'> <InPorts = 2> <OutPorts = 1>
ST_7 : Operation 130 [3/4] (6.43ns)   --->   "%tmp_39_0_5 = fadd float %tmp_38_0_5, 0.000000e+00" [/home/ylxiao_seas_upenn_edu/Roseetta/rosetta/optical-flow/src/sdsoc/optical_flow.cpp:360]   --->   Operation 130 'fadd' 'tmp_39_0_5' <Predicate = (or_cond)> <Delay = 6.43> <Core = "FAddSub">   --->   Core 99 'FAddSub' <Latency = 3> <II = 1> <Delay = 6.43> <FuncUnit> <Opcode : 'fadd' 'fsub'> <InPorts = 2> <OutPorts = 1>
ST_7 : Operation 131 [3/3] (7.01ns)   --->   "%tmp_38_1 = fmul float %buf_val_val_load_18, 0x3FD67BB300000000" [/home/ylxiao_seas_upenn_edu/Roseetta/rosetta/optical-flow/src/sdsoc/optical_flow.cpp:360]   --->   Operation 131 'fmul' 'tmp_38_1' <Predicate = (or_cond)> <Delay = 7.01> <Core = "FMul">   --->   Core 100 'FMul' <Latency = 2> <II = 1> <Delay = 7.01> <FuncUnit> <Opcode : 'fmul'> <InPorts = 2> <OutPorts = 1>
ST_7 : Operation 132 [3/3] (7.01ns)   --->   "%tmp_38_1_1 = fmul float %buf_val_val_load_19, 0x3FD67BB300000000" [/home/ylxiao_seas_upenn_edu/Roseetta/rosetta/optical-flow/src/sdsoc/optical_flow.cpp:360]   --->   Operation 132 'fmul' 'tmp_38_1_1' <Predicate = (or_cond)> <Delay = 7.01> <Core = "FMul">   --->   Core 100 'FMul' <Latency = 2> <II = 1> <Delay = 7.01> <FuncUnit> <Opcode : 'fmul'> <InPorts = 2> <OutPorts = 1>
ST_7 : Operation 133 [3/3] (7.01ns)   --->   "%tmp_38_1_2 = fmul float %buf_val_val_load_20, 0x3FD67BB300000000" [/home/ylxiao_seas_upenn_edu/Roseetta/rosetta/optical-flow/src/sdsoc/optical_flow.cpp:360]   --->   Operation 133 'fmul' 'tmp_38_1_2' <Predicate = (or_cond)> <Delay = 7.01> <Core = "FMul">   --->   Core 100 'FMul' <Latency = 2> <II = 1> <Delay = 7.01> <FuncUnit> <Opcode : 'fmul'> <InPorts = 2> <OutPorts = 1>
ST_7 : Operation 134 [3/3] (7.01ns)   --->   "%tmp_38_1_3 = fmul float %buf_val_val_load_21, 0x3FD67BB300000000" [/home/ylxiao_seas_upenn_edu/Roseetta/rosetta/optical-flow/src/sdsoc/optical_flow.cpp:360]   --->   Operation 134 'fmul' 'tmp_38_1_3' <Predicate = (or_cond)> <Delay = 7.01> <Core = "FMul">   --->   Core 100 'FMul' <Latency = 2> <II = 1> <Delay = 7.01> <FuncUnit> <Opcode : 'fmul'> <InPorts = 2> <OutPorts = 1>
ST_7 : Operation 135 [3/3] (7.01ns)   --->   "%tmp_38_1_4 = fmul float %buf_val_val_load_22, 0x3FD67BB300000000" [/home/ylxiao_seas_upenn_edu/Roseetta/rosetta/optical-flow/src/sdsoc/optical_flow.cpp:360]   --->   Operation 135 'fmul' 'tmp_38_1_4' <Predicate = (or_cond)> <Delay = 7.01> <Core = "FMul">   --->   Core 100 'FMul' <Latency = 2> <II = 1> <Delay = 7.01> <FuncUnit> <Opcode : 'fmul'> <InPorts = 2> <OutPorts = 1>
ST_7 : Operation 136 [3/3] (7.01ns)   --->   "%tmp_38_1_5 = fmul float %buf_val_val_load_23, 0x3FD67BB300000000" [/home/ylxiao_seas_upenn_edu/Roseetta/rosetta/optical-flow/src/sdsoc/optical_flow.cpp:360]   --->   Operation 136 'fmul' 'tmp_38_1_5' <Predicate = (or_cond)> <Delay = 7.01> <Core = "FMul">   --->   Core 100 'FMul' <Latency = 2> <II = 1> <Delay = 7.01> <FuncUnit> <Opcode : 'fmul'> <InPorts = 2> <OutPorts = 1>

State 8 <SV = 7> <Delay = 7.01>
ST_8 : Operation 137 [2/4] (6.43ns)   --->   "%tmp_39 = fadd float %tmp_38, 0.000000e+00" [/home/ylxiao_seas_upenn_edu/Roseetta/rosetta/optical-flow/src/sdsoc/optical_flow.cpp:360]   --->   Operation 137 'fadd' 'tmp_39' <Predicate = (or_cond)> <Delay = 6.43> <Core = "FAddSub">   --->   Core 99 'FAddSub' <Latency = 3> <II = 1> <Delay = 6.43> <FuncUnit> <Opcode : 'fadd' 'fsub'> <InPorts = 2> <OutPorts = 1>
ST_8 : Operation 138 [2/4] (6.43ns)   --->   "%tmp_39_0_1 = fadd float %tmp_38_0_1, 0.000000e+00" [/home/ylxiao_seas_upenn_edu/Roseetta/rosetta/optical-flow/src/sdsoc/optical_flow.cpp:360]   --->   Operation 138 'fadd' 'tmp_39_0_1' <Predicate = (or_cond)> <Delay = 6.43> <Core = "FAddSub">   --->   Core 99 'FAddSub' <Latency = 3> <II = 1> <Delay = 6.43> <FuncUnit> <Opcode : 'fadd' 'fsub'> <InPorts = 2> <OutPorts = 1>
ST_8 : Operation 139 [2/4] (6.43ns)   --->   "%tmp_39_0_2 = fadd float %tmp_38_0_2, 0.000000e+00" [/home/ylxiao_seas_upenn_edu/Roseetta/rosetta/optical-flow/src/sdsoc/optical_flow.cpp:360]   --->   Operation 139 'fadd' 'tmp_39_0_2' <Predicate = (or_cond)> <Delay = 6.43> <Core = "FAddSub">   --->   Core 99 'FAddSub' <Latency = 3> <II = 1> <Delay = 6.43> <FuncUnit> <Opcode : 'fadd' 'fsub'> <InPorts = 2> <OutPorts = 1>
ST_8 : Operation 140 [2/4] (6.43ns)   --->   "%tmp_39_0_3 = fadd float %tmp_38_0_3, 0.000000e+00" [/home/ylxiao_seas_upenn_edu/Roseetta/rosetta/optical-flow/src/sdsoc/optical_flow.cpp:360]   --->   Operation 140 'fadd' 'tmp_39_0_3' <Predicate = (or_cond)> <Delay = 6.43> <Core = "FAddSub">   --->   Core 99 'FAddSub' <Latency = 3> <II = 1> <Delay = 6.43> <FuncUnit> <Opcode : 'fadd' 'fsub'> <InPorts = 2> <OutPorts = 1>
ST_8 : Operation 141 [2/4] (6.43ns)   --->   "%tmp_39_0_4 = fadd float %tmp_38_0_4, 0.000000e+00" [/home/ylxiao_seas_upenn_edu/Roseetta/rosetta/optical-flow/src/sdsoc/optical_flow.cpp:360]   --->   Operation 141 'fadd' 'tmp_39_0_4' <Predicate = (or_cond)> <Delay = 6.43> <Core = "FAddSub">   --->   Core 99 'FAddSub' <Latency = 3> <II = 1> <Delay = 6.43> <FuncUnit> <Opcode : 'fadd' 'fsub'> <InPorts = 2> <OutPorts = 1>
ST_8 : Operation 142 [2/4] (6.43ns)   --->   "%tmp_39_0_5 = fadd float %tmp_38_0_5, 0.000000e+00" [/home/ylxiao_seas_upenn_edu/Roseetta/rosetta/optical-flow/src/sdsoc/optical_flow.cpp:360]   --->   Operation 142 'fadd' 'tmp_39_0_5' <Predicate = (or_cond)> <Delay = 6.43> <Core = "FAddSub">   --->   Core 99 'FAddSub' <Latency = 3> <II = 1> <Delay = 6.43> <FuncUnit> <Opcode : 'fadd' 'fsub'> <InPorts = 2> <OutPorts = 1>
ST_8 : Operation 143 [2/3] (7.01ns)   --->   "%tmp_38_1 = fmul float %buf_val_val_load_18, 0x3FD67BB300000000" [/home/ylxiao_seas_upenn_edu/Roseetta/rosetta/optical-flow/src/sdsoc/optical_flow.cpp:360]   --->   Operation 143 'fmul' 'tmp_38_1' <Predicate = (or_cond)> <Delay = 7.01> <Core = "FMul">   --->   Core 100 'FMul' <Latency = 2> <II = 1> <Delay = 7.01> <FuncUnit> <Opcode : 'fmul'> <InPorts = 2> <OutPorts = 1>
ST_8 : Operation 144 [2/3] (7.01ns)   --->   "%tmp_38_1_1 = fmul float %buf_val_val_load_19, 0x3FD67BB300000000" [/home/ylxiao_seas_upenn_edu/Roseetta/rosetta/optical-flow/src/sdsoc/optical_flow.cpp:360]   --->   Operation 144 'fmul' 'tmp_38_1_1' <Predicate = (or_cond)> <Delay = 7.01> <Core = "FMul">   --->   Core 100 'FMul' <Latency = 2> <II = 1> <Delay = 7.01> <FuncUnit> <Opcode : 'fmul'> <InPorts = 2> <OutPorts = 1>
ST_8 : Operation 145 [2/3] (7.01ns)   --->   "%tmp_38_1_2 = fmul float %buf_val_val_load_20, 0x3FD67BB300000000" [/home/ylxiao_seas_upenn_edu/Roseetta/rosetta/optical-flow/src/sdsoc/optical_flow.cpp:360]   --->   Operation 145 'fmul' 'tmp_38_1_2' <Predicate = (or_cond)> <Delay = 7.01> <Core = "FMul">   --->   Core 100 'FMul' <Latency = 2> <II = 1> <Delay = 7.01> <FuncUnit> <Opcode : 'fmul'> <InPorts = 2> <OutPorts = 1>
ST_8 : Operation 146 [2/3] (7.01ns)   --->   "%tmp_38_1_3 = fmul float %buf_val_val_load_21, 0x3FD67BB300000000" [/home/ylxiao_seas_upenn_edu/Roseetta/rosetta/optical-flow/src/sdsoc/optical_flow.cpp:360]   --->   Operation 146 'fmul' 'tmp_38_1_3' <Predicate = (or_cond)> <Delay = 7.01> <Core = "FMul">   --->   Core 100 'FMul' <Latency = 2> <II = 1> <Delay = 7.01> <FuncUnit> <Opcode : 'fmul'> <InPorts = 2> <OutPorts = 1>
ST_8 : Operation 147 [2/3] (7.01ns)   --->   "%tmp_38_1_4 = fmul float %buf_val_val_load_22, 0x3FD67BB300000000" [/home/ylxiao_seas_upenn_edu/Roseetta/rosetta/optical-flow/src/sdsoc/optical_flow.cpp:360]   --->   Operation 147 'fmul' 'tmp_38_1_4' <Predicate = (or_cond)> <Delay = 7.01> <Core = "FMul">   --->   Core 100 'FMul' <Latency = 2> <II = 1> <Delay = 7.01> <FuncUnit> <Opcode : 'fmul'> <InPorts = 2> <OutPorts = 1>
ST_8 : Operation 148 [2/3] (7.01ns)   --->   "%tmp_38_1_5 = fmul float %buf_val_val_load_23, 0x3FD67BB300000000" [/home/ylxiao_seas_upenn_edu/Roseetta/rosetta/optical-flow/src/sdsoc/optical_flow.cpp:360]   --->   Operation 148 'fmul' 'tmp_38_1_5' <Predicate = (or_cond)> <Delay = 7.01> <Core = "FMul">   --->   Core 100 'FMul' <Latency = 2> <II = 1> <Delay = 7.01> <FuncUnit> <Opcode : 'fmul'> <InPorts = 2> <OutPorts = 1>

State 9 <SV = 8> <Delay = 7.01>
ST_9 : Operation 149 [1/4] (6.43ns)   --->   "%tmp_39 = fadd float %tmp_38, 0.000000e+00" [/home/ylxiao_seas_upenn_edu/Roseetta/rosetta/optical-flow/src/sdsoc/optical_flow.cpp:360]   --->   Operation 149 'fadd' 'tmp_39' <Predicate = (or_cond)> <Delay = 6.43> <Core = "FAddSub">   --->   Core 99 'FAddSub' <Latency = 3> <II = 1> <Delay = 6.43> <FuncUnit> <Opcode : 'fadd' 'fsub'> <InPorts = 2> <OutPorts = 1>
ST_9 : Operation 150 [1/4] (6.43ns)   --->   "%tmp_39_0_1 = fadd float %tmp_38_0_1, 0.000000e+00" [/home/ylxiao_seas_upenn_edu/Roseetta/rosetta/optical-flow/src/sdsoc/optical_flow.cpp:360]   --->   Operation 150 'fadd' 'tmp_39_0_1' <Predicate = (or_cond)> <Delay = 6.43> <Core = "FAddSub">   --->   Core 99 'FAddSub' <Latency = 3> <II = 1> <Delay = 6.43> <FuncUnit> <Opcode : 'fadd' 'fsub'> <InPorts = 2> <OutPorts = 1>
ST_9 : Operation 151 [1/4] (6.43ns)   --->   "%tmp_39_0_2 = fadd float %tmp_38_0_2, 0.000000e+00" [/home/ylxiao_seas_upenn_edu/Roseetta/rosetta/optical-flow/src/sdsoc/optical_flow.cpp:360]   --->   Operation 151 'fadd' 'tmp_39_0_2' <Predicate = (or_cond)> <Delay = 6.43> <Core = "FAddSub">   --->   Core 99 'FAddSub' <Latency = 3> <II = 1> <Delay = 6.43> <FuncUnit> <Opcode : 'fadd' 'fsub'> <InPorts = 2> <OutPorts = 1>
ST_9 : Operation 152 [1/4] (6.43ns)   --->   "%tmp_39_0_3 = fadd float %tmp_38_0_3, 0.000000e+00" [/home/ylxiao_seas_upenn_edu/Roseetta/rosetta/optical-flow/src/sdsoc/optical_flow.cpp:360]   --->   Operation 152 'fadd' 'tmp_39_0_3' <Predicate = (or_cond)> <Delay = 6.43> <Core = "FAddSub">   --->   Core 99 'FAddSub' <Latency = 3> <II = 1> <Delay = 6.43> <FuncUnit> <Opcode : 'fadd' 'fsub'> <InPorts = 2> <OutPorts = 1>
ST_9 : Operation 153 [1/4] (6.43ns)   --->   "%tmp_39_0_4 = fadd float %tmp_38_0_4, 0.000000e+00" [/home/ylxiao_seas_upenn_edu/Roseetta/rosetta/optical-flow/src/sdsoc/optical_flow.cpp:360]   --->   Operation 153 'fadd' 'tmp_39_0_4' <Predicate = (or_cond)> <Delay = 6.43> <Core = "FAddSub">   --->   Core 99 'FAddSub' <Latency = 3> <II = 1> <Delay = 6.43> <FuncUnit> <Opcode : 'fadd' 'fsub'> <InPorts = 2> <OutPorts = 1>
ST_9 : Operation 154 [1/4] (6.43ns)   --->   "%tmp_39_0_5 = fadd float %tmp_38_0_5, 0.000000e+00" [/home/ylxiao_seas_upenn_edu/Roseetta/rosetta/optical-flow/src/sdsoc/optical_flow.cpp:360]   --->   Operation 154 'fadd' 'tmp_39_0_5' <Predicate = (or_cond)> <Delay = 6.43> <Core = "FAddSub">   --->   Core 99 'FAddSub' <Latency = 3> <II = 1> <Delay = 6.43> <FuncUnit> <Opcode : 'fadd' 'fsub'> <InPorts = 2> <OutPorts = 1>
ST_9 : Operation 155 [1/3] (7.01ns)   --->   "%tmp_38_1 = fmul float %buf_val_val_load_18, 0x3FD67BB300000000" [/home/ylxiao_seas_upenn_edu/Roseetta/rosetta/optical-flow/src/sdsoc/optical_flow.cpp:360]   --->   Operation 155 'fmul' 'tmp_38_1' <Predicate = (or_cond)> <Delay = 7.01> <Core = "FMul">   --->   Core 100 'FMul' <Latency = 2> <II = 1> <Delay = 7.01> <FuncUnit> <Opcode : 'fmul'> <InPorts = 2> <OutPorts = 1>
ST_9 : Operation 156 [1/3] (7.01ns)   --->   "%tmp_38_1_1 = fmul float %buf_val_val_load_19, 0x3FD67BB300000000" [/home/ylxiao_seas_upenn_edu/Roseetta/rosetta/optical-flow/src/sdsoc/optical_flow.cpp:360]   --->   Operation 156 'fmul' 'tmp_38_1_1' <Predicate = (or_cond)> <Delay = 7.01> <Core = "FMul">   --->   Core 100 'FMul' <Latency = 2> <II = 1> <Delay = 7.01> <FuncUnit> <Opcode : 'fmul'> <InPorts = 2> <OutPorts = 1>
ST_9 : Operation 157 [1/3] (7.01ns)   --->   "%tmp_38_1_2 = fmul float %buf_val_val_load_20, 0x3FD67BB300000000" [/home/ylxiao_seas_upenn_edu/Roseetta/rosetta/optical-flow/src/sdsoc/optical_flow.cpp:360]   --->   Operation 157 'fmul' 'tmp_38_1_2' <Predicate = (or_cond)> <Delay = 7.01> <Core = "FMul">   --->   Core 100 'FMul' <Latency = 2> <II = 1> <Delay = 7.01> <FuncUnit> <Opcode : 'fmul'> <InPorts = 2> <OutPorts = 1>
ST_9 : Operation 158 [1/3] (7.01ns)   --->   "%tmp_38_1_3 = fmul float %buf_val_val_load_21, 0x3FD67BB300000000" [/home/ylxiao_seas_upenn_edu/Roseetta/rosetta/optical-flow/src/sdsoc/optical_flow.cpp:360]   --->   Operation 158 'fmul' 'tmp_38_1_3' <Predicate = (or_cond)> <Delay = 7.01> <Core = "FMul">   --->   Core 100 'FMul' <Latency = 2> <II = 1> <Delay = 7.01> <FuncUnit> <Opcode : 'fmul'> <InPorts = 2> <OutPorts = 1>
ST_9 : Operation 159 [1/3] (7.01ns)   --->   "%tmp_38_1_4 = fmul float %buf_val_val_load_22, 0x3FD67BB300000000" [/home/ylxiao_seas_upenn_edu/Roseetta/rosetta/optical-flow/src/sdsoc/optical_flow.cpp:360]   --->   Operation 159 'fmul' 'tmp_38_1_4' <Predicate = (or_cond)> <Delay = 7.01> <Core = "FMul">   --->   Core 100 'FMul' <Latency = 2> <II = 1> <Delay = 7.01> <FuncUnit> <Opcode : 'fmul'> <InPorts = 2> <OutPorts = 1>
ST_9 : Operation 160 [1/3] (7.01ns)   --->   "%tmp_38_1_5 = fmul float %buf_val_val_load_23, 0x3FD67BB300000000" [/home/ylxiao_seas_upenn_edu/Roseetta/rosetta/optical-flow/src/sdsoc/optical_flow.cpp:360]   --->   Operation 160 'fmul' 'tmp_38_1_5' <Predicate = (or_cond)> <Delay = 7.01> <Core = "FMul">   --->   Core 100 'FMul' <Latency = 2> <II = 1> <Delay = 7.01> <FuncUnit> <Opcode : 'fmul'> <InPorts = 2> <OutPorts = 1>

State 10 <SV = 9> <Delay = 6.43>
ST_10 : Operation 161 [4/4] (6.43ns)   --->   "%tmp_39_1 = fadd float %tmp_39, %tmp_38_1" [/home/ylxiao_seas_upenn_edu/Roseetta/rosetta/optical-flow/src/sdsoc/optical_flow.cpp:360]   --->   Operation 161 'fadd' 'tmp_39_1' <Predicate = (or_cond)> <Delay = 6.43> <Core = "FAddSub">   --->   Core 99 'FAddSub' <Latency = 3> <II = 1> <Delay = 6.43> <FuncUnit> <Opcode : 'fadd' 'fsub'> <InPorts = 2> <OutPorts = 1>
ST_10 : Operation 162 [4/4] (6.43ns)   --->   "%tmp_39_1_1 = fadd float %tmp_39_0_1, %tmp_38_1_1" [/home/ylxiao_seas_upenn_edu/Roseetta/rosetta/optical-flow/src/sdsoc/optical_flow.cpp:360]   --->   Operation 162 'fadd' 'tmp_39_1_1' <Predicate = (or_cond)> <Delay = 6.43> <Core = "FAddSub">   --->   Core 99 'FAddSub' <Latency = 3> <II = 1> <Delay = 6.43> <FuncUnit> <Opcode : 'fadd' 'fsub'> <InPorts = 2> <OutPorts = 1>
ST_10 : Operation 163 [4/4] (6.43ns)   --->   "%tmp_39_1_2 = fadd float %tmp_39_0_2, %tmp_38_1_2" [/home/ylxiao_seas_upenn_edu/Roseetta/rosetta/optical-flow/src/sdsoc/optical_flow.cpp:360]   --->   Operation 163 'fadd' 'tmp_39_1_2' <Predicate = (or_cond)> <Delay = 6.43> <Core = "FAddSub">   --->   Core 99 'FAddSub' <Latency = 3> <II = 1> <Delay = 6.43> <FuncUnit> <Opcode : 'fadd' 'fsub'> <InPorts = 2> <OutPorts = 1>
ST_10 : Operation 164 [4/4] (6.43ns)   --->   "%tmp_39_1_3 = fadd float %tmp_39_0_3, %tmp_38_1_3" [/home/ylxiao_seas_upenn_edu/Roseetta/rosetta/optical-flow/src/sdsoc/optical_flow.cpp:360]   --->   Operation 164 'fadd' 'tmp_39_1_3' <Predicate = (or_cond)> <Delay = 6.43> <Core = "FAddSub">   --->   Core 99 'FAddSub' <Latency = 3> <II = 1> <Delay = 6.43> <FuncUnit> <Opcode : 'fadd' 'fsub'> <InPorts = 2> <OutPorts = 1>
ST_10 : Operation 165 [4/4] (6.43ns)   --->   "%tmp_39_1_4 = fadd float %tmp_39_0_4, %tmp_38_1_4" [/home/ylxiao_seas_upenn_edu/Roseetta/rosetta/optical-flow/src/sdsoc/optical_flow.cpp:360]   --->   Operation 165 'fadd' 'tmp_39_1_4' <Predicate = (or_cond)> <Delay = 6.43> <Core = "FAddSub">   --->   Core 99 'FAddSub' <Latency = 3> <II = 1> <Delay = 6.43> <FuncUnit> <Opcode : 'fadd' 'fsub'> <InPorts = 2> <OutPorts = 1>
ST_10 : Operation 166 [4/4] (6.43ns)   --->   "%tmp_39_1_5 = fadd float %tmp_39_0_5, %tmp_38_1_5" [/home/ylxiao_seas_upenn_edu/Roseetta/rosetta/optical-flow/src/sdsoc/optical_flow.cpp:360]   --->   Operation 166 'fadd' 'tmp_39_1_5' <Predicate = (or_cond)> <Delay = 6.43> <Core = "FAddSub">   --->   Core 99 'FAddSub' <Latency = 3> <II = 1> <Delay = 6.43> <FuncUnit> <Opcode : 'fadd' 'fsub'> <InPorts = 2> <OutPorts = 1>

State 11 <SV = 10> <Delay = 7.01>
ST_11 : Operation 167 [3/4] (6.43ns)   --->   "%tmp_39_1 = fadd float %tmp_39, %tmp_38_1" [/home/ylxiao_seas_upenn_edu/Roseetta/rosetta/optical-flow/src/sdsoc/optical_flow.cpp:360]   --->   Operation 167 'fadd' 'tmp_39_1' <Predicate = (or_cond)> <Delay = 6.43> <Core = "FAddSub">   --->   Core 99 'FAddSub' <Latency = 3> <II = 1> <Delay = 6.43> <FuncUnit> <Opcode : 'fadd' 'fsub'> <InPorts = 2> <OutPorts = 1>
ST_11 : Operation 168 [3/4] (6.43ns)   --->   "%tmp_39_1_1 = fadd float %tmp_39_0_1, %tmp_38_1_1" [/home/ylxiao_seas_upenn_edu/Roseetta/rosetta/optical-flow/src/sdsoc/optical_flow.cpp:360]   --->   Operation 168 'fadd' 'tmp_39_1_1' <Predicate = (or_cond)> <Delay = 6.43> <Core = "FAddSub">   --->   Core 99 'FAddSub' <Latency = 3> <II = 1> <Delay = 6.43> <FuncUnit> <Opcode : 'fadd' 'fsub'> <InPorts = 2> <OutPorts = 1>
ST_11 : Operation 169 [3/4] (6.43ns)   --->   "%tmp_39_1_2 = fadd float %tmp_39_0_2, %tmp_38_1_2" [/home/ylxiao_seas_upenn_edu/Roseetta/rosetta/optical-flow/src/sdsoc/optical_flow.cpp:360]   --->   Operation 169 'fadd' 'tmp_39_1_2' <Predicate = (or_cond)> <Delay = 6.43> <Core = "FAddSub">   --->   Core 99 'FAddSub' <Latency = 3> <II = 1> <Delay = 6.43> <FuncUnit> <Opcode : 'fadd' 'fsub'> <InPorts = 2> <OutPorts = 1>
ST_11 : Operation 170 [3/4] (6.43ns)   --->   "%tmp_39_1_3 = fadd float %tmp_39_0_3, %tmp_38_1_3" [/home/ylxiao_seas_upenn_edu/Roseetta/rosetta/optical-flow/src/sdsoc/optical_flow.cpp:360]   --->   Operation 170 'fadd' 'tmp_39_1_3' <Predicate = (or_cond)> <Delay = 6.43> <Core = "FAddSub">   --->   Core 99 'FAddSub' <Latency = 3> <II = 1> <Delay = 6.43> <FuncUnit> <Opcode : 'fadd' 'fsub'> <InPorts = 2> <OutPorts = 1>
ST_11 : Operation 171 [3/4] (6.43ns)   --->   "%tmp_39_1_4 = fadd float %tmp_39_0_4, %tmp_38_1_4" [/home/ylxiao_seas_upenn_edu/Roseetta/rosetta/optical-flow/src/sdsoc/optical_flow.cpp:360]   --->   Operation 171 'fadd' 'tmp_39_1_4' <Predicate = (or_cond)> <Delay = 6.43> <Core = "FAddSub">   --->   Core 99 'FAddSub' <Latency = 3> <II = 1> <Delay = 6.43> <FuncUnit> <Opcode : 'fadd' 'fsub'> <InPorts = 2> <OutPorts = 1>
ST_11 : Operation 172 [3/4] (6.43ns)   --->   "%tmp_39_1_5 = fadd float %tmp_39_0_5, %tmp_38_1_5" [/home/ylxiao_seas_upenn_edu/Roseetta/rosetta/optical-flow/src/sdsoc/optical_flow.cpp:360]   --->   Operation 172 'fadd' 'tmp_39_1_5' <Predicate = (or_cond)> <Delay = 6.43> <Core = "FAddSub">   --->   Core 99 'FAddSub' <Latency = 3> <II = 1> <Delay = 6.43> <FuncUnit> <Opcode : 'fadd' 'fsub'> <InPorts = 2> <OutPorts = 1>
ST_11 : Operation 173 [3/3] (7.01ns)   --->   "%tmp_38_2 = fmul float %buf_val_val_load_17_2, 0x3FD4C154C0000000" [/home/ylxiao_seas_upenn_edu/Roseetta/rosetta/optical-flow/src/sdsoc/optical_flow.cpp:360]   --->   Operation 173 'fmul' 'tmp_38_2' <Predicate = (or_cond)> <Delay = 7.01> <Core = "FMul">   --->   Core 100 'FMul' <Latency = 2> <II = 1> <Delay = 7.01> <FuncUnit> <Opcode : 'fmul'> <InPorts = 2> <OutPorts = 1>
ST_11 : Operation 174 [3/3] (7.01ns)   --->   "%tmp_38_2_1 = fmul float %buf_val_val_load_18_2, 0x3FD4C154C0000000" [/home/ylxiao_seas_upenn_edu/Roseetta/rosetta/optical-flow/src/sdsoc/optical_flow.cpp:360]   --->   Operation 174 'fmul' 'tmp_38_2_1' <Predicate = (or_cond)> <Delay = 7.01> <Core = "FMul">   --->   Core 100 'FMul' <Latency = 2> <II = 1> <Delay = 7.01> <FuncUnit> <Opcode : 'fmul'> <InPorts = 2> <OutPorts = 1>
ST_11 : Operation 175 [3/3] (7.01ns)   --->   "%tmp_38_2_2 = fmul float %buf_val_val_load_19_2, 0x3FD4C154C0000000" [/home/ylxiao_seas_upenn_edu/Roseetta/rosetta/optical-flow/src/sdsoc/optical_flow.cpp:360]   --->   Operation 175 'fmul' 'tmp_38_2_2' <Predicate = (or_cond)> <Delay = 7.01> <Core = "FMul">   --->   Core 100 'FMul' <Latency = 2> <II = 1> <Delay = 7.01> <FuncUnit> <Opcode : 'fmul'> <InPorts = 2> <OutPorts = 1>
ST_11 : Operation 176 [3/3] (7.01ns)   --->   "%tmp_38_2_3 = fmul float %buf_val_val_load_20_2, 0x3FD4C154C0000000" [/home/ylxiao_seas_upenn_edu/Roseetta/rosetta/optical-flow/src/sdsoc/optical_flow.cpp:360]   --->   Operation 176 'fmul' 'tmp_38_2_3' <Predicate = (or_cond)> <Delay = 7.01> <Core = "FMul">   --->   Core 100 'FMul' <Latency = 2> <II = 1> <Delay = 7.01> <FuncUnit> <Opcode : 'fmul'> <InPorts = 2> <OutPorts = 1>
ST_11 : Operation 177 [3/3] (7.01ns)   --->   "%tmp_38_2_4 = fmul float %buf_val_val_load_21_2, 0x3FD4C154C0000000" [/home/ylxiao_seas_upenn_edu/Roseetta/rosetta/optical-flow/src/sdsoc/optical_flow.cpp:360]   --->   Operation 177 'fmul' 'tmp_38_2_4' <Predicate = (or_cond)> <Delay = 7.01> <Core = "FMul">   --->   Core 100 'FMul' <Latency = 2> <II = 1> <Delay = 7.01> <FuncUnit> <Opcode : 'fmul'> <InPorts = 2> <OutPorts = 1>
ST_11 : Operation 178 [3/3] (7.01ns)   --->   "%tmp_38_2_5 = fmul float %buf_val_val_load_22_2, 0x3FD4C154C0000000" [/home/ylxiao_seas_upenn_edu/Roseetta/rosetta/optical-flow/src/sdsoc/optical_flow.cpp:360]   --->   Operation 178 'fmul' 'tmp_38_2_5' <Predicate = (or_cond)> <Delay = 7.01> <Core = "FMul">   --->   Core 100 'FMul' <Latency = 2> <II = 1> <Delay = 7.01> <FuncUnit> <Opcode : 'fmul'> <InPorts = 2> <OutPorts = 1>

State 12 <SV = 11> <Delay = 7.01>
ST_12 : Operation 179 [2/4] (6.43ns)   --->   "%tmp_39_1 = fadd float %tmp_39, %tmp_38_1" [/home/ylxiao_seas_upenn_edu/Roseetta/rosetta/optical-flow/src/sdsoc/optical_flow.cpp:360]   --->   Operation 179 'fadd' 'tmp_39_1' <Predicate = (or_cond)> <Delay = 6.43> <Core = "FAddSub">   --->   Core 99 'FAddSub' <Latency = 3> <II = 1> <Delay = 6.43> <FuncUnit> <Opcode : 'fadd' 'fsub'> <InPorts = 2> <OutPorts = 1>
ST_12 : Operation 180 [2/4] (6.43ns)   --->   "%tmp_39_1_1 = fadd float %tmp_39_0_1, %tmp_38_1_1" [/home/ylxiao_seas_upenn_edu/Roseetta/rosetta/optical-flow/src/sdsoc/optical_flow.cpp:360]   --->   Operation 180 'fadd' 'tmp_39_1_1' <Predicate = (or_cond)> <Delay = 6.43> <Core = "FAddSub">   --->   Core 99 'FAddSub' <Latency = 3> <II = 1> <Delay = 6.43> <FuncUnit> <Opcode : 'fadd' 'fsub'> <InPorts = 2> <OutPorts = 1>
ST_12 : Operation 181 [2/4] (6.43ns)   --->   "%tmp_39_1_2 = fadd float %tmp_39_0_2, %tmp_38_1_2" [/home/ylxiao_seas_upenn_edu/Roseetta/rosetta/optical-flow/src/sdsoc/optical_flow.cpp:360]   --->   Operation 181 'fadd' 'tmp_39_1_2' <Predicate = (or_cond)> <Delay = 6.43> <Core = "FAddSub">   --->   Core 99 'FAddSub' <Latency = 3> <II = 1> <Delay = 6.43> <FuncUnit> <Opcode : 'fadd' 'fsub'> <InPorts = 2> <OutPorts = 1>
ST_12 : Operation 182 [2/4] (6.43ns)   --->   "%tmp_39_1_3 = fadd float %tmp_39_0_3, %tmp_38_1_3" [/home/ylxiao_seas_upenn_edu/Roseetta/rosetta/optical-flow/src/sdsoc/optical_flow.cpp:360]   --->   Operation 182 'fadd' 'tmp_39_1_3' <Predicate = (or_cond)> <Delay = 6.43> <Core = "FAddSub">   --->   Core 99 'FAddSub' <Latency = 3> <II = 1> <Delay = 6.43> <FuncUnit> <Opcode : 'fadd' 'fsub'> <InPorts = 2> <OutPorts = 1>
ST_12 : Operation 183 [2/4] (6.43ns)   --->   "%tmp_39_1_4 = fadd float %tmp_39_0_4, %tmp_38_1_4" [/home/ylxiao_seas_upenn_edu/Roseetta/rosetta/optical-flow/src/sdsoc/optical_flow.cpp:360]   --->   Operation 183 'fadd' 'tmp_39_1_4' <Predicate = (or_cond)> <Delay = 6.43> <Core = "FAddSub">   --->   Core 99 'FAddSub' <Latency = 3> <II = 1> <Delay = 6.43> <FuncUnit> <Opcode : 'fadd' 'fsub'> <InPorts = 2> <OutPorts = 1>
ST_12 : Operation 184 [2/4] (6.43ns)   --->   "%tmp_39_1_5 = fadd float %tmp_39_0_5, %tmp_38_1_5" [/home/ylxiao_seas_upenn_edu/Roseetta/rosetta/optical-flow/src/sdsoc/optical_flow.cpp:360]   --->   Operation 184 'fadd' 'tmp_39_1_5' <Predicate = (or_cond)> <Delay = 6.43> <Core = "FAddSub">   --->   Core 99 'FAddSub' <Latency = 3> <II = 1> <Delay = 6.43> <FuncUnit> <Opcode : 'fadd' 'fsub'> <InPorts = 2> <OutPorts = 1>
ST_12 : Operation 185 [2/3] (7.01ns)   --->   "%tmp_38_2 = fmul float %buf_val_val_load_17_2, 0x3FD4C154C0000000" [/home/ylxiao_seas_upenn_edu/Roseetta/rosetta/optical-flow/src/sdsoc/optical_flow.cpp:360]   --->   Operation 185 'fmul' 'tmp_38_2' <Predicate = (or_cond)> <Delay = 7.01> <Core = "FMul">   --->   Core 100 'FMul' <Latency = 2> <II = 1> <Delay = 7.01> <FuncUnit> <Opcode : 'fmul'> <InPorts = 2> <OutPorts = 1>
ST_12 : Operation 186 [2/3] (7.01ns)   --->   "%tmp_38_2_1 = fmul float %buf_val_val_load_18_2, 0x3FD4C154C0000000" [/home/ylxiao_seas_upenn_edu/Roseetta/rosetta/optical-flow/src/sdsoc/optical_flow.cpp:360]   --->   Operation 186 'fmul' 'tmp_38_2_1' <Predicate = (or_cond)> <Delay = 7.01> <Core = "FMul">   --->   Core 100 'FMul' <Latency = 2> <II = 1> <Delay = 7.01> <FuncUnit> <Opcode : 'fmul'> <InPorts = 2> <OutPorts = 1>
ST_12 : Operation 187 [2/3] (7.01ns)   --->   "%tmp_38_2_2 = fmul float %buf_val_val_load_19_2, 0x3FD4C154C0000000" [/home/ylxiao_seas_upenn_edu/Roseetta/rosetta/optical-flow/src/sdsoc/optical_flow.cpp:360]   --->   Operation 187 'fmul' 'tmp_38_2_2' <Predicate = (or_cond)> <Delay = 7.01> <Core = "FMul">   --->   Core 100 'FMul' <Latency = 2> <II = 1> <Delay = 7.01> <FuncUnit> <Opcode : 'fmul'> <InPorts = 2> <OutPorts = 1>
ST_12 : Operation 188 [2/3] (7.01ns)   --->   "%tmp_38_2_3 = fmul float %buf_val_val_load_20_2, 0x3FD4C154C0000000" [/home/ylxiao_seas_upenn_edu/Roseetta/rosetta/optical-flow/src/sdsoc/optical_flow.cpp:360]   --->   Operation 188 'fmul' 'tmp_38_2_3' <Predicate = (or_cond)> <Delay = 7.01> <Core = "FMul">   --->   Core 100 'FMul' <Latency = 2> <II = 1> <Delay = 7.01> <FuncUnit> <Opcode : 'fmul'> <InPorts = 2> <OutPorts = 1>
ST_12 : Operation 189 [2/3] (7.01ns)   --->   "%tmp_38_2_4 = fmul float %buf_val_val_load_21_2, 0x3FD4C154C0000000" [/home/ylxiao_seas_upenn_edu/Roseetta/rosetta/optical-flow/src/sdsoc/optical_flow.cpp:360]   --->   Operation 189 'fmul' 'tmp_38_2_4' <Predicate = (or_cond)> <Delay = 7.01> <Core = "FMul">   --->   Core 100 'FMul' <Latency = 2> <II = 1> <Delay = 7.01> <FuncUnit> <Opcode : 'fmul'> <InPorts = 2> <OutPorts = 1>
ST_12 : Operation 190 [2/3] (7.01ns)   --->   "%tmp_38_2_5 = fmul float %buf_val_val_load_22_2, 0x3FD4C154C0000000" [/home/ylxiao_seas_upenn_edu/Roseetta/rosetta/optical-flow/src/sdsoc/optical_flow.cpp:360]   --->   Operation 190 'fmul' 'tmp_38_2_5' <Predicate = (or_cond)> <Delay = 7.01> <Core = "FMul">   --->   Core 100 'FMul' <Latency = 2> <II = 1> <Delay = 7.01> <FuncUnit> <Opcode : 'fmul'> <InPorts = 2> <OutPorts = 1>

State 13 <SV = 12> <Delay = 7.01>
ST_13 : Operation 191 [1/4] (6.43ns)   --->   "%tmp_39_1 = fadd float %tmp_39, %tmp_38_1" [/home/ylxiao_seas_upenn_edu/Roseetta/rosetta/optical-flow/src/sdsoc/optical_flow.cpp:360]   --->   Operation 191 'fadd' 'tmp_39_1' <Predicate = (or_cond)> <Delay = 6.43> <Core = "FAddSub">   --->   Core 99 'FAddSub' <Latency = 3> <II = 1> <Delay = 6.43> <FuncUnit> <Opcode : 'fadd' 'fsub'> <InPorts = 2> <OutPorts = 1>
ST_13 : Operation 192 [1/4] (6.43ns)   --->   "%tmp_39_1_1 = fadd float %tmp_39_0_1, %tmp_38_1_1" [/home/ylxiao_seas_upenn_edu/Roseetta/rosetta/optical-flow/src/sdsoc/optical_flow.cpp:360]   --->   Operation 192 'fadd' 'tmp_39_1_1' <Predicate = (or_cond)> <Delay = 6.43> <Core = "FAddSub">   --->   Core 99 'FAddSub' <Latency = 3> <II = 1> <Delay = 6.43> <FuncUnit> <Opcode : 'fadd' 'fsub'> <InPorts = 2> <OutPorts = 1>
ST_13 : Operation 193 [1/4] (6.43ns)   --->   "%tmp_39_1_2 = fadd float %tmp_39_0_2, %tmp_38_1_2" [/home/ylxiao_seas_upenn_edu/Roseetta/rosetta/optical-flow/src/sdsoc/optical_flow.cpp:360]   --->   Operation 193 'fadd' 'tmp_39_1_2' <Predicate = (or_cond)> <Delay = 6.43> <Core = "FAddSub">   --->   Core 99 'FAddSub' <Latency = 3> <II = 1> <Delay = 6.43> <FuncUnit> <Opcode : 'fadd' 'fsub'> <InPorts = 2> <OutPorts = 1>
ST_13 : Operation 194 [1/4] (6.43ns)   --->   "%tmp_39_1_3 = fadd float %tmp_39_0_3, %tmp_38_1_3" [/home/ylxiao_seas_upenn_edu/Roseetta/rosetta/optical-flow/src/sdsoc/optical_flow.cpp:360]   --->   Operation 194 'fadd' 'tmp_39_1_3' <Predicate = (or_cond)> <Delay = 6.43> <Core = "FAddSub">   --->   Core 99 'FAddSub' <Latency = 3> <II = 1> <Delay = 6.43> <FuncUnit> <Opcode : 'fadd' 'fsub'> <InPorts = 2> <OutPorts = 1>
ST_13 : Operation 195 [1/4] (6.43ns)   --->   "%tmp_39_1_4 = fadd float %tmp_39_0_4, %tmp_38_1_4" [/home/ylxiao_seas_upenn_edu/Roseetta/rosetta/optical-flow/src/sdsoc/optical_flow.cpp:360]   --->   Operation 195 'fadd' 'tmp_39_1_4' <Predicate = (or_cond)> <Delay = 6.43> <Core = "FAddSub">   --->   Core 99 'FAddSub' <Latency = 3> <II = 1> <Delay = 6.43> <FuncUnit> <Opcode : 'fadd' 'fsub'> <InPorts = 2> <OutPorts = 1>
ST_13 : Operation 196 [1/4] (6.43ns)   --->   "%tmp_39_1_5 = fadd float %tmp_39_0_5, %tmp_38_1_5" [/home/ylxiao_seas_upenn_edu/Roseetta/rosetta/optical-flow/src/sdsoc/optical_flow.cpp:360]   --->   Operation 196 'fadd' 'tmp_39_1_5' <Predicate = (or_cond)> <Delay = 6.43> <Core = "FAddSub">   --->   Core 99 'FAddSub' <Latency = 3> <II = 1> <Delay = 6.43> <FuncUnit> <Opcode : 'fadd' 'fsub'> <InPorts = 2> <OutPorts = 1>
ST_13 : Operation 197 [1/3] (7.01ns)   --->   "%tmp_38_2 = fmul float %buf_val_val_load_17_2, 0x3FD4C154C0000000" [/home/ylxiao_seas_upenn_edu/Roseetta/rosetta/optical-flow/src/sdsoc/optical_flow.cpp:360]   --->   Operation 197 'fmul' 'tmp_38_2' <Predicate = (or_cond)> <Delay = 7.01> <Core = "FMul">   --->   Core 100 'FMul' <Latency = 2> <II = 1> <Delay = 7.01> <FuncUnit> <Opcode : 'fmul'> <InPorts = 2> <OutPorts = 1>
ST_13 : Operation 198 [1/3] (7.01ns)   --->   "%tmp_38_2_1 = fmul float %buf_val_val_load_18_2, 0x3FD4C154C0000000" [/home/ylxiao_seas_upenn_edu/Roseetta/rosetta/optical-flow/src/sdsoc/optical_flow.cpp:360]   --->   Operation 198 'fmul' 'tmp_38_2_1' <Predicate = (or_cond)> <Delay = 7.01> <Core = "FMul">   --->   Core 100 'FMul' <Latency = 2> <II = 1> <Delay = 7.01> <FuncUnit> <Opcode : 'fmul'> <InPorts = 2> <OutPorts = 1>
ST_13 : Operation 199 [1/3] (7.01ns)   --->   "%tmp_38_2_2 = fmul float %buf_val_val_load_19_2, 0x3FD4C154C0000000" [/home/ylxiao_seas_upenn_edu/Roseetta/rosetta/optical-flow/src/sdsoc/optical_flow.cpp:360]   --->   Operation 199 'fmul' 'tmp_38_2_2' <Predicate = (or_cond)> <Delay = 7.01> <Core = "FMul">   --->   Core 100 'FMul' <Latency = 2> <II = 1> <Delay = 7.01> <FuncUnit> <Opcode : 'fmul'> <InPorts = 2> <OutPorts = 1>
ST_13 : Operation 200 [1/3] (7.01ns)   --->   "%tmp_38_2_3 = fmul float %buf_val_val_load_20_2, 0x3FD4C154C0000000" [/home/ylxiao_seas_upenn_edu/Roseetta/rosetta/optical-flow/src/sdsoc/optical_flow.cpp:360]   --->   Operation 200 'fmul' 'tmp_38_2_3' <Predicate = (or_cond)> <Delay = 7.01> <Core = "FMul">   --->   Core 100 'FMul' <Latency = 2> <II = 1> <Delay = 7.01> <FuncUnit> <Opcode : 'fmul'> <InPorts = 2> <OutPorts = 1>
ST_13 : Operation 201 [1/3] (7.01ns)   --->   "%tmp_38_2_4 = fmul float %buf_val_val_load_21_2, 0x3FD4C154C0000000" [/home/ylxiao_seas_upenn_edu/Roseetta/rosetta/optical-flow/src/sdsoc/optical_flow.cpp:360]   --->   Operation 201 'fmul' 'tmp_38_2_4' <Predicate = (or_cond)> <Delay = 7.01> <Core = "FMul">   --->   Core 100 'FMul' <Latency = 2> <II = 1> <Delay = 7.01> <FuncUnit> <Opcode : 'fmul'> <InPorts = 2> <OutPorts = 1>
ST_13 : Operation 202 [1/3] (7.01ns)   --->   "%tmp_38_2_5 = fmul float %buf_val_val_load_22_2, 0x3FD4C154C0000000" [/home/ylxiao_seas_upenn_edu/Roseetta/rosetta/optical-flow/src/sdsoc/optical_flow.cpp:360]   --->   Operation 202 'fmul' 'tmp_38_2_5' <Predicate = (or_cond)> <Delay = 7.01> <Core = "FMul">   --->   Core 100 'FMul' <Latency = 2> <II = 1> <Delay = 7.01> <FuncUnit> <Opcode : 'fmul'> <InPorts = 2> <OutPorts = 1>

State 14 <SV = 13> <Delay = 6.43>
ST_14 : Operation 203 [4/4] (6.43ns)   --->   "%tmp_39_2 = fadd float %tmp_39_1, %tmp_38_2" [/home/ylxiao_seas_upenn_edu/Roseetta/rosetta/optical-flow/src/sdsoc/optical_flow.cpp:360]   --->   Operation 203 'fadd' 'tmp_39_2' <Predicate = (or_cond)> <Delay = 6.43> <Core = "FAddSub">   --->   Core 99 'FAddSub' <Latency = 3> <II = 1> <Delay = 6.43> <FuncUnit> <Opcode : 'fadd' 'fsub'> <InPorts = 2> <OutPorts = 1>
ST_14 : Operation 204 [4/4] (6.43ns)   --->   "%tmp_39_2_1 = fadd float %tmp_39_1_1, %tmp_38_2_1" [/home/ylxiao_seas_upenn_edu/Roseetta/rosetta/optical-flow/src/sdsoc/optical_flow.cpp:360]   --->   Operation 204 'fadd' 'tmp_39_2_1' <Predicate = (or_cond)> <Delay = 6.43> <Core = "FAddSub">   --->   Core 99 'FAddSub' <Latency = 3> <II = 1> <Delay = 6.43> <FuncUnit> <Opcode : 'fadd' 'fsub'> <InPorts = 2> <OutPorts = 1>
ST_14 : Operation 205 [4/4] (6.43ns)   --->   "%tmp_39_2_2 = fadd float %tmp_39_1_2, %tmp_38_2_2" [/home/ylxiao_seas_upenn_edu/Roseetta/rosetta/optical-flow/src/sdsoc/optical_flow.cpp:360]   --->   Operation 205 'fadd' 'tmp_39_2_2' <Predicate = (or_cond)> <Delay = 6.43> <Core = "FAddSub">   --->   Core 99 'FAddSub' <Latency = 3> <II = 1> <Delay = 6.43> <FuncUnit> <Opcode : 'fadd' 'fsub'> <InPorts = 2> <OutPorts = 1>
ST_14 : Operation 206 [4/4] (6.43ns)   --->   "%tmp_39_2_3 = fadd float %tmp_39_1_3, %tmp_38_2_3" [/home/ylxiao_seas_upenn_edu/Roseetta/rosetta/optical-flow/src/sdsoc/optical_flow.cpp:360]   --->   Operation 206 'fadd' 'tmp_39_2_3' <Predicate = (or_cond)> <Delay = 6.43> <Core = "FAddSub">   --->   Core 99 'FAddSub' <Latency = 3> <II = 1> <Delay = 6.43> <FuncUnit> <Opcode : 'fadd' 'fsub'> <InPorts = 2> <OutPorts = 1>
ST_14 : Operation 207 [4/4] (6.43ns)   --->   "%tmp_39_2_4 = fadd float %tmp_39_1_4, %tmp_38_2_4" [/home/ylxiao_seas_upenn_edu/Roseetta/rosetta/optical-flow/src/sdsoc/optical_flow.cpp:360]   --->   Operation 207 'fadd' 'tmp_39_2_4' <Predicate = (or_cond)> <Delay = 6.43> <Core = "FAddSub">   --->   Core 99 'FAddSub' <Latency = 3> <II = 1> <Delay = 6.43> <FuncUnit> <Opcode : 'fadd' 'fsub'> <InPorts = 2> <OutPorts = 1>
ST_14 : Operation 208 [4/4] (6.43ns)   --->   "%tmp_39_2_5 = fadd float %tmp_39_1_5, %tmp_38_2_5" [/home/ylxiao_seas_upenn_edu/Roseetta/rosetta/optical-flow/src/sdsoc/optical_flow.cpp:360]   --->   Operation 208 'fadd' 'tmp_39_2_5' <Predicate = (or_cond)> <Delay = 6.43> <Core = "FAddSub">   --->   Core 99 'FAddSub' <Latency = 3> <II = 1> <Delay = 6.43> <FuncUnit> <Opcode : 'fadd' 'fsub'> <InPorts = 2> <OutPorts = 1>

State 15 <SV = 14> <Delay = 6.43>
ST_15 : Operation 209 [3/4] (6.43ns)   --->   "%tmp_39_2 = fadd float %tmp_39_1, %tmp_38_2" [/home/ylxiao_seas_upenn_edu/Roseetta/rosetta/optical-flow/src/sdsoc/optical_flow.cpp:360]   --->   Operation 209 'fadd' 'tmp_39_2' <Predicate = (or_cond)> <Delay = 6.43> <Core = "FAddSub">   --->   Core 99 'FAddSub' <Latency = 3> <II = 1> <Delay = 6.43> <FuncUnit> <Opcode : 'fadd' 'fsub'> <InPorts = 2> <OutPorts = 1>
ST_15 : Operation 210 [3/4] (6.43ns)   --->   "%tmp_39_2_1 = fadd float %tmp_39_1_1, %tmp_38_2_1" [/home/ylxiao_seas_upenn_edu/Roseetta/rosetta/optical-flow/src/sdsoc/optical_flow.cpp:360]   --->   Operation 210 'fadd' 'tmp_39_2_1' <Predicate = (or_cond)> <Delay = 6.43> <Core = "FAddSub">   --->   Core 99 'FAddSub' <Latency = 3> <II = 1> <Delay = 6.43> <FuncUnit> <Opcode : 'fadd' 'fsub'> <InPorts = 2> <OutPorts = 1>
ST_15 : Operation 211 [3/4] (6.43ns)   --->   "%tmp_39_2_2 = fadd float %tmp_39_1_2, %tmp_38_2_2" [/home/ylxiao_seas_upenn_edu/Roseetta/rosetta/optical-flow/src/sdsoc/optical_flow.cpp:360]   --->   Operation 211 'fadd' 'tmp_39_2_2' <Predicate = (or_cond)> <Delay = 6.43> <Core = "FAddSub">   --->   Core 99 'FAddSub' <Latency = 3> <II = 1> <Delay = 6.43> <FuncUnit> <Opcode : 'fadd' 'fsub'> <InPorts = 2> <OutPorts = 1>
ST_15 : Operation 212 [3/4] (6.43ns)   --->   "%tmp_39_2_3 = fadd float %tmp_39_1_3, %tmp_38_2_3" [/home/ylxiao_seas_upenn_edu/Roseetta/rosetta/optical-flow/src/sdsoc/optical_flow.cpp:360]   --->   Operation 212 'fadd' 'tmp_39_2_3' <Predicate = (or_cond)> <Delay = 6.43> <Core = "FAddSub">   --->   Core 99 'FAddSub' <Latency = 3> <II = 1> <Delay = 6.43> <FuncUnit> <Opcode : 'fadd' 'fsub'> <InPorts = 2> <OutPorts = 1>
ST_15 : Operation 213 [3/4] (6.43ns)   --->   "%tmp_39_2_4 = fadd float %tmp_39_1_4, %tmp_38_2_4" [/home/ylxiao_seas_upenn_edu/Roseetta/rosetta/optical-flow/src/sdsoc/optical_flow.cpp:360]   --->   Operation 213 'fadd' 'tmp_39_2_4' <Predicate = (or_cond)> <Delay = 6.43> <Core = "FAddSub">   --->   Core 99 'FAddSub' <Latency = 3> <II = 1> <Delay = 6.43> <FuncUnit> <Opcode : 'fadd' 'fsub'> <InPorts = 2> <OutPorts = 1>
ST_15 : Operation 214 [3/4] (6.43ns)   --->   "%tmp_39_2_5 = fadd float %tmp_39_1_5, %tmp_38_2_5" [/home/ylxiao_seas_upenn_edu/Roseetta/rosetta/optical-flow/src/sdsoc/optical_flow.cpp:360]   --->   Operation 214 'fadd' 'tmp_39_2_5' <Predicate = (or_cond)> <Delay = 6.43> <Core = "FAddSub">   --->   Core 99 'FAddSub' <Latency = 3> <II = 1> <Delay = 6.43> <FuncUnit> <Opcode : 'fadd' 'fsub'> <InPorts = 2> <OutPorts = 1>

State 16 <SV = 15> <Delay = 6.43>
ST_16 : Operation 215 [2/4] (6.43ns)   --->   "%tmp_39_2 = fadd float %tmp_39_1, %tmp_38_2" [/home/ylxiao_seas_upenn_edu/Roseetta/rosetta/optical-flow/src/sdsoc/optical_flow.cpp:360]   --->   Operation 215 'fadd' 'tmp_39_2' <Predicate = (or_cond)> <Delay = 6.43> <Core = "FAddSub">   --->   Core 99 'FAddSub' <Latency = 3> <II = 1> <Delay = 6.43> <FuncUnit> <Opcode : 'fadd' 'fsub'> <InPorts = 2> <OutPorts = 1>
ST_16 : Operation 216 [2/4] (6.43ns)   --->   "%tmp_39_2_1 = fadd float %tmp_39_1_1, %tmp_38_2_1" [/home/ylxiao_seas_upenn_edu/Roseetta/rosetta/optical-flow/src/sdsoc/optical_flow.cpp:360]   --->   Operation 216 'fadd' 'tmp_39_2_1' <Predicate = (or_cond)> <Delay = 6.43> <Core = "FAddSub">   --->   Core 99 'FAddSub' <Latency = 3> <II = 1> <Delay = 6.43> <FuncUnit> <Opcode : 'fadd' 'fsub'> <InPorts = 2> <OutPorts = 1>
ST_16 : Operation 217 [2/4] (6.43ns)   --->   "%tmp_39_2_2 = fadd float %tmp_39_1_2, %tmp_38_2_2" [/home/ylxiao_seas_upenn_edu/Roseetta/rosetta/optical-flow/src/sdsoc/optical_flow.cpp:360]   --->   Operation 217 'fadd' 'tmp_39_2_2' <Predicate = (or_cond)> <Delay = 6.43> <Core = "FAddSub">   --->   Core 99 'FAddSub' <Latency = 3> <II = 1> <Delay = 6.43> <FuncUnit> <Opcode : 'fadd' 'fsub'> <InPorts = 2> <OutPorts = 1>
ST_16 : Operation 218 [2/4] (6.43ns)   --->   "%tmp_39_2_3 = fadd float %tmp_39_1_3, %tmp_38_2_3" [/home/ylxiao_seas_upenn_edu/Roseetta/rosetta/optical-flow/src/sdsoc/optical_flow.cpp:360]   --->   Operation 218 'fadd' 'tmp_39_2_3' <Predicate = (or_cond)> <Delay = 6.43> <Core = "FAddSub">   --->   Core 99 'FAddSub' <Latency = 3> <II = 1> <Delay = 6.43> <FuncUnit> <Opcode : 'fadd' 'fsub'> <InPorts = 2> <OutPorts = 1>
ST_16 : Operation 219 [2/4] (6.43ns)   --->   "%tmp_39_2_4 = fadd float %tmp_39_1_4, %tmp_38_2_4" [/home/ylxiao_seas_upenn_edu/Roseetta/rosetta/optical-flow/src/sdsoc/optical_flow.cpp:360]   --->   Operation 219 'fadd' 'tmp_39_2_4' <Predicate = (or_cond)> <Delay = 6.43> <Core = "FAddSub">   --->   Core 99 'FAddSub' <Latency = 3> <II = 1> <Delay = 6.43> <FuncUnit> <Opcode : 'fadd' 'fsub'> <InPorts = 2> <OutPorts = 1>
ST_16 : Operation 220 [2/4] (6.43ns)   --->   "%tmp_39_2_5 = fadd float %tmp_39_1_5, %tmp_38_2_5" [/home/ylxiao_seas_upenn_edu/Roseetta/rosetta/optical-flow/src/sdsoc/optical_flow.cpp:360]   --->   Operation 220 'fadd' 'tmp_39_2_5' <Predicate = (or_cond)> <Delay = 6.43> <Core = "FAddSub">   --->   Core 99 'FAddSub' <Latency = 3> <II = 1> <Delay = 6.43> <FuncUnit> <Opcode : 'fadd' 'fsub'> <InPorts = 2> <OutPorts = 1>

State 17 <SV = 16> <Delay = 6.88>
ST_17 : Operation 221 [1/4] (6.43ns)   --->   "%tmp_39_2 = fadd float %tmp_39_1, %tmp_38_2" [/home/ylxiao_seas_upenn_edu/Roseetta/rosetta/optical-flow/src/sdsoc/optical_flow.cpp:360]   --->   Operation 221 'fadd' 'tmp_39_2' <Predicate = (or_cond)> <Delay = 6.43> <Core = "FAddSub">   --->   Core 99 'FAddSub' <Latency = 3> <II = 1> <Delay = 6.43> <FuncUnit> <Opcode : 'fadd' 'fsub'> <InPorts = 2> <OutPorts = 1>
ST_17 : Operation 222 [1/4] (6.43ns)   --->   "%tmp_39_2_1 = fadd float %tmp_39_1_1, %tmp_38_2_1" [/home/ylxiao_seas_upenn_edu/Roseetta/rosetta/optical-flow/src/sdsoc/optical_flow.cpp:360]   --->   Operation 222 'fadd' 'tmp_39_2_1' <Predicate = (or_cond)> <Delay = 6.43> <Core = "FAddSub">   --->   Core 99 'FAddSub' <Latency = 3> <II = 1> <Delay = 6.43> <FuncUnit> <Opcode : 'fadd' 'fsub'> <InPorts = 2> <OutPorts = 1>
ST_17 : Operation 223 [1/4] (6.43ns)   --->   "%tmp_39_2_2 = fadd float %tmp_39_1_2, %tmp_38_2_2" [/home/ylxiao_seas_upenn_edu/Roseetta/rosetta/optical-flow/src/sdsoc/optical_flow.cpp:360]   --->   Operation 223 'fadd' 'tmp_39_2_2' <Predicate = (or_cond)> <Delay = 6.43> <Core = "FAddSub">   --->   Core 99 'FAddSub' <Latency = 3> <II = 1> <Delay = 6.43> <FuncUnit> <Opcode : 'fadd' 'fsub'> <InPorts = 2> <OutPorts = 1>
ST_17 : Operation 224 [1/4] (6.43ns)   --->   "%tmp_39_2_3 = fadd float %tmp_39_1_3, %tmp_38_2_3" [/home/ylxiao_seas_upenn_edu/Roseetta/rosetta/optical-flow/src/sdsoc/optical_flow.cpp:360]   --->   Operation 224 'fadd' 'tmp_39_2_3' <Predicate = (or_cond)> <Delay = 6.43> <Core = "FAddSub">   --->   Core 99 'FAddSub' <Latency = 3> <II = 1> <Delay = 6.43> <FuncUnit> <Opcode : 'fadd' 'fsub'> <InPorts = 2> <OutPorts = 1>
ST_17 : Operation 225 [1/4] (6.43ns)   --->   "%tmp_39_2_4 = fadd float %tmp_39_1_4, %tmp_38_2_4" [/home/ylxiao_seas_upenn_edu/Roseetta/rosetta/optical-flow/src/sdsoc/optical_flow.cpp:360]   --->   Operation 225 'fadd' 'tmp_39_2_4' <Predicate = (or_cond)> <Delay = 6.43> <Core = "FAddSub">   --->   Core 99 'FAddSub' <Latency = 3> <II = 1> <Delay = 6.43> <FuncUnit> <Opcode : 'fadd' 'fsub'> <InPorts = 2> <OutPorts = 1>
ST_17 : Operation 226 [1/4] (6.43ns)   --->   "%tmp_39_2_5 = fadd float %tmp_39_1_5, %tmp_38_2_5" [/home/ylxiao_seas_upenn_edu/Roseetta/rosetta/optical-flow/src/sdsoc/optical_flow.cpp:360]   --->   Operation 226 'fadd' 'tmp_39_2_5' <Predicate = (or_cond)> <Delay = 6.43> <Core = "FAddSub">   --->   Core 99 'FAddSub' <Latency = 3> <II = 1> <Delay = 6.43> <FuncUnit> <Opcode : 'fadd' 'fsub'> <InPorts = 2> <OutPorts = 1>
ST_17 : Operation 227 [1/1] (0.00ns)   --->   "%tmp_68 = bitcast float %tmp_39_2 to i32" [/home/ylxiao_seas_upenn_edu/Roseetta/rosetta/optical-flow/src/sdsoc/optical_flow.cpp:366]   --->   Operation 227 'bitcast' 'tmp_68' <Predicate = (!tmp_4 & or_cond)> <Delay = 0.00>
ST_17 : Operation 228 [1/1] (0.44ns)   --->   "%tmp_61 = select i1 %or_cond, i32 %tmp_68, i32 0" [/home/ylxiao_seas_upenn_edu/Roseetta/rosetta/optical-flow/src/sdsoc/optical_flow.cpp:366]   --->   Operation 228 'select' 'tmp_61' <Predicate = (!tmp_4)> <Delay = 0.44> <Core = "Sel">   --->   Core 26 'Sel' <Latency = 0> <II = 1> <Delay = 0.44> <FuncUnit> <Opcode : 'select'> <InPorts = 3> <OutPorts = 1>
ST_17 : Operation 229 [1/1] (0.00ns)   --->   "%tmp_69 = bitcast float %tmp_39_2_1 to i32" [/home/ylxiao_seas_upenn_edu/Roseetta/rosetta/optical-flow/src/sdsoc/optical_flow.cpp:366]   --->   Operation 229 'bitcast' 'tmp_69' <Predicate = (!tmp_4 & or_cond)> <Delay = 0.00>
ST_17 : Operation 230 [1/1] (0.44ns)   --->   "%tmp_62 = select i1 %or_cond, i32 %tmp_69, i32 0" [/home/ylxiao_seas_upenn_edu/Roseetta/rosetta/optical-flow/src/sdsoc/optical_flow.cpp:366]   --->   Operation 230 'select' 'tmp_62' <Predicate = (!tmp_4)> <Delay = 0.44> <Core = "Sel">   --->   Core 26 'Sel' <Latency = 0> <II = 1> <Delay = 0.44> <FuncUnit> <Opcode : 'select'> <InPorts = 3> <OutPorts = 1>
ST_17 : Operation 231 [1/1] (0.00ns)   --->   "%tmp_70 = bitcast float %tmp_39_2_2 to i32" [/home/ylxiao_seas_upenn_edu/Roseetta/rosetta/optical-flow/src/sdsoc/optical_flow.cpp:366]   --->   Operation 231 'bitcast' 'tmp_70' <Predicate = (!tmp_4 & or_cond)> <Delay = 0.00>
ST_17 : Operation 232 [1/1] (0.44ns)   --->   "%tmp_63 = select i1 %or_cond, i32 %tmp_70, i32 0" [/home/ylxiao_seas_upenn_edu/Roseetta/rosetta/optical-flow/src/sdsoc/optical_flow.cpp:366]   --->   Operation 232 'select' 'tmp_63' <Predicate = (!tmp_4)> <Delay = 0.44> <Core = "Sel">   --->   Core 26 'Sel' <Latency = 0> <II = 1> <Delay = 0.44> <FuncUnit> <Opcode : 'select'> <InPorts = 3> <OutPorts = 1>
ST_17 : Operation 233 [1/1] (0.00ns)   --->   "%tmp_71 = bitcast float %tmp_39_2_3 to i32" [/home/ylxiao_seas_upenn_edu/Roseetta/rosetta/optical-flow/src/sdsoc/optical_flow.cpp:366]   --->   Operation 233 'bitcast' 'tmp_71' <Predicate = (!tmp_4 & or_cond)> <Delay = 0.00>
ST_17 : Operation 234 [1/1] (0.44ns)   --->   "%tmp_64 = select i1 %or_cond, i32 %tmp_71, i32 0" [/home/ylxiao_seas_upenn_edu/Roseetta/rosetta/optical-flow/src/sdsoc/optical_flow.cpp:366]   --->   Operation 234 'select' 'tmp_64' <Predicate = (!tmp_4)> <Delay = 0.44> <Core = "Sel">   --->   Core 26 'Sel' <Latency = 0> <II = 1> <Delay = 0.44> <FuncUnit> <Opcode : 'select'> <InPorts = 3> <OutPorts = 1>
ST_17 : Operation 235 [1/1] (0.00ns)   --->   "%tmp_72 = bitcast float %tmp_39_2_4 to i32" [/home/ylxiao_seas_upenn_edu/Roseetta/rosetta/optical-flow/src/sdsoc/optical_flow.cpp:366]   --->   Operation 235 'bitcast' 'tmp_72' <Predicate = (!tmp_4 & or_cond)> <Delay = 0.00>
ST_17 : Operation 236 [1/1] (0.44ns)   --->   "%tmp_65 = select i1 %or_cond, i32 %tmp_72, i32 0" [/home/ylxiao_seas_upenn_edu/Roseetta/rosetta/optical-flow/src/sdsoc/optical_flow.cpp:366]   --->   Operation 236 'select' 'tmp_65' <Predicate = (!tmp_4)> <Delay = 0.44> <Core = "Sel">   --->   Core 26 'Sel' <Latency = 0> <II = 1> <Delay = 0.44> <FuncUnit> <Opcode : 'select'> <InPorts = 3> <OutPorts = 1>
ST_17 : Operation 237 [1/1] (0.00ns)   --->   "%tmp_73 = bitcast float %tmp_39_2_5 to i32" [/home/ylxiao_seas_upenn_edu/Roseetta/rosetta/optical-flow/src/sdsoc/optical_flow.cpp:366]   --->   Operation 237 'bitcast' 'tmp_73' <Predicate = (!tmp_4 & or_cond)> <Delay = 0.00>
ST_17 : Operation 238 [1/1] (0.44ns)   --->   "%tmp_66 = select i1 %or_cond, i32 %tmp_73, i32 0" [/home/ylxiao_seas_upenn_edu/Roseetta/rosetta/optical-flow/src/sdsoc/optical_flow.cpp:366]   --->   Operation 238 'select' 'tmp_66' <Predicate = (!tmp_4)> <Delay = 0.44> <Core = "Sel">   --->   Core 26 'Sel' <Latency = 0> <II = 1> <Delay = 0.44> <FuncUnit> <Opcode : 'select'> <InPorts = 3> <OutPorts = 1>

State 18 <SV = 17> <Delay = 1.83>
ST_18 : Operation 239 [1/1] (0.00ns)   --->   "call void (...)* @_ssdm_op_SpecLoopName([44 x i8]* @TENSOR_WEIGHT_X_OUTE)"   --->   Operation 239 'specloopname' <Predicate = (!exitcond_flatten)> <Delay = 0.00>
ST_18 : Operation 240 [1/1] (0.00ns)   --->   "call void (...)* @_ssdm_op_SpecLoopName([22 x i8]* @p_str24) nounwind" [/home/ylxiao_seas_upenn_edu/Roseetta/rosetta/optical-flow/src/sdsoc/optical_flow.cpp:335]   --->   Operation 240 'specloopname' <Predicate = (!exitcond_flatten)> <Delay = 0.00>
ST_18 : Operation 241 [1/1] (0.00ns)   --->   "%tmp_s = call i32 (...)* @_ssdm_op_SpecRegionBegin([22 x i8]* @p_str24)" [/home/ylxiao_seas_upenn_edu/Roseetta/rosetta/optical-flow/src/sdsoc/optical_flow.cpp:335]   --->   Operation 241 'specregionbegin' 'tmp_s' <Predicate = (!exitcond_flatten)> <Delay = 0.00>
ST_18 : Operation 242 [1/1] (0.00ns)   --->   "call void (...)* @_ssdm_op_SpecPipeline(i32 1, i32 1, i32 1, i32 0, [1 x i8]* @p_str2) nounwind" [/home/ylxiao_seas_upenn_edu/Roseetta/rosetta/optical-flow/src/sdsoc/optical_flow.cpp:336]   --->   Operation 242 'specpipeline' <Predicate = (!exitcond_flatten)> <Delay = 0.00>
ST_18 : Operation 243 [1/1] (0.00ns)   --->   "%tmp_67 = call i192 @_ssdm_op_BitConcatenate.i192.i32.i32.i32.i32.i32.i32(i32 %tmp_66, i32 %tmp_65, i32 %tmp_64, i32 %tmp_63, i32 %tmp_62, i32 %tmp_61)" [/home/ylxiao_seas_upenn_edu/Roseetta/rosetta/optical-flow/src/sdsoc/optical_flow.cpp:366]   --->   Operation 243 'bitconcatenate' 'tmp_67' <Predicate = (!tmp_4)> <Delay = 0.00>
ST_18 : Operation 244 [1/1] (1.83ns)   --->   "call void @_ssdm_op_Write.ap_fifo.volatile.i192P(i192* @tensor_val, i192 %tmp_67)" [/home/ylxiao_seas_upenn_edu/Roseetta/rosetta/optical-flow/src/sdsoc/optical_flow.cpp:366]   --->   Operation 244 'write' <Predicate = (!tmp_4)> <Delay = 1.83> <Core = "FIFO">   --->   Core 32 'FIFO' <Latency = 0> <II = 1> <Delay = 1.83> <Storage> <Opcode : 'read' 'write' 'nbread' 'nbwrite'> <Ports = 0> <Width = 192> <Depth = 2> <FIFO>
ST_18 : Operation 245 [1/1] (0.00ns)   --->   "br label %.loopexit._crit_edge" [/home/ylxiao_seas_upenn_edu/Roseetta/rosetta/optical-flow/src/sdsoc/optical_flow.cpp:367]   --->   Operation 245 'br' <Predicate = (!tmp_4)> <Delay = 0.00>
ST_18 : Operation 246 [1/1] (0.00ns)   --->   "%empty = call i32 (...)* @_ssdm_op_SpecRegionEnd([22 x i8]* @p_str24, i32 %tmp_s)" [/home/ylxiao_seas_upenn_edu/Roseetta/rosetta/optical-flow/src/sdsoc/optical_flow.cpp:368]   --->   Operation 246 'specregionend' 'empty' <Predicate = (!exitcond_flatten)> <Delay = 0.00>
ST_18 : Operation 247 [1/1] (0.00ns)   --->   "br label %1"   --->   Operation 247 'br' <Predicate = (!exitcond_flatten)> <Delay = 0.00>

State 19 <SV = 3> <Delay = 0.00>
ST_19 : Operation 248 [1/1] (0.00ns)   --->   "ret void" [/home/ylxiao_seas_upenn_edu/Roseetta/rosetta/optical-flow/src/sdsoc/optical_flow.cpp:370]   --->   Operation 248 'ret' <Predicate = true> <Delay = 0.00>


============================================================
+ Verbose Summary: Timing violations
============================================================
Target clock period: 10ns, clock uncertainty: 2.7ns.

 <State 1>: 0.656ns
The critical path consists of the following:
	multiplexor before 'phi' operation ('indvar_flatten') with incoming values : ('indvar_flatten_next') [19]  (0.656 ns)

 <State 2>: 2.53ns
The critical path consists of the following:
	'phi' operation ('c') with incoming values : ('c', /home/ylxiao_seas_upenn_edu/Roseetta/rosetta/optical-flow/src/sdsoc/optical_flow.cpp:334) [20]  (0 ns)
	'icmp' operation ('exitcond', /home/ylxiao_seas_upenn_edu/Roseetta/rosetta/optical-flow/src/sdsoc/optical_flow.cpp:334) [44]  (0.944 ns)
	'select' operation ('c_mid2', /home/ylxiao_seas_upenn_edu/Roseetta/rosetta/optical-flow/src/sdsoc/optical_flow.cpp:334) [45]  (0.389 ns)
	'icmp' operation ('icmp', /home/ylxiao_seas_upenn_edu/Roseetta/rosetta/optical-flow/src/sdsoc/optical_flow.cpp:353) [81]  (0.912 ns)
	'and' operation ('or_cond', /home/ylxiao_seas_upenn_edu/Roseetta/rosetta/optical-flow/src/sdsoc/optical_flow.cpp:353) [82]  (0.287 ns)

 <State 3>: 7.02ns
The critical path consists of the following:
	'load' operation ('buf_val_val_load', /home/ylxiao_seas_upenn_edu/Roseetta/rosetta/optical-flow/src/sdsoc/optical_flow.cpp:360) on local variable 'buf_val_val_load_7' [21]  (0 ns)
	'fmul' operation ('tmp_38', /home/ylxiao_seas_upenn_edu/Roseetta/rosetta/optical-flow/src/sdsoc/optical_flow.cpp:360) [83]  (7.02 ns)

 <State 4>: 7.02ns
The critical path consists of the following:
	'fmul' operation ('tmp_38', /home/ylxiao_seas_upenn_edu/Roseetta/rosetta/optical-flow/src/sdsoc/optical_flow.cpp:360) [83]  (7.02 ns)

 <State 5>: 7.02ns
The critical path consists of the following:
	'fmul' operation ('tmp_38', /home/ylxiao_seas_upenn_edu/Roseetta/rosetta/optical-flow/src/sdsoc/optical_flow.cpp:360) [83]  (7.02 ns)

 <State 6>: 6.44ns
The critical path consists of the following:
	'fadd' operation ('tmp_39', /home/ylxiao_seas_upenn_edu/Roseetta/rosetta/optical-flow/src/sdsoc/optical_flow.cpp:360) [84]  (6.44 ns)

 <State 7>: 7.02ns
The critical path consists of the following:
	'fmul' operation ('tmp_38_1', /home/ylxiao_seas_upenn_edu/Roseetta/rosetta/optical-flow/src/sdsoc/optical_flow.cpp:360) [95]  (7.02 ns)

 <State 8>: 7.02ns
The critical path consists of the following:
	'fmul' operation ('tmp_38_1', /home/ylxiao_seas_upenn_edu/Roseetta/rosetta/optical-flow/src/sdsoc/optical_flow.cpp:360) [95]  (7.02 ns)

 <State 9>: 7.02ns
The critical path consists of the following:
	'fmul' operation ('tmp_38_1', /home/ylxiao_seas_upenn_edu/Roseetta/rosetta/optical-flow/src/sdsoc/optical_flow.cpp:360) [95]  (7.02 ns)

 <State 10>: 6.44ns
The critical path consists of the following:
	'fadd' operation ('tmp_39_1', /home/ylxiao_seas_upenn_edu/Roseetta/rosetta/optical-flow/src/sdsoc/optical_flow.cpp:360) [96]  (6.44 ns)

 <State 11>: 7.02ns
The critical path consists of the following:
	'fmul' operation ('tmp_38_2', /home/ylxiao_seas_upenn_edu/Roseetta/rosetta/optical-flow/src/sdsoc/optical_flow.cpp:360) [107]  (7.02 ns)

 <State 12>: 7.02ns
The critical path consists of the following:
	'fmul' operation ('tmp_38_2', /home/ylxiao_seas_upenn_edu/Roseetta/rosetta/optical-flow/src/sdsoc/optical_flow.cpp:360) [107]  (7.02 ns)

 <State 13>: 7.02ns
The critical path consists of the following:
	'fmul' operation ('tmp_38_2', /home/ylxiao_seas_upenn_edu/Roseetta/rosetta/optical-flow/src/sdsoc/optical_flow.cpp:360) [107]  (7.02 ns)

 <State 14>: 6.44ns
The critical path consists of the following:
	'fadd' operation ('tmp_39_2', /home/ylxiao_seas_upenn_edu/Roseetta/rosetta/optical-flow/src/sdsoc/optical_flow.cpp:360) [108]  (6.44 ns)

 <State 15>: 6.44ns
The critical path consists of the following:
	'fadd' operation ('tmp_39_2', /home/ylxiao_seas_upenn_edu/Roseetta/rosetta/optical-flow/src/sdsoc/optical_flow.cpp:360) [108]  (6.44 ns)

 <State 16>: 6.44ns
The critical path consists of the following:
	'fadd' operation ('tmp_39_2', /home/ylxiao_seas_upenn_edu/Roseetta/rosetta/optical-flow/src/sdsoc/optical_flow.cpp:360) [108]  (6.44 ns)

 <State 17>: 6.89ns
The critical path consists of the following:
	'fadd' operation ('tmp_39_2', /home/ylxiao_seas_upenn_edu/Roseetta/rosetta/optical-flow/src/sdsoc/optical_flow.cpp:360) [108]  (6.44 ns)
	'select' operation ('tmp_61', /home/ylxiao_seas_upenn_edu/Roseetta/rosetta/optical-flow/src/sdsoc/optical_flow.cpp:366) [129]  (0.449 ns)

 <State 18>: 1.84ns
The critical path consists of the following:
	fifo write on port 'tensor_val' (/home/ylxiao_seas_upenn_edu/Roseetta/rosetta/optical-flow/src/sdsoc/optical_flow.cpp:366) [141]  (1.84 ns)

 <State 19>: 0ns
The critical path consists of the following:


============================================================
+ Verbose Summary: Binding
============================================================
N/A
* FSMD analyzer results:
  - Output states:
 - Input state : 
  - Chain level:
	State 1
	State 2
	State 3
	State 4
	State 5
	State 6
	State 7
	State 8
	State 9
	State 10
	State 11
	State 12
	State 13
	State 14
	State 15
	State 16
	State 17
	State 18
	State 19


============================================================
+ Verbose Summary: Datapath Resource usage 
============================================================
N/A
