

================================================================
== Vivado HLS Report for 'tensor_weight_y'
================================================================
* Date:           Thu Aug 13 01:50:39 2020

* Version:        2018.2 (Build 2258646 on Thu Jun 14 20:25:20 MDT 2018)
* Project:        optical_flow
* Solution:       solution
* Product family: zynquplus
* Target device:  xczu9eg-ffvb1156-2-e


================================================================
== Performance Estimates
================================================================
+ Timing (ns): 
    * Summary: 
    +--------+-------+----------+------------+
    |  Clock | Target| Estimated| Uncertainty|
    +--------+-------+----------+------------+
    |ap_clk  |  10.00|     7.016|        2.70|
    +--------+-------+----------+------------+

+ Latency (clock cycles): 
    * Summary: 
    +--------+--------+--------+--------+---------+
    |     Latency     |     Interval    | Pipeline|
    |   min  |   max  |   min  |   max  |   Type  |
    +--------+--------+--------+--------+---------+
    |  447506|  447506|  447506|  447506|   none  |
    +--------+--------+--------+--------+---------+

    + Detail: 
        * Instance: 
        N/A

        * Loop: 
        +-----------------------------------------------+--------+--------+----------+-----------+-----------+--------+----------+
        |                                               |     Latency     | Iteration|  Initiation Interval  |  Trip  |          |
        |                   Loop Name                   |   min  |   max  |  Latency |  achieved |   target  |  Count | Pipelined|
        +-----------------------------------------------+--------+--------+----------+-----------+-----------+--------+----------+
        |- TENSOR_WEIGHT_Y_OUTER_TENSOR_WEIGHT_Y_INNER  |  447504|  447504|        18|          1|          1|  447488|    yes   |
        +-----------------------------------------------+--------+--------+----------+-----------+-----------+--------+----------+

============================================================
+ Verbose Summary: Synthesis Manager
============================================================
InlineROM: 1
ExposeGlobal: 0
============================================================
+ Verbose Summary: CDFG Model
============================================================
IsTopModel: 0
ResetActiveHigh: 1
IsCombinational: 2
IsDatapathOnly: 0
HasWiredReturn: 1
HasMFsm: 0
HasVarLatency: 1
IsPipeline: 0
IsRtlPipelined: 0
IsInstanceOverlapped: 0
IsDontTouch: 0
HasImplIP: 0
IsGatedGlobalClock: 0

+ Individual pipeline summary: 
  * Pipeline-0: initiation interval (II) = 1, depth = 18


============================================================
+ Verbose Summary: Schedule
============================================================
* Number of FSM states : 20
* Pipeline : 1
  Pipeline-0 : II = 1, D = 18, States = { 2 3 4 5 6 7 8 9 10 11 12 13 14 15 16 17 18 19 }
* Dataflow Pipeline: 0

* FSM state transitions: 
1 --> 
	2  / true
2 --> 
	20  / (exitcond_flatten)
	3  / (!exitcond_flatten)
3 --> 
	4  / true
4 --> 
	5  / true
5 --> 
	6  / true
6 --> 
	7  / true
7 --> 
	8  / true
8 --> 
	9  / true
9 --> 
	10  / true
10 --> 
	11  / true
11 --> 
	12  / true
12 --> 
	13  / true
13 --> 
	14  / true
14 --> 
	15  / true
15 --> 
	16  / true
16 --> 
	17  / true
17 --> 
	18  / true
18 --> 
	19  / true
19 --> 
	2  / true
20 --> 

* FSM state operations: 

State 1 <SV = 0> <Delay = 0.65>
ST_1 : Operation 21 [1/1] (0.00ns)   --->   "%buf_val_1_val = alloca [1024 x i192], align 8" [/home/ylxiao_seas_upenn_edu/Roseetta/rosetta/optical-flow/src/sdsoc/optical_flow.cpp:278]   --->   Operation 21 'alloca' 'buf_val_1_val' <Predicate = true> <Delay = 0.00> <Core = "RAM">   --->   Core 37 'RAM' <Latency = 1> <II = 1> <Delay = 1.23> <Storage> <Opcode : 'load' 'store'> <Ports = 2> <Width = 192> <Depth = 1024> <RAM>
ST_1 : Operation 22 [1/1] (0.00ns)   --->   "%buf_val_2_val = alloca [1024 x i192], align 8" [/home/ylxiao_seas_upenn_edu/Roseetta/rosetta/optical-flow/src/sdsoc/optical_flow.cpp:278]   --->   Operation 22 'alloca' 'buf_val_2_val' <Predicate = true> <Delay = 0.00> <Core = "RAM">   --->   Core 37 'RAM' <Latency = 1> <II = 1> <Delay = 1.23> <Storage> <Opcode : 'load' 'store'> <Ports = 2> <Width = 192> <Depth = 1024> <RAM>
ST_1 : Operation 23 [1/1] (0.00ns)   --->   "call void (...)* @_ssdm_op_SpecInterface(i192* @out_product_val, [8 x i8]* @p_str, i32 0, i32 0, [1 x i8]* @p_str2, i32 0, i32 0, [1 x i8]* @p_str2, [1 x i8]* @p_str2, [1 x i8]* @p_str2, i32 0, i32 0, i32 0, i32 0, [1 x i8]* @p_str2, [1 x i8]* @p_str2)"   --->   Operation 23 'specinterface' <Predicate = true> <Delay = 0.00>
ST_1 : Operation 24 [1/1] (0.00ns)   --->   "call void (...)* @_ssdm_op_SpecInterface(i192* @tensor_y_val, [8 x i8]* @p_str, i32 0, i32 0, [1 x i8]* @p_str2, i32 0, i32 0, [1 x i8]* @p_str2, [1 x i8]* @p_str2, [1 x i8]* @p_str2, i32 0, i32 0, i32 0, i32 0, [1 x i8]* @p_str2, [1 x i8]* @p_str2)"   --->   Operation 24 'specinterface' <Predicate = true> <Delay = 0.00>
ST_1 : Operation 25 [1/1] (0.00ns)   --->   "%rbegin_i = call i32 (...)* @_ssdm_op_SpecRegionBegin([58 x i8]* @hls_KD_KD_LineBuffe_1) nounwind"   --->   Operation 25 'specregionbegin' 'rbegin_i' <Predicate = true> <Delay = 0.00>
ST_1 : Operation 26 [1/1] (0.00ns)   --->   "%rend_i = call i32 (...)* @_ssdm_op_SpecRegionEnd([58 x i8]* @hls_KD_KD_LineBuffe_1, i32 %rbegin_i) nounwind"   --->   Operation 26 'specregionend' 'rend_i' <Predicate = true> <Delay = 0.00>
ST_1 : Operation 27 [1/1] (0.65ns)   --->   "br label %1" [/home/ylxiao_seas_upenn_edu/Roseetta/rosetta/optical-flow/src/sdsoc/optical_flow.cpp:280]   --->   Operation 27 'br' <Predicate = true> <Delay = 0.65>

State 2 <SV = 1> <Delay = 2.56>
ST_2 : Operation 28 [1/1] (0.00ns)   --->   "%indvar_flatten = phi i19 [ 0, %0 ], [ %indvar_flatten_next, %.loopexit._crit_edge ]"   --->   Operation 28 'phi' 'indvar_flatten' <Predicate = true> <Delay = 0.00>
ST_2 : Operation 29 [1/1] (0.00ns)   --->   "%r = phi i9 [ 0, %0 ], [ %r_mid2, %.loopexit._crit_edge ]" [/home/ylxiao_seas_upenn_edu/Roseetta/rosetta/optical-flow/src/sdsoc/optical_flow.cpp:282]   --->   Operation 29 'phi' 'r' <Predicate = true> <Delay = 0.00>
ST_2 : Operation 30 [1/1] (0.00ns)   --->   "%col_assign = phi i11 [ 0, %0 ], [ %c, %.loopexit._crit_edge ]"   --->   Operation 30 'phi' 'col_assign' <Predicate = true> <Delay = 0.00>
ST_2 : Operation 31 [1/1] (0.88ns)   --->   "%tmp_1 = icmp ult i9 %r, -76" [/home/ylxiao_seas_upenn_edu/Roseetta/rosetta/optical-flow/src/sdsoc/optical_flow.cpp:290]   --->   Operation 31 'icmp' 'tmp_1' <Predicate = true> <Delay = 0.88> <Core = "Cmp">   --->   Core 25 'Cmp' <Latency = 0> <II = 1> <Delay = 0.88> <FuncUnit> <Opcode : 'icmp'> <InPorts = 2> <OutPorts = 1>
ST_2 : Operation 32 [1/1] (0.00ns)   --->   "%tmp = call i8 @_ssdm_op_PartSelect.i8.i9.i32.i32(i9 %r, i32 1, i32 8)" [/home/ylxiao_seas_upenn_edu/Roseetta/rosetta/optical-flow/src/sdsoc/optical_flow.cpp:305]   --->   Operation 32 'partselect' 'tmp' <Predicate = true> <Delay = 0.00>
ST_2 : Operation 33 [1/1] (0.84ns)   --->   "%icmp = icmp ne i8 %tmp, 0" [/home/ylxiao_seas_upenn_edu/Roseetta/rosetta/optical-flow/src/sdsoc/optical_flow.cpp:305]   --->   Operation 33 'icmp' 'icmp' <Predicate = true> <Delay = 0.84> <Core = "Cmp">   --->   Core 25 'Cmp' <Latency = 0> <II = 1> <Delay = 0.88> <FuncUnit> <Opcode : 'icmp'> <InPorts = 2> <OutPorts = 1>
ST_2 : Operation 34 [1/1] (0.28ns)   --->   "%or_cond = and i1 %icmp, %tmp_1" [/home/ylxiao_seas_upenn_edu/Roseetta/rosetta/optical-flow/src/sdsoc/optical_flow.cpp:305]   --->   Operation 34 'and' 'or_cond' <Predicate = true> <Delay = 0.28> <Core = "LogicGate">   --->   Core 27 'LogicGate' <Latency = 0> <II = 1> <Delay = 0.28> <FuncUnit> <Opcode : 'and' 'or' 'xor'> <InPorts = 2> <OutPorts = 1>
ST_2 : Operation 35 [1/1] (1.08ns)   --->   "%exitcond_flatten = icmp eq i19 %indvar_flatten, -76800"   --->   Operation 35 'icmp' 'exitcond_flatten' <Predicate = true> <Delay = 1.08> <Core = "Cmp">   --->   Core 25 'Cmp' <Latency = 0> <II = 1> <Delay = 0.88> <FuncUnit> <Opcode : 'icmp'> <InPorts = 2> <OutPorts = 1>
ST_2 : Operation 36 [1/1] (0.88ns)   --->   "%indvar_flatten_next = add i19 %indvar_flatten, 1"   --->   Operation 36 'add' 'indvar_flatten_next' <Predicate = true> <Delay = 0.88> <Core = "AddSub">   --->   Core 14 'AddSub' <Latency = 0> <II = 1> <Delay = 0.79> <FuncUnit> <Opcode : 'add' 'sub'> <InPorts = 2> <OutPorts = 1>
ST_2 : Operation 37 [1/1] (0.00ns)   --->   "br i1 %exitcond_flatten, label %4, label %.reset"   --->   Operation 37 'br' <Predicate = true> <Delay = 0.00>
ST_2 : Operation 38 [1/1] (0.94ns)   --->   "%exitcond = icmp eq i11 %col_assign, -1024" [/home/ylxiao_seas_upenn_edu/Roseetta/rosetta/optical-flow/src/sdsoc/optical_flow.cpp:282]   --->   Operation 38 'icmp' 'exitcond' <Predicate = (!exitcond_flatten)> <Delay = 0.94> <Core = "Cmp">   --->   Core 25 'Cmp' <Latency = 0> <II = 1> <Delay = 0.88> <FuncUnit> <Opcode : 'icmp'> <InPorts = 2> <OutPorts = 1>
ST_2 : Operation 39 [1/1] (0.38ns)   --->   "%col_assign_mid2 = select i1 %exitcond, i11 0, i11 %col_assign" [/home/ylxiao_seas_upenn_edu/Roseetta/rosetta/optical-flow/src/sdsoc/optical_flow.cpp:282]   --->   Operation 39 'select' 'col_assign_mid2' <Predicate = (!exitcond_flatten)> <Delay = 0.38> <Core = "Sel">   --->   Core 26 'Sel' <Latency = 0> <II = 1> <Delay = 0.44> <FuncUnit> <Opcode : 'select'> <InPorts = 3> <OutPorts = 1>
ST_2 : Operation 40 [1/1] (0.77ns)   --->   "%r_s = add i9 %r, 1" [/home/ylxiao_seas_upenn_edu/Roseetta/rosetta/optical-flow/src/sdsoc/optical_flow.cpp:280]   --->   Operation 40 'add' 'r_s' <Predicate = (!exitcond_flatten)> <Delay = 0.77> <Core = "AddSub">   --->   Core 14 'AddSub' <Latency = 0> <II = 1> <Delay = 0.79> <FuncUnit> <Opcode : 'add' 'sub'> <InPorts = 2> <OutPorts = 1>
ST_2 : Operation 41 [1/1] (0.88ns)   --->   "%tmp_1_mid1 = icmp ult i9 %r_s, -76" [/home/ylxiao_seas_upenn_edu/Roseetta/rosetta/optical-flow/src/sdsoc/optical_flow.cpp:290]   --->   Operation 41 'icmp' 'tmp_1_mid1' <Predicate = (!exitcond_flatten)> <Delay = 0.88> <Core = "Cmp">   --->   Core 25 'Cmp' <Latency = 0> <II = 1> <Delay = 0.88> <FuncUnit> <Opcode : 'icmp'> <InPorts = 2> <OutPorts = 1>
ST_2 : Operation 42 [1/1] (0.17ns)   --->   "%tmp_1_mid2 = select i1 %exitcond, i1 %tmp_1_mid1, i1 %tmp_1" [/home/ylxiao_seas_upenn_edu/Roseetta/rosetta/optical-flow/src/sdsoc/optical_flow.cpp:290]   --->   Operation 42 'select' 'tmp_1_mid2' <Predicate = (!exitcond_flatten)> <Delay = 0.17> <Core = "Sel">   --->   Core 26 'Sel' <Latency = 0> <II = 1> <Delay = 0.44> <FuncUnit> <Opcode : 'select'> <InPorts = 3> <OutPorts = 1>
ST_2 : Operation 43 [1/1] (0.00ns)   --->   "%tmp_3 = call i8 @_ssdm_op_PartSelect.i8.i9.i32.i32(i9 %r_s, i32 1, i32 8)" [/home/ylxiao_seas_upenn_edu/Roseetta/rosetta/optical-flow/src/sdsoc/optical_flow.cpp:305]   --->   Operation 43 'partselect' 'tmp_3' <Predicate = (!exitcond_flatten)> <Delay = 0.00>
ST_2 : Operation 44 [1/1] (0.84ns)   --->   "%icmp1 = icmp ne i8 %tmp_3, 0" [/home/ylxiao_seas_upenn_edu/Roseetta/rosetta/optical-flow/src/sdsoc/optical_flow.cpp:305]   --->   Operation 44 'icmp' 'icmp1' <Predicate = (!exitcond_flatten)> <Delay = 0.84> <Core = "Cmp">   --->   Core 25 'Cmp' <Latency = 0> <II = 1> <Delay = 0.88> <FuncUnit> <Opcode : 'icmp'> <InPorts = 2> <OutPorts = 1>
ST_2 : Operation 45 [1/1] (0.00ns) (grouped into LUT with out node or_cond_mid2)   --->   "%or_cond_mid1 = and i1 %icmp1, %tmp_1_mid1" [/home/ylxiao_seas_upenn_edu/Roseetta/rosetta/optical-flow/src/sdsoc/optical_flow.cpp:305]   --->   Operation 45 'and' 'or_cond_mid1' <Predicate = (!exitcond_flatten)> <Delay = 0.00> <Core = "LogicGate">   --->   Core 27 'LogicGate' <Latency = 0> <II = 1> <Delay = 0.28> <FuncUnit> <Opcode : 'and' 'or' 'xor'> <InPorts = 2> <OutPorts = 1>
ST_2 : Operation 46 [1/1] (0.28ns) (out node of the LUT)   --->   "%or_cond_mid2 = select i1 %exitcond, i1 %or_cond_mid1, i1 %or_cond" [/home/ylxiao_seas_upenn_edu/Roseetta/rosetta/optical-flow/src/sdsoc/optical_flow.cpp:305]   --->   Operation 46 'select' 'or_cond_mid2' <Predicate = (!exitcond_flatten)> <Delay = 0.28> <Core = "Sel">   --->   Core 26 'Sel' <Latency = 0> <II = 1> <Delay = 0.44> <FuncUnit> <Opcode : 'select'> <InPorts = 3> <OutPorts = 1>
ST_2 : Operation 47 [1/1] (0.88ns)   --->   "%tmp_4_mid1 = icmp eq i9 %r_s, 0" [/home/ylxiao_seas_upenn_edu/Roseetta/rosetta/optical-flow/src/sdsoc/optical_flow.cpp:317]   --->   Operation 47 'icmp' 'tmp_4_mid1' <Predicate = (!exitcond_flatten)> <Delay = 0.88> <Core = "Cmp">   --->   Core 25 'Cmp' <Latency = 0> <II = 1> <Delay = 0.88> <FuncUnit> <Opcode : 'icmp'> <InPorts = 2> <OutPorts = 1>
ST_2 : Operation 48 [1/1] (0.88ns)   --->   "%tmp_4 = icmp eq i9 %r, 0" [/home/ylxiao_seas_upenn_edu/Roseetta/rosetta/optical-flow/src/sdsoc/optical_flow.cpp:317]   --->   Operation 48 'icmp' 'tmp_4' <Predicate = (!exitcond_flatten)> <Delay = 0.88> <Core = "Cmp">   --->   Core 25 'Cmp' <Latency = 0> <II = 1> <Delay = 0.88> <FuncUnit> <Opcode : 'icmp'> <InPorts = 2> <OutPorts = 1>
ST_2 : Operation 49 [1/1] (0.17ns)   --->   "%tmp_4_mid2 = select i1 %exitcond, i1 %tmp_4_mid1, i1 %tmp_4" [/home/ylxiao_seas_upenn_edu/Roseetta/rosetta/optical-flow/src/sdsoc/optical_flow.cpp:317]   --->   Operation 49 'select' 'tmp_4_mid2' <Predicate = (!exitcond_flatten)> <Delay = 0.17> <Core = "Sel">   --->   Core 26 'Sel' <Latency = 0> <II = 1> <Delay = 0.44> <FuncUnit> <Opcode : 'select'> <InPorts = 3> <OutPorts = 1>
ST_2 : Operation 50 [1/1] (0.39ns)   --->   "%r_mid2 = select i1 %exitcond, i9 %r_s, i9 %r" [/home/ylxiao_seas_upenn_edu/Roseetta/rosetta/optical-flow/src/sdsoc/optical_flow.cpp:282]   --->   Operation 50 'select' 'r_mid2' <Predicate = (!exitcond_flatten)> <Delay = 0.39> <Core = "Sel">   --->   Core 26 'Sel' <Latency = 0> <II = 1> <Delay = 0.44> <FuncUnit> <Opcode : 'select'> <InPorts = 3> <OutPorts = 1>
ST_2 : Operation 51 [1/1] (0.00ns)   --->   "%tmp_s = zext i11 %col_assign_mid2 to i64" [/apps/xilinx/2018.2/Vivado/2018.2/common/technology/autopilot/hls/hls_video_mem.h:729->/home/ylxiao_seas_upenn_edu/Roseetta/rosetta/optical-flow/src/sdsoc/optical_flow.cpp:289]   --->   Operation 51 'zext' 'tmp_s' <Predicate = (!exitcond_flatten)> <Delay = 0.00>
ST_2 : Operation 52 [1/1] (0.00ns)   --->   "%buf_val_1_val_addr = getelementptr [1024 x i192]* %buf_val_1_val, i64 0, i64 %tmp_s" [/apps/xilinx/2018.2/Vivado/2018.2/common/technology/autopilot/hls/hls_video_mem.h:729->/home/ylxiao_seas_upenn_edu/Roseetta/rosetta/optical-flow/src/sdsoc/optical_flow.cpp:289]   --->   Operation 52 'getelementptr' 'buf_val_1_val_addr' <Predicate = (!exitcond_flatten)> <Delay = 0.00>
ST_2 : Operation 53 [2/2] (1.23ns)   --->   "%buf_val_1_val_load = load i192* %buf_val_1_val_addr, align 8" [/apps/xilinx/2018.2/Vivado/2018.2/common/technology/autopilot/hls/hls_video_mem.h:729->/home/ylxiao_seas_upenn_edu/Roseetta/rosetta/optical-flow/src/sdsoc/optical_flow.cpp:289]   --->   Operation 53 'load' 'buf_val_1_val_load' <Predicate = (!exitcond_flatten)> <Delay = 1.23> <Core = "RAM">   --->   Core 37 'RAM' <Latency = 1> <II = 1> <Delay = 1.23> <Storage> <Opcode : 'load' 'store'> <Ports = 2> <Width = 192> <Depth = 1024> <RAM>
ST_2 : Operation 54 [1/1] (0.00ns)   --->   "%buf_val_2_val_addr = getelementptr [1024 x i192]* %buf_val_2_val, i64 0, i64 %tmp_s" [/apps/xilinx/2018.2/Vivado/2018.2/common/technology/autopilot/hls/hls_video_mem.h:729->/home/ylxiao_seas_upenn_edu/Roseetta/rosetta/optical-flow/src/sdsoc/optical_flow.cpp:289]   --->   Operation 54 'getelementptr' 'buf_val_2_val_addr' <Predicate = (!exitcond_flatten)> <Delay = 0.00>
ST_2 : Operation 55 [1/1] (0.65ns)   --->   "br i1 %tmp_1_mid2, label %2, label %.loopexit7_ifconv" [/home/ylxiao_seas_upenn_edu/Roseetta/rosetta/optical-flow/src/sdsoc/optical_flow.cpp:290]   --->   Operation 55 'br' <Predicate = (!exitcond_flatten)> <Delay = 0.65>
ST_2 : Operation 56 [1/1] (0.00ns)   --->   "br i1 %tmp_4_mid2, label %.loopexit._crit_edge, label %3" [/home/ylxiao_seas_upenn_edu/Roseetta/rosetta/optical-flow/src/sdsoc/optical_flow.cpp:317]   --->   Operation 56 'br' <Predicate = (!exitcond_flatten)> <Delay = 0.00>
ST_2 : Operation 57 [1/1] (0.79ns)   --->   "%c = add i11 %col_assign_mid2, 1" [/home/ylxiao_seas_upenn_edu/Roseetta/rosetta/optical-flow/src/sdsoc/optical_flow.cpp:282]   --->   Operation 57 'add' 'c' <Predicate = (!exitcond_flatten)> <Delay = 0.79> <Core = "AddSub">   --->   Core 14 'AddSub' <Latency = 0> <II = 1> <Delay = 0.79> <FuncUnit> <Opcode : 'add' 'sub'> <InPorts = 2> <OutPorts = 1>

State 3 <SV = 2> <Delay = 1.23>
ST_3 : Operation 58 [1/2] (1.23ns)   --->   "%buf_val_1_val_load = load i192* %buf_val_1_val_addr, align 8" [/apps/xilinx/2018.2/Vivado/2018.2/common/technology/autopilot/hls/hls_video_mem.h:729->/home/ylxiao_seas_upenn_edu/Roseetta/rosetta/optical-flow/src/sdsoc/optical_flow.cpp:289]   --->   Operation 58 'load' 'buf_val_1_val_load' <Predicate = (!exitcond_flatten)> <Delay = 1.23> <Core = "RAM">   --->   Core 37 'RAM' <Latency = 1> <II = 1> <Delay = 1.23> <Storage> <Opcode : 'load' 'store'> <Ports = 2> <Width = 192> <Depth = 1024> <RAM>

State 4 <SV = 3> <Delay = 7.01>
ST_4 : Operation 59 [1/1] (0.00ns)   --->   "%tmp_9 = trunc i192 %buf_val_1_val_load to i32" [/home/ylxiao_seas_upenn_edu/Roseetta/rosetta/optical-flow/src/sdsoc/optical_flow.cpp:313]   --->   Operation 59 'trunc' 'tmp_9' <Predicate = (or_cond_mid2)> <Delay = 0.00>
ST_4 : Operation 60 [1/1] (0.00ns)   --->   "%tmp_2 = bitcast i32 %tmp_9 to float" [/home/ylxiao_seas_upenn_edu/Roseetta/rosetta/optical-flow/src/sdsoc/optical_flow.cpp:313]   --->   Operation 60 'bitcast' 'tmp_2' <Predicate = (or_cond_mid2)> <Delay = 0.00>
ST_4 : Operation 61 [3/3] (7.01ns)   --->   "%tmp_18 = fmul float %tmp_2, 0x3FD4C154C0000000" [/home/ylxiao_seas_upenn_edu/Roseetta/rosetta/optical-flow/src/sdsoc/optical_flow.cpp:313]   --->   Operation 61 'fmul' 'tmp_18' <Predicate = (or_cond_mid2)> <Delay = 7.01> <Core = "FMul">   --->   Core 100 'FMul' <Latency = 2> <II = 1> <Delay = 7.01> <FuncUnit> <Opcode : 'fmul'> <InPorts = 2> <OutPorts = 1>
ST_4 : Operation 62 [1/1] (0.00ns)   --->   "%tmp_5 = call i32 @_ssdm_op_PartSelect.i32.i192.i9.i9(i192 %buf_val_1_val_load, i9 32, i9 63)" [/home/ylxiao_seas_upenn_edu/Roseetta/rosetta/optical-flow/src/sdsoc/optical_flow.cpp:313]   --->   Operation 62 'partselect' 'tmp_5' <Predicate = (or_cond_mid2)> <Delay = 0.00>
ST_4 : Operation 63 [1/1] (0.00ns)   --->   "%tmp_6 = bitcast i32 %tmp_5 to float" [/home/ylxiao_seas_upenn_edu/Roseetta/rosetta/optical-flow/src/sdsoc/optical_flow.cpp:313]   --->   Operation 63 'bitcast' 'tmp_6' <Predicate = (or_cond_mid2)> <Delay = 0.00>
ST_4 : Operation 64 [3/3] (7.01ns)   --->   "%tmp_18_0_1 = fmul float %tmp_6, 0x3FD4C154C0000000" [/home/ylxiao_seas_upenn_edu/Roseetta/rosetta/optical-flow/src/sdsoc/optical_flow.cpp:313]   --->   Operation 64 'fmul' 'tmp_18_0_1' <Predicate = (or_cond_mid2)> <Delay = 7.01> <Core = "FMul">   --->   Core 100 'FMul' <Latency = 2> <II = 1> <Delay = 7.01> <FuncUnit> <Opcode : 'fmul'> <InPorts = 2> <OutPorts = 1>
ST_4 : Operation 65 [1/1] (0.00ns)   --->   "%tmp_10 = call i32 @_ssdm_op_PartSelect.i32.i192.i9.i9(i192 %buf_val_1_val_load, i9 64, i9 95)" [/home/ylxiao_seas_upenn_edu/Roseetta/rosetta/optical-flow/src/sdsoc/optical_flow.cpp:313]   --->   Operation 65 'partselect' 'tmp_10' <Predicate = (or_cond_mid2)> <Delay = 0.00>
ST_4 : Operation 66 [1/1] (0.00ns)   --->   "%tmp_11 = bitcast i32 %tmp_10 to float" [/home/ylxiao_seas_upenn_edu/Roseetta/rosetta/optical-flow/src/sdsoc/optical_flow.cpp:313]   --->   Operation 66 'bitcast' 'tmp_11' <Predicate = (or_cond_mid2)> <Delay = 0.00>
ST_4 : Operation 67 [3/3] (7.01ns)   --->   "%tmp_18_0_2 = fmul float %tmp_11, 0x3FD4C154C0000000" [/home/ylxiao_seas_upenn_edu/Roseetta/rosetta/optical-flow/src/sdsoc/optical_flow.cpp:313]   --->   Operation 67 'fmul' 'tmp_18_0_2' <Predicate = (or_cond_mid2)> <Delay = 7.01> <Core = "FMul">   --->   Core 100 'FMul' <Latency = 2> <II = 1> <Delay = 7.01> <FuncUnit> <Opcode : 'fmul'> <InPorts = 2> <OutPorts = 1>
ST_4 : Operation 68 [1/1] (0.00ns)   --->   "%tmp_12 = call i32 @_ssdm_op_PartSelect.i32.i192.i9.i9(i192 %buf_val_1_val_load, i9 96, i9 127)" [/home/ylxiao_seas_upenn_edu/Roseetta/rosetta/optical-flow/src/sdsoc/optical_flow.cpp:313]   --->   Operation 68 'partselect' 'tmp_12' <Predicate = (or_cond_mid2)> <Delay = 0.00>
ST_4 : Operation 69 [1/1] (0.00ns)   --->   "%tmp_13 = bitcast i32 %tmp_12 to float" [/home/ylxiao_seas_upenn_edu/Roseetta/rosetta/optical-flow/src/sdsoc/optical_flow.cpp:313]   --->   Operation 69 'bitcast' 'tmp_13' <Predicate = (or_cond_mid2)> <Delay = 0.00>
ST_4 : Operation 70 [3/3] (7.01ns)   --->   "%tmp_18_0_3 = fmul float %tmp_13, 0x3FD4C154C0000000" [/home/ylxiao_seas_upenn_edu/Roseetta/rosetta/optical-flow/src/sdsoc/optical_flow.cpp:313]   --->   Operation 70 'fmul' 'tmp_18_0_3' <Predicate = (or_cond_mid2)> <Delay = 7.01> <Core = "FMul">   --->   Core 100 'FMul' <Latency = 2> <II = 1> <Delay = 7.01> <FuncUnit> <Opcode : 'fmul'> <InPorts = 2> <OutPorts = 1>
ST_4 : Operation 71 [1/1] (0.00ns)   --->   "%tmp_14 = call i32 @_ssdm_op_PartSelect.i32.i192.i9.i9(i192 %buf_val_1_val_load, i9 128, i9 159)" [/home/ylxiao_seas_upenn_edu/Roseetta/rosetta/optical-flow/src/sdsoc/optical_flow.cpp:313]   --->   Operation 71 'partselect' 'tmp_14' <Predicate = (or_cond_mid2)> <Delay = 0.00>
ST_4 : Operation 72 [1/1] (0.00ns)   --->   "%tmp_15 = bitcast i32 %tmp_14 to float" [/home/ylxiao_seas_upenn_edu/Roseetta/rosetta/optical-flow/src/sdsoc/optical_flow.cpp:313]   --->   Operation 72 'bitcast' 'tmp_15' <Predicate = (or_cond_mid2)> <Delay = 0.00>
ST_4 : Operation 73 [3/3] (7.01ns)   --->   "%tmp_18_0_4 = fmul float %tmp_15, 0x3FD4C154C0000000" [/home/ylxiao_seas_upenn_edu/Roseetta/rosetta/optical-flow/src/sdsoc/optical_flow.cpp:313]   --->   Operation 73 'fmul' 'tmp_18_0_4' <Predicate = (or_cond_mid2)> <Delay = 7.01> <Core = "FMul">   --->   Core 100 'FMul' <Latency = 2> <II = 1> <Delay = 7.01> <FuncUnit> <Opcode : 'fmul'> <InPorts = 2> <OutPorts = 1>
ST_4 : Operation 74 [1/1] (0.00ns)   --->   "%tmp_16 = call i32 @_ssdm_op_PartSelect.i32.i192.i9.i9(i192 %buf_val_1_val_load, i9 160, i9 191)" [/home/ylxiao_seas_upenn_edu/Roseetta/rosetta/optical-flow/src/sdsoc/optical_flow.cpp:313]   --->   Operation 74 'partselect' 'tmp_16' <Predicate = (or_cond_mid2)> <Delay = 0.00>
ST_4 : Operation 75 [1/1] (0.00ns)   --->   "%tmp_17 = bitcast i32 %tmp_16 to float" [/home/ylxiao_seas_upenn_edu/Roseetta/rosetta/optical-flow/src/sdsoc/optical_flow.cpp:313]   --->   Operation 75 'bitcast' 'tmp_17' <Predicate = (or_cond_mid2)> <Delay = 0.00>
ST_4 : Operation 76 [3/3] (7.01ns)   --->   "%tmp_18_0_5 = fmul float %tmp_17, 0x3FD4C154C0000000" [/home/ylxiao_seas_upenn_edu/Roseetta/rosetta/optical-flow/src/sdsoc/optical_flow.cpp:313]   --->   Operation 76 'fmul' 'tmp_18_0_5' <Predicate = (or_cond_mid2)> <Delay = 7.01> <Core = "FMul">   --->   Core 100 'FMul' <Latency = 2> <II = 1> <Delay = 7.01> <FuncUnit> <Opcode : 'fmul'> <InPorts = 2> <OutPorts = 1>

State 5 <SV = 4> <Delay = 7.01>
ST_5 : Operation 77 [2/3] (7.01ns)   --->   "%tmp_18 = fmul float %tmp_2, 0x3FD4C154C0000000" [/home/ylxiao_seas_upenn_edu/Roseetta/rosetta/optical-flow/src/sdsoc/optical_flow.cpp:313]   --->   Operation 77 'fmul' 'tmp_18' <Predicate = (or_cond_mid2)> <Delay = 7.01> <Core = "FMul">   --->   Core 100 'FMul' <Latency = 2> <II = 1> <Delay = 7.01> <FuncUnit> <Opcode : 'fmul'> <InPorts = 2> <OutPorts = 1>
ST_5 : Operation 78 [2/3] (7.01ns)   --->   "%tmp_18_0_1 = fmul float %tmp_6, 0x3FD4C154C0000000" [/home/ylxiao_seas_upenn_edu/Roseetta/rosetta/optical-flow/src/sdsoc/optical_flow.cpp:313]   --->   Operation 78 'fmul' 'tmp_18_0_1' <Predicate = (or_cond_mid2)> <Delay = 7.01> <Core = "FMul">   --->   Core 100 'FMul' <Latency = 2> <II = 1> <Delay = 7.01> <FuncUnit> <Opcode : 'fmul'> <InPorts = 2> <OutPorts = 1>
ST_5 : Operation 79 [2/3] (7.01ns)   --->   "%tmp_18_0_2 = fmul float %tmp_11, 0x3FD4C154C0000000" [/home/ylxiao_seas_upenn_edu/Roseetta/rosetta/optical-flow/src/sdsoc/optical_flow.cpp:313]   --->   Operation 79 'fmul' 'tmp_18_0_2' <Predicate = (or_cond_mid2)> <Delay = 7.01> <Core = "FMul">   --->   Core 100 'FMul' <Latency = 2> <II = 1> <Delay = 7.01> <FuncUnit> <Opcode : 'fmul'> <InPorts = 2> <OutPorts = 1>
ST_5 : Operation 80 [2/3] (7.01ns)   --->   "%tmp_18_0_3 = fmul float %tmp_13, 0x3FD4C154C0000000" [/home/ylxiao_seas_upenn_edu/Roseetta/rosetta/optical-flow/src/sdsoc/optical_flow.cpp:313]   --->   Operation 80 'fmul' 'tmp_18_0_3' <Predicate = (or_cond_mid2)> <Delay = 7.01> <Core = "FMul">   --->   Core 100 'FMul' <Latency = 2> <II = 1> <Delay = 7.01> <FuncUnit> <Opcode : 'fmul'> <InPorts = 2> <OutPorts = 1>
ST_5 : Operation 81 [2/3] (7.01ns)   --->   "%tmp_18_0_4 = fmul float %tmp_15, 0x3FD4C154C0000000" [/home/ylxiao_seas_upenn_edu/Roseetta/rosetta/optical-flow/src/sdsoc/optical_flow.cpp:313]   --->   Operation 81 'fmul' 'tmp_18_0_4' <Predicate = (or_cond_mid2)> <Delay = 7.01> <Core = "FMul">   --->   Core 100 'FMul' <Latency = 2> <II = 1> <Delay = 7.01> <FuncUnit> <Opcode : 'fmul'> <InPorts = 2> <OutPorts = 1>
ST_5 : Operation 82 [2/3] (7.01ns)   --->   "%tmp_18_0_5 = fmul float %tmp_17, 0x3FD4C154C0000000" [/home/ylxiao_seas_upenn_edu/Roseetta/rosetta/optical-flow/src/sdsoc/optical_flow.cpp:313]   --->   Operation 82 'fmul' 'tmp_18_0_5' <Predicate = (or_cond_mid2)> <Delay = 7.01> <Core = "FMul">   --->   Core 100 'FMul' <Latency = 2> <II = 1> <Delay = 7.01> <FuncUnit> <Opcode : 'fmul'> <InPorts = 2> <OutPorts = 1>

State 6 <SV = 5> <Delay = 7.01>
ST_6 : Operation 83 [2/2] (1.23ns)   --->   "%buf_val_2_val_load = load i192* %buf_val_2_val_addr, align 8" [/apps/xilinx/2018.2/Vivado/2018.2/common/technology/autopilot/hls/hls_video_mem.h:729->/home/ylxiao_seas_upenn_edu/Roseetta/rosetta/optical-flow/src/sdsoc/optical_flow.cpp:289]   --->   Operation 83 'load' 'buf_val_2_val_load' <Predicate = (!exitcond_flatten)> <Delay = 1.23> <Core = "RAM">   --->   Core 37 'RAM' <Latency = 1> <II = 1> <Delay = 1.23> <Storage> <Opcode : 'load' 'store'> <Ports = 2> <Width = 192> <Depth = 1024> <RAM>
ST_6 : Operation 84 [1/3] (7.01ns)   --->   "%tmp_18 = fmul float %tmp_2, 0x3FD4C154C0000000" [/home/ylxiao_seas_upenn_edu/Roseetta/rosetta/optical-flow/src/sdsoc/optical_flow.cpp:313]   --->   Operation 84 'fmul' 'tmp_18' <Predicate = (or_cond_mid2)> <Delay = 7.01> <Core = "FMul">   --->   Core 100 'FMul' <Latency = 2> <II = 1> <Delay = 7.01> <FuncUnit> <Opcode : 'fmul'> <InPorts = 2> <OutPorts = 1>
ST_6 : Operation 85 [1/3] (7.01ns)   --->   "%tmp_18_0_1 = fmul float %tmp_6, 0x3FD4C154C0000000" [/home/ylxiao_seas_upenn_edu/Roseetta/rosetta/optical-flow/src/sdsoc/optical_flow.cpp:313]   --->   Operation 85 'fmul' 'tmp_18_0_1' <Predicate = (or_cond_mid2)> <Delay = 7.01> <Core = "FMul">   --->   Core 100 'FMul' <Latency = 2> <II = 1> <Delay = 7.01> <FuncUnit> <Opcode : 'fmul'> <InPorts = 2> <OutPorts = 1>
ST_6 : Operation 86 [1/3] (7.01ns)   --->   "%tmp_18_0_2 = fmul float %tmp_11, 0x3FD4C154C0000000" [/home/ylxiao_seas_upenn_edu/Roseetta/rosetta/optical-flow/src/sdsoc/optical_flow.cpp:313]   --->   Operation 86 'fmul' 'tmp_18_0_2' <Predicate = (or_cond_mid2)> <Delay = 7.01> <Core = "FMul">   --->   Core 100 'FMul' <Latency = 2> <II = 1> <Delay = 7.01> <FuncUnit> <Opcode : 'fmul'> <InPorts = 2> <OutPorts = 1>
ST_6 : Operation 87 [1/3] (7.01ns)   --->   "%tmp_18_0_3 = fmul float %tmp_13, 0x3FD4C154C0000000" [/home/ylxiao_seas_upenn_edu/Roseetta/rosetta/optical-flow/src/sdsoc/optical_flow.cpp:313]   --->   Operation 87 'fmul' 'tmp_18_0_3' <Predicate = (or_cond_mid2)> <Delay = 7.01> <Core = "FMul">   --->   Core 100 'FMul' <Latency = 2> <II = 1> <Delay = 7.01> <FuncUnit> <Opcode : 'fmul'> <InPorts = 2> <OutPorts = 1>
ST_6 : Operation 88 [1/3] (7.01ns)   --->   "%tmp_18_0_4 = fmul float %tmp_15, 0x3FD4C154C0000000" [/home/ylxiao_seas_upenn_edu/Roseetta/rosetta/optical-flow/src/sdsoc/optical_flow.cpp:313]   --->   Operation 88 'fmul' 'tmp_18_0_4' <Predicate = (or_cond_mid2)> <Delay = 7.01> <Core = "FMul">   --->   Core 100 'FMul' <Latency = 2> <II = 1> <Delay = 7.01> <FuncUnit> <Opcode : 'fmul'> <InPorts = 2> <OutPorts = 1>
ST_6 : Operation 89 [1/3] (7.01ns)   --->   "%tmp_18_0_5 = fmul float %tmp_17, 0x3FD4C154C0000000" [/home/ylxiao_seas_upenn_edu/Roseetta/rosetta/optical-flow/src/sdsoc/optical_flow.cpp:313]   --->   Operation 89 'fmul' 'tmp_18_0_5' <Predicate = (or_cond_mid2)> <Delay = 7.01> <Core = "FMul">   --->   Core 100 'FMul' <Latency = 2> <II = 1> <Delay = 7.01> <FuncUnit> <Opcode : 'fmul'> <InPorts = 2> <OutPorts = 1>

State 7 <SV = 6> <Delay = 6.43>
ST_7 : Operation 90 [1/2] (1.23ns)   --->   "%buf_val_2_val_load = load i192* %buf_val_2_val_addr, align 8" [/apps/xilinx/2018.2/Vivado/2018.2/common/technology/autopilot/hls/hls_video_mem.h:729->/home/ylxiao_seas_upenn_edu/Roseetta/rosetta/optical-flow/src/sdsoc/optical_flow.cpp:289]   --->   Operation 90 'load' 'buf_val_2_val_load' <Predicate = (!exitcond_flatten)> <Delay = 1.23> <Core = "RAM">   --->   Core 37 'RAM' <Latency = 1> <II = 1> <Delay = 1.23> <Storage> <Opcode : 'load' 'store'> <Ports = 2> <Width = 192> <Depth = 1024> <RAM>
ST_7 : Operation 91 [1/1] (1.23ns)   --->   "store i192 %buf_val_2_val_load, i192* %buf_val_1_val_addr, align 8" [/apps/xilinx/2018.2/Vivado/2018.2/common/technology/autopilot/hls/hls_video_mem.h:729->/home/ylxiao_seas_upenn_edu/Roseetta/rosetta/optical-flow/src/sdsoc/optical_flow.cpp:289]   --->   Operation 91 'store' <Predicate = (!exitcond_flatten)> <Delay = 1.23> <Core = "RAM">   --->   Core 37 'RAM' <Latency = 1> <II = 1> <Delay = 1.23> <Storage> <Opcode : 'load' 'store'> <Ports = 2> <Width = 192> <Depth = 1024> <RAM>
ST_7 : Operation 92 [4/4] (6.43ns)   --->   "%tmp_30 = fadd float %tmp_18, 0.000000e+00" [/home/ylxiao_seas_upenn_edu/Roseetta/rosetta/optical-flow/src/sdsoc/optical_flow.cpp:313]   --->   Operation 92 'fadd' 'tmp_30' <Predicate = (or_cond_mid2)> <Delay = 6.43> <Core = "FAddSub">   --->   Core 99 'FAddSub' <Latency = 3> <II = 1> <Delay = 6.43> <FuncUnit> <Opcode : 'fadd' 'fsub'> <InPorts = 2> <OutPorts = 1>
ST_7 : Operation 93 [4/4] (6.43ns)   --->   "%tmp_19_0_1 = fadd float %tmp_18_0_1, 0.000000e+00" [/home/ylxiao_seas_upenn_edu/Roseetta/rosetta/optical-flow/src/sdsoc/optical_flow.cpp:313]   --->   Operation 93 'fadd' 'tmp_19_0_1' <Predicate = (or_cond_mid2)> <Delay = 6.43> <Core = "FAddSub">   --->   Core 99 'FAddSub' <Latency = 3> <II = 1> <Delay = 6.43> <FuncUnit> <Opcode : 'fadd' 'fsub'> <InPorts = 2> <OutPorts = 1>
ST_7 : Operation 94 [4/4] (6.43ns)   --->   "%tmp_19_0_2 = fadd float %tmp_18_0_2, 0.000000e+00" [/home/ylxiao_seas_upenn_edu/Roseetta/rosetta/optical-flow/src/sdsoc/optical_flow.cpp:313]   --->   Operation 94 'fadd' 'tmp_19_0_2' <Predicate = (or_cond_mid2)> <Delay = 6.43> <Core = "FAddSub">   --->   Core 99 'FAddSub' <Latency = 3> <II = 1> <Delay = 6.43> <FuncUnit> <Opcode : 'fadd' 'fsub'> <InPorts = 2> <OutPorts = 1>
ST_7 : Operation 95 [4/4] (6.43ns)   --->   "%tmp_19_0_3 = fadd float %tmp_18_0_3, 0.000000e+00" [/home/ylxiao_seas_upenn_edu/Roseetta/rosetta/optical-flow/src/sdsoc/optical_flow.cpp:313]   --->   Operation 95 'fadd' 'tmp_19_0_3' <Predicate = (or_cond_mid2)> <Delay = 6.43> <Core = "FAddSub">   --->   Core 99 'FAddSub' <Latency = 3> <II = 1> <Delay = 6.43> <FuncUnit> <Opcode : 'fadd' 'fsub'> <InPorts = 2> <OutPorts = 1>
ST_7 : Operation 96 [4/4] (6.43ns)   --->   "%tmp_19_0_4 = fadd float %tmp_18_0_4, 0.000000e+00" [/home/ylxiao_seas_upenn_edu/Roseetta/rosetta/optical-flow/src/sdsoc/optical_flow.cpp:313]   --->   Operation 96 'fadd' 'tmp_19_0_4' <Predicate = (or_cond_mid2)> <Delay = 6.43> <Core = "FAddSub">   --->   Core 99 'FAddSub' <Latency = 3> <II = 1> <Delay = 6.43> <FuncUnit> <Opcode : 'fadd' 'fsub'> <InPorts = 2> <OutPorts = 1>
ST_7 : Operation 97 [4/4] (6.43ns)   --->   "%tmp_19_0_5 = fadd float %tmp_18_0_5, 0.000000e+00" [/home/ylxiao_seas_upenn_edu/Roseetta/rosetta/optical-flow/src/sdsoc/optical_flow.cpp:313]   --->   Operation 97 'fadd' 'tmp_19_0_5' <Predicate = (or_cond_mid2)> <Delay = 6.43> <Core = "FAddSub">   --->   Core 99 'FAddSub' <Latency = 3> <II = 1> <Delay = 6.43> <FuncUnit> <Opcode : 'fadd' 'fsub'> <InPorts = 2> <OutPorts = 1>

State 8 <SV = 7> <Delay = 7.01>
ST_8 : Operation 98 [3/4] (6.43ns)   --->   "%tmp_30 = fadd float %tmp_18, 0.000000e+00" [/home/ylxiao_seas_upenn_edu/Roseetta/rosetta/optical-flow/src/sdsoc/optical_flow.cpp:313]   --->   Operation 98 'fadd' 'tmp_30' <Predicate = (or_cond_mid2)> <Delay = 6.43> <Core = "FAddSub">   --->   Core 99 'FAddSub' <Latency = 3> <II = 1> <Delay = 6.43> <FuncUnit> <Opcode : 'fadd' 'fsub'> <InPorts = 2> <OutPorts = 1>
ST_8 : Operation 99 [3/4] (6.43ns)   --->   "%tmp_19_0_1 = fadd float %tmp_18_0_1, 0.000000e+00" [/home/ylxiao_seas_upenn_edu/Roseetta/rosetta/optical-flow/src/sdsoc/optical_flow.cpp:313]   --->   Operation 99 'fadd' 'tmp_19_0_1' <Predicate = (or_cond_mid2)> <Delay = 6.43> <Core = "FAddSub">   --->   Core 99 'FAddSub' <Latency = 3> <II = 1> <Delay = 6.43> <FuncUnit> <Opcode : 'fadd' 'fsub'> <InPorts = 2> <OutPorts = 1>
ST_8 : Operation 100 [3/4] (6.43ns)   --->   "%tmp_19_0_2 = fadd float %tmp_18_0_2, 0.000000e+00" [/home/ylxiao_seas_upenn_edu/Roseetta/rosetta/optical-flow/src/sdsoc/optical_flow.cpp:313]   --->   Operation 100 'fadd' 'tmp_19_0_2' <Predicate = (or_cond_mid2)> <Delay = 6.43> <Core = "FAddSub">   --->   Core 99 'FAddSub' <Latency = 3> <II = 1> <Delay = 6.43> <FuncUnit> <Opcode : 'fadd' 'fsub'> <InPorts = 2> <OutPorts = 1>
ST_8 : Operation 101 [3/4] (6.43ns)   --->   "%tmp_19_0_3 = fadd float %tmp_18_0_3, 0.000000e+00" [/home/ylxiao_seas_upenn_edu/Roseetta/rosetta/optical-flow/src/sdsoc/optical_flow.cpp:313]   --->   Operation 101 'fadd' 'tmp_19_0_3' <Predicate = (or_cond_mid2)> <Delay = 6.43> <Core = "FAddSub">   --->   Core 99 'FAddSub' <Latency = 3> <II = 1> <Delay = 6.43> <FuncUnit> <Opcode : 'fadd' 'fsub'> <InPorts = 2> <OutPorts = 1>
ST_8 : Operation 102 [3/4] (6.43ns)   --->   "%tmp_19_0_4 = fadd float %tmp_18_0_4, 0.000000e+00" [/home/ylxiao_seas_upenn_edu/Roseetta/rosetta/optical-flow/src/sdsoc/optical_flow.cpp:313]   --->   Operation 102 'fadd' 'tmp_19_0_4' <Predicate = (or_cond_mid2)> <Delay = 6.43> <Core = "FAddSub">   --->   Core 99 'FAddSub' <Latency = 3> <II = 1> <Delay = 6.43> <FuncUnit> <Opcode : 'fadd' 'fsub'> <InPorts = 2> <OutPorts = 1>
ST_8 : Operation 103 [3/4] (6.43ns)   --->   "%tmp_19_0_5 = fadd float %tmp_18_0_5, 0.000000e+00" [/home/ylxiao_seas_upenn_edu/Roseetta/rosetta/optical-flow/src/sdsoc/optical_flow.cpp:313]   --->   Operation 103 'fadd' 'tmp_19_0_5' <Predicate = (or_cond_mid2)> <Delay = 6.43> <Core = "FAddSub">   --->   Core 99 'FAddSub' <Latency = 3> <II = 1> <Delay = 6.43> <FuncUnit> <Opcode : 'fadd' 'fsub'> <InPorts = 2> <OutPorts = 1>
ST_8 : Operation 104 [1/1] (0.00ns)   --->   "%tmp_49 = trunc i192 %buf_val_2_val_load to i32" [/home/ylxiao_seas_upenn_edu/Roseetta/rosetta/optical-flow/src/sdsoc/optical_flow.cpp:313]   --->   Operation 104 'trunc' 'tmp_49' <Predicate = (or_cond_mid2)> <Delay = 0.00>
ST_8 : Operation 105 [1/1] (0.00ns)   --->   "%tmp_19 = bitcast i32 %tmp_49 to float" [/home/ylxiao_seas_upenn_edu/Roseetta/rosetta/optical-flow/src/sdsoc/optical_flow.cpp:313]   --->   Operation 105 'bitcast' 'tmp_19' <Predicate = (or_cond_mid2)> <Delay = 0.00>
ST_8 : Operation 106 [3/3] (7.01ns)   --->   "%tmp_18_1 = fmul float %tmp_19, 0x3FD67BB300000000" [/home/ylxiao_seas_upenn_edu/Roseetta/rosetta/optical-flow/src/sdsoc/optical_flow.cpp:313]   --->   Operation 106 'fmul' 'tmp_18_1' <Predicate = (or_cond_mid2)> <Delay = 7.01> <Core = "FMul">   --->   Core 100 'FMul' <Latency = 2> <II = 1> <Delay = 7.01> <FuncUnit> <Opcode : 'fmul'> <InPorts = 2> <OutPorts = 1>
ST_8 : Operation 107 [1/1] (0.00ns)   --->   "%tmp_20 = call i32 @_ssdm_op_PartSelect.i32.i192.i9.i9(i192 %buf_val_2_val_load, i9 32, i9 63)" [/home/ylxiao_seas_upenn_edu/Roseetta/rosetta/optical-flow/src/sdsoc/optical_flow.cpp:313]   --->   Operation 107 'partselect' 'tmp_20' <Predicate = (or_cond_mid2)> <Delay = 0.00>
ST_8 : Operation 108 [1/1] (0.00ns)   --->   "%tmp_21 = bitcast i32 %tmp_20 to float" [/home/ylxiao_seas_upenn_edu/Roseetta/rosetta/optical-flow/src/sdsoc/optical_flow.cpp:313]   --->   Operation 108 'bitcast' 'tmp_21' <Predicate = (or_cond_mid2)> <Delay = 0.00>
ST_8 : Operation 109 [3/3] (7.01ns)   --->   "%tmp_18_1_1 = fmul float %tmp_21, 0x3FD67BB300000000" [/home/ylxiao_seas_upenn_edu/Roseetta/rosetta/optical-flow/src/sdsoc/optical_flow.cpp:313]   --->   Operation 109 'fmul' 'tmp_18_1_1' <Predicate = (or_cond_mid2)> <Delay = 7.01> <Core = "FMul">   --->   Core 100 'FMul' <Latency = 2> <II = 1> <Delay = 7.01> <FuncUnit> <Opcode : 'fmul'> <InPorts = 2> <OutPorts = 1>
ST_8 : Operation 110 [1/1] (0.00ns)   --->   "%tmp_22 = call i32 @_ssdm_op_PartSelect.i32.i192.i9.i9(i192 %buf_val_2_val_load, i9 64, i9 95)" [/home/ylxiao_seas_upenn_edu/Roseetta/rosetta/optical-flow/src/sdsoc/optical_flow.cpp:313]   --->   Operation 110 'partselect' 'tmp_22' <Predicate = (or_cond_mid2)> <Delay = 0.00>
ST_8 : Operation 111 [1/1] (0.00ns)   --->   "%tmp_23 = bitcast i32 %tmp_22 to float" [/home/ylxiao_seas_upenn_edu/Roseetta/rosetta/optical-flow/src/sdsoc/optical_flow.cpp:313]   --->   Operation 111 'bitcast' 'tmp_23' <Predicate = (or_cond_mid2)> <Delay = 0.00>
ST_8 : Operation 112 [3/3] (7.01ns)   --->   "%tmp_18_1_2 = fmul float %tmp_23, 0x3FD67BB300000000" [/home/ylxiao_seas_upenn_edu/Roseetta/rosetta/optical-flow/src/sdsoc/optical_flow.cpp:313]   --->   Operation 112 'fmul' 'tmp_18_1_2' <Predicate = (or_cond_mid2)> <Delay = 7.01> <Core = "FMul">   --->   Core 100 'FMul' <Latency = 2> <II = 1> <Delay = 7.01> <FuncUnit> <Opcode : 'fmul'> <InPorts = 2> <OutPorts = 1>
ST_8 : Operation 113 [1/1] (0.00ns)   --->   "%tmp_24 = call i32 @_ssdm_op_PartSelect.i32.i192.i9.i9(i192 %buf_val_2_val_load, i9 96, i9 127)" [/home/ylxiao_seas_upenn_edu/Roseetta/rosetta/optical-flow/src/sdsoc/optical_flow.cpp:313]   --->   Operation 113 'partselect' 'tmp_24' <Predicate = (or_cond_mid2)> <Delay = 0.00>
ST_8 : Operation 114 [1/1] (0.00ns)   --->   "%tmp_25 = bitcast i32 %tmp_24 to float" [/home/ylxiao_seas_upenn_edu/Roseetta/rosetta/optical-flow/src/sdsoc/optical_flow.cpp:313]   --->   Operation 114 'bitcast' 'tmp_25' <Predicate = (or_cond_mid2)> <Delay = 0.00>
ST_8 : Operation 115 [3/3] (7.01ns)   --->   "%tmp_18_1_3 = fmul float %tmp_25, 0x3FD67BB300000000" [/home/ylxiao_seas_upenn_edu/Roseetta/rosetta/optical-flow/src/sdsoc/optical_flow.cpp:313]   --->   Operation 115 'fmul' 'tmp_18_1_3' <Predicate = (or_cond_mid2)> <Delay = 7.01> <Core = "FMul">   --->   Core 100 'FMul' <Latency = 2> <II = 1> <Delay = 7.01> <FuncUnit> <Opcode : 'fmul'> <InPorts = 2> <OutPorts = 1>
ST_8 : Operation 116 [1/1] (0.00ns)   --->   "%tmp_26 = call i32 @_ssdm_op_PartSelect.i32.i192.i9.i9(i192 %buf_val_2_val_load, i9 128, i9 159)" [/home/ylxiao_seas_upenn_edu/Roseetta/rosetta/optical-flow/src/sdsoc/optical_flow.cpp:313]   --->   Operation 116 'partselect' 'tmp_26' <Predicate = (or_cond_mid2)> <Delay = 0.00>
ST_8 : Operation 117 [1/1] (0.00ns)   --->   "%tmp_27 = bitcast i32 %tmp_26 to float" [/home/ylxiao_seas_upenn_edu/Roseetta/rosetta/optical-flow/src/sdsoc/optical_flow.cpp:313]   --->   Operation 117 'bitcast' 'tmp_27' <Predicate = (or_cond_mid2)> <Delay = 0.00>
ST_8 : Operation 118 [3/3] (7.01ns)   --->   "%tmp_18_1_4 = fmul float %tmp_27, 0x3FD67BB300000000" [/home/ylxiao_seas_upenn_edu/Roseetta/rosetta/optical-flow/src/sdsoc/optical_flow.cpp:313]   --->   Operation 118 'fmul' 'tmp_18_1_4' <Predicate = (or_cond_mid2)> <Delay = 7.01> <Core = "FMul">   --->   Core 100 'FMul' <Latency = 2> <II = 1> <Delay = 7.01> <FuncUnit> <Opcode : 'fmul'> <InPorts = 2> <OutPorts = 1>
ST_8 : Operation 119 [1/1] (0.00ns)   --->   "%tmp_28 = call i32 @_ssdm_op_PartSelect.i32.i192.i9.i9(i192 %buf_val_2_val_load, i9 160, i9 191)" [/home/ylxiao_seas_upenn_edu/Roseetta/rosetta/optical-flow/src/sdsoc/optical_flow.cpp:313]   --->   Operation 119 'partselect' 'tmp_28' <Predicate = (or_cond_mid2)> <Delay = 0.00>
ST_8 : Operation 120 [1/1] (0.00ns)   --->   "%tmp_29 = bitcast i32 %tmp_28 to float" [/home/ylxiao_seas_upenn_edu/Roseetta/rosetta/optical-flow/src/sdsoc/optical_flow.cpp:313]   --->   Operation 120 'bitcast' 'tmp_29' <Predicate = (or_cond_mid2)> <Delay = 0.00>
ST_8 : Operation 121 [3/3] (7.01ns)   --->   "%tmp_18_1_5 = fmul float %tmp_29, 0x3FD67BB300000000" [/home/ylxiao_seas_upenn_edu/Roseetta/rosetta/optical-flow/src/sdsoc/optical_flow.cpp:313]   --->   Operation 121 'fmul' 'tmp_18_1_5' <Predicate = (or_cond_mid2)> <Delay = 7.01> <Core = "FMul">   --->   Core 100 'FMul' <Latency = 2> <II = 1> <Delay = 7.01> <FuncUnit> <Opcode : 'fmul'> <InPorts = 2> <OutPorts = 1>

State 9 <SV = 8> <Delay = 7.01>
ST_9 : Operation 122 [2/4] (6.43ns)   --->   "%tmp_30 = fadd float %tmp_18, 0.000000e+00" [/home/ylxiao_seas_upenn_edu/Roseetta/rosetta/optical-flow/src/sdsoc/optical_flow.cpp:313]   --->   Operation 122 'fadd' 'tmp_30' <Predicate = (or_cond_mid2)> <Delay = 6.43> <Core = "FAddSub">   --->   Core 99 'FAddSub' <Latency = 3> <II = 1> <Delay = 6.43> <FuncUnit> <Opcode : 'fadd' 'fsub'> <InPorts = 2> <OutPorts = 1>
ST_9 : Operation 123 [2/4] (6.43ns)   --->   "%tmp_19_0_1 = fadd float %tmp_18_0_1, 0.000000e+00" [/home/ylxiao_seas_upenn_edu/Roseetta/rosetta/optical-flow/src/sdsoc/optical_flow.cpp:313]   --->   Operation 123 'fadd' 'tmp_19_0_1' <Predicate = (or_cond_mid2)> <Delay = 6.43> <Core = "FAddSub">   --->   Core 99 'FAddSub' <Latency = 3> <II = 1> <Delay = 6.43> <FuncUnit> <Opcode : 'fadd' 'fsub'> <InPorts = 2> <OutPorts = 1>
ST_9 : Operation 124 [2/4] (6.43ns)   --->   "%tmp_19_0_2 = fadd float %tmp_18_0_2, 0.000000e+00" [/home/ylxiao_seas_upenn_edu/Roseetta/rosetta/optical-flow/src/sdsoc/optical_flow.cpp:313]   --->   Operation 124 'fadd' 'tmp_19_0_2' <Predicate = (or_cond_mid2)> <Delay = 6.43> <Core = "FAddSub">   --->   Core 99 'FAddSub' <Latency = 3> <II = 1> <Delay = 6.43> <FuncUnit> <Opcode : 'fadd' 'fsub'> <InPorts = 2> <OutPorts = 1>
ST_9 : Operation 125 [2/4] (6.43ns)   --->   "%tmp_19_0_3 = fadd float %tmp_18_0_3, 0.000000e+00" [/home/ylxiao_seas_upenn_edu/Roseetta/rosetta/optical-flow/src/sdsoc/optical_flow.cpp:313]   --->   Operation 125 'fadd' 'tmp_19_0_3' <Predicate = (or_cond_mid2)> <Delay = 6.43> <Core = "FAddSub">   --->   Core 99 'FAddSub' <Latency = 3> <II = 1> <Delay = 6.43> <FuncUnit> <Opcode : 'fadd' 'fsub'> <InPorts = 2> <OutPorts = 1>
ST_9 : Operation 126 [2/4] (6.43ns)   --->   "%tmp_19_0_4 = fadd float %tmp_18_0_4, 0.000000e+00" [/home/ylxiao_seas_upenn_edu/Roseetta/rosetta/optical-flow/src/sdsoc/optical_flow.cpp:313]   --->   Operation 126 'fadd' 'tmp_19_0_4' <Predicate = (or_cond_mid2)> <Delay = 6.43> <Core = "FAddSub">   --->   Core 99 'FAddSub' <Latency = 3> <II = 1> <Delay = 6.43> <FuncUnit> <Opcode : 'fadd' 'fsub'> <InPorts = 2> <OutPorts = 1>
ST_9 : Operation 127 [2/4] (6.43ns)   --->   "%tmp_19_0_5 = fadd float %tmp_18_0_5, 0.000000e+00" [/home/ylxiao_seas_upenn_edu/Roseetta/rosetta/optical-flow/src/sdsoc/optical_flow.cpp:313]   --->   Operation 127 'fadd' 'tmp_19_0_5' <Predicate = (or_cond_mid2)> <Delay = 6.43> <Core = "FAddSub">   --->   Core 99 'FAddSub' <Latency = 3> <II = 1> <Delay = 6.43> <FuncUnit> <Opcode : 'fadd' 'fsub'> <InPorts = 2> <OutPorts = 1>
ST_9 : Operation 128 [2/3] (7.01ns)   --->   "%tmp_18_1 = fmul float %tmp_19, 0x3FD67BB300000000" [/home/ylxiao_seas_upenn_edu/Roseetta/rosetta/optical-flow/src/sdsoc/optical_flow.cpp:313]   --->   Operation 128 'fmul' 'tmp_18_1' <Predicate = (or_cond_mid2)> <Delay = 7.01> <Core = "FMul">   --->   Core 100 'FMul' <Latency = 2> <II = 1> <Delay = 7.01> <FuncUnit> <Opcode : 'fmul'> <InPorts = 2> <OutPorts = 1>
ST_9 : Operation 129 [2/3] (7.01ns)   --->   "%tmp_18_1_1 = fmul float %tmp_21, 0x3FD67BB300000000" [/home/ylxiao_seas_upenn_edu/Roseetta/rosetta/optical-flow/src/sdsoc/optical_flow.cpp:313]   --->   Operation 129 'fmul' 'tmp_18_1_1' <Predicate = (or_cond_mid2)> <Delay = 7.01> <Core = "FMul">   --->   Core 100 'FMul' <Latency = 2> <II = 1> <Delay = 7.01> <FuncUnit> <Opcode : 'fmul'> <InPorts = 2> <OutPorts = 1>
ST_9 : Operation 130 [2/3] (7.01ns)   --->   "%tmp_18_1_2 = fmul float %tmp_23, 0x3FD67BB300000000" [/home/ylxiao_seas_upenn_edu/Roseetta/rosetta/optical-flow/src/sdsoc/optical_flow.cpp:313]   --->   Operation 130 'fmul' 'tmp_18_1_2' <Predicate = (or_cond_mid2)> <Delay = 7.01> <Core = "FMul">   --->   Core 100 'FMul' <Latency = 2> <II = 1> <Delay = 7.01> <FuncUnit> <Opcode : 'fmul'> <InPorts = 2> <OutPorts = 1>
ST_9 : Operation 131 [2/3] (7.01ns)   --->   "%tmp_18_1_3 = fmul float %tmp_25, 0x3FD67BB300000000" [/home/ylxiao_seas_upenn_edu/Roseetta/rosetta/optical-flow/src/sdsoc/optical_flow.cpp:313]   --->   Operation 131 'fmul' 'tmp_18_1_3' <Predicate = (or_cond_mid2)> <Delay = 7.01> <Core = "FMul">   --->   Core 100 'FMul' <Latency = 2> <II = 1> <Delay = 7.01> <FuncUnit> <Opcode : 'fmul'> <InPorts = 2> <OutPorts = 1>
ST_9 : Operation 132 [2/3] (7.01ns)   --->   "%tmp_18_1_4 = fmul float %tmp_27, 0x3FD67BB300000000" [/home/ylxiao_seas_upenn_edu/Roseetta/rosetta/optical-flow/src/sdsoc/optical_flow.cpp:313]   --->   Operation 132 'fmul' 'tmp_18_1_4' <Predicate = (or_cond_mid2)> <Delay = 7.01> <Core = "FMul">   --->   Core 100 'FMul' <Latency = 2> <II = 1> <Delay = 7.01> <FuncUnit> <Opcode : 'fmul'> <InPorts = 2> <OutPorts = 1>
ST_9 : Operation 133 [2/3] (7.01ns)   --->   "%tmp_18_1_5 = fmul float %tmp_29, 0x3FD67BB300000000" [/home/ylxiao_seas_upenn_edu/Roseetta/rosetta/optical-flow/src/sdsoc/optical_flow.cpp:313]   --->   Operation 133 'fmul' 'tmp_18_1_5' <Predicate = (or_cond_mid2)> <Delay = 7.01> <Core = "FMul">   --->   Core 100 'FMul' <Latency = 2> <II = 1> <Delay = 7.01> <FuncUnit> <Opcode : 'fmul'> <InPorts = 2> <OutPorts = 1>

State 10 <SV = 9> <Delay = 7.01>
ST_10 : Operation 134 [1/4] (6.43ns)   --->   "%tmp_30 = fadd float %tmp_18, 0.000000e+00" [/home/ylxiao_seas_upenn_edu/Roseetta/rosetta/optical-flow/src/sdsoc/optical_flow.cpp:313]   --->   Operation 134 'fadd' 'tmp_30' <Predicate = (or_cond_mid2)> <Delay = 6.43> <Core = "FAddSub">   --->   Core 99 'FAddSub' <Latency = 3> <II = 1> <Delay = 6.43> <FuncUnit> <Opcode : 'fadd' 'fsub'> <InPorts = 2> <OutPorts = 1>
ST_10 : Operation 135 [1/4] (6.43ns)   --->   "%tmp_19_0_1 = fadd float %tmp_18_0_1, 0.000000e+00" [/home/ylxiao_seas_upenn_edu/Roseetta/rosetta/optical-flow/src/sdsoc/optical_flow.cpp:313]   --->   Operation 135 'fadd' 'tmp_19_0_1' <Predicate = (or_cond_mid2)> <Delay = 6.43> <Core = "FAddSub">   --->   Core 99 'FAddSub' <Latency = 3> <II = 1> <Delay = 6.43> <FuncUnit> <Opcode : 'fadd' 'fsub'> <InPorts = 2> <OutPorts = 1>
ST_10 : Operation 136 [1/4] (6.43ns)   --->   "%tmp_19_0_2 = fadd float %tmp_18_0_2, 0.000000e+00" [/home/ylxiao_seas_upenn_edu/Roseetta/rosetta/optical-flow/src/sdsoc/optical_flow.cpp:313]   --->   Operation 136 'fadd' 'tmp_19_0_2' <Predicate = (or_cond_mid2)> <Delay = 6.43> <Core = "FAddSub">   --->   Core 99 'FAddSub' <Latency = 3> <II = 1> <Delay = 6.43> <FuncUnit> <Opcode : 'fadd' 'fsub'> <InPorts = 2> <OutPorts = 1>
ST_10 : Operation 137 [1/4] (6.43ns)   --->   "%tmp_19_0_3 = fadd float %tmp_18_0_3, 0.000000e+00" [/home/ylxiao_seas_upenn_edu/Roseetta/rosetta/optical-flow/src/sdsoc/optical_flow.cpp:313]   --->   Operation 137 'fadd' 'tmp_19_0_3' <Predicate = (or_cond_mid2)> <Delay = 6.43> <Core = "FAddSub">   --->   Core 99 'FAddSub' <Latency = 3> <II = 1> <Delay = 6.43> <FuncUnit> <Opcode : 'fadd' 'fsub'> <InPorts = 2> <OutPorts = 1>
ST_10 : Operation 138 [1/4] (6.43ns)   --->   "%tmp_19_0_4 = fadd float %tmp_18_0_4, 0.000000e+00" [/home/ylxiao_seas_upenn_edu/Roseetta/rosetta/optical-flow/src/sdsoc/optical_flow.cpp:313]   --->   Operation 138 'fadd' 'tmp_19_0_4' <Predicate = (or_cond_mid2)> <Delay = 6.43> <Core = "FAddSub">   --->   Core 99 'FAddSub' <Latency = 3> <II = 1> <Delay = 6.43> <FuncUnit> <Opcode : 'fadd' 'fsub'> <InPorts = 2> <OutPorts = 1>
ST_10 : Operation 139 [1/4] (6.43ns)   --->   "%tmp_19_0_5 = fadd float %tmp_18_0_5, 0.000000e+00" [/home/ylxiao_seas_upenn_edu/Roseetta/rosetta/optical-flow/src/sdsoc/optical_flow.cpp:313]   --->   Operation 139 'fadd' 'tmp_19_0_5' <Predicate = (or_cond_mid2)> <Delay = 6.43> <Core = "FAddSub">   --->   Core 99 'FAddSub' <Latency = 3> <II = 1> <Delay = 6.43> <FuncUnit> <Opcode : 'fadd' 'fsub'> <InPorts = 2> <OutPorts = 1>
ST_10 : Operation 140 [1/3] (7.01ns)   --->   "%tmp_18_1 = fmul float %tmp_19, 0x3FD67BB300000000" [/home/ylxiao_seas_upenn_edu/Roseetta/rosetta/optical-flow/src/sdsoc/optical_flow.cpp:313]   --->   Operation 140 'fmul' 'tmp_18_1' <Predicate = (or_cond_mid2)> <Delay = 7.01> <Core = "FMul">   --->   Core 100 'FMul' <Latency = 2> <II = 1> <Delay = 7.01> <FuncUnit> <Opcode : 'fmul'> <InPorts = 2> <OutPorts = 1>
ST_10 : Operation 141 [1/3] (7.01ns)   --->   "%tmp_18_1_1 = fmul float %tmp_21, 0x3FD67BB300000000" [/home/ylxiao_seas_upenn_edu/Roseetta/rosetta/optical-flow/src/sdsoc/optical_flow.cpp:313]   --->   Operation 141 'fmul' 'tmp_18_1_1' <Predicate = (or_cond_mid2)> <Delay = 7.01> <Core = "FMul">   --->   Core 100 'FMul' <Latency = 2> <II = 1> <Delay = 7.01> <FuncUnit> <Opcode : 'fmul'> <InPorts = 2> <OutPorts = 1>
ST_10 : Operation 142 [1/3] (7.01ns)   --->   "%tmp_18_1_2 = fmul float %tmp_23, 0x3FD67BB300000000" [/home/ylxiao_seas_upenn_edu/Roseetta/rosetta/optical-flow/src/sdsoc/optical_flow.cpp:313]   --->   Operation 142 'fmul' 'tmp_18_1_2' <Predicate = (or_cond_mid2)> <Delay = 7.01> <Core = "FMul">   --->   Core 100 'FMul' <Latency = 2> <II = 1> <Delay = 7.01> <FuncUnit> <Opcode : 'fmul'> <InPorts = 2> <OutPorts = 1>
ST_10 : Operation 143 [1/3] (7.01ns)   --->   "%tmp_18_1_3 = fmul float %tmp_25, 0x3FD67BB300000000" [/home/ylxiao_seas_upenn_edu/Roseetta/rosetta/optical-flow/src/sdsoc/optical_flow.cpp:313]   --->   Operation 143 'fmul' 'tmp_18_1_3' <Predicate = (or_cond_mid2)> <Delay = 7.01> <Core = "FMul">   --->   Core 100 'FMul' <Latency = 2> <II = 1> <Delay = 7.01> <FuncUnit> <Opcode : 'fmul'> <InPorts = 2> <OutPorts = 1>
ST_10 : Operation 144 [1/3] (7.01ns)   --->   "%tmp_18_1_4 = fmul float %tmp_27, 0x3FD67BB300000000" [/home/ylxiao_seas_upenn_edu/Roseetta/rosetta/optical-flow/src/sdsoc/optical_flow.cpp:313]   --->   Operation 144 'fmul' 'tmp_18_1_4' <Predicate = (or_cond_mid2)> <Delay = 7.01> <Core = "FMul">   --->   Core 100 'FMul' <Latency = 2> <II = 1> <Delay = 7.01> <FuncUnit> <Opcode : 'fmul'> <InPorts = 2> <OutPorts = 1>
ST_10 : Operation 145 [1/3] (7.01ns)   --->   "%tmp_18_1_5 = fmul float %tmp_29, 0x3FD67BB300000000" [/home/ylxiao_seas_upenn_edu/Roseetta/rosetta/optical-flow/src/sdsoc/optical_flow.cpp:313]   --->   Operation 145 'fmul' 'tmp_18_1_5' <Predicate = (or_cond_mid2)> <Delay = 7.01> <Core = "FMul">   --->   Core 100 'FMul' <Latency = 2> <II = 1> <Delay = 7.01> <FuncUnit> <Opcode : 'fmul'> <InPorts = 2> <OutPorts = 1>

State 11 <SV = 10> <Delay = 6.43>
ST_11 : Operation 146 [1/1] (1.83ns)   --->   "%tmp_val = call i192 @_ssdm_op_Read.ap_fifo.volatile.i192P(i192* @out_product_val)" [/home/ylxiao_seas_upenn_edu/Roseetta/rosetta/optical-flow/src/sdsoc/optical_flow.cpp:292]   --->   Operation 146 'read' 'tmp_val' <Predicate = (!exitcond_flatten & tmp_1_mid2)> <Delay = 1.83> <Core = "FIFO">   --->   Core 32 'FIFO' <Latency = 0> <II = 1> <Delay = 1.83> <Storage> <Opcode : 'read' 'write' 'nbread' 'nbwrite'> <Ports = 0> <Width = 192> <Depth = 2> <FIFO>
ST_11 : Operation 147 [1/1] (0.65ns)   --->   "br label %.loopexit7_ifconv" [/home/ylxiao_seas_upenn_edu/Roseetta/rosetta/optical-flow/src/sdsoc/optical_flow.cpp:293]   --->   Operation 147 'br' <Predicate = (!exitcond_flatten & tmp_1_mid2)> <Delay = 0.65>
ST_11 : Operation 148 [4/4] (6.43ns)   --->   "%tmp_19_1 = fadd float %tmp_30, %tmp_18_1" [/home/ylxiao_seas_upenn_edu/Roseetta/rosetta/optical-flow/src/sdsoc/optical_flow.cpp:313]   --->   Operation 148 'fadd' 'tmp_19_1' <Predicate = (or_cond_mid2)> <Delay = 6.43> <Core = "FAddSub">   --->   Core 99 'FAddSub' <Latency = 3> <II = 1> <Delay = 6.43> <FuncUnit> <Opcode : 'fadd' 'fsub'> <InPorts = 2> <OutPorts = 1>
ST_11 : Operation 149 [4/4] (6.43ns)   --->   "%tmp_19_1_1 = fadd float %tmp_19_0_1, %tmp_18_1_1" [/home/ylxiao_seas_upenn_edu/Roseetta/rosetta/optical-flow/src/sdsoc/optical_flow.cpp:313]   --->   Operation 149 'fadd' 'tmp_19_1_1' <Predicate = (or_cond_mid2)> <Delay = 6.43> <Core = "FAddSub">   --->   Core 99 'FAddSub' <Latency = 3> <II = 1> <Delay = 6.43> <FuncUnit> <Opcode : 'fadd' 'fsub'> <InPorts = 2> <OutPorts = 1>
ST_11 : Operation 150 [4/4] (6.43ns)   --->   "%tmp_19_1_2 = fadd float %tmp_19_0_2, %tmp_18_1_2" [/home/ylxiao_seas_upenn_edu/Roseetta/rosetta/optical-flow/src/sdsoc/optical_flow.cpp:313]   --->   Operation 150 'fadd' 'tmp_19_1_2' <Predicate = (or_cond_mid2)> <Delay = 6.43> <Core = "FAddSub">   --->   Core 99 'FAddSub' <Latency = 3> <II = 1> <Delay = 6.43> <FuncUnit> <Opcode : 'fadd' 'fsub'> <InPorts = 2> <OutPorts = 1>
ST_11 : Operation 151 [4/4] (6.43ns)   --->   "%tmp_19_1_3 = fadd float %tmp_19_0_3, %tmp_18_1_3" [/home/ylxiao_seas_upenn_edu/Roseetta/rosetta/optical-flow/src/sdsoc/optical_flow.cpp:313]   --->   Operation 151 'fadd' 'tmp_19_1_3' <Predicate = (or_cond_mid2)> <Delay = 6.43> <Core = "FAddSub">   --->   Core 99 'FAddSub' <Latency = 3> <II = 1> <Delay = 6.43> <FuncUnit> <Opcode : 'fadd' 'fsub'> <InPorts = 2> <OutPorts = 1>
ST_11 : Operation 152 [4/4] (6.43ns)   --->   "%tmp_19_1_4 = fadd float %tmp_19_0_4, %tmp_18_1_4" [/home/ylxiao_seas_upenn_edu/Roseetta/rosetta/optical-flow/src/sdsoc/optical_flow.cpp:313]   --->   Operation 152 'fadd' 'tmp_19_1_4' <Predicate = (or_cond_mid2)> <Delay = 6.43> <Core = "FAddSub">   --->   Core 99 'FAddSub' <Latency = 3> <II = 1> <Delay = 6.43> <FuncUnit> <Opcode : 'fadd' 'fsub'> <InPorts = 2> <OutPorts = 1>
ST_11 : Operation 153 [4/4] (6.43ns)   --->   "%tmp_19_1_5 = fadd float %tmp_19_0_5, %tmp_18_1_5" [/home/ylxiao_seas_upenn_edu/Roseetta/rosetta/optical-flow/src/sdsoc/optical_flow.cpp:313]   --->   Operation 153 'fadd' 'tmp_19_1_5' <Predicate = (or_cond_mid2)> <Delay = 6.43> <Core = "FAddSub">   --->   Core 99 'FAddSub' <Latency = 3> <II = 1> <Delay = 6.43> <FuncUnit> <Opcode : 'fadd' 'fsub'> <InPorts = 2> <OutPorts = 1>

State 12 <SV = 11> <Delay = 7.01>
ST_12 : Operation 154 [1/1] (0.00ns)   --->   "%tmp_8 = phi i192 [ %tmp_val, %2 ], [ 0, %.reset ]"   --->   Operation 154 'phi' 'tmp_8' <Predicate = true> <Delay = 0.00>
ST_12 : Operation 155 [1/1] (1.23ns)   --->   "store i192 %tmp_8, i192* %buf_val_2_val_addr, align 8" [/apps/xilinx/2018.2/Vivado/2018.2/common/technology/autopilot/hls/hls_video_mem.h:765->/home/ylxiao_seas_upenn_edu/Roseetta/rosetta/optical-flow/src/sdsoc/optical_flow.cpp:299]   --->   Operation 155 'store' <Predicate = true> <Delay = 1.23> <Core = "RAM">   --->   Core 37 'RAM' <Latency = 1> <II = 1> <Delay = 1.23> <Storage> <Opcode : 'load' 'store'> <Ports = 2> <Width = 192> <Depth = 1024> <RAM>
ST_12 : Operation 156 [3/4] (6.43ns)   --->   "%tmp_19_1 = fadd float %tmp_30, %tmp_18_1" [/home/ylxiao_seas_upenn_edu/Roseetta/rosetta/optical-flow/src/sdsoc/optical_flow.cpp:313]   --->   Operation 156 'fadd' 'tmp_19_1' <Predicate = (or_cond_mid2)> <Delay = 6.43> <Core = "FAddSub">   --->   Core 99 'FAddSub' <Latency = 3> <II = 1> <Delay = 6.43> <FuncUnit> <Opcode : 'fadd' 'fsub'> <InPorts = 2> <OutPorts = 1>
ST_12 : Operation 157 [3/4] (6.43ns)   --->   "%tmp_19_1_1 = fadd float %tmp_19_0_1, %tmp_18_1_1" [/home/ylxiao_seas_upenn_edu/Roseetta/rosetta/optical-flow/src/sdsoc/optical_flow.cpp:313]   --->   Operation 157 'fadd' 'tmp_19_1_1' <Predicate = (or_cond_mid2)> <Delay = 6.43> <Core = "FAddSub">   --->   Core 99 'FAddSub' <Latency = 3> <II = 1> <Delay = 6.43> <FuncUnit> <Opcode : 'fadd' 'fsub'> <InPorts = 2> <OutPorts = 1>
ST_12 : Operation 158 [3/4] (6.43ns)   --->   "%tmp_19_1_2 = fadd float %tmp_19_0_2, %tmp_18_1_2" [/home/ylxiao_seas_upenn_edu/Roseetta/rosetta/optical-flow/src/sdsoc/optical_flow.cpp:313]   --->   Operation 158 'fadd' 'tmp_19_1_2' <Predicate = (or_cond_mid2)> <Delay = 6.43> <Core = "FAddSub">   --->   Core 99 'FAddSub' <Latency = 3> <II = 1> <Delay = 6.43> <FuncUnit> <Opcode : 'fadd' 'fsub'> <InPorts = 2> <OutPorts = 1>
ST_12 : Operation 159 [3/4] (6.43ns)   --->   "%tmp_19_1_3 = fadd float %tmp_19_0_3, %tmp_18_1_3" [/home/ylxiao_seas_upenn_edu/Roseetta/rosetta/optical-flow/src/sdsoc/optical_flow.cpp:313]   --->   Operation 159 'fadd' 'tmp_19_1_3' <Predicate = (or_cond_mid2)> <Delay = 6.43> <Core = "FAddSub">   --->   Core 99 'FAddSub' <Latency = 3> <II = 1> <Delay = 6.43> <FuncUnit> <Opcode : 'fadd' 'fsub'> <InPorts = 2> <OutPorts = 1>
ST_12 : Operation 160 [3/4] (6.43ns)   --->   "%tmp_19_1_4 = fadd float %tmp_19_0_4, %tmp_18_1_4" [/home/ylxiao_seas_upenn_edu/Roseetta/rosetta/optical-flow/src/sdsoc/optical_flow.cpp:313]   --->   Operation 160 'fadd' 'tmp_19_1_4' <Predicate = (or_cond_mid2)> <Delay = 6.43> <Core = "FAddSub">   --->   Core 99 'FAddSub' <Latency = 3> <II = 1> <Delay = 6.43> <FuncUnit> <Opcode : 'fadd' 'fsub'> <InPorts = 2> <OutPorts = 1>
ST_12 : Operation 161 [3/4] (6.43ns)   --->   "%tmp_19_1_5 = fadd float %tmp_19_0_5, %tmp_18_1_5" [/home/ylxiao_seas_upenn_edu/Roseetta/rosetta/optical-flow/src/sdsoc/optical_flow.cpp:313]   --->   Operation 161 'fadd' 'tmp_19_1_5' <Predicate = (or_cond_mid2)> <Delay = 6.43> <Core = "FAddSub">   --->   Core 99 'FAddSub' <Latency = 3> <II = 1> <Delay = 6.43> <FuncUnit> <Opcode : 'fadd' 'fsub'> <InPorts = 2> <OutPorts = 1>
ST_12 : Operation 162 [1/1] (0.00ns)   --->   "%tmp_50 = trunc i192 %tmp_8 to i32" [/home/ylxiao_seas_upenn_edu/Roseetta/rosetta/optical-flow/src/sdsoc/optical_flow.cpp:313]   --->   Operation 162 'trunc' 'tmp_50' <Predicate = (or_cond_mid2)> <Delay = 0.00>
ST_12 : Operation 163 [1/1] (0.00ns)   --->   "%tmp_31 = bitcast i32 %tmp_50 to float" [/home/ylxiao_seas_upenn_edu/Roseetta/rosetta/optical-flow/src/sdsoc/optical_flow.cpp:313]   --->   Operation 163 'bitcast' 'tmp_31' <Predicate = (or_cond_mid2)> <Delay = 0.00>
ST_12 : Operation 164 [3/3] (7.01ns)   --->   "%tmp_18_2 = fmul float %tmp_31, 0x3FD4C154C0000000" [/home/ylxiao_seas_upenn_edu/Roseetta/rosetta/optical-flow/src/sdsoc/optical_flow.cpp:313]   --->   Operation 164 'fmul' 'tmp_18_2' <Predicate = (or_cond_mid2)> <Delay = 7.01> <Core = "FMul">   --->   Core 100 'FMul' <Latency = 2> <II = 1> <Delay = 7.01> <FuncUnit> <Opcode : 'fmul'> <InPorts = 2> <OutPorts = 1>
ST_12 : Operation 165 [1/1] (0.00ns)   --->   "%tmp_32 = call i32 @_ssdm_op_PartSelect.i32.i192.i9.i9(i192 %tmp_8, i9 32, i9 63)" [/home/ylxiao_seas_upenn_edu/Roseetta/rosetta/optical-flow/src/sdsoc/optical_flow.cpp:313]   --->   Operation 165 'partselect' 'tmp_32' <Predicate = (or_cond_mid2)> <Delay = 0.00>
ST_12 : Operation 166 [1/1] (0.00ns)   --->   "%tmp_33 = bitcast i32 %tmp_32 to float" [/home/ylxiao_seas_upenn_edu/Roseetta/rosetta/optical-flow/src/sdsoc/optical_flow.cpp:313]   --->   Operation 166 'bitcast' 'tmp_33' <Predicate = (or_cond_mid2)> <Delay = 0.00>
ST_12 : Operation 167 [3/3] (7.01ns)   --->   "%tmp_18_2_1 = fmul float %tmp_33, 0x3FD4C154C0000000" [/home/ylxiao_seas_upenn_edu/Roseetta/rosetta/optical-flow/src/sdsoc/optical_flow.cpp:313]   --->   Operation 167 'fmul' 'tmp_18_2_1' <Predicate = (or_cond_mid2)> <Delay = 7.01> <Core = "FMul">   --->   Core 100 'FMul' <Latency = 2> <II = 1> <Delay = 7.01> <FuncUnit> <Opcode : 'fmul'> <InPorts = 2> <OutPorts = 1>
ST_12 : Operation 168 [1/1] (0.00ns)   --->   "%tmp_34 = call i32 @_ssdm_op_PartSelect.i32.i192.i9.i9(i192 %tmp_8, i9 64, i9 95)" [/home/ylxiao_seas_upenn_edu/Roseetta/rosetta/optical-flow/src/sdsoc/optical_flow.cpp:313]   --->   Operation 168 'partselect' 'tmp_34' <Predicate = (or_cond_mid2)> <Delay = 0.00>
ST_12 : Operation 169 [1/1] (0.00ns)   --->   "%tmp_35 = bitcast i32 %tmp_34 to float" [/home/ylxiao_seas_upenn_edu/Roseetta/rosetta/optical-flow/src/sdsoc/optical_flow.cpp:313]   --->   Operation 169 'bitcast' 'tmp_35' <Predicate = (or_cond_mid2)> <Delay = 0.00>
ST_12 : Operation 170 [3/3] (7.01ns)   --->   "%tmp_18_2_2 = fmul float %tmp_35, 0x3FD4C154C0000000" [/home/ylxiao_seas_upenn_edu/Roseetta/rosetta/optical-flow/src/sdsoc/optical_flow.cpp:313]   --->   Operation 170 'fmul' 'tmp_18_2_2' <Predicate = (or_cond_mid2)> <Delay = 7.01> <Core = "FMul">   --->   Core 100 'FMul' <Latency = 2> <II = 1> <Delay = 7.01> <FuncUnit> <Opcode : 'fmul'> <InPorts = 2> <OutPorts = 1>
ST_12 : Operation 171 [1/1] (0.00ns)   --->   "%tmp_36 = call i32 @_ssdm_op_PartSelect.i32.i192.i9.i9(i192 %tmp_8, i9 96, i9 127)" [/home/ylxiao_seas_upenn_edu/Roseetta/rosetta/optical-flow/src/sdsoc/optical_flow.cpp:313]   --->   Operation 171 'partselect' 'tmp_36' <Predicate = (or_cond_mid2)> <Delay = 0.00>
ST_12 : Operation 172 [1/1] (0.00ns)   --->   "%tmp_37 = bitcast i32 %tmp_36 to float" [/home/ylxiao_seas_upenn_edu/Roseetta/rosetta/optical-flow/src/sdsoc/optical_flow.cpp:313]   --->   Operation 172 'bitcast' 'tmp_37' <Predicate = (or_cond_mid2)> <Delay = 0.00>
ST_12 : Operation 173 [3/3] (7.01ns)   --->   "%tmp_18_2_3 = fmul float %tmp_37, 0x3FD4C154C0000000" [/home/ylxiao_seas_upenn_edu/Roseetta/rosetta/optical-flow/src/sdsoc/optical_flow.cpp:313]   --->   Operation 173 'fmul' 'tmp_18_2_3' <Predicate = (or_cond_mid2)> <Delay = 7.01> <Core = "FMul">   --->   Core 100 'FMul' <Latency = 2> <II = 1> <Delay = 7.01> <FuncUnit> <Opcode : 'fmul'> <InPorts = 2> <OutPorts = 1>
ST_12 : Operation 174 [1/1] (0.00ns)   --->   "%tmp_38 = call i32 @_ssdm_op_PartSelect.i32.i192.i9.i9(i192 %tmp_8, i9 128, i9 159)" [/home/ylxiao_seas_upenn_edu/Roseetta/rosetta/optical-flow/src/sdsoc/optical_flow.cpp:313]   --->   Operation 174 'partselect' 'tmp_38' <Predicate = (or_cond_mid2)> <Delay = 0.00>
ST_12 : Operation 175 [1/1] (0.00ns)   --->   "%tmp_39 = bitcast i32 %tmp_38 to float" [/home/ylxiao_seas_upenn_edu/Roseetta/rosetta/optical-flow/src/sdsoc/optical_flow.cpp:313]   --->   Operation 175 'bitcast' 'tmp_39' <Predicate = (or_cond_mid2)> <Delay = 0.00>
ST_12 : Operation 176 [3/3] (7.01ns)   --->   "%tmp_18_2_4 = fmul float %tmp_39, 0x3FD4C154C0000000" [/home/ylxiao_seas_upenn_edu/Roseetta/rosetta/optical-flow/src/sdsoc/optical_flow.cpp:313]   --->   Operation 176 'fmul' 'tmp_18_2_4' <Predicate = (or_cond_mid2)> <Delay = 7.01> <Core = "FMul">   --->   Core 100 'FMul' <Latency = 2> <II = 1> <Delay = 7.01> <FuncUnit> <Opcode : 'fmul'> <InPorts = 2> <OutPorts = 1>
ST_12 : Operation 177 [1/1] (0.00ns)   --->   "%tmp_40 = call i32 @_ssdm_op_PartSelect.i32.i192.i9.i9(i192 %tmp_8, i9 160, i9 191)" [/home/ylxiao_seas_upenn_edu/Roseetta/rosetta/optical-flow/src/sdsoc/optical_flow.cpp:313]   --->   Operation 177 'partselect' 'tmp_40' <Predicate = (or_cond_mid2)> <Delay = 0.00>
ST_12 : Operation 178 [1/1] (0.00ns)   --->   "%tmp_41 = bitcast i32 %tmp_40 to float" [/home/ylxiao_seas_upenn_edu/Roseetta/rosetta/optical-flow/src/sdsoc/optical_flow.cpp:313]   --->   Operation 178 'bitcast' 'tmp_41' <Predicate = (or_cond_mid2)> <Delay = 0.00>
ST_12 : Operation 179 [3/3] (7.01ns)   --->   "%tmp_18_2_5 = fmul float %tmp_41, 0x3FD4C154C0000000" [/home/ylxiao_seas_upenn_edu/Roseetta/rosetta/optical-flow/src/sdsoc/optical_flow.cpp:313]   --->   Operation 179 'fmul' 'tmp_18_2_5' <Predicate = (or_cond_mid2)> <Delay = 7.01> <Core = "FMul">   --->   Core 100 'FMul' <Latency = 2> <II = 1> <Delay = 7.01> <FuncUnit> <Opcode : 'fmul'> <InPorts = 2> <OutPorts = 1>

State 13 <SV = 12> <Delay = 7.01>
ST_13 : Operation 180 [2/4] (6.43ns)   --->   "%tmp_19_1 = fadd float %tmp_30, %tmp_18_1" [/home/ylxiao_seas_upenn_edu/Roseetta/rosetta/optical-flow/src/sdsoc/optical_flow.cpp:313]   --->   Operation 180 'fadd' 'tmp_19_1' <Predicate = (or_cond_mid2)> <Delay = 6.43> <Core = "FAddSub">   --->   Core 99 'FAddSub' <Latency = 3> <II = 1> <Delay = 6.43> <FuncUnit> <Opcode : 'fadd' 'fsub'> <InPorts = 2> <OutPorts = 1>
ST_13 : Operation 181 [2/4] (6.43ns)   --->   "%tmp_19_1_1 = fadd float %tmp_19_0_1, %tmp_18_1_1" [/home/ylxiao_seas_upenn_edu/Roseetta/rosetta/optical-flow/src/sdsoc/optical_flow.cpp:313]   --->   Operation 181 'fadd' 'tmp_19_1_1' <Predicate = (or_cond_mid2)> <Delay = 6.43> <Core = "FAddSub">   --->   Core 99 'FAddSub' <Latency = 3> <II = 1> <Delay = 6.43> <FuncUnit> <Opcode : 'fadd' 'fsub'> <InPorts = 2> <OutPorts = 1>
ST_13 : Operation 182 [2/4] (6.43ns)   --->   "%tmp_19_1_2 = fadd float %tmp_19_0_2, %tmp_18_1_2" [/home/ylxiao_seas_upenn_edu/Roseetta/rosetta/optical-flow/src/sdsoc/optical_flow.cpp:313]   --->   Operation 182 'fadd' 'tmp_19_1_2' <Predicate = (or_cond_mid2)> <Delay = 6.43> <Core = "FAddSub">   --->   Core 99 'FAddSub' <Latency = 3> <II = 1> <Delay = 6.43> <FuncUnit> <Opcode : 'fadd' 'fsub'> <InPorts = 2> <OutPorts = 1>
ST_13 : Operation 183 [2/4] (6.43ns)   --->   "%tmp_19_1_3 = fadd float %tmp_19_0_3, %tmp_18_1_3" [/home/ylxiao_seas_upenn_edu/Roseetta/rosetta/optical-flow/src/sdsoc/optical_flow.cpp:313]   --->   Operation 183 'fadd' 'tmp_19_1_3' <Predicate = (or_cond_mid2)> <Delay = 6.43> <Core = "FAddSub">   --->   Core 99 'FAddSub' <Latency = 3> <II = 1> <Delay = 6.43> <FuncUnit> <Opcode : 'fadd' 'fsub'> <InPorts = 2> <OutPorts = 1>
ST_13 : Operation 184 [2/4] (6.43ns)   --->   "%tmp_19_1_4 = fadd float %tmp_19_0_4, %tmp_18_1_4" [/home/ylxiao_seas_upenn_edu/Roseetta/rosetta/optical-flow/src/sdsoc/optical_flow.cpp:313]   --->   Operation 184 'fadd' 'tmp_19_1_4' <Predicate = (or_cond_mid2)> <Delay = 6.43> <Core = "FAddSub">   --->   Core 99 'FAddSub' <Latency = 3> <II = 1> <Delay = 6.43> <FuncUnit> <Opcode : 'fadd' 'fsub'> <InPorts = 2> <OutPorts = 1>
ST_13 : Operation 185 [2/4] (6.43ns)   --->   "%tmp_19_1_5 = fadd float %tmp_19_0_5, %tmp_18_1_5" [/home/ylxiao_seas_upenn_edu/Roseetta/rosetta/optical-flow/src/sdsoc/optical_flow.cpp:313]   --->   Operation 185 'fadd' 'tmp_19_1_5' <Predicate = (or_cond_mid2)> <Delay = 6.43> <Core = "FAddSub">   --->   Core 99 'FAddSub' <Latency = 3> <II = 1> <Delay = 6.43> <FuncUnit> <Opcode : 'fadd' 'fsub'> <InPorts = 2> <OutPorts = 1>
ST_13 : Operation 186 [2/3] (7.01ns)   --->   "%tmp_18_2 = fmul float %tmp_31, 0x3FD4C154C0000000" [/home/ylxiao_seas_upenn_edu/Roseetta/rosetta/optical-flow/src/sdsoc/optical_flow.cpp:313]   --->   Operation 186 'fmul' 'tmp_18_2' <Predicate = (or_cond_mid2)> <Delay = 7.01> <Core = "FMul">   --->   Core 100 'FMul' <Latency = 2> <II = 1> <Delay = 7.01> <FuncUnit> <Opcode : 'fmul'> <InPorts = 2> <OutPorts = 1>
ST_13 : Operation 187 [2/3] (7.01ns)   --->   "%tmp_18_2_1 = fmul float %tmp_33, 0x3FD4C154C0000000" [/home/ylxiao_seas_upenn_edu/Roseetta/rosetta/optical-flow/src/sdsoc/optical_flow.cpp:313]   --->   Operation 187 'fmul' 'tmp_18_2_1' <Predicate = (or_cond_mid2)> <Delay = 7.01> <Core = "FMul">   --->   Core 100 'FMul' <Latency = 2> <II = 1> <Delay = 7.01> <FuncUnit> <Opcode : 'fmul'> <InPorts = 2> <OutPorts = 1>
ST_13 : Operation 188 [2/3] (7.01ns)   --->   "%tmp_18_2_2 = fmul float %tmp_35, 0x3FD4C154C0000000" [/home/ylxiao_seas_upenn_edu/Roseetta/rosetta/optical-flow/src/sdsoc/optical_flow.cpp:313]   --->   Operation 188 'fmul' 'tmp_18_2_2' <Predicate = (or_cond_mid2)> <Delay = 7.01> <Core = "FMul">   --->   Core 100 'FMul' <Latency = 2> <II = 1> <Delay = 7.01> <FuncUnit> <Opcode : 'fmul'> <InPorts = 2> <OutPorts = 1>
ST_13 : Operation 189 [2/3] (7.01ns)   --->   "%tmp_18_2_3 = fmul float %tmp_37, 0x3FD4C154C0000000" [/home/ylxiao_seas_upenn_edu/Roseetta/rosetta/optical-flow/src/sdsoc/optical_flow.cpp:313]   --->   Operation 189 'fmul' 'tmp_18_2_3' <Predicate = (or_cond_mid2)> <Delay = 7.01> <Core = "FMul">   --->   Core 100 'FMul' <Latency = 2> <II = 1> <Delay = 7.01> <FuncUnit> <Opcode : 'fmul'> <InPorts = 2> <OutPorts = 1>
ST_13 : Operation 190 [2/3] (7.01ns)   --->   "%tmp_18_2_4 = fmul float %tmp_39, 0x3FD4C154C0000000" [/home/ylxiao_seas_upenn_edu/Roseetta/rosetta/optical-flow/src/sdsoc/optical_flow.cpp:313]   --->   Operation 190 'fmul' 'tmp_18_2_4' <Predicate = (or_cond_mid2)> <Delay = 7.01> <Core = "FMul">   --->   Core 100 'FMul' <Latency = 2> <II = 1> <Delay = 7.01> <FuncUnit> <Opcode : 'fmul'> <InPorts = 2> <OutPorts = 1>
ST_13 : Operation 191 [2/3] (7.01ns)   --->   "%tmp_18_2_5 = fmul float %tmp_41, 0x3FD4C154C0000000" [/home/ylxiao_seas_upenn_edu/Roseetta/rosetta/optical-flow/src/sdsoc/optical_flow.cpp:313]   --->   Operation 191 'fmul' 'tmp_18_2_5' <Predicate = (or_cond_mid2)> <Delay = 7.01> <Core = "FMul">   --->   Core 100 'FMul' <Latency = 2> <II = 1> <Delay = 7.01> <FuncUnit> <Opcode : 'fmul'> <InPorts = 2> <OutPorts = 1>

State 14 <SV = 13> <Delay = 7.01>
ST_14 : Operation 192 [1/4] (6.43ns)   --->   "%tmp_19_1 = fadd float %tmp_30, %tmp_18_1" [/home/ylxiao_seas_upenn_edu/Roseetta/rosetta/optical-flow/src/sdsoc/optical_flow.cpp:313]   --->   Operation 192 'fadd' 'tmp_19_1' <Predicate = (or_cond_mid2)> <Delay = 6.43> <Core = "FAddSub">   --->   Core 99 'FAddSub' <Latency = 3> <II = 1> <Delay = 6.43> <FuncUnit> <Opcode : 'fadd' 'fsub'> <InPorts = 2> <OutPorts = 1>
ST_14 : Operation 193 [1/4] (6.43ns)   --->   "%tmp_19_1_1 = fadd float %tmp_19_0_1, %tmp_18_1_1" [/home/ylxiao_seas_upenn_edu/Roseetta/rosetta/optical-flow/src/sdsoc/optical_flow.cpp:313]   --->   Operation 193 'fadd' 'tmp_19_1_1' <Predicate = (or_cond_mid2)> <Delay = 6.43> <Core = "FAddSub">   --->   Core 99 'FAddSub' <Latency = 3> <II = 1> <Delay = 6.43> <FuncUnit> <Opcode : 'fadd' 'fsub'> <InPorts = 2> <OutPorts = 1>
ST_14 : Operation 194 [1/4] (6.43ns)   --->   "%tmp_19_1_2 = fadd float %tmp_19_0_2, %tmp_18_1_2" [/home/ylxiao_seas_upenn_edu/Roseetta/rosetta/optical-flow/src/sdsoc/optical_flow.cpp:313]   --->   Operation 194 'fadd' 'tmp_19_1_2' <Predicate = (or_cond_mid2)> <Delay = 6.43> <Core = "FAddSub">   --->   Core 99 'FAddSub' <Latency = 3> <II = 1> <Delay = 6.43> <FuncUnit> <Opcode : 'fadd' 'fsub'> <InPorts = 2> <OutPorts = 1>
ST_14 : Operation 195 [1/4] (6.43ns)   --->   "%tmp_19_1_3 = fadd float %tmp_19_0_3, %tmp_18_1_3" [/home/ylxiao_seas_upenn_edu/Roseetta/rosetta/optical-flow/src/sdsoc/optical_flow.cpp:313]   --->   Operation 195 'fadd' 'tmp_19_1_3' <Predicate = (or_cond_mid2)> <Delay = 6.43> <Core = "FAddSub">   --->   Core 99 'FAddSub' <Latency = 3> <II = 1> <Delay = 6.43> <FuncUnit> <Opcode : 'fadd' 'fsub'> <InPorts = 2> <OutPorts = 1>
ST_14 : Operation 196 [1/4] (6.43ns)   --->   "%tmp_19_1_4 = fadd float %tmp_19_0_4, %tmp_18_1_4" [/home/ylxiao_seas_upenn_edu/Roseetta/rosetta/optical-flow/src/sdsoc/optical_flow.cpp:313]   --->   Operation 196 'fadd' 'tmp_19_1_4' <Predicate = (or_cond_mid2)> <Delay = 6.43> <Core = "FAddSub">   --->   Core 99 'FAddSub' <Latency = 3> <II = 1> <Delay = 6.43> <FuncUnit> <Opcode : 'fadd' 'fsub'> <InPorts = 2> <OutPorts = 1>
ST_14 : Operation 197 [1/4] (6.43ns)   --->   "%tmp_19_1_5 = fadd float %tmp_19_0_5, %tmp_18_1_5" [/home/ylxiao_seas_upenn_edu/Roseetta/rosetta/optical-flow/src/sdsoc/optical_flow.cpp:313]   --->   Operation 197 'fadd' 'tmp_19_1_5' <Predicate = (or_cond_mid2)> <Delay = 6.43> <Core = "FAddSub">   --->   Core 99 'FAddSub' <Latency = 3> <II = 1> <Delay = 6.43> <FuncUnit> <Opcode : 'fadd' 'fsub'> <InPorts = 2> <OutPorts = 1>
ST_14 : Operation 198 [1/3] (7.01ns)   --->   "%tmp_18_2 = fmul float %tmp_31, 0x3FD4C154C0000000" [/home/ylxiao_seas_upenn_edu/Roseetta/rosetta/optical-flow/src/sdsoc/optical_flow.cpp:313]   --->   Operation 198 'fmul' 'tmp_18_2' <Predicate = (or_cond_mid2)> <Delay = 7.01> <Core = "FMul">   --->   Core 100 'FMul' <Latency = 2> <II = 1> <Delay = 7.01> <FuncUnit> <Opcode : 'fmul'> <InPorts = 2> <OutPorts = 1>
ST_14 : Operation 199 [1/3] (7.01ns)   --->   "%tmp_18_2_1 = fmul float %tmp_33, 0x3FD4C154C0000000" [/home/ylxiao_seas_upenn_edu/Roseetta/rosetta/optical-flow/src/sdsoc/optical_flow.cpp:313]   --->   Operation 199 'fmul' 'tmp_18_2_1' <Predicate = (or_cond_mid2)> <Delay = 7.01> <Core = "FMul">   --->   Core 100 'FMul' <Latency = 2> <II = 1> <Delay = 7.01> <FuncUnit> <Opcode : 'fmul'> <InPorts = 2> <OutPorts = 1>
ST_14 : Operation 200 [1/3] (7.01ns)   --->   "%tmp_18_2_2 = fmul float %tmp_35, 0x3FD4C154C0000000" [/home/ylxiao_seas_upenn_edu/Roseetta/rosetta/optical-flow/src/sdsoc/optical_flow.cpp:313]   --->   Operation 200 'fmul' 'tmp_18_2_2' <Predicate = (or_cond_mid2)> <Delay = 7.01> <Core = "FMul">   --->   Core 100 'FMul' <Latency = 2> <II = 1> <Delay = 7.01> <FuncUnit> <Opcode : 'fmul'> <InPorts = 2> <OutPorts = 1>
ST_14 : Operation 201 [1/3] (7.01ns)   --->   "%tmp_18_2_3 = fmul float %tmp_37, 0x3FD4C154C0000000" [/home/ylxiao_seas_upenn_edu/Roseetta/rosetta/optical-flow/src/sdsoc/optical_flow.cpp:313]   --->   Operation 201 'fmul' 'tmp_18_2_3' <Predicate = (or_cond_mid2)> <Delay = 7.01> <Core = "FMul">   --->   Core 100 'FMul' <Latency = 2> <II = 1> <Delay = 7.01> <FuncUnit> <Opcode : 'fmul'> <InPorts = 2> <OutPorts = 1>
ST_14 : Operation 202 [1/3] (7.01ns)   --->   "%tmp_18_2_4 = fmul float %tmp_39, 0x3FD4C154C0000000" [/home/ylxiao_seas_upenn_edu/Roseetta/rosetta/optical-flow/src/sdsoc/optical_flow.cpp:313]   --->   Operation 202 'fmul' 'tmp_18_2_4' <Predicate = (or_cond_mid2)> <Delay = 7.01> <Core = "FMul">   --->   Core 100 'FMul' <Latency = 2> <II = 1> <Delay = 7.01> <FuncUnit> <Opcode : 'fmul'> <InPorts = 2> <OutPorts = 1>
ST_14 : Operation 203 [1/3] (7.01ns)   --->   "%tmp_18_2_5 = fmul float %tmp_41, 0x3FD4C154C0000000" [/home/ylxiao_seas_upenn_edu/Roseetta/rosetta/optical-flow/src/sdsoc/optical_flow.cpp:313]   --->   Operation 203 'fmul' 'tmp_18_2_5' <Predicate = (or_cond_mid2)> <Delay = 7.01> <Core = "FMul">   --->   Core 100 'FMul' <Latency = 2> <II = 1> <Delay = 7.01> <FuncUnit> <Opcode : 'fmul'> <InPorts = 2> <OutPorts = 1>

State 15 <SV = 14> <Delay = 6.43>
ST_15 : Operation 204 [4/4] (6.43ns)   --->   "%tmp_19_2 = fadd float %tmp_19_1, %tmp_18_2" [/home/ylxiao_seas_upenn_edu/Roseetta/rosetta/optical-flow/src/sdsoc/optical_flow.cpp:313]   --->   Operation 204 'fadd' 'tmp_19_2' <Predicate = (or_cond_mid2)> <Delay = 6.43> <Core = "FAddSub">   --->   Core 99 'FAddSub' <Latency = 3> <II = 1> <Delay = 6.43> <FuncUnit> <Opcode : 'fadd' 'fsub'> <InPorts = 2> <OutPorts = 1>
ST_15 : Operation 205 [4/4] (6.43ns)   --->   "%tmp_19_2_1 = fadd float %tmp_19_1_1, %tmp_18_2_1" [/home/ylxiao_seas_upenn_edu/Roseetta/rosetta/optical-flow/src/sdsoc/optical_flow.cpp:313]   --->   Operation 205 'fadd' 'tmp_19_2_1' <Predicate = (or_cond_mid2)> <Delay = 6.43> <Core = "FAddSub">   --->   Core 99 'FAddSub' <Latency = 3> <II = 1> <Delay = 6.43> <FuncUnit> <Opcode : 'fadd' 'fsub'> <InPorts = 2> <OutPorts = 1>
ST_15 : Operation 206 [4/4] (6.43ns)   --->   "%tmp_19_2_2 = fadd float %tmp_19_1_2, %tmp_18_2_2" [/home/ylxiao_seas_upenn_edu/Roseetta/rosetta/optical-flow/src/sdsoc/optical_flow.cpp:313]   --->   Operation 206 'fadd' 'tmp_19_2_2' <Predicate = (or_cond_mid2)> <Delay = 6.43> <Core = "FAddSub">   --->   Core 99 'FAddSub' <Latency = 3> <II = 1> <Delay = 6.43> <FuncUnit> <Opcode : 'fadd' 'fsub'> <InPorts = 2> <OutPorts = 1>
ST_15 : Operation 207 [4/4] (6.43ns)   --->   "%tmp_19_2_3 = fadd float %tmp_19_1_3, %tmp_18_2_3" [/home/ylxiao_seas_upenn_edu/Roseetta/rosetta/optical-flow/src/sdsoc/optical_flow.cpp:313]   --->   Operation 207 'fadd' 'tmp_19_2_3' <Predicate = (or_cond_mid2)> <Delay = 6.43> <Core = "FAddSub">   --->   Core 99 'FAddSub' <Latency = 3> <II = 1> <Delay = 6.43> <FuncUnit> <Opcode : 'fadd' 'fsub'> <InPorts = 2> <OutPorts = 1>
ST_15 : Operation 208 [4/4] (6.43ns)   --->   "%tmp_19_2_4 = fadd float %tmp_19_1_4, %tmp_18_2_4" [/home/ylxiao_seas_upenn_edu/Roseetta/rosetta/optical-flow/src/sdsoc/optical_flow.cpp:313]   --->   Operation 208 'fadd' 'tmp_19_2_4' <Predicate = (or_cond_mid2)> <Delay = 6.43> <Core = "FAddSub">   --->   Core 99 'FAddSub' <Latency = 3> <II = 1> <Delay = 6.43> <FuncUnit> <Opcode : 'fadd' 'fsub'> <InPorts = 2> <OutPorts = 1>
ST_15 : Operation 209 [4/4] (6.43ns)   --->   "%tmp_19_2_5 = fadd float %tmp_19_1_5, %tmp_18_2_5" [/home/ylxiao_seas_upenn_edu/Roseetta/rosetta/optical-flow/src/sdsoc/optical_flow.cpp:313]   --->   Operation 209 'fadd' 'tmp_19_2_5' <Predicate = (or_cond_mid2)> <Delay = 6.43> <Core = "FAddSub">   --->   Core 99 'FAddSub' <Latency = 3> <II = 1> <Delay = 6.43> <FuncUnit> <Opcode : 'fadd' 'fsub'> <InPorts = 2> <OutPorts = 1>

State 16 <SV = 15> <Delay = 6.43>
ST_16 : Operation 210 [3/4] (6.43ns)   --->   "%tmp_19_2 = fadd float %tmp_19_1, %tmp_18_2" [/home/ylxiao_seas_upenn_edu/Roseetta/rosetta/optical-flow/src/sdsoc/optical_flow.cpp:313]   --->   Operation 210 'fadd' 'tmp_19_2' <Predicate = (or_cond_mid2)> <Delay = 6.43> <Core = "FAddSub">   --->   Core 99 'FAddSub' <Latency = 3> <II = 1> <Delay = 6.43> <FuncUnit> <Opcode : 'fadd' 'fsub'> <InPorts = 2> <OutPorts = 1>
ST_16 : Operation 211 [3/4] (6.43ns)   --->   "%tmp_19_2_1 = fadd float %tmp_19_1_1, %tmp_18_2_1" [/home/ylxiao_seas_upenn_edu/Roseetta/rosetta/optical-flow/src/sdsoc/optical_flow.cpp:313]   --->   Operation 211 'fadd' 'tmp_19_2_1' <Predicate = (or_cond_mid2)> <Delay = 6.43> <Core = "FAddSub">   --->   Core 99 'FAddSub' <Latency = 3> <II = 1> <Delay = 6.43> <FuncUnit> <Opcode : 'fadd' 'fsub'> <InPorts = 2> <OutPorts = 1>
ST_16 : Operation 212 [3/4] (6.43ns)   --->   "%tmp_19_2_2 = fadd float %tmp_19_1_2, %tmp_18_2_2" [/home/ylxiao_seas_upenn_edu/Roseetta/rosetta/optical-flow/src/sdsoc/optical_flow.cpp:313]   --->   Operation 212 'fadd' 'tmp_19_2_2' <Predicate = (or_cond_mid2)> <Delay = 6.43> <Core = "FAddSub">   --->   Core 99 'FAddSub' <Latency = 3> <II = 1> <Delay = 6.43> <FuncUnit> <Opcode : 'fadd' 'fsub'> <InPorts = 2> <OutPorts = 1>
ST_16 : Operation 213 [3/4] (6.43ns)   --->   "%tmp_19_2_3 = fadd float %tmp_19_1_3, %tmp_18_2_3" [/home/ylxiao_seas_upenn_edu/Roseetta/rosetta/optical-flow/src/sdsoc/optical_flow.cpp:313]   --->   Operation 213 'fadd' 'tmp_19_2_3' <Predicate = (or_cond_mid2)> <Delay = 6.43> <Core = "FAddSub">   --->   Core 99 'FAddSub' <Latency = 3> <II = 1> <Delay = 6.43> <FuncUnit> <Opcode : 'fadd' 'fsub'> <InPorts = 2> <OutPorts = 1>
ST_16 : Operation 214 [3/4] (6.43ns)   --->   "%tmp_19_2_4 = fadd float %tmp_19_1_4, %tmp_18_2_4" [/home/ylxiao_seas_upenn_edu/Roseetta/rosetta/optical-flow/src/sdsoc/optical_flow.cpp:313]   --->   Operation 214 'fadd' 'tmp_19_2_4' <Predicate = (or_cond_mid2)> <Delay = 6.43> <Core = "FAddSub">   --->   Core 99 'FAddSub' <Latency = 3> <II = 1> <Delay = 6.43> <FuncUnit> <Opcode : 'fadd' 'fsub'> <InPorts = 2> <OutPorts = 1>
ST_16 : Operation 215 [3/4] (6.43ns)   --->   "%tmp_19_2_5 = fadd float %tmp_19_1_5, %tmp_18_2_5" [/home/ylxiao_seas_upenn_edu/Roseetta/rosetta/optical-flow/src/sdsoc/optical_flow.cpp:313]   --->   Operation 215 'fadd' 'tmp_19_2_5' <Predicate = (or_cond_mid2)> <Delay = 6.43> <Core = "FAddSub">   --->   Core 99 'FAddSub' <Latency = 3> <II = 1> <Delay = 6.43> <FuncUnit> <Opcode : 'fadd' 'fsub'> <InPorts = 2> <OutPorts = 1>

State 17 <SV = 16> <Delay = 6.43>
ST_17 : Operation 216 [2/4] (6.43ns)   --->   "%tmp_19_2 = fadd float %tmp_19_1, %tmp_18_2" [/home/ylxiao_seas_upenn_edu/Roseetta/rosetta/optical-flow/src/sdsoc/optical_flow.cpp:313]   --->   Operation 216 'fadd' 'tmp_19_2' <Predicate = (or_cond_mid2)> <Delay = 6.43> <Core = "FAddSub">   --->   Core 99 'FAddSub' <Latency = 3> <II = 1> <Delay = 6.43> <FuncUnit> <Opcode : 'fadd' 'fsub'> <InPorts = 2> <OutPorts = 1>
ST_17 : Operation 217 [2/4] (6.43ns)   --->   "%tmp_19_2_1 = fadd float %tmp_19_1_1, %tmp_18_2_1" [/home/ylxiao_seas_upenn_edu/Roseetta/rosetta/optical-flow/src/sdsoc/optical_flow.cpp:313]   --->   Operation 217 'fadd' 'tmp_19_2_1' <Predicate = (or_cond_mid2)> <Delay = 6.43> <Core = "FAddSub">   --->   Core 99 'FAddSub' <Latency = 3> <II = 1> <Delay = 6.43> <FuncUnit> <Opcode : 'fadd' 'fsub'> <InPorts = 2> <OutPorts = 1>
ST_17 : Operation 218 [2/4] (6.43ns)   --->   "%tmp_19_2_2 = fadd float %tmp_19_1_2, %tmp_18_2_2" [/home/ylxiao_seas_upenn_edu/Roseetta/rosetta/optical-flow/src/sdsoc/optical_flow.cpp:313]   --->   Operation 218 'fadd' 'tmp_19_2_2' <Predicate = (or_cond_mid2)> <Delay = 6.43> <Core = "FAddSub">   --->   Core 99 'FAddSub' <Latency = 3> <II = 1> <Delay = 6.43> <FuncUnit> <Opcode : 'fadd' 'fsub'> <InPorts = 2> <OutPorts = 1>
ST_17 : Operation 219 [2/4] (6.43ns)   --->   "%tmp_19_2_3 = fadd float %tmp_19_1_3, %tmp_18_2_3" [/home/ylxiao_seas_upenn_edu/Roseetta/rosetta/optical-flow/src/sdsoc/optical_flow.cpp:313]   --->   Operation 219 'fadd' 'tmp_19_2_3' <Predicate = (or_cond_mid2)> <Delay = 6.43> <Core = "FAddSub">   --->   Core 99 'FAddSub' <Latency = 3> <II = 1> <Delay = 6.43> <FuncUnit> <Opcode : 'fadd' 'fsub'> <InPorts = 2> <OutPorts = 1>
ST_17 : Operation 220 [2/4] (6.43ns)   --->   "%tmp_19_2_4 = fadd float %tmp_19_1_4, %tmp_18_2_4" [/home/ylxiao_seas_upenn_edu/Roseetta/rosetta/optical-flow/src/sdsoc/optical_flow.cpp:313]   --->   Operation 220 'fadd' 'tmp_19_2_4' <Predicate = (or_cond_mid2)> <Delay = 6.43> <Core = "FAddSub">   --->   Core 99 'FAddSub' <Latency = 3> <II = 1> <Delay = 6.43> <FuncUnit> <Opcode : 'fadd' 'fsub'> <InPorts = 2> <OutPorts = 1>
ST_17 : Operation 221 [2/4] (6.43ns)   --->   "%tmp_19_2_5 = fadd float %tmp_19_1_5, %tmp_18_2_5" [/home/ylxiao_seas_upenn_edu/Roseetta/rosetta/optical-flow/src/sdsoc/optical_flow.cpp:313]   --->   Operation 221 'fadd' 'tmp_19_2_5' <Predicate = (or_cond_mid2)> <Delay = 6.43> <Core = "FAddSub">   --->   Core 99 'FAddSub' <Latency = 3> <II = 1> <Delay = 6.43> <FuncUnit> <Opcode : 'fadd' 'fsub'> <InPorts = 2> <OutPorts = 1>

State 18 <SV = 17> <Delay = 6.88>
ST_18 : Operation 222 [1/4] (6.43ns)   --->   "%tmp_19_2 = fadd float %tmp_19_1, %tmp_18_2" [/home/ylxiao_seas_upenn_edu/Roseetta/rosetta/optical-flow/src/sdsoc/optical_flow.cpp:313]   --->   Operation 222 'fadd' 'tmp_19_2' <Predicate = (or_cond_mid2)> <Delay = 6.43> <Core = "FAddSub">   --->   Core 99 'FAddSub' <Latency = 3> <II = 1> <Delay = 6.43> <FuncUnit> <Opcode : 'fadd' 'fsub'> <InPorts = 2> <OutPorts = 1>
ST_18 : Operation 223 [1/4] (6.43ns)   --->   "%tmp_19_2_1 = fadd float %tmp_19_1_1, %tmp_18_2_1" [/home/ylxiao_seas_upenn_edu/Roseetta/rosetta/optical-flow/src/sdsoc/optical_flow.cpp:313]   --->   Operation 223 'fadd' 'tmp_19_2_1' <Predicate = (or_cond_mid2)> <Delay = 6.43> <Core = "FAddSub">   --->   Core 99 'FAddSub' <Latency = 3> <II = 1> <Delay = 6.43> <FuncUnit> <Opcode : 'fadd' 'fsub'> <InPorts = 2> <OutPorts = 1>
ST_18 : Operation 224 [1/4] (6.43ns)   --->   "%tmp_19_2_2 = fadd float %tmp_19_1_2, %tmp_18_2_2" [/home/ylxiao_seas_upenn_edu/Roseetta/rosetta/optical-flow/src/sdsoc/optical_flow.cpp:313]   --->   Operation 224 'fadd' 'tmp_19_2_2' <Predicate = (or_cond_mid2)> <Delay = 6.43> <Core = "FAddSub">   --->   Core 99 'FAddSub' <Latency = 3> <II = 1> <Delay = 6.43> <FuncUnit> <Opcode : 'fadd' 'fsub'> <InPorts = 2> <OutPorts = 1>
ST_18 : Operation 225 [1/4] (6.43ns)   --->   "%tmp_19_2_3 = fadd float %tmp_19_1_3, %tmp_18_2_3" [/home/ylxiao_seas_upenn_edu/Roseetta/rosetta/optical-flow/src/sdsoc/optical_flow.cpp:313]   --->   Operation 225 'fadd' 'tmp_19_2_3' <Predicate = (or_cond_mid2)> <Delay = 6.43> <Core = "FAddSub">   --->   Core 99 'FAddSub' <Latency = 3> <II = 1> <Delay = 6.43> <FuncUnit> <Opcode : 'fadd' 'fsub'> <InPorts = 2> <OutPorts = 1>
ST_18 : Operation 226 [1/4] (6.43ns)   --->   "%tmp_19_2_4 = fadd float %tmp_19_1_4, %tmp_18_2_4" [/home/ylxiao_seas_upenn_edu/Roseetta/rosetta/optical-flow/src/sdsoc/optical_flow.cpp:313]   --->   Operation 226 'fadd' 'tmp_19_2_4' <Predicate = (or_cond_mid2)> <Delay = 6.43> <Core = "FAddSub">   --->   Core 99 'FAddSub' <Latency = 3> <II = 1> <Delay = 6.43> <FuncUnit> <Opcode : 'fadd' 'fsub'> <InPorts = 2> <OutPorts = 1>
ST_18 : Operation 227 [1/4] (6.43ns)   --->   "%tmp_19_2_5 = fadd float %tmp_19_1_5, %tmp_18_2_5" [/home/ylxiao_seas_upenn_edu/Roseetta/rosetta/optical-flow/src/sdsoc/optical_flow.cpp:313]   --->   Operation 227 'fadd' 'tmp_19_2_5' <Predicate = (or_cond_mid2)> <Delay = 6.43> <Core = "FAddSub">   --->   Core 99 'FAddSub' <Latency = 3> <II = 1> <Delay = 6.43> <FuncUnit> <Opcode : 'fadd' 'fsub'> <InPorts = 2> <OutPorts = 1>
ST_18 : Operation 228 [1/1] (0.00ns)   --->   "%tmp_51 = bitcast float %tmp_19_2 to i32" [/home/ylxiao_seas_upenn_edu/Roseetta/rosetta/optical-flow/src/sdsoc/optical_flow.cpp:319]   --->   Operation 228 'bitcast' 'tmp_51' <Predicate = (!tmp_4_mid2 & or_cond_mid2)> <Delay = 0.00>
ST_18 : Operation 229 [1/1] (0.44ns)   --->   "%tmp_42 = select i1 %or_cond_mid2, i32 %tmp_51, i32 0" [/home/ylxiao_seas_upenn_edu/Roseetta/rosetta/optical-flow/src/sdsoc/optical_flow.cpp:319]   --->   Operation 229 'select' 'tmp_42' <Predicate = (!tmp_4_mid2)> <Delay = 0.44> <Core = "Sel">   --->   Core 26 'Sel' <Latency = 0> <II = 1> <Delay = 0.44> <FuncUnit> <Opcode : 'select'> <InPorts = 3> <OutPorts = 1>
ST_18 : Operation 230 [1/1] (0.00ns)   --->   "%tmp_52 = bitcast float %tmp_19_2_1 to i32" [/home/ylxiao_seas_upenn_edu/Roseetta/rosetta/optical-flow/src/sdsoc/optical_flow.cpp:319]   --->   Operation 230 'bitcast' 'tmp_52' <Predicate = (!tmp_4_mid2 & or_cond_mid2)> <Delay = 0.00>
ST_18 : Operation 231 [1/1] (0.44ns)   --->   "%tmp_43 = select i1 %or_cond_mid2, i32 %tmp_52, i32 0" [/home/ylxiao_seas_upenn_edu/Roseetta/rosetta/optical-flow/src/sdsoc/optical_flow.cpp:319]   --->   Operation 231 'select' 'tmp_43' <Predicate = (!tmp_4_mid2)> <Delay = 0.44> <Core = "Sel">   --->   Core 26 'Sel' <Latency = 0> <II = 1> <Delay = 0.44> <FuncUnit> <Opcode : 'select'> <InPorts = 3> <OutPorts = 1>
ST_18 : Operation 232 [1/1] (0.00ns)   --->   "%tmp_53 = bitcast float %tmp_19_2_2 to i32" [/home/ylxiao_seas_upenn_edu/Roseetta/rosetta/optical-flow/src/sdsoc/optical_flow.cpp:319]   --->   Operation 232 'bitcast' 'tmp_53' <Predicate = (!tmp_4_mid2 & or_cond_mid2)> <Delay = 0.00>
ST_18 : Operation 233 [1/1] (0.44ns)   --->   "%tmp_44 = select i1 %or_cond_mid2, i32 %tmp_53, i32 0" [/home/ylxiao_seas_upenn_edu/Roseetta/rosetta/optical-flow/src/sdsoc/optical_flow.cpp:319]   --->   Operation 233 'select' 'tmp_44' <Predicate = (!tmp_4_mid2)> <Delay = 0.44> <Core = "Sel">   --->   Core 26 'Sel' <Latency = 0> <II = 1> <Delay = 0.44> <FuncUnit> <Opcode : 'select'> <InPorts = 3> <OutPorts = 1>
ST_18 : Operation 234 [1/1] (0.00ns)   --->   "%tmp_54 = bitcast float %tmp_19_2_3 to i32" [/home/ylxiao_seas_upenn_edu/Roseetta/rosetta/optical-flow/src/sdsoc/optical_flow.cpp:319]   --->   Operation 234 'bitcast' 'tmp_54' <Predicate = (!tmp_4_mid2 & or_cond_mid2)> <Delay = 0.00>
ST_18 : Operation 235 [1/1] (0.44ns)   --->   "%tmp_45 = select i1 %or_cond_mid2, i32 %tmp_54, i32 0" [/home/ylxiao_seas_upenn_edu/Roseetta/rosetta/optical-flow/src/sdsoc/optical_flow.cpp:319]   --->   Operation 235 'select' 'tmp_45' <Predicate = (!tmp_4_mid2)> <Delay = 0.44> <Core = "Sel">   --->   Core 26 'Sel' <Latency = 0> <II = 1> <Delay = 0.44> <FuncUnit> <Opcode : 'select'> <InPorts = 3> <OutPorts = 1>
ST_18 : Operation 236 [1/1] (0.00ns)   --->   "%tmp_55 = bitcast float %tmp_19_2_4 to i32" [/home/ylxiao_seas_upenn_edu/Roseetta/rosetta/optical-flow/src/sdsoc/optical_flow.cpp:319]   --->   Operation 236 'bitcast' 'tmp_55' <Predicate = (!tmp_4_mid2 & or_cond_mid2)> <Delay = 0.00>
ST_18 : Operation 237 [1/1] (0.44ns)   --->   "%tmp_46 = select i1 %or_cond_mid2, i32 %tmp_55, i32 0" [/home/ylxiao_seas_upenn_edu/Roseetta/rosetta/optical-flow/src/sdsoc/optical_flow.cpp:319]   --->   Operation 237 'select' 'tmp_46' <Predicate = (!tmp_4_mid2)> <Delay = 0.44> <Core = "Sel">   --->   Core 26 'Sel' <Latency = 0> <II = 1> <Delay = 0.44> <FuncUnit> <Opcode : 'select'> <InPorts = 3> <OutPorts = 1>
ST_18 : Operation 238 [1/1] (0.00ns)   --->   "%tmp_56 = bitcast float %tmp_19_2_5 to i32" [/home/ylxiao_seas_upenn_edu/Roseetta/rosetta/optical-flow/src/sdsoc/optical_flow.cpp:319]   --->   Operation 238 'bitcast' 'tmp_56' <Predicate = (!tmp_4_mid2 & or_cond_mid2)> <Delay = 0.00>
ST_18 : Operation 239 [1/1] (0.44ns)   --->   "%tmp_47 = select i1 %or_cond_mid2, i32 %tmp_56, i32 0" [/home/ylxiao_seas_upenn_edu/Roseetta/rosetta/optical-flow/src/sdsoc/optical_flow.cpp:319]   --->   Operation 239 'select' 'tmp_47' <Predicate = (!tmp_4_mid2)> <Delay = 0.44> <Core = "Sel">   --->   Core 26 'Sel' <Latency = 0> <II = 1> <Delay = 0.44> <FuncUnit> <Opcode : 'select'> <InPorts = 3> <OutPorts = 1>

State 19 <SV = 18> <Delay = 1.83>
ST_19 : Operation 240 [1/1] (0.00ns)   --->   "call void (...)* @_ssdm_op_SpecLoopName([44 x i8]* @TENSOR_WEIGHT_Y_OUTE)"   --->   Operation 240 'specloopname' <Predicate = (!exitcond_flatten)> <Delay = 0.00>
ST_19 : Operation 241 [1/1] (0.00ns)   --->   "call void (...)* @_ssdm_op_SpecLoopName([22 x i8]* @p_str18) nounwind" [/home/ylxiao_seas_upenn_edu/Roseetta/rosetta/optical-flow/src/sdsoc/optical_flow.cpp:283]   --->   Operation 241 'specloopname' <Predicate = (!exitcond_flatten)> <Delay = 0.00>
ST_19 : Operation 242 [1/1] (0.00ns)   --->   "%tmp_7 = call i32 (...)* @_ssdm_op_SpecRegionBegin([22 x i8]* @p_str18)" [/home/ylxiao_seas_upenn_edu/Roseetta/rosetta/optical-flow/src/sdsoc/optical_flow.cpp:283]   --->   Operation 242 'specregionbegin' 'tmp_7' <Predicate = (!exitcond_flatten)> <Delay = 0.00>
ST_19 : Operation 243 [1/1] (0.00ns)   --->   "call void (...)* @_ssdm_op_SpecPipeline(i32 1, i32 1, i32 1, i32 0, [1 x i8]* @p_str2) nounwind" [/home/ylxiao_seas_upenn_edu/Roseetta/rosetta/optical-flow/src/sdsoc/optical_flow.cpp:284]   --->   Operation 243 'specpipeline' <Predicate = (!exitcond_flatten)> <Delay = 0.00>
ST_19 : Operation 244 [1/1] (0.00ns)   --->   "%tmp_48 = call i192 @_ssdm_op_BitConcatenate.i192.i32.i32.i32.i32.i32.i32(i32 %tmp_47, i32 %tmp_46, i32 %tmp_45, i32 %tmp_44, i32 %tmp_43, i32 %tmp_42)" [/home/ylxiao_seas_upenn_edu/Roseetta/rosetta/optical-flow/src/sdsoc/optical_flow.cpp:319]   --->   Operation 244 'bitconcatenate' 'tmp_48' <Predicate = (!tmp_4_mid2)> <Delay = 0.00>
ST_19 : Operation 245 [1/1] (1.83ns)   --->   "call void @_ssdm_op_Write.ap_fifo.volatile.i192P(i192* @tensor_y_val, i192 %tmp_48)" [/home/ylxiao_seas_upenn_edu/Roseetta/rosetta/optical-flow/src/sdsoc/optical_flow.cpp:319]   --->   Operation 245 'write' <Predicate = (!tmp_4_mid2)> <Delay = 1.83> <Core = "FIFO">   --->   Core 32 'FIFO' <Latency = 0> <II = 1> <Delay = 1.83> <Storage> <Opcode : 'read' 'write' 'nbread' 'nbwrite'> <Ports = 0> <Width = 192> <Depth = 2> <FIFO>
ST_19 : Operation 246 [1/1] (0.00ns)   --->   "br label %.loopexit._crit_edge" [/home/ylxiao_seas_upenn_edu/Roseetta/rosetta/optical-flow/src/sdsoc/optical_flow.cpp:320]   --->   Operation 246 'br' <Predicate = (!tmp_4_mid2)> <Delay = 0.00>
ST_19 : Operation 247 [1/1] (0.00ns)   --->   "%empty = call i32 (...)* @_ssdm_op_SpecRegionEnd([22 x i8]* @p_str18, i32 %tmp_7)" [/home/ylxiao_seas_upenn_edu/Roseetta/rosetta/optical-flow/src/sdsoc/optical_flow.cpp:321]   --->   Operation 247 'specregionend' 'empty' <Predicate = (!exitcond_flatten)> <Delay = 0.00>
ST_19 : Operation 248 [1/1] (0.00ns)   --->   "br label %1"   --->   Operation 248 'br' <Predicate = (!exitcond_flatten)> <Delay = 0.00>

State 20 <SV = 2> <Delay = 0.00>
ST_20 : Operation 249 [1/1] (0.00ns)   --->   "ret void" [/home/ylxiao_seas_upenn_edu/Roseetta/rosetta/optical-flow/src/sdsoc/optical_flow.cpp:323]   --->   Operation 249 'ret' <Predicate = true> <Delay = 0.00>


============================================================
+ Verbose Summary: Timing violations
============================================================
Target clock period: 10ns, clock uncertainty: 2.7ns.

 <State 1>: 0.656ns
The critical path consists of the following:
	multiplexor before 'phi' operation ('indvar_flatten') with incoming values : ('indvar_flatten_next') [11]  (0.656 ns)

 <State 2>: 2.57ns
The critical path consists of the following:
	'phi' operation ('c') with incoming values : ('c', /home/ylxiao_seas_upenn_edu/Roseetta/rosetta/optical-flow/src/sdsoc/optical_flow.cpp:282) [13]  (0 ns)
	'icmp' operation ('exitcond', /home/ylxiao_seas_upenn_edu/Roseetta/rosetta/optical-flow/src/sdsoc/optical_flow.cpp:282) [23]  (0.944 ns)
	'select' operation ('col_assign_mid2', /home/ylxiao_seas_upenn_edu/Roseetta/rosetta/optical-flow/src/sdsoc/optical_flow.cpp:282) [24]  (0.389 ns)
	'getelementptr' operation ('buf_val_1_val_addr', /apps/xilinx/2018.2/Vivado/2018.2/common/technology/autopilot/hls/hls_video_mem.h:729->/home/ylxiao_seas_upenn_edu/Roseetta/rosetta/optical-flow/src/sdsoc/optical_flow.cpp:289) [40]  (0 ns)
	'load' operation ('buf_val_1_val_load', /apps/xilinx/2018.2/Vivado/2018.2/common/technology/autopilot/hls/hls_video_mem.h:729->/home/ylxiao_seas_upenn_edu/Roseetta/rosetta/optical-flow/src/sdsoc/optical_flow.cpp:289) on array 'buf.val[1].val', /home/ylxiao_seas_upenn_edu/Roseetta/rosetta/optical-flow/src/sdsoc/optical_flow.cpp:278 [41]  (1.24 ns)

 <State 3>: 1.24ns
The critical path consists of the following:
	'load' operation ('buf_val_1_val_load', /apps/xilinx/2018.2/Vivado/2018.2/common/technology/autopilot/hls/hls_video_mem.h:729->/home/ylxiao_seas_upenn_edu/Roseetta/rosetta/optical-flow/src/sdsoc/optical_flow.cpp:289) on array 'buf.val[1].val', /home/ylxiao_seas_upenn_edu/Roseetta/rosetta/optical-flow/src/sdsoc/optical_flow.cpp:278 [41]  (1.24 ns)

 <State 4>: 7.02ns
The critical path consists of the following:
	'fmul' operation ('tmp_18', /home/ylxiao_seas_upenn_edu/Roseetta/rosetta/optical-flow/src/sdsoc/optical_flow.cpp:313) [54]  (7.02 ns)

 <State 5>: 7.02ns
The critical path consists of the following:
	'fmul' operation ('tmp_18', /home/ylxiao_seas_upenn_edu/Roseetta/rosetta/optical-flow/src/sdsoc/optical_flow.cpp:313) [54]  (7.02 ns)

 <State 6>: 7.02ns
The critical path consists of the following:
	'fmul' operation ('tmp_18', /home/ylxiao_seas_upenn_edu/Roseetta/rosetta/optical-flow/src/sdsoc/optical_flow.cpp:313) [54]  (7.02 ns)

 <State 7>: 6.44ns
The critical path consists of the following:
	'fadd' operation ('tmp_30', /home/ylxiao_seas_upenn_edu/Roseetta/rosetta/optical-flow/src/sdsoc/optical_flow.cpp:313) [55]  (6.44 ns)

 <State 8>: 7.02ns
The critical path consists of the following:
	'fmul' operation ('tmp_18_1', /home/ylxiao_seas_upenn_edu/Roseetta/rosetta/optical-flow/src/sdsoc/optical_flow.cpp:313) [78]  (7.02 ns)

 <State 9>: 7.02ns
The critical path consists of the following:
	'fmul' operation ('tmp_18_1', /home/ylxiao_seas_upenn_edu/Roseetta/rosetta/optical-flow/src/sdsoc/optical_flow.cpp:313) [78]  (7.02 ns)

 <State 10>: 7.02ns
The critical path consists of the following:
	'fmul' operation ('tmp_18_1', /home/ylxiao_seas_upenn_edu/Roseetta/rosetta/optical-flow/src/sdsoc/optical_flow.cpp:313) [78]  (7.02 ns)

 <State 11>: 6.44ns
The critical path consists of the following:
	'fadd' operation ('tmp_19_1', /home/ylxiao_seas_upenn_edu/Roseetta/rosetta/optical-flow/src/sdsoc/optical_flow.cpp:313) [79]  (6.44 ns)

 <State 12>: 7.02ns
The critical path consists of the following:
	'phi' operation ('tmp.val') with incoming values : ('tmp.val', /home/ylxiao_seas_upenn_edu/Roseetta/rosetta/optical-flow/src/sdsoc/optical_flow.cpp:292) [50]  (0 ns)
	'fmul' operation ('tmp_18_2', /home/ylxiao_seas_upenn_edu/Roseetta/rosetta/optical-flow/src/sdsoc/optical_flow.cpp:313) [102]  (7.02 ns)

 <State 13>: 7.02ns
The critical path consists of the following:
	'fmul' operation ('tmp_18_2', /home/ylxiao_seas_upenn_edu/Roseetta/rosetta/optical-flow/src/sdsoc/optical_flow.cpp:313) [102]  (7.02 ns)

 <State 14>: 7.02ns
The critical path consists of the following:
	'fmul' operation ('tmp_18_2', /home/ylxiao_seas_upenn_edu/Roseetta/rosetta/optical-flow/src/sdsoc/optical_flow.cpp:313) [102]  (7.02 ns)

 <State 15>: 6.44ns
The critical path consists of the following:
	'fadd' operation ('tmp_19_2', /home/ylxiao_seas_upenn_edu/Roseetta/rosetta/optical-flow/src/sdsoc/optical_flow.cpp:313) [103]  (6.44 ns)

 <State 16>: 6.44ns
The critical path consists of the following:
	'fadd' operation ('tmp_19_2', /home/ylxiao_seas_upenn_edu/Roseetta/rosetta/optical-flow/src/sdsoc/optical_flow.cpp:313) [103]  (6.44 ns)

 <State 17>: 6.44ns
The critical path consists of the following:
	'fadd' operation ('tmp_19_2', /home/ylxiao_seas_upenn_edu/Roseetta/rosetta/optical-flow/src/sdsoc/optical_flow.cpp:313) [103]  (6.44 ns)

 <State 18>: 6.89ns
The critical path consists of the following:
	'fadd' operation ('tmp_19_2', /home/ylxiao_seas_upenn_edu/Roseetta/rosetta/optical-flow/src/sdsoc/optical_flow.cpp:313) [103]  (6.44 ns)
	'select' operation ('tmp_42', /home/ylxiao_seas_upenn_edu/Roseetta/rosetta/optical-flow/src/sdsoc/optical_flow.cpp:319) [127]  (0.449 ns)

 <State 19>: 1.84ns
The critical path consists of the following:
	fifo write on port 'tensor_y_val' (/home/ylxiao_seas_upenn_edu/Roseetta/rosetta/optical-flow/src/sdsoc/optical_flow.cpp:319) [139]  (1.84 ns)

 <State 20>: 0ns
The critical path consists of the following:


============================================================
+ Verbose Summary: Binding
============================================================
N/A
* FSMD analyzer results:
  - Output states:
 - Input state : 
  - Chain level:
	State 1
	State 2
	State 3
	State 4
	State 5
	State 6
	State 7
	State 8
	State 9
	State 10
	State 11
	State 12
	State 13
	State 14
	State 15
	State 16
	State 17
	State 18
	State 19
	State 20


============================================================
+ Verbose Summary: Datapath Resource usage 
============================================================
N/A
