

================================================================
== Vivado HLS Report for 'dataflow_in_loop_TRA_1'
================================================================
* Date:           Wed Aug 12 22:41:42 2020

* Version:        2018.2 (Build 2258646 on Thu Jun 14 20:25:20 MDT 2018)
* Project:        SgdLR
* Solution:       solution
* Product family: zynquplus
* Target device:  xczu9eg-ffvb1156-2-e


================================================================
== Performance Estimates
================================================================
+ Timing (ns): 
    * Summary: 
    +--------+-------+----------+------------+
    |  Clock | Target| Estimated| Uncertainty|
    +--------+-------+----------+------------+
    |ap_clk  |  10.00|     7.135|        2.70|
    +--------+-------+----------+------------+

+ Latency (clock cycles): 
    * Summary: 
    +-----+-----+-----+-----+----------+
    |  Latency  |  Interval | Pipeline |
    | min | max | min | max |   Type   |
    +-----+-----+-----+-----+----------+
    |  363|  363|  259|  259| dataflow |
    +-----+-----+-----+-----+----------+

    + Detail: 
        * Instance: 
        +---------------------------------------------+--------------------------+-----+-----+-----+-----+---------+
        |                                             |                          |  Latency  |  Interval | Pipeline|
        |                   Instance                  |          Module          | min | max | min | max |   Type  |
        +---------------------------------------------+--------------------------+-----+-----+-----+-----+---------+
        |grp_compute_fu_204                           |compute                   |  104|  104|  104|  104|   none  |
        |grp_aesl_mux_load_4_1125_fu_339              |aesl_mux_load_4_1125      |    1|    1|    1|    1|   none  |
        |grp_READ_TRAINING_DATA_p_fu_353              |READ_TRAINING_DATA_p      |  258|  258|  258|  258|   none  |
        |StgValue_13_dataflow_in_loop_TRA_1_1_fu_423  |dataflow_in_loop_TRA_1_1  |    0|    0|    0|    0|   none  |
        |StgValue_12_dataflow_in_loop_TRA_2_fu_430    |dataflow_in_loop_TRA_2    |    0|    0|    0|    0|   none  |
        +---------------------------------------------+--------------------------+-----+-----+-----+-----+---------+

        * Loop: 
        N/A

============================================================
+ Verbose Summary: Synthesis Manager
============================================================
InlineROM: 1
ExposeGlobal: 0
============================================================
+ Verbose Summary: CDFG Model
============================================================
IsTopModel: 0
ResetActiveHigh: 1
IsCombinational: 2
IsDatapathOnly: 0
HasWiredReturn: 1
HasMFsm: 0
HasVarLatency: 1
IsPipeline: 0
IsRtlPipelined: 0
IsInstanceOverlapped: 0
IsDontTouch: 0
HasImplIP: 0
IsGatedGlobalClock: 0


============================================================
+ Verbose Summary: Schedule
============================================================
* Number of FSM states : 6
* Pipeline : 0
* Dataflow Pipeline: 1
  DF-Pipeline-0: Size = 6, States = { 1 2 3 4 5 6 }

* FSM state transitions: 
1 --> 
	2  / true
2 --> 
	3  / true
3 --> 
	4  / true
4 --> 
	5  / true
5 --> 
	6  / true
6 --> 

* FSM state operations: 

State 1 <SV = 0> <Delay = 1.83>
ST_1 : Operation 7 [1/1] (0.00ns)   --->   "%training_id_read = call i13 @_ssdm_op_Read.ap_auto.i13(i13 %training_id)"   --->   Operation 7 'read' 'training_id_read' <Predicate = true> <Delay = 0.00>
ST_1 : Operation 8 [1/1] (0.00ns)   --->   "%training_id_c2 = alloca i13, align 2"   --->   Operation 8 'alloca' 'training_id_c2' <Predicate = true> <Delay = 0.00> <Core = "FIFO">   --->   Core 32 'FIFO' <Latency = 0> <II = 1> <Delay = 1.83> <Storage> <Opcode : 'read' 'write' 'nbread' 'nbwrite'> <Ports = 0> <Width = 64> <Depth = 2> <FIFO>
ST_1 : Operation 9 [1/1] (0.00ns)   --->   "%p_channel = alloca i8, align 1"   --->   Operation 9 'alloca' 'p_channel' <Predicate = true> <Delay = 0.00> <Core = "FIFO">   --->   Core 32 'FIFO' <Latency = 0> <II = 1> <Delay = 1.83> <Storage> <Opcode : 'read' 'write' 'nbread' 'nbwrite'> <Ports = 0> <Width = 64> <Depth = 2> <FIFO>
ST_1 : Operation 10 [1/1] (0.00ns)   --->   "%training_id_c1 = alloca i13, align 2"   --->   Operation 10 'alloca' 'training_id_c1' <Predicate = true> <Delay = 0.00>
ST_1 : Operation 11 [1/1] (0.00ns)   --->   "%training_id_c = alloca i13, align 2"   --->   Operation 11 'alloca' 'training_id_c' <Predicate = true> <Delay = 0.00> <Core = "FIFO">   --->   Core 32 'FIFO' <Latency = 0> <II = 1> <Delay = 1.83> <Storage> <Opcode : 'read' 'write' 'nbread' 'nbwrite'> <Ports = 0> <Width = 64> <Depth = 2> <FIFO>
ST_1 : Operation 12 [1/1] (1.83ns)   --->   "call void @dataflow_in_loop_TRA.2(i13 %training_id_read, i13* %training_id_c2)"   --->   Operation 12 'call' <Predicate = true> <Delay = 1.83> <CoreType = "Generic">   --->   Core 0 '' <Latency = 0> <II = 1> <Delay = 1.00> <Generic> <Opcode : >

State 2 <SV = 1> <Delay = 0.00>
ST_2 : Operation 13 [1/1] (0.00ns)   --->   "call fastcc void @dataflow_in_loop_TRA.1.1(i13* nocapture %training_id_c2, i13* %training_id_c, i13* %training_id_c1)"   --->   Operation 13 'call' <Predicate = true> <Delay = 0.00> <CoreType = "Generic">   --->   Core 0 '' <Latency = 0> <II = 1> <Delay = 1.00> <Generic> <Opcode : >

State 3 <SV = 2> <Delay = 0.00>
ST_3 : Operation 14 [2/2] (0.00ns)   --->   "call fastcc void @aesl_mux_load_4_1125(i8* %p_channel, [1125 x i8]* @label_local_V_0, [1125 x i8]* @label_local_V_1, [1125 x i8]* @label_local_V_2, [1125 x i8]* @label_local_V_3, i13* nocapture %training_id_c)"   --->   Operation 14 'call' <Predicate = true> <Delay = 0.00> <CoreType = "Generic">   --->   Core 0 '' <Latency = 0> <II = 1> <Delay = 1.00> <Generic> <Opcode : >
ST_3 : Operation 15 [2/2] (0.00ns)   --->   "call fastcc void @READ_TRAINING_DATA_p(i64* %data_V, [32 x i16]* @training_instance_V_s, [32 x i16]* @training_instance_V_1, [32 x i16]* @training_instance_V_10, [32 x i16]* @training_instance_V_11, [32 x i16]* @training_instance_V_12, [32 x i16]* @training_instance_V_13, [32 x i16]* @training_instance_V_14, [32 x i16]* @training_instance_V_15, [32 x i16]* @training_instance_V_16, [32 x i16]* @training_instance_V_17, [32 x i16]* @training_instance_V_18, [32 x i16]* @training_instance_V_19, [32 x i16]* @training_instance_V_2, [32 x i16]* @training_instance_V_20, [32 x i16]* @training_instance_V_21, [32 x i16]* @training_instance_V_22, [32 x i16]* @training_instance_V_23, [32 x i16]* @training_instance_V_24, [32 x i16]* @training_instance_V_25, [32 x i16]* @training_instance_V_26, [32 x i16]* @training_instance_V_27, [32 x i16]* @training_instance_V_28, [32 x i16]* @training_instance_V_29, [32 x i16]* @training_instance_V_3, [32 x i16]* @training_instance_V_30, [32 x i16]* @training_instance_V_31, [32 x i16]* @training_instance_V_4, [32 x i16]* @training_instance_V_5, [32 x i16]* @training_instance_V_6, [32 x i16]* @training_instance_V_7, [32 x i16]* @training_instance_V_8, [32 x i16]* @training_instance_V_9)"   --->   Operation 15 'call' <Predicate = true> <Delay = 0.00> <CoreType = "Generic">   --->   Core 0 '' <Latency = 0> <II = 1> <Delay = 1.00> <Generic> <Opcode : >

State 4 <SV = 3> <Delay = 2.02>
ST_4 : Operation 16 [1/2] (2.02ns)   --->   "call fastcc void @aesl_mux_load_4_1125(i8* %p_channel, [1125 x i8]* @label_local_V_0, [1125 x i8]* @label_local_V_1, [1125 x i8]* @label_local_V_2, [1125 x i8]* @label_local_V_3, i13* nocapture %training_id_c)"   --->   Operation 16 'call' <Predicate = true> <Delay = 2.02> <CoreType = "Generic">   --->   Core 0 '' <Latency = 0> <II = 1> <Delay = 1.00> <Generic> <Opcode : >
ST_4 : Operation 17 [1/2] (0.00ns)   --->   "call fastcc void @READ_TRAINING_DATA_p(i64* %data_V, [32 x i16]* @training_instance_V_s, [32 x i16]* @training_instance_V_1, [32 x i16]* @training_instance_V_10, [32 x i16]* @training_instance_V_11, [32 x i16]* @training_instance_V_12, [32 x i16]* @training_instance_V_13, [32 x i16]* @training_instance_V_14, [32 x i16]* @training_instance_V_15, [32 x i16]* @training_instance_V_16, [32 x i16]* @training_instance_V_17, [32 x i16]* @training_instance_V_18, [32 x i16]* @training_instance_V_19, [32 x i16]* @training_instance_V_2, [32 x i16]* @training_instance_V_20, [32 x i16]* @training_instance_V_21, [32 x i16]* @training_instance_V_22, [32 x i16]* @training_instance_V_23, [32 x i16]* @training_instance_V_24, [32 x i16]* @training_instance_V_25, [32 x i16]* @training_instance_V_26, [32 x i16]* @training_instance_V_27, [32 x i16]* @training_instance_V_28, [32 x i16]* @training_instance_V_29, [32 x i16]* @training_instance_V_3, [32 x i16]* @training_instance_V_30, [32 x i16]* @training_instance_V_31, [32 x i16]* @training_instance_V_4, [32 x i16]* @training_instance_V_5, [32 x i16]* @training_instance_V_6, [32 x i16]* @training_instance_V_7, [32 x i16]* @training_instance_V_8, [32 x i16]* @training_instance_V_9)"   --->   Operation 17 'call' <Predicate = true> <Delay = 0.00> <CoreType = "Generic">   --->   Core 0 '' <Latency = 0> <II = 1> <Delay = 1.00> <Generic> <Opcode : >

State 5 <SV = 4> <Delay = 0.00>
ST_5 : Operation 18 [2/2] (0.00ns)   --->   "call fastcc void @compute([32 x i32]* nocapture @theta_local_V_0, [32 x i32]* nocapture @theta_local_V_1, [32 x i32]* nocapture @theta_local_V_2, [32 x i32]* nocapture @theta_local_V_3, [32 x i32]* nocapture @theta_local_V_4, [32 x i32]* nocapture @theta_local_V_5, [32 x i32]* nocapture @theta_local_V_6, [32 x i32]* nocapture @theta_local_V_7, [32 x i32]* nocapture @theta_local_V_8, [32 x i32]* nocapture @theta_local_V_9, [32 x i32]* nocapture @theta_local_V_10, [32 x i32]* nocapture @theta_local_V_11, [32 x i32]* nocapture @theta_local_V_12, [32 x i32]* nocapture @theta_local_V_13, [32 x i32]* nocapture @theta_local_V_14, [32 x i32]* nocapture @theta_local_V_15, [32 x i32]* nocapture @theta_local_V_16, [32 x i32]* nocapture @theta_local_V_17, [32 x i32]* nocapture @theta_local_V_18, [32 x i32]* nocapture @theta_local_V_19, [32 x i32]* nocapture @theta_local_V_20, [32 x i32]* nocapture @theta_local_V_21, [32 x i32]* nocapture @theta_local_V_22, [32 x i32]* nocapture @theta_local_V_23, [32 x i32]* nocapture @theta_local_V_24, [32 x i32]* nocapture @theta_local_V_25, [32 x i32]* nocapture @theta_local_V_26, [32 x i32]* nocapture @theta_local_V_27, [32 x i32]* nocapture @theta_local_V_28, [32 x i32]* nocapture @theta_local_V_29, [32 x i32]* nocapture @theta_local_V_30, [32 x i32]* nocapture @theta_local_V_31, i8* %p_channel)" [/home/ylxiao_seas_upenn_edu/Roseetta/rosetta/spam-filter/src/sdsoc/sgd.cpp:197]   --->   Operation 18 'call' <Predicate = true> <Delay = 0.00> <CoreType = "Generic">   --->   Core 0 '' <Latency = 0> <II = 1> <Delay = 1.00> <Generic> <Opcode : >

State 6 <SV = 5> <Delay = 0.00>
ST_6 : Operation 19 [1/1] (0.00ns)   --->   "call void (...)* @_ssdm_op_SpecInterface(i64* %data_V, [8 x i8]* @p_str13, i32 0, i32 0, [1 x i8]* @p_str, i32 0, i32 0, [1 x i8]* @p_str, [1 x i8]* @p_str, [1 x i8]* @p_str, i32 0, i32 0, i32 0, i32 0, [1 x i8]* @p_str, [1 x i8]* @p_str)"   --->   Operation 19 'specinterface' <Predicate = true> <Delay = 0.00>
ST_6 : Operation 20 [1/1] (0.00ns)   --->   "call void (...)* @_ssdm_op_SpecDataflowPipeline(i32 -1, [1 x i8]* @p_str) nounwind" [/home/ylxiao_seas_upenn_edu/Roseetta/rosetta/spam-filter/src/sdsoc/sgd.cpp:191]   --->   Operation 20 'specdataflowpipeline' <Predicate = true> <Delay = 0.00>
ST_6 : Operation 21 [1/1] (0.00ns)   --->   "%empty = call i32 (...)* @_ssdm_op_SpecChannel([14 x i8]* @training_id_c_str, i32 1, [1 x i8]* @p_str, [1 x i8]* @p_str, i32 2, i32 0, i13* %training_id_c, i13* %training_id_c)"   --->   Operation 21 'specchannel' 'empty' <Predicate = true> <Delay = 0.00>
ST_6 : Operation 22 [1/1] (0.00ns)   --->   "call void (...)* @_ssdm_op_SpecInterface(i13* %training_id_c, [8 x i8]* @ap_fifo_str, i32 0, i32 0, [1 x i8]* @p_str, i32 0, i32 0, [1 x i8]* @p_str, [1 x i8]* @p_str, [1 x i8]* @p_str, i32 2, i32 2, i32 16, i32 16, [1 x i8]* @p_str, [1 x i8]* @p_str)"   --->   Operation 22 'specinterface' <Predicate = true> <Delay = 0.00>
ST_6 : Operation 23 [1/1] (0.00ns)   --->   "call void (...)* @_ssdm_op_SpecInterface(i13* %training_id_c1, [8 x i8]* @ap_fifo_str, i32 0, i32 0, [1 x i8]* @p_str, i32 0, i32 0, [1 x i8]* @p_str, [1 x i8]* @p_str, [1 x i8]* @p_str, i32 2, i32 2, i32 16, i32 16, [1 x i8]* @p_str, [1 x i8]* @p_str)"   --->   Operation 23 'specinterface' <Predicate = true> <Delay = 0.00>
ST_6 : Operation 24 [1/1] (0.00ns)   --->   "%empty_20 = call i32 (...)* @_ssdm_op_SpecChannel([15 x i8]* @training_id_c2_str, i32 1, [1 x i8]* @p_str, [1 x i8]* @p_str, i32 2, i32 0, i13* %training_id_c2, i13* %training_id_c2)"   --->   Operation 24 'specchannel' 'empty_20' <Predicate = true> <Delay = 0.00>
ST_6 : Operation 25 [1/1] (0.00ns)   --->   "call void (...)* @_ssdm_op_SpecInterface(i13* %training_id_c2, [8 x i8]* @ap_fifo_str, i32 0, i32 0, [1 x i8]* @p_str, i32 0, i32 0, [1 x i8]* @p_str, [1 x i8]* @p_str, [1 x i8]* @p_str, i32 2, i32 2, i32 16, i32 16, [1 x i8]* @p_str, [1 x i8]* @p_str)"   --->   Operation 25 'specinterface' <Predicate = true> <Delay = 0.00>
ST_6 : Operation 26 [1/2] (0.00ns)   --->   "call fastcc void @compute([32 x i32]* nocapture @theta_local_V_0, [32 x i32]* nocapture @theta_local_V_1, [32 x i32]* nocapture @theta_local_V_2, [32 x i32]* nocapture @theta_local_V_3, [32 x i32]* nocapture @theta_local_V_4, [32 x i32]* nocapture @theta_local_V_5, [32 x i32]* nocapture @theta_local_V_6, [32 x i32]* nocapture @theta_local_V_7, [32 x i32]* nocapture @theta_local_V_8, [32 x i32]* nocapture @theta_local_V_9, [32 x i32]* nocapture @theta_local_V_10, [32 x i32]* nocapture @theta_local_V_11, [32 x i32]* nocapture @theta_local_V_12, [32 x i32]* nocapture @theta_local_V_13, [32 x i32]* nocapture @theta_local_V_14, [32 x i32]* nocapture @theta_local_V_15, [32 x i32]* nocapture @theta_local_V_16, [32 x i32]* nocapture @theta_local_V_17, [32 x i32]* nocapture @theta_local_V_18, [32 x i32]* nocapture @theta_local_V_19, [32 x i32]* nocapture @theta_local_V_20, [32 x i32]* nocapture @theta_local_V_21, [32 x i32]* nocapture @theta_local_V_22, [32 x i32]* nocapture @theta_local_V_23, [32 x i32]* nocapture @theta_local_V_24, [32 x i32]* nocapture @theta_local_V_25, [32 x i32]* nocapture @theta_local_V_26, [32 x i32]* nocapture @theta_local_V_27, [32 x i32]* nocapture @theta_local_V_28, [32 x i32]* nocapture @theta_local_V_29, [32 x i32]* nocapture @theta_local_V_30, [32 x i32]* nocapture @theta_local_V_31, i8* %p_channel)" [/home/ylxiao_seas_upenn_edu/Roseetta/rosetta/spam-filter/src/sdsoc/sgd.cpp:197]   --->   Operation 26 'call' <Predicate = true> <Delay = 0.00> <CoreType = "Generic">   --->   Core 0 '' <Latency = 0> <II = 1> <Delay = 1.00> <Generic> <Opcode : >
ST_6 : Operation 27 [1/1] (0.00ns)   --->   "ret void"   --->   Operation 27 'ret' <Predicate = true> <Delay = 0.00>


============================================================
+ Verbose Summary: Binding
============================================================
STG Binding: 
---------------- STG Properties BEGIN ----------------
- Is combinational: 0
- Is one-state seq: 0
- Is datapath-only: 0
- Is pipelined: 0
- Is top level: 0
Port [ Return ] is wired: 1; IO mode=ap_ctrl_hs:ce=0
Port [ training_id]:  wired=1; compound=0; hidden=0; nouse=0; global=0; static=0; extern=0; dir=0; type=0; pingpong=0; private_global=0; IO mode=ap_none:ce=0
Port [ data_V]:  wired=1; compound=1; hidden=0; nouse=0; global=0; static=0; extern=0; dir=0; type=3; pingpong=0; private_global=0; IO mode=ap_fifo:ce=0
Port [ label_local_V_0]:  wired=1; compound=1; hidden=0; nouse=0; global=1; static=1; extern=0; dir=0; type=1; pingpong=0; private_global=0; linkage=7; visibility=0; MemPort=[13]; IO mode=ap_memory:ce=0
Port [ label_local_V_1]:  wired=1; compound=1; hidden=0; nouse=0; global=1; static=1; extern=0; dir=0; type=1; pingpong=0; private_global=0; linkage=7; visibility=0; MemPort=[13]; IO mode=ap_memory:ce=0
Port [ label_local_V_2]:  wired=1; compound=1; hidden=0; nouse=0; global=1; static=1; extern=0; dir=0; type=1; pingpong=0; private_global=0; linkage=7; visibility=0; MemPort=[13]; IO mode=ap_memory:ce=0
Port [ label_local_V_3]:  wired=1; compound=1; hidden=0; nouse=0; global=1; static=1; extern=0; dir=0; type=1; pingpong=0; private_global=0; linkage=7; visibility=0; MemPort=[13]; IO mode=ap_memory:ce=0
Port [ training_instance_V_s]:  wired=0; compound=1; hidden=1; nouse=0; global=1; static=1; extern=0; dir=2; type=1; pingpong=0; private_global=1; linkage=7; visibility=0; MemPort=[23]; IO mode=ap_memory:ce=0
Port [ training_instance_V_1]:  wired=0; compound=1; hidden=1; nouse=0; global=1; static=1; extern=0; dir=2; type=1; pingpong=0; private_global=1; linkage=7; visibility=0; MemPort=[23]; IO mode=ap_memory:ce=0
Port [ training_instance_V_10]:  wired=0; compound=1; hidden=1; nouse=0; global=1; static=1; extern=0; dir=2; type=1; pingpong=0; private_global=1; linkage=7; visibility=0; MemPort=[23]; IO mode=ap_memory:ce=0
Port [ training_instance_V_11]:  wired=0; compound=1; hidden=1; nouse=0; global=1; static=1; extern=0; dir=2; type=1; pingpong=0; private_global=1; linkage=7; visibility=0; MemPort=[23]; IO mode=ap_memory:ce=0
Port [ training_instance_V_12]:  wired=0; compound=1; hidden=1; nouse=0; global=1; static=1; extern=0; dir=2; type=1; pingpong=0; private_global=1; linkage=7; visibility=0; MemPort=[23]; IO mode=ap_memory:ce=0
Port [ training_instance_V_13]:  wired=0; compound=1; hidden=1; nouse=0; global=1; static=1; extern=0; dir=2; type=1; pingpong=0; private_global=1; linkage=7; visibility=0; MemPort=[23]; IO mode=ap_memory:ce=0
Port [ training_instance_V_14]:  wired=0; compound=1; hidden=1; nouse=0; global=1; static=1; extern=0; dir=2; type=1; pingpong=0; private_global=1; linkage=7; visibility=0; MemPort=[23]; IO mode=ap_memory:ce=0
Port [ training_instance_V_15]:  wired=0; compound=1; hidden=1; nouse=0; global=1; static=1; extern=0; dir=2; type=1; pingpong=0; private_global=1; linkage=7; visibility=0; MemPort=[23]; IO mode=ap_memory:ce=0
Port [ training_instance_V_16]:  wired=0; compound=1; hidden=1; nouse=0; global=1; static=1; extern=0; dir=2; type=1; pingpong=0; private_global=1; linkage=7; visibility=0; MemPort=[23]; IO mode=ap_memory:ce=0
Port [ training_instance_V_17]:  wired=0; compound=1; hidden=1; nouse=0; global=1; static=1; extern=0; dir=2; type=1; pingpong=0; private_global=1; linkage=7; visibility=0; MemPort=[23]; IO mode=ap_memory:ce=0
Port [ training_instance_V_18]:  wired=0; compound=1; hidden=1; nouse=0; global=1; static=1; extern=0; dir=2; type=1; pingpong=0; private_global=1; linkage=7; visibility=0; MemPort=[23]; IO mode=ap_memory:ce=0
Port [ training_instance_V_19]:  wired=0; compound=1; hidden=1; nouse=0; global=1; static=1; extern=0; dir=2; type=1; pingpong=0; private_global=1; linkage=7; visibility=0; MemPort=[23]; IO mode=ap_memory:ce=0
Port [ training_instance_V_2]:  wired=0; compound=1; hidden=1; nouse=0; global=1; static=1; extern=0; dir=2; type=1; pingpong=0; private_global=1; linkage=7; visibility=0; MemPort=[23]; IO mode=ap_memory:ce=0
Port [ training_instance_V_20]:  wired=0; compound=1; hidden=1; nouse=0; global=1; static=1; extern=0; dir=2; type=1; pingpong=0; private_global=1; linkage=7; visibility=0; MemPort=[23]; IO mode=ap_memory:ce=0
Port [ training_instance_V_21]:  wired=0; compound=1; hidden=1; nouse=0; global=1; static=1; extern=0; dir=2; type=1; pingpong=0; private_global=1; linkage=7; visibility=0; MemPort=[23]; IO mode=ap_memory:ce=0
Port [ training_instance_V_22]:  wired=0; compound=1; hidden=1; nouse=0; global=1; static=1; extern=0; dir=2; type=1; pingpong=0; private_global=1; linkage=7; visibility=0; MemPort=[23]; IO mode=ap_memory:ce=0
Port [ training_instance_V_23]:  wired=0; compound=1; hidden=1; nouse=0; global=1; static=1; extern=0; dir=2; type=1; pingpong=0; private_global=1; linkage=7; visibility=0; MemPort=[23]; IO mode=ap_memory:ce=0
Port [ training_instance_V_24]:  wired=0; compound=1; hidden=1; nouse=0; global=1; static=1; extern=0; dir=2; type=1; pingpong=0; private_global=1; linkage=7; visibility=0; MemPort=[23]; IO mode=ap_memory:ce=0
Port [ training_instance_V_25]:  wired=0; compound=1; hidden=1; nouse=0; global=1; static=1; extern=0; dir=2; type=1; pingpong=0; private_global=1; linkage=7; visibility=0; MemPort=[23]; IO mode=ap_memory:ce=0
Port [ training_instance_V_26]:  wired=0; compound=1; hidden=1; nouse=0; global=1; static=1; extern=0; dir=2; type=1; pingpong=0; private_global=1; linkage=7; visibility=0; MemPort=[23]; IO mode=ap_memory:ce=0
Port [ training_instance_V_27]:  wired=0; compound=1; hidden=1; nouse=0; global=1; static=1; extern=0; dir=2; type=1; pingpong=0; private_global=1; linkage=7; visibility=0; MemPort=[23]; IO mode=ap_memory:ce=0
Port [ training_instance_V_28]:  wired=0; compound=1; hidden=1; nouse=0; global=1; static=1; extern=0; dir=2; type=1; pingpong=0; private_global=1; linkage=7; visibility=0; MemPort=[23]; IO mode=ap_memory:ce=0
Port [ training_instance_V_29]:  wired=0; compound=1; hidden=1; nouse=0; global=1; static=1; extern=0; dir=2; type=1; pingpong=0; private_global=1; linkage=7; visibility=0; MemPort=[23]; IO mode=ap_memory:ce=0
Port [ training_instance_V_3]:  wired=0; compound=1; hidden=1; nouse=0; global=1; static=1; extern=0; dir=2; type=1; pingpong=0; private_global=1; linkage=7; visibility=0; MemPort=[23]; IO mode=ap_memory:ce=0
Port [ training_instance_V_30]:  wired=0; compound=1; hidden=1; nouse=0; global=1; static=1; extern=0; dir=2; type=1; pingpong=0; private_global=1; linkage=7; visibility=0; MemPort=[23]; IO mode=ap_memory:ce=0
Port [ training_instance_V_31]:  wired=0; compound=1; hidden=1; nouse=0; global=1; static=1; extern=0; dir=2; type=1; pingpong=0; private_global=1; linkage=7; visibility=0; MemPort=[23]; IO mode=ap_memory:ce=0
Port [ training_instance_V_4]:  wired=0; compound=1; hidden=1; nouse=0; global=1; static=1; extern=0; dir=2; type=1; pingpong=0; private_global=1; linkage=7; visibility=0; MemPort=[23]; IO mode=ap_memory:ce=0
Port [ training_instance_V_5]:  wired=0; compound=1; hidden=1; nouse=0; global=1; static=1; extern=0; dir=2; type=1; pingpong=0; private_global=1; linkage=7; visibility=0; MemPort=[23]; IO mode=ap_memory:ce=0
Port [ training_instance_V_6]:  wired=0; compound=1; hidden=1; nouse=0; global=1; static=1; extern=0; dir=2; type=1; pingpong=0; private_global=1; linkage=7; visibility=0; MemPort=[23]; IO mode=ap_memory:ce=0
Port [ training_instance_V_7]:  wired=0; compound=1; hidden=1; nouse=0; global=1; static=1; extern=0; dir=2; type=1; pingpong=0; private_global=1; linkage=7; visibility=0; MemPort=[23]; IO mode=ap_memory:ce=0
Port [ training_instance_V_8]:  wired=0; compound=1; hidden=1; nouse=0; global=1; static=1; extern=0; dir=2; type=1; pingpong=0; private_global=1; linkage=7; visibility=0; MemPort=[23]; IO mode=ap_memory:ce=0
Port [ training_instance_V_9]:  wired=0; compound=1; hidden=1; nouse=0; global=1; static=1; extern=0; dir=2; type=1; pingpong=0; private_global=1; linkage=7; visibility=0; MemPort=[23]; IO mode=ap_memory:ce=0
Port [ lut_V]:  wired=0; compound=1; hidden=1; nouse=1; global=1; static=1; extern=0; dir=0; type=1; pingpong=0; private_global=0; linkage=7; visibility=0; MemPort=[1]; IO mode=ap_memory:ce=0
Port [ theta_local_V_0]:  wired=1; compound=1; hidden=0; nouse=0; global=1; static=1; extern=0; dir=2; type=1; pingpong=0; private_global=0; linkage=7; visibility=0; MemPort=[10]; IO mode=ap_memory:ce=0
Port [ theta_local_V_1]:  wired=1; compound=1; hidden=0; nouse=0; global=1; static=1; extern=0; dir=2; type=1; pingpong=0; private_global=0; linkage=7; visibility=0; MemPort=[10]; IO mode=ap_memory:ce=0
Port [ theta_local_V_2]:  wired=1; compound=1; hidden=0; nouse=0; global=1; static=1; extern=0; dir=2; type=1; pingpong=0; private_global=0; linkage=7; visibility=0; MemPort=[10]; IO mode=ap_memory:ce=0
Port [ theta_local_V_3]:  wired=1; compound=1; hidden=0; nouse=0; global=1; static=1; extern=0; dir=2; type=1; pingpong=0; private_global=0; linkage=7; visibility=0; MemPort=[10]; IO mode=ap_memory:ce=0
Port [ theta_local_V_4]:  wired=1; compound=1; hidden=0; nouse=0; global=1; static=1; extern=0; dir=2; type=1; pingpong=0; private_global=0; linkage=7; visibility=0; MemPort=[10]; IO mode=ap_memory:ce=0
Port [ theta_local_V_5]:  wired=1; compound=1; hidden=0; nouse=0; global=1; static=1; extern=0; dir=2; type=1; pingpong=0; private_global=0; linkage=7; visibility=0; MemPort=[10]; IO mode=ap_memory:ce=0
Port [ theta_local_V_6]:  wired=1; compound=1; hidden=0; nouse=0; global=1; static=1; extern=0; dir=2; type=1; pingpong=0; private_global=0; linkage=7; visibility=0; MemPort=[10]; IO mode=ap_memory:ce=0
Port [ theta_local_V_7]:  wired=1; compound=1; hidden=0; nouse=0; global=1; static=1; extern=0; dir=2; type=1; pingpong=0; private_global=0; linkage=7; visibility=0; MemPort=[10]; IO mode=ap_memory:ce=0
Port [ theta_local_V_8]:  wired=1; compound=1; hidden=0; nouse=0; global=1; static=1; extern=0; dir=2; type=1; pingpong=0; private_global=0; linkage=7; visibility=0; MemPort=[10]; IO mode=ap_memory:ce=0
Port [ theta_local_V_9]:  wired=1; compound=1; hidden=0; nouse=0; global=1; static=1; extern=0; dir=2; type=1; pingpong=0; private_global=0; linkage=7; visibility=0; MemPort=[10]; IO mode=ap_memory:ce=0
Port [ theta_local_V_10]:  wired=1; compound=1; hidden=0; nouse=0; global=1; static=1; extern=0; dir=2; type=1; pingpong=0; private_global=0; linkage=7; visibility=0; MemPort=[10]; IO mode=ap_memory:ce=0
Port [ theta_local_V_11]:  wired=1; compound=1; hidden=0; nouse=0; global=1; static=1; extern=0; dir=2; type=1; pingpong=0; private_global=0; linkage=7; visibility=0; MemPort=[10]; IO mode=ap_memory:ce=0
Port [ theta_local_V_12]:  wired=1; compound=1; hidden=0; nouse=0; global=1; static=1; extern=0; dir=2; type=1; pingpong=0; private_global=0; linkage=7; visibility=0; MemPort=[10]; IO mode=ap_memory:ce=0
Port [ theta_local_V_13]:  wired=1; compound=1; hidden=0; nouse=0; global=1; static=1; extern=0; dir=2; type=1; pingpong=0; private_global=0; linkage=7; visibility=0; MemPort=[10]; IO mode=ap_memory:ce=0
Port [ theta_local_V_14]:  wired=1; compound=1; hidden=0; nouse=0; global=1; static=1; extern=0; dir=2; type=1; pingpong=0; private_global=0; linkage=7; visibility=0; MemPort=[10]; IO mode=ap_memory:ce=0
Port [ theta_local_V_15]:  wired=1; compound=1; hidden=0; nouse=0; global=1; static=1; extern=0; dir=2; type=1; pingpong=0; private_global=0; linkage=7; visibility=0; MemPort=[10]; IO mode=ap_memory:ce=0
Port [ theta_local_V_16]:  wired=1; compound=1; hidden=0; nouse=0; global=1; static=1; extern=0; dir=2; type=1; pingpong=0; private_global=0; linkage=7; visibility=0; MemPort=[10]; IO mode=ap_memory:ce=0
Port [ theta_local_V_17]:  wired=1; compound=1; hidden=0; nouse=0; global=1; static=1; extern=0; dir=2; type=1; pingpong=0; private_global=0; linkage=7; visibility=0; MemPort=[10]; IO mode=ap_memory:ce=0
Port [ theta_local_V_18]:  wired=1; compound=1; hidden=0; nouse=0; global=1; static=1; extern=0; dir=2; type=1; pingpong=0; private_global=0; linkage=7; visibility=0; MemPort=[10]; IO mode=ap_memory:ce=0
Port [ theta_local_V_19]:  wired=1; compound=1; hidden=0; nouse=0; global=1; static=1; extern=0; dir=2; type=1; pingpong=0; private_global=0; linkage=7; visibility=0; MemPort=[10]; IO mode=ap_memory:ce=0
Port [ theta_local_V_20]:  wired=1; compound=1; hidden=0; nouse=0; global=1; static=1; extern=0; dir=2; type=1; pingpong=0; private_global=0; linkage=7; visibility=0; MemPort=[10]; IO mode=ap_memory:ce=0
Port [ theta_local_V_21]:  wired=1; compound=1; hidden=0; nouse=0; global=1; static=1; extern=0; dir=2; type=1; pingpong=0; private_global=0; linkage=7; visibility=0; MemPort=[10]; IO mode=ap_memory:ce=0
Port [ theta_local_V_22]:  wired=1; compound=1; hidden=0; nouse=0; global=1; static=1; extern=0; dir=2; type=1; pingpong=0; private_global=0; linkage=7; visibility=0; MemPort=[10]; IO mode=ap_memory:ce=0
Port [ theta_local_V_23]:  wired=1; compound=1; hidden=0; nouse=0; global=1; static=1; extern=0; dir=2; type=1; pingpong=0; private_global=0; linkage=7; visibility=0; MemPort=[10]; IO mode=ap_memory:ce=0
Port [ theta_local_V_24]:  wired=1; compound=1; hidden=0; nouse=0; global=1; static=1; extern=0; dir=2; type=1; pingpong=0; private_global=0; linkage=7; visibility=0; MemPort=[10]; IO mode=ap_memory:ce=0
Port [ theta_local_V_25]:  wired=1; compound=1; hidden=0; nouse=0; global=1; static=1; extern=0; dir=2; type=1; pingpong=0; private_global=0; linkage=7; visibility=0; MemPort=[10]; IO mode=ap_memory:ce=0
Port [ theta_local_V_26]:  wired=1; compound=1; hidden=0; nouse=0; global=1; static=1; extern=0; dir=2; type=1; pingpong=0; private_global=0; linkage=7; visibility=0; MemPort=[10]; IO mode=ap_memory:ce=0
Port [ theta_local_V_27]:  wired=1; compound=1; hidden=0; nouse=0; global=1; static=1; extern=0; dir=2; type=1; pingpong=0; private_global=0; linkage=7; visibility=0; MemPort=[10]; IO mode=ap_memory:ce=0
Port [ theta_local_V_28]:  wired=1; compound=1; hidden=0; nouse=0; global=1; static=1; extern=0; dir=2; type=1; pingpong=0; private_global=0; linkage=7; visibility=0; MemPort=[10]; IO mode=ap_memory:ce=0
Port [ theta_local_V_29]:  wired=1; compound=1; hidden=0; nouse=0; global=1; static=1; extern=0; dir=2; type=1; pingpong=0; private_global=0; linkage=7; visibility=0; MemPort=[10]; IO mode=ap_memory:ce=0
Port [ theta_local_V_30]:  wired=1; compound=1; hidden=0; nouse=0; global=1; static=1; extern=0; dir=2; type=1; pingpong=0; private_global=0; linkage=7; visibility=0; MemPort=[10]; IO mode=ap_memory:ce=0
Port [ theta_local_V_31]:  wired=1; compound=1; hidden=0; nouse=0; global=1; static=1; extern=0; dir=2; type=1; pingpong=0; private_global=0; linkage=7; visibility=0; MemPort=[10]; IO mode=ap_memory:ce=0
---------------- STG Properties END ------------------

---------------- Datapath Model BEGIN ----------------

<LifeTime>
<method=bitvector/>
training_id_read (read                ) [ 0000000]
training_id_c2   (alloca              ) [ 0111111]
p_channel        (alloca              ) [ 0011111]
training_id_c1   (alloca              ) [ 0011111]
training_id_c    (alloca              ) [ 0011111]
StgValue_12      (call                ) [ 0000000]
StgValue_13      (call                ) [ 0000000]
StgValue_16      (call                ) [ 0000000]
StgValue_17      (call                ) [ 0000000]
StgValue_19      (specinterface       ) [ 0000000]
StgValue_20      (specdataflowpipeline) [ 0000000]
empty            (specchannel         ) [ 0000000]
StgValue_22      (specinterface       ) [ 0000000]
StgValue_23      (specinterface       ) [ 0000000]
empty_20         (specchannel         ) [ 0000000]
StgValue_25      (specinterface       ) [ 0000000]
StgValue_26      (call                ) [ 0000000]
StgValue_27      (ret                 ) [ 0000000]
</LifeTime>

<model>

<comp_list>
<comp id="0" class="1000" name="training_id">
<pin_list>
<pin id="1" dir="1" index="0" bw="1" slack="0"/>
</pin_list>
<bind>
<StgValue><ssdm name="training_id"/></StgValue>
</bind>
</comp>

<comp id="2" class="1000" name="data_V">
<pin_list>
<pin id="3" dir="1" index="0" bw="1" slack="0"/>
</pin_list>
<bind>
<StgValue><ssdm name="data_V"/></StgValue>
</bind>
</comp>

<comp id="4" class="1000" name="label_local_V_0">
<pin_list>
<pin id="5" dir="1" index="0" bw="1" slack="0"/>
</pin_list>
<bind>
<StgValue><ssdm name="label_local_V_0"/><MemPortTyVec>1 3 </MemPortTyVec>
</StgValue>
</bind>
</comp>

<comp id="6" class="1000" name="label_local_V_1">
<pin_list>
<pin id="7" dir="1" index="0" bw="1" slack="0"/>
</pin_list>
<bind>
<StgValue><ssdm name="label_local_V_1"/><MemPortTyVec>1 3 </MemPortTyVec>
</StgValue>
</bind>
</comp>

<comp id="8" class="1000" name="label_local_V_2">
<pin_list>
<pin id="9" dir="1" index="0" bw="1" slack="0"/>
</pin_list>
<bind>
<StgValue><ssdm name="label_local_V_2"/><MemPortTyVec>1 3 </MemPortTyVec>
</StgValue>
</bind>
</comp>

<comp id="10" class="1000" name="label_local_V_3">
<pin_list>
<pin id="11" dir="1" index="0" bw="1" slack="0"/>
</pin_list>
<bind>
<StgValue><ssdm name="label_local_V_3"/><MemPortTyVec>1 3 </MemPortTyVec>
</StgValue>
</bind>
</comp>

<comp id="12" class="1000" name="training_instance_V_s">
<pin_list>
<pin id="13" dir="1" index="0" bw="1" slack="0"/>
</pin_list>
<bind>
<StgValue><ssdm name="training_instance_V_s"/><MemPortTyVec>2 3 </MemPortTyVec>
</StgValue>
</bind>
</comp>

<comp id="14" class="1000" name="training_instance_V_1">
<pin_list>
<pin id="15" dir="1" index="0" bw="1" slack="0"/>
</pin_list>
<bind>
<StgValue><ssdm name="training_instance_V_1"/><MemPortTyVec>2 3 </MemPortTyVec>
</StgValue>
</bind>
</comp>

<comp id="16" class="1000" name="training_instance_V_10">
<pin_list>
<pin id="17" dir="1" index="0" bw="1" slack="0"/>
</pin_list>
<bind>
<StgValue><ssdm name="training_instance_V_10"/><MemPortTyVec>2 3 </MemPortTyVec>
</StgValue>
</bind>
</comp>

<comp id="18" class="1000" name="training_instance_V_11">
<pin_list>
<pin id="19" dir="1" index="0" bw="1" slack="0"/>
</pin_list>
<bind>
<StgValue><ssdm name="training_instance_V_11"/><MemPortTyVec>2 3 </MemPortTyVec>
</StgValue>
</bind>
</comp>

<comp id="20" class="1000" name="training_instance_V_12">
<pin_list>
<pin id="21" dir="1" index="0" bw="1" slack="0"/>
</pin_list>
<bind>
<StgValue><ssdm name="training_instance_V_12"/><MemPortTyVec>2 3 </MemPortTyVec>
</StgValue>
</bind>
</comp>

<comp id="22" class="1000" name="training_instance_V_13">
<pin_list>
<pin id="23" dir="1" index="0" bw="1" slack="0"/>
</pin_list>
<bind>
<StgValue><ssdm name="training_instance_V_13"/><MemPortTyVec>2 3 </MemPortTyVec>
</StgValue>
</bind>
</comp>

<comp id="24" class="1000" name="training_instance_V_14">
<pin_list>
<pin id="25" dir="1" index="0" bw="1" slack="0"/>
</pin_list>
<bind>
<StgValue><ssdm name="training_instance_V_14"/><MemPortTyVec>2 3 </MemPortTyVec>
</StgValue>
</bind>
</comp>

<comp id="26" class="1000" name="training_instance_V_15">
<pin_list>
<pin id="27" dir="1" index="0" bw="1" slack="0"/>
</pin_list>
<bind>
<StgValue><ssdm name="training_instance_V_15"/><MemPortTyVec>2 3 </MemPortTyVec>
</StgValue>
</bind>
</comp>

<comp id="28" class="1000" name="training_instance_V_16">
<pin_list>
<pin id="29" dir="1" index="0" bw="1" slack="0"/>
</pin_list>
<bind>
<StgValue><ssdm name="training_instance_V_16"/><MemPortTyVec>2 3 </MemPortTyVec>
</StgValue>
</bind>
</comp>

<comp id="30" class="1000" name="training_instance_V_17">
<pin_list>
<pin id="31" dir="1" index="0" bw="1" slack="0"/>
</pin_list>
<bind>
<StgValue><ssdm name="training_instance_V_17"/><MemPortTyVec>2 3 </MemPortTyVec>
</StgValue>
</bind>
</comp>

<comp id="32" class="1000" name="training_instance_V_18">
<pin_list>
<pin id="33" dir="1" index="0" bw="1" slack="0"/>
</pin_list>
<bind>
<StgValue><ssdm name="training_instance_V_18"/><MemPortTyVec>2 3 </MemPortTyVec>
</StgValue>
</bind>
</comp>

<comp id="34" class="1000" name="training_instance_V_19">
<pin_list>
<pin id="35" dir="1" index="0" bw="1" slack="0"/>
</pin_list>
<bind>
<StgValue><ssdm name="training_instance_V_19"/><MemPortTyVec>2 3 </MemPortTyVec>
</StgValue>
</bind>
</comp>

<comp id="36" class="1000" name="training_instance_V_2">
<pin_list>
<pin id="37" dir="1" index="0" bw="1" slack="0"/>
</pin_list>
<bind>
<StgValue><ssdm name="training_instance_V_2"/><MemPortTyVec>2 3 </MemPortTyVec>
</StgValue>
</bind>
</comp>

<comp id="38" class="1000" name="training_instance_V_20">
<pin_list>
<pin id="39" dir="1" index="0" bw="1" slack="0"/>
</pin_list>
<bind>
<StgValue><ssdm name="training_instance_V_20"/><MemPortTyVec>2 3 </MemPortTyVec>
</StgValue>
</bind>
</comp>

<comp id="40" class="1000" name="training_instance_V_21">
<pin_list>
<pin id="41" dir="1" index="0" bw="1" slack="0"/>
</pin_list>
<bind>
<StgValue><ssdm name="training_instance_V_21"/><MemPortTyVec>2 3 </MemPortTyVec>
</StgValue>
</bind>
</comp>

<comp id="42" class="1000" name="training_instance_V_22">
<pin_list>
<pin id="43" dir="1" index="0" bw="1" slack="0"/>
</pin_list>
<bind>
<StgValue><ssdm name="training_instance_V_22"/><MemPortTyVec>2 3 </MemPortTyVec>
</StgValue>
</bind>
</comp>

<comp id="44" class="1000" name="training_instance_V_23">
<pin_list>
<pin id="45" dir="1" index="0" bw="1" slack="0"/>
</pin_list>
<bind>
<StgValue><ssdm name="training_instance_V_23"/><MemPortTyVec>2 3 </MemPortTyVec>
</StgValue>
</bind>
</comp>

<comp id="46" class="1000" name="training_instance_V_24">
<pin_list>
<pin id="47" dir="1" index="0" bw="1" slack="0"/>
</pin_list>
<bind>
<StgValue><ssdm name="training_instance_V_24"/><MemPortTyVec>2 3 </MemPortTyVec>
</StgValue>
</bind>
</comp>

<comp id="48" class="1000" name="training_instance_V_25">
<pin_list>
<pin id="49" dir="1" index="0" bw="1" slack="0"/>
</pin_list>
<bind>
<StgValue><ssdm name="training_instance_V_25"/><MemPortTyVec>2 3 </MemPortTyVec>
</StgValue>
</bind>
</comp>

<comp id="50" class="1000" name="training_instance_V_26">
<pin_list>
<pin id="51" dir="1" index="0" bw="1" slack="0"/>
</pin_list>
<bind>
<StgValue><ssdm name="training_instance_V_26"/><MemPortTyVec>2 3 </MemPortTyVec>
</StgValue>
</bind>
</comp>

<comp id="52" class="1000" name="training_instance_V_27">
<pin_list>
<pin id="53" dir="1" index="0" bw="1" slack="0"/>
</pin_list>
<bind>
<StgValue><ssdm name="training_instance_V_27"/><MemPortTyVec>2 3 </MemPortTyVec>
</StgValue>
</bind>
</comp>

<comp id="54" class="1000" name="training_instance_V_28">
<pin_list>
<pin id="55" dir="1" index="0" bw="1" slack="0"/>
</pin_list>
<bind>
<StgValue><ssdm name="training_instance_V_28"/><MemPortTyVec>2 3 </MemPortTyVec>
</StgValue>
</bind>
</comp>

<comp id="56" class="1000" name="training_instance_V_29">
<pin_list>
<pin id="57" dir="1" index="0" bw="1" slack="0"/>
</pin_list>
<bind>
<StgValue><ssdm name="training_instance_V_29"/><MemPortTyVec>2 3 </MemPortTyVec>
</StgValue>
</bind>
</comp>

<comp id="58" class="1000" name="training_instance_V_3">
<pin_list>
<pin id="59" dir="1" index="0" bw="1" slack="0"/>
</pin_list>
<bind>
<StgValue><ssdm name="training_instance_V_3"/><MemPortTyVec>2 3 </MemPortTyVec>
</StgValue>
</bind>
</comp>

<comp id="60" class="1000" name="training_instance_V_30">
<pin_list>
<pin id="61" dir="1" index="0" bw="1" slack="0"/>
</pin_list>
<bind>
<StgValue><ssdm name="training_instance_V_30"/><MemPortTyVec>2 3 </MemPortTyVec>
</StgValue>
</bind>
</comp>

<comp id="62" class="1000" name="training_instance_V_31">
<pin_list>
<pin id="63" dir="1" index="0" bw="1" slack="0"/>
</pin_list>
<bind>
<StgValue><ssdm name="training_instance_V_31"/><MemPortTyVec>2 3 </MemPortTyVec>
</StgValue>
</bind>
</comp>

<comp id="64" class="1000" name="training_instance_V_4">
<pin_list>
<pin id="65" dir="1" index="0" bw="1" slack="0"/>
</pin_list>
<bind>
<StgValue><ssdm name="training_instance_V_4"/><MemPortTyVec>2 3 </MemPortTyVec>
</StgValue>
</bind>
</comp>

<comp id="66" class="1000" name="training_instance_V_5">
<pin_list>
<pin id="67" dir="1" index="0" bw="1" slack="0"/>
</pin_list>
<bind>
<StgValue><ssdm name="training_instance_V_5"/><MemPortTyVec>2 3 </MemPortTyVec>
</StgValue>
</bind>
</comp>

<comp id="68" class="1000" name="training_instance_V_6">
<pin_list>
<pin id="69" dir="1" index="0" bw="1" slack="0"/>
</pin_list>
<bind>
<StgValue><ssdm name="training_instance_V_6"/><MemPortTyVec>2 3 </MemPortTyVec>
</StgValue>
</bind>
</comp>

<comp id="70" class="1000" name="training_instance_V_7">
<pin_list>
<pin id="71" dir="1" index="0" bw="1" slack="0"/>
</pin_list>
<bind>
<StgValue><ssdm name="training_instance_V_7"/><MemPortTyVec>2 3 </MemPortTyVec>
</StgValue>
</bind>
</comp>

<comp id="72" class="1000" name="training_instance_V_8">
<pin_list>
<pin id="73" dir="1" index="0" bw="1" slack="0"/>
</pin_list>
<bind>
<StgValue><ssdm name="training_instance_V_8"/><MemPortTyVec>2 3 </MemPortTyVec>
</StgValue>
</bind>
</comp>

<comp id="74" class="1000" name="training_instance_V_9">
<pin_list>
<pin id="75" dir="1" index="0" bw="1" slack="0"/>
</pin_list>
<bind>
<StgValue><ssdm name="training_instance_V_9"/><MemPortTyVec>2 3 </MemPortTyVec>
</StgValue>
</bind>
</comp>

<comp id="76" class="1000" name="lut_V">
<pin_list>
<pin id="77" dir="1" index="0" bw="1" slack="0"/>
</pin_list>
<bind>
<StgValue><ssdm name="lut_V"/><MemPortTyVec>1 </MemPortTyVec>
</StgValue>
</bind>
</comp>

<comp id="78" class="1000" name="theta_local_V_0">
<pin_list>
<pin id="79" dir="1" index="0" bw="1" slack="0"/>
</pin_list>
<bind>
<StgValue><ssdm name="theta_local_V_0"/><MemPortTyVec>1 0 </MemPortTyVec>
</StgValue>
</bind>
</comp>

<comp id="80" class="1000" name="theta_local_V_1">
<pin_list>
<pin id="81" dir="1" index="0" bw="1" slack="0"/>
</pin_list>
<bind>
<StgValue><ssdm name="theta_local_V_1"/><MemPortTyVec>1 0 </MemPortTyVec>
</StgValue>
</bind>
</comp>

<comp id="82" class="1000" name="theta_local_V_2">
<pin_list>
<pin id="83" dir="1" index="0" bw="1" slack="0"/>
</pin_list>
<bind>
<StgValue><ssdm name="theta_local_V_2"/><MemPortTyVec>1 0 </MemPortTyVec>
</StgValue>
</bind>
</comp>

<comp id="84" class="1000" name="theta_local_V_3">
<pin_list>
<pin id="85" dir="1" index="0" bw="1" slack="0"/>
</pin_list>
<bind>
<StgValue><ssdm name="theta_local_V_3"/><MemPortTyVec>1 0 </MemPortTyVec>
</StgValue>
</bind>
</comp>

<comp id="86" class="1000" name="theta_local_V_4">
<pin_list>
<pin id="87" dir="1" index="0" bw="1" slack="0"/>
</pin_list>
<bind>
<StgValue><ssdm name="theta_local_V_4"/><MemPortTyVec>1 0 </MemPortTyVec>
</StgValue>
</bind>
</comp>

<comp id="88" class="1000" name="theta_local_V_5">
<pin_list>
<pin id="89" dir="1" index="0" bw="1" slack="0"/>
</pin_list>
<bind>
<StgValue><ssdm name="theta_local_V_5"/><MemPortTyVec>1 0 </MemPortTyVec>
</StgValue>
</bind>
</comp>

<comp id="90" class="1000" name="theta_local_V_6">
<pin_list>
<pin id="91" dir="1" index="0" bw="1" slack="0"/>
</pin_list>
<bind>
<StgValue><ssdm name="theta_local_V_6"/><MemPortTyVec>1 0 </MemPortTyVec>
</StgValue>
</bind>
</comp>

<comp id="92" class="1000" name="theta_local_V_7">
<pin_list>
<pin id="93" dir="1" index="0" bw="1" slack="0"/>
</pin_list>
<bind>
<StgValue><ssdm name="theta_local_V_7"/><MemPortTyVec>1 0 </MemPortTyVec>
</StgValue>
</bind>
</comp>

<comp id="94" class="1000" name="theta_local_V_8">
<pin_list>
<pin id="95" dir="1" index="0" bw="1" slack="0"/>
</pin_list>
<bind>
<StgValue><ssdm name="theta_local_V_8"/><MemPortTyVec>1 0 </MemPortTyVec>
</StgValue>
</bind>
</comp>

<comp id="96" class="1000" name="theta_local_V_9">
<pin_list>
<pin id="97" dir="1" index="0" bw="1" slack="0"/>
</pin_list>
<bind>
<StgValue><ssdm name="theta_local_V_9"/><MemPortTyVec>1 0 </MemPortTyVec>
</StgValue>
</bind>
</comp>

<comp id="98" class="1000" name="theta_local_V_10">
<pin_list>
<pin id="99" dir="1" index="0" bw="1" slack="0"/>
</pin_list>
<bind>
<StgValue><ssdm name="theta_local_V_10"/><MemPortTyVec>1 0 </MemPortTyVec>
</StgValue>
</bind>
</comp>

<comp id="100" class="1000" name="theta_local_V_11">
<pin_list>
<pin id="101" dir="1" index="0" bw="1" slack="0"/>
</pin_list>
<bind>
<StgValue><ssdm name="theta_local_V_11"/><MemPortTyVec>1 0 </MemPortTyVec>
</StgValue>
</bind>
</comp>

<comp id="102" class="1000" name="theta_local_V_12">
<pin_list>
<pin id="103" dir="1" index="0" bw="1" slack="0"/>
</pin_list>
<bind>
<StgValue><ssdm name="theta_local_V_12"/><MemPortTyVec>1 0 </MemPortTyVec>
</StgValue>
</bind>
</comp>

<comp id="104" class="1000" name="theta_local_V_13">
<pin_list>
<pin id="105" dir="1" index="0" bw="1" slack="0"/>
</pin_list>
<bind>
<StgValue><ssdm name="theta_local_V_13"/><MemPortTyVec>1 0 </MemPortTyVec>
</StgValue>
</bind>
</comp>

<comp id="106" class="1000" name="theta_local_V_14">
<pin_list>
<pin id="107" dir="1" index="0" bw="1" slack="0"/>
</pin_list>
<bind>
<StgValue><ssdm name="theta_local_V_14"/><MemPortTyVec>1 0 </MemPortTyVec>
</StgValue>
</bind>
</comp>

<comp id="108" class="1000" name="theta_local_V_15">
<pin_list>
<pin id="109" dir="1" index="0" bw="1" slack="0"/>
</pin_list>
<bind>
<StgValue><ssdm name="theta_local_V_15"/><MemPortTyVec>1 0 </MemPortTyVec>
</StgValue>
</bind>
</comp>

<comp id="110" class="1000" name="theta_local_V_16">
<pin_list>
<pin id="111" dir="1" index="0" bw="1" slack="0"/>
</pin_list>
<bind>
<StgValue><ssdm name="theta_local_V_16"/><MemPortTyVec>1 0 </MemPortTyVec>
</StgValue>
</bind>
</comp>

<comp id="112" class="1000" name="theta_local_V_17">
<pin_list>
<pin id="113" dir="1" index="0" bw="1" slack="0"/>
</pin_list>
<bind>
<StgValue><ssdm name="theta_local_V_17"/><MemPortTyVec>1 0 </MemPortTyVec>
</StgValue>
</bind>
</comp>

<comp id="114" class="1000" name="theta_local_V_18">
<pin_list>
<pin id="115" dir="1" index="0" bw="1" slack="0"/>
</pin_list>
<bind>
<StgValue><ssdm name="theta_local_V_18"/><MemPortTyVec>1 0 </MemPortTyVec>
</StgValue>
</bind>
</comp>

<comp id="116" class="1000" name="theta_local_V_19">
<pin_list>
<pin id="117" dir="1" index="0" bw="1" slack="0"/>
</pin_list>
<bind>
<StgValue><ssdm name="theta_local_V_19"/><MemPortTyVec>1 0 </MemPortTyVec>
</StgValue>
</bind>
</comp>

<comp id="118" class="1000" name="theta_local_V_20">
<pin_list>
<pin id="119" dir="1" index="0" bw="1" slack="0"/>
</pin_list>
<bind>
<StgValue><ssdm name="theta_local_V_20"/><MemPortTyVec>1 0 </MemPortTyVec>
</StgValue>
</bind>
</comp>

<comp id="120" class="1000" name="theta_local_V_21">
<pin_list>
<pin id="121" dir="1" index="0" bw="1" slack="0"/>
</pin_list>
<bind>
<StgValue><ssdm name="theta_local_V_21"/><MemPortTyVec>1 0 </MemPortTyVec>
</StgValue>
</bind>
</comp>

<comp id="122" class="1000" name="theta_local_V_22">
<pin_list>
<pin id="123" dir="1" index="0" bw="1" slack="0"/>
</pin_list>
<bind>
<StgValue><ssdm name="theta_local_V_22"/><MemPortTyVec>1 0 </MemPortTyVec>
</StgValue>
</bind>
</comp>

<comp id="124" class="1000" name="theta_local_V_23">
<pin_list>
<pin id="125" dir="1" index="0" bw="1" slack="0"/>
</pin_list>
<bind>
<StgValue><ssdm name="theta_local_V_23"/><MemPortTyVec>1 0 </MemPortTyVec>
</StgValue>
</bind>
</comp>

<comp id="126" class="1000" name="theta_local_V_24">
<pin_list>
<pin id="127" dir="1" index="0" bw="1" slack="0"/>
</pin_list>
<bind>
<StgValue><ssdm name="theta_local_V_24"/><MemPortTyVec>1 0 </MemPortTyVec>
</StgValue>
</bind>
</comp>

<comp id="128" class="1000" name="theta_local_V_25">
<pin_list>
<pin id="129" dir="1" index="0" bw="1" slack="0"/>
</pin_list>
<bind>
<StgValue><ssdm name="theta_local_V_25"/><MemPortTyVec>1 0 </MemPortTyVec>
</StgValue>
</bind>
</comp>

<comp id="130" class="1000" name="theta_local_V_26">
<pin_list>
<pin id="131" dir="1" index="0" bw="1" slack="0"/>
</pin_list>
<bind>
<StgValue><ssdm name="theta_local_V_26"/><MemPortTyVec>1 0 </MemPortTyVec>
</StgValue>
</bind>
</comp>

<comp id="132" class="1000" name="theta_local_V_27">
<pin_list>
<pin id="133" dir="1" index="0" bw="1" slack="0"/>
</pin_list>
<bind>
<StgValue><ssdm name="theta_local_V_27"/><MemPortTyVec>1 0 </MemPortTyVec>
</StgValue>
</bind>
</comp>

<comp id="134" class="1000" name="theta_local_V_28">
<pin_list>
<pin id="135" dir="1" index="0" bw="1" slack="0"/>
</pin_list>
<bind>
<StgValue><ssdm name="theta_local_V_28"/><MemPortTyVec>1 0 </MemPortTyVec>
</StgValue>
</bind>
</comp>

<comp id="136" class="1000" name="theta_local_V_29">
<pin_list>
<pin id="137" dir="1" index="0" bw="1" slack="0"/>
</pin_list>
<bind>
<StgValue><ssdm name="theta_local_V_29"/><MemPortTyVec>1 0 </MemPortTyVec>
</StgValue>
</bind>
</comp>

<comp id="138" class="1000" name="theta_local_V_30">
<pin_list>
<pin id="139" dir="1" index="0" bw="1" slack="0"/>
</pin_list>
<bind>
<StgValue><ssdm name="theta_local_V_30"/><MemPortTyVec>1 0 </MemPortTyVec>
</StgValue>
</bind>
</comp>

<comp id="140" class="1000" name="theta_local_V_31">
<pin_list>
<pin id="141" dir="1" index="0" bw="1" slack="0"/>
</pin_list>
<bind>
<StgValue><ssdm name="theta_local_V_31"/><MemPortTyVec>1 0 </MemPortTyVec>
</StgValue>
</bind>
</comp>

<comp id="142" class="1001" name="const_142">
<pin_list>
<pin id="143" dir="1" index="0" bw="1" slack="0"/>
</pin_list>
<bind>
<StgValue><ssdm name="_ssdm_op_Read.ap_auto.i13"/></StgValue>
</bind>
</comp>

<comp id="144" class="1001" name="const_144">
<pin_list>
<pin id="145" dir="1" index="0" bw="1" slack="0"/>
</pin_list>
<bind>
<StgValue><ssdm name=""/></StgValue>
</bind>
</comp>

<comp id="146" class="1001" name="const_146">
<pin_list>
<pin id="147" dir="1" index="0" bw="1" slack="0"/>
</pin_list>
<bind>
<StgValue><ssdm name="dataflow_in_loop_TRA.2"/></StgValue>
</bind>
</comp>

<comp id="148" class="1001" name="const_148">
<pin_list>
<pin id="149" dir="1" index="0" bw="1" slack="0"/>
</pin_list>
<bind>
<StgValue><ssdm name="dataflow_in_loop_TRA.1.1"/></StgValue>
</bind>
</comp>

<comp id="150" class="1001" name="const_150">
<pin_list>
<pin id="151" dir="1" index="0" bw="1" slack="0"/>
</pin_list>
<bind>
<StgValue><ssdm name="aesl_mux_load_4_1125"/></StgValue>
</bind>
</comp>

<comp id="152" class="1001" name="const_152">
<pin_list>
<pin id="153" dir="1" index="0" bw="1" slack="0"/>
</pin_list>
<bind>
<StgValue><ssdm name="READ_TRAINING_DATA_p"/></StgValue>
</bind>
</comp>

<comp id="154" class="1001" name="const_154">
<pin_list>
<pin id="155" dir="1" index="0" bw="1" slack="0"/>
</pin_list>
<bind>
<StgValue><ssdm name="compute"/></StgValue>
</bind>
</comp>

<comp id="156" class="1001" name="const_156">
<pin_list>
<pin id="157" dir="1" index="0" bw="1" slack="2147483647"/>
</pin_list>
<bind>
<StgValue><ssdm name="_ssdm_op_SpecInterface"/></StgValue>
</bind>
</comp>

<comp id="158" class="1001" name="const_158">
<pin_list>
<pin id="159" dir="1" index="0" bw="1" slack="2147483647"/>
</pin_list>
<bind>
<StgValue><ssdm name="p_str13"/></StgValue>
</bind>
</comp>

<comp id="160" class="1001" name="const_160">
<pin_list>
<pin id="161" dir="1" index="0" bw="1" slack="2147483647"/>
</pin_list>
<bind>
<StgValue><ssdm name=""/></StgValue>
</bind>
</comp>

<comp id="162" class="1001" name="const_162">
<pin_list>
<pin id="163" dir="1" index="0" bw="1" slack="2147483647"/>
</pin_list>
<bind>
<StgValue><ssdm name="p_str"/></StgValue>
</bind>
</comp>

<comp id="164" class="1001" name="const_164">
<pin_list>
<pin id="165" dir="1" index="0" bw="1" slack="2147483647"/>
</pin_list>
<bind>
<StgValue><ssdm name="_ssdm_op_SpecDataflowPipeline"/></StgValue>
</bind>
</comp>

<comp id="166" class="1001" name="const_166">
<pin_list>
<pin id="167" dir="1" index="0" bw="1" slack="2147483647"/>
</pin_list>
<bind>
<StgValue><ssdm name=""/></StgValue>
</bind>
</comp>

<comp id="168" class="1001" name="const_168">
<pin_list>
<pin id="169" dir="1" index="0" bw="1" slack="2147483647"/>
</pin_list>
<bind>
<StgValue><ssdm name="_ssdm_op_SpecChannel"/></StgValue>
</bind>
</comp>

<comp id="170" class="1001" name="const_170">
<pin_list>
<pin id="171" dir="1" index="0" bw="1" slack="2147483647"/>
</pin_list>
<bind>
<StgValue><ssdm name="training_id_c_str"/></StgValue>
</bind>
</comp>

<comp id="172" class="1001" name="const_172">
<pin_list>
<pin id="173" dir="1" index="0" bw="1" slack="2147483647"/>
</pin_list>
<bind>
<StgValue><ssdm name=""/></StgValue>
</bind>
</comp>

<comp id="174" class="1001" name="const_174">
<pin_list>
<pin id="175" dir="1" index="0" bw="1" slack="2147483647"/>
</pin_list>
<bind>
<StgValue><ssdm name=""/></StgValue>
</bind>
</comp>

<comp id="176" class="1001" name="const_176">
<pin_list>
<pin id="177" dir="1" index="0" bw="1" slack="2147483647"/>
</pin_list>
<bind>
<StgValue><ssdm name="ap_fifo_str"/></StgValue>
</bind>
</comp>

<comp id="178" class="1001" name="const_178">
<pin_list>
<pin id="179" dir="1" index="0" bw="1" slack="2147483647"/>
</pin_list>
<bind>
<StgValue><ssdm name=""/></StgValue>
</bind>
</comp>

<comp id="180" class="1001" name="const_180">
<pin_list>
<pin id="181" dir="1" index="0" bw="1" slack="2147483647"/>
</pin_list>
<bind>
<StgValue><ssdm name="training_id_c2_str"/></StgValue>
</bind>
</comp>

<comp id="182" class="1004" name="training_id_c2_fu_182">
<pin_list>
<pin id="183" dir="0" index="0" bw="1" slack="0"/>
<pin id="184" dir="1" index="1" bw="13" slack="0"/>
</pin_list>
<bind>
<opcode="alloca(26) " fcode="alloca"/>
<opset="training_id_c2/1 "/>
</bind>
</comp>

<comp id="186" class="1004" name="p_channel_fu_186">
<pin_list>
<pin id="187" dir="0" index="0" bw="1" slack="0"/>
<pin id="188" dir="1" index="1" bw="8" slack="2"/>
</pin_list>
<bind>
<opcode="alloca(26) " fcode="alloca"/>
<opset="p_channel/1 "/>
</bind>
</comp>

<comp id="190" class="1004" name="training_id_c1_fu_190">
<pin_list>
<pin id="191" dir="0" index="0" bw="1" slack="0"/>
<pin id="192" dir="1" index="1" bw="13" slack="1"/>
</pin_list>
<bind>
<opcode="alloca(26) " fcode="alloca"/>
<opset="training_id_c1/1 "/>
</bind>
</comp>

<comp id="194" class="1004" name="training_id_c_fu_194">
<pin_list>
<pin id="195" dir="0" index="0" bw="1" slack="0"/>
<pin id="196" dir="1" index="1" bw="13" slack="1"/>
</pin_list>
<bind>
<opcode="alloca(26) " fcode="alloca"/>
<opset="training_id_c/1 "/>
</bind>
</comp>

<comp id="198" class="1004" name="training_id_read_read_fu_198">
<pin_list>
<pin id="199" dir="0" index="0" bw="13" slack="0"/>
<pin id="200" dir="0" index="1" bw="13" slack="0"/>
<pin id="201" dir="1" index="2" bw="13" slack="0"/>
</pin_list>
<bind>
<opcode="read(1150) " fcode="read"/>
<opset="training_id_read/1 "/>
</bind>
</comp>

<comp id="204" class="1004" name="grp_compute_fu_204">
<pin_list>
<pin id="205" dir="0" index="0" bw="0" slack="0"/>
<pin id="206" dir="0" index="1" bw="32" slack="0"/>
<pin id="207" dir="0" index="2" bw="32" slack="0"/>
<pin id="208" dir="0" index="3" bw="32" slack="0"/>
<pin id="209" dir="0" index="4" bw="32" slack="0"/>
<pin id="210" dir="0" index="5" bw="32" slack="0"/>
<pin id="211" dir="0" index="6" bw="32" slack="0"/>
<pin id="212" dir="0" index="7" bw="32" slack="0"/>
<pin id="213" dir="0" index="8" bw="32" slack="0"/>
<pin id="214" dir="0" index="9" bw="32" slack="0"/>
<pin id="215" dir="0" index="10" bw="32" slack="0"/>
<pin id="216" dir="0" index="11" bw="32" slack="0"/>
<pin id="217" dir="0" index="12" bw="32" slack="0"/>
<pin id="218" dir="0" index="13" bw="32" slack="0"/>
<pin id="219" dir="0" index="14" bw="32" slack="0"/>
<pin id="220" dir="0" index="15" bw="32" slack="0"/>
<pin id="221" dir="0" index="16" bw="32" slack="0"/>
<pin id="222" dir="0" index="17" bw="32" slack="0"/>
<pin id="223" dir="0" index="18" bw="32" slack="0"/>
<pin id="224" dir="0" index="19" bw="32" slack="0"/>
<pin id="225" dir="0" index="20" bw="32" slack="0"/>
<pin id="226" dir="0" index="21" bw="32" slack="0"/>
<pin id="227" dir="0" index="22" bw="32" slack="0"/>
<pin id="228" dir="0" index="23" bw="32" slack="0"/>
<pin id="229" dir="0" index="24" bw="32" slack="0"/>
<pin id="230" dir="0" index="25" bw="32" slack="0"/>
<pin id="231" dir="0" index="26" bw="32" slack="0"/>
<pin id="232" dir="0" index="27" bw="32" slack="0"/>
<pin id="233" dir="0" index="28" bw="32" slack="0"/>
<pin id="234" dir="0" index="29" bw="32" slack="0"/>
<pin id="235" dir="0" index="30" bw="32" slack="0"/>
<pin id="236" dir="0" index="31" bw="32" slack="0"/>
<pin id="237" dir="0" index="32" bw="32" slack="0"/>
<pin id="238" dir="0" index="33" bw="8" slack="4"/>
<pin id="239" dir="0" index="34" bw="16" slack="0"/>
<pin id="240" dir="0" index="35" bw="16" slack="0"/>
<pin id="241" dir="0" index="36" bw="16" slack="0"/>
<pin id="242" dir="0" index="37" bw="16" slack="0"/>
<pin id="243" dir="0" index="38" bw="16" slack="0"/>
<pin id="244" dir="0" index="39" bw="16" slack="0"/>
<pin id="245" dir="0" index="40" bw="16" slack="0"/>
<pin id="246" dir="0" index="41" bw="16" slack="0"/>
<pin id="247" dir="0" index="42" bw="16" slack="0"/>
<pin id="248" dir="0" index="43" bw="16" slack="0"/>
<pin id="249" dir="0" index="44" bw="16" slack="0"/>
<pin id="250" dir="0" index="45" bw="16" slack="0"/>
<pin id="251" dir="0" index="46" bw="16" slack="0"/>
<pin id="252" dir="0" index="47" bw="16" slack="0"/>
<pin id="253" dir="0" index="48" bw="16" slack="0"/>
<pin id="254" dir="0" index="49" bw="16" slack="0"/>
<pin id="255" dir="0" index="50" bw="16" slack="0"/>
<pin id="256" dir="0" index="51" bw="16" slack="0"/>
<pin id="257" dir="0" index="52" bw="16" slack="0"/>
<pin id="258" dir="0" index="53" bw="16" slack="0"/>
<pin id="259" dir="0" index="54" bw="16" slack="0"/>
<pin id="260" dir="0" index="55" bw="16" slack="0"/>
<pin id="261" dir="0" index="56" bw="16" slack="0"/>
<pin id="262" dir="0" index="57" bw="16" slack="0"/>
<pin id="263" dir="0" index="58" bw="16" slack="0"/>
<pin id="264" dir="0" index="59" bw="16" slack="0"/>
<pin id="265" dir="0" index="60" bw="16" slack="0"/>
<pin id="266" dir="0" index="61" bw="16" slack="0"/>
<pin id="267" dir="0" index="62" bw="16" slack="0"/>
<pin id="268" dir="0" index="63" bw="16" slack="0"/>
<pin id="269" dir="0" index="64" bw="16" slack="0"/>
<pin id="270" dir="0" index="65" bw="16" slack="0"/>
<pin id="271" dir="0" index="66" bw="10" slack="0"/>
<pin id="272" dir="1" index="67" bw="0" slack="2147483647"/>
</pin_list>
<bind>
<opcode="call(48) " fcode="call"/>
<opset="StgValue_18/5 "/>
</bind>
</comp>

<comp id="339" class="1004" name="grp_aesl_mux_load_4_1125_fu_339">
<pin_list>
<pin id="340" dir="0" index="0" bw="0" slack="0"/>
<pin id="341" dir="0" index="1" bw="8" slack="2"/>
<pin id="342" dir="0" index="2" bw="8" slack="0"/>
<pin id="343" dir="0" index="3" bw="8" slack="0"/>
<pin id="344" dir="0" index="4" bw="8" slack="0"/>
<pin id="345" dir="0" index="5" bw="8" slack="0"/>
<pin id="346" dir="0" index="6" bw="13" slack="2"/>
<pin id="347" dir="1" index="7" bw="0" slack="2147483647"/>
</pin_list>
<bind>
<opcode="call(48) " fcode="call"/>
<opset="StgValue_14/3 "/>
</bind>
</comp>

<comp id="353" class="1004" name="grp_READ_TRAINING_DATA_p_fu_353">
<pin_list>
<pin id="354" dir="0" index="0" bw="0" slack="0"/>
<pin id="355" dir="0" index="1" bw="64" slack="0"/>
<pin id="356" dir="0" index="2" bw="16" slack="0"/>
<pin id="357" dir="0" index="3" bw="16" slack="0"/>
<pin id="358" dir="0" index="4" bw="16" slack="0"/>
<pin id="359" dir="0" index="5" bw="16" slack="0"/>
<pin id="360" dir="0" index="6" bw="16" slack="0"/>
<pin id="361" dir="0" index="7" bw="16" slack="0"/>
<pin id="362" dir="0" index="8" bw="16" slack="0"/>
<pin id="363" dir="0" index="9" bw="16" slack="0"/>
<pin id="364" dir="0" index="10" bw="16" slack="0"/>
<pin id="365" dir="0" index="11" bw="16" slack="0"/>
<pin id="366" dir="0" index="12" bw="16" slack="0"/>
<pin id="367" dir="0" index="13" bw="16" slack="0"/>
<pin id="368" dir="0" index="14" bw="16" slack="0"/>
<pin id="369" dir="0" index="15" bw="16" slack="0"/>
<pin id="370" dir="0" index="16" bw="16" slack="0"/>
<pin id="371" dir="0" index="17" bw="16" slack="0"/>
<pin id="372" dir="0" index="18" bw="16" slack="0"/>
<pin id="373" dir="0" index="19" bw="16" slack="0"/>
<pin id="374" dir="0" index="20" bw="16" slack="0"/>
<pin id="375" dir="0" index="21" bw="16" slack="0"/>
<pin id="376" dir="0" index="22" bw="16" slack="0"/>
<pin id="377" dir="0" index="23" bw="16" slack="0"/>
<pin id="378" dir="0" index="24" bw="16" slack="0"/>
<pin id="379" dir="0" index="25" bw="16" slack="0"/>
<pin id="380" dir="0" index="26" bw="16" slack="0"/>
<pin id="381" dir="0" index="27" bw="16" slack="0"/>
<pin id="382" dir="0" index="28" bw="16" slack="0"/>
<pin id="383" dir="0" index="29" bw="16" slack="0"/>
<pin id="384" dir="0" index="30" bw="16" slack="0"/>
<pin id="385" dir="0" index="31" bw="16" slack="0"/>
<pin id="386" dir="0" index="32" bw="16" slack="0"/>
<pin id="387" dir="0" index="33" bw="16" slack="0"/>
<pin id="388" dir="1" index="34" bw="0" slack="2147483647"/>
</pin_list>
<bind>
<opcode="call(48) " fcode="call"/>
<opset="StgValue_15/3 "/>
</bind>
</comp>

<comp id="423" class="1004" name="StgValue_13_dataflow_in_loop_TRA_1_1_fu_423">
<pin_list>
<pin id="424" dir="0" index="0" bw="0" slack="0"/>
<pin id="425" dir="0" index="1" bw="13" slack="1"/>
<pin id="426" dir="0" index="2" bw="13" slack="1"/>
<pin id="427" dir="0" index="3" bw="13" slack="1"/>
<pin id="428" dir="1" index="4" bw="0" slack="2147483647"/>
</pin_list>
<bind>
<opcode="call(48) " fcode="call"/>
<opset="StgValue_13/2 "/>
</bind>
</comp>

<comp id="430" class="1004" name="StgValue_12_dataflow_in_loop_TRA_2_fu_430">
<pin_list>
<pin id="431" dir="0" index="0" bw="0" slack="0"/>
<pin id="432" dir="0" index="1" bw="13" slack="0"/>
<pin id="433" dir="0" index="2" bw="13" slack="0"/>
<pin id="434" dir="1" index="3" bw="0" slack="2147483647"/>
</pin_list>
<bind>
<opcode="call(48) " fcode="call"/>
<opset="StgValue_12/1 "/>
</bind>
</comp>

<comp id="437" class="1005" name="training_id_c2_reg_437">
<pin_list>
<pin id="438" dir="0" index="0" bw="13" slack="0"/>
<pin id="439" dir="1" index="1" bw="13" slack="0"/>
</pin_list>
<bind>
<opset="training_id_c2 "/>
</bind>
</comp>

<comp id="443" class="1005" name="p_channel_reg_443">
<pin_list>
<pin id="444" dir="0" index="0" bw="8" slack="2"/>
<pin id="445" dir="1" index="1" bw="8" slack="2"/>
</pin_list>
<bind>
<opset="p_channel "/>
</bind>
</comp>

<comp id="449" class="1005" name="training_id_c1_reg_449">
<pin_list>
<pin id="450" dir="0" index="0" bw="13" slack="1"/>
<pin id="451" dir="1" index="1" bw="13" slack="1"/>
</pin_list>
<bind>
<opset="training_id_c1 "/>
</bind>
</comp>

<comp id="454" class="1005" name="training_id_c_reg_454">
<pin_list>
<pin id="455" dir="0" index="0" bw="13" slack="1"/>
<pin id="456" dir="1" index="1" bw="13" slack="1"/>
</pin_list>
<bind>
<opset="training_id_c "/>
</bind>
</comp>

</comp_list>

<net_list>
<net id="185"><net_src comp="144" pin="0"/><net_sink comp="182" pin=0"/></net>

<net id="189"><net_src comp="144" pin="0"/><net_sink comp="186" pin=0"/></net>

<net id="193"><net_src comp="144" pin="0"/><net_sink comp="190" pin=0"/></net>

<net id="197"><net_src comp="144" pin="0"/><net_sink comp="194" pin=0"/></net>

<net id="202"><net_src comp="142" pin="0"/><net_sink comp="198" pin=0"/></net>

<net id="203"><net_src comp="0" pin="0"/><net_sink comp="198" pin=1"/></net>

<net id="273"><net_src comp="154" pin="0"/><net_sink comp="204" pin=0"/></net>

<net id="274"><net_src comp="78" pin="0"/><net_sink comp="204" pin=1"/></net>

<net id="275"><net_src comp="80" pin="0"/><net_sink comp="204" pin=2"/></net>

<net id="276"><net_src comp="82" pin="0"/><net_sink comp="204" pin=3"/></net>

<net id="277"><net_src comp="84" pin="0"/><net_sink comp="204" pin=4"/></net>

<net id="278"><net_src comp="86" pin="0"/><net_sink comp="204" pin=5"/></net>

<net id="279"><net_src comp="88" pin="0"/><net_sink comp="204" pin=6"/></net>

<net id="280"><net_src comp="90" pin="0"/><net_sink comp="204" pin=7"/></net>

<net id="281"><net_src comp="92" pin="0"/><net_sink comp="204" pin=8"/></net>

<net id="282"><net_src comp="94" pin="0"/><net_sink comp="204" pin=9"/></net>

<net id="283"><net_src comp="96" pin="0"/><net_sink comp="204" pin=10"/></net>

<net id="284"><net_src comp="98" pin="0"/><net_sink comp="204" pin=11"/></net>

<net id="285"><net_src comp="100" pin="0"/><net_sink comp="204" pin=12"/></net>

<net id="286"><net_src comp="102" pin="0"/><net_sink comp="204" pin=13"/></net>

<net id="287"><net_src comp="104" pin="0"/><net_sink comp="204" pin=14"/></net>

<net id="288"><net_src comp="106" pin="0"/><net_sink comp="204" pin=15"/></net>

<net id="289"><net_src comp="108" pin="0"/><net_sink comp="204" pin=16"/></net>

<net id="290"><net_src comp="110" pin="0"/><net_sink comp="204" pin=17"/></net>

<net id="291"><net_src comp="112" pin="0"/><net_sink comp="204" pin=18"/></net>

<net id="292"><net_src comp="114" pin="0"/><net_sink comp="204" pin=19"/></net>

<net id="293"><net_src comp="116" pin="0"/><net_sink comp="204" pin=20"/></net>

<net id="294"><net_src comp="118" pin="0"/><net_sink comp="204" pin=21"/></net>

<net id="295"><net_src comp="120" pin="0"/><net_sink comp="204" pin=22"/></net>

<net id="296"><net_src comp="122" pin="0"/><net_sink comp="204" pin=23"/></net>

<net id="297"><net_src comp="124" pin="0"/><net_sink comp="204" pin=24"/></net>

<net id="298"><net_src comp="126" pin="0"/><net_sink comp="204" pin=25"/></net>

<net id="299"><net_src comp="128" pin="0"/><net_sink comp="204" pin=26"/></net>

<net id="300"><net_src comp="130" pin="0"/><net_sink comp="204" pin=27"/></net>

<net id="301"><net_src comp="132" pin="0"/><net_sink comp="204" pin=28"/></net>

<net id="302"><net_src comp="134" pin="0"/><net_sink comp="204" pin=29"/></net>

<net id="303"><net_src comp="136" pin="0"/><net_sink comp="204" pin=30"/></net>

<net id="304"><net_src comp="138" pin="0"/><net_sink comp="204" pin=31"/></net>

<net id="305"><net_src comp="140" pin="0"/><net_sink comp="204" pin=32"/></net>

<net id="306"><net_src comp="12" pin="0"/><net_sink comp="204" pin=34"/></net>

<net id="307"><net_src comp="14" pin="0"/><net_sink comp="204" pin=35"/></net>

<net id="308"><net_src comp="36" pin="0"/><net_sink comp="204" pin=36"/></net>

<net id="309"><net_src comp="58" pin="0"/><net_sink comp="204" pin=37"/></net>

<net id="310"><net_src comp="64" pin="0"/><net_sink comp="204" pin=38"/></net>

<net id="311"><net_src comp="66" pin="0"/><net_sink comp="204" pin=39"/></net>

<net id="312"><net_src comp="68" pin="0"/><net_sink comp="204" pin=40"/></net>

<net id="313"><net_src comp="70" pin="0"/><net_sink comp="204" pin=41"/></net>

<net id="314"><net_src comp="72" pin="0"/><net_sink comp="204" pin=42"/></net>

<net id="315"><net_src comp="74" pin="0"/><net_sink comp="204" pin=43"/></net>

<net id="316"><net_src comp="16" pin="0"/><net_sink comp="204" pin=44"/></net>

<net id="317"><net_src comp="18" pin="0"/><net_sink comp="204" pin=45"/></net>

<net id="318"><net_src comp="20" pin="0"/><net_sink comp="204" pin=46"/></net>

<net id="319"><net_src comp="22" pin="0"/><net_sink comp="204" pin=47"/></net>

<net id="320"><net_src comp="24" pin="0"/><net_sink comp="204" pin=48"/></net>

<net id="321"><net_src comp="26" pin="0"/><net_sink comp="204" pin=49"/></net>

<net id="322"><net_src comp="28" pin="0"/><net_sink comp="204" pin=50"/></net>

<net id="323"><net_src comp="30" pin="0"/><net_sink comp="204" pin=51"/></net>

<net id="324"><net_src comp="32" pin="0"/><net_sink comp="204" pin=52"/></net>

<net id="325"><net_src comp="34" pin="0"/><net_sink comp="204" pin=53"/></net>

<net id="326"><net_src comp="38" pin="0"/><net_sink comp="204" pin=54"/></net>

<net id="327"><net_src comp="40" pin="0"/><net_sink comp="204" pin=55"/></net>

<net id="328"><net_src comp="42" pin="0"/><net_sink comp="204" pin=56"/></net>

<net id="329"><net_src comp="44" pin="0"/><net_sink comp="204" pin=57"/></net>

<net id="330"><net_src comp="46" pin="0"/><net_sink comp="204" pin=58"/></net>

<net id="331"><net_src comp="48" pin="0"/><net_sink comp="204" pin=59"/></net>

<net id="332"><net_src comp="50" pin="0"/><net_sink comp="204" pin=60"/></net>

<net id="333"><net_src comp="52" pin="0"/><net_sink comp="204" pin=61"/></net>

<net id="334"><net_src comp="54" pin="0"/><net_sink comp="204" pin=62"/></net>

<net id="335"><net_src comp="56" pin="0"/><net_sink comp="204" pin=63"/></net>

<net id="336"><net_src comp="60" pin="0"/><net_sink comp="204" pin=64"/></net>

<net id="337"><net_src comp="62" pin="0"/><net_sink comp="204" pin=65"/></net>

<net id="338"><net_src comp="76" pin="0"/><net_sink comp="204" pin=66"/></net>

<net id="348"><net_src comp="150" pin="0"/><net_sink comp="339" pin=0"/></net>

<net id="349"><net_src comp="4" pin="0"/><net_sink comp="339" pin=2"/></net>

<net id="350"><net_src comp="6" pin="0"/><net_sink comp="339" pin=3"/></net>

<net id="351"><net_src comp="8" pin="0"/><net_sink comp="339" pin=4"/></net>

<net id="352"><net_src comp="10" pin="0"/><net_sink comp="339" pin=5"/></net>

<net id="389"><net_src comp="152" pin="0"/><net_sink comp="353" pin=0"/></net>

<net id="390"><net_src comp="2" pin="0"/><net_sink comp="353" pin=1"/></net>

<net id="391"><net_src comp="12" pin="0"/><net_sink comp="353" pin=2"/></net>

<net id="392"><net_src comp="14" pin="0"/><net_sink comp="353" pin=3"/></net>

<net id="393"><net_src comp="16" pin="0"/><net_sink comp="353" pin=4"/></net>

<net id="394"><net_src comp="18" pin="0"/><net_sink comp="353" pin=5"/></net>

<net id="395"><net_src comp="20" pin="0"/><net_sink comp="353" pin=6"/></net>

<net id="396"><net_src comp="22" pin="0"/><net_sink comp="353" pin=7"/></net>

<net id="397"><net_src comp="24" pin="0"/><net_sink comp="353" pin=8"/></net>

<net id="398"><net_src comp="26" pin="0"/><net_sink comp="353" pin=9"/></net>

<net id="399"><net_src comp="28" pin="0"/><net_sink comp="353" pin=10"/></net>

<net id="400"><net_src comp="30" pin="0"/><net_sink comp="353" pin=11"/></net>

<net id="401"><net_src comp="32" pin="0"/><net_sink comp="353" pin=12"/></net>

<net id="402"><net_src comp="34" pin="0"/><net_sink comp="353" pin=13"/></net>

<net id="403"><net_src comp="36" pin="0"/><net_sink comp="353" pin=14"/></net>

<net id="404"><net_src comp="38" pin="0"/><net_sink comp="353" pin=15"/></net>

<net id="405"><net_src comp="40" pin="0"/><net_sink comp="353" pin=16"/></net>

<net id="406"><net_src comp="42" pin="0"/><net_sink comp="353" pin=17"/></net>

<net id="407"><net_src comp="44" pin="0"/><net_sink comp="353" pin=18"/></net>

<net id="408"><net_src comp="46" pin="0"/><net_sink comp="353" pin=19"/></net>

<net id="409"><net_src comp="48" pin="0"/><net_sink comp="353" pin=20"/></net>

<net id="410"><net_src comp="50" pin="0"/><net_sink comp="353" pin=21"/></net>

<net id="411"><net_src comp="52" pin="0"/><net_sink comp="353" pin=22"/></net>

<net id="412"><net_src comp="54" pin="0"/><net_sink comp="353" pin=23"/></net>

<net id="413"><net_src comp="56" pin="0"/><net_sink comp="353" pin=24"/></net>

<net id="414"><net_src comp="58" pin="0"/><net_sink comp="353" pin=25"/></net>

<net id="415"><net_src comp="60" pin="0"/><net_sink comp="353" pin=26"/></net>

<net id="416"><net_src comp="62" pin="0"/><net_sink comp="353" pin=27"/></net>

<net id="417"><net_src comp="64" pin="0"/><net_sink comp="353" pin=28"/></net>

<net id="418"><net_src comp="66" pin="0"/><net_sink comp="353" pin=29"/></net>

<net id="419"><net_src comp="68" pin="0"/><net_sink comp="353" pin=30"/></net>

<net id="420"><net_src comp="70" pin="0"/><net_sink comp="353" pin=31"/></net>

<net id="421"><net_src comp="72" pin="0"/><net_sink comp="353" pin=32"/></net>

<net id="422"><net_src comp="74" pin="0"/><net_sink comp="353" pin=33"/></net>

<net id="429"><net_src comp="148" pin="0"/><net_sink comp="423" pin=0"/></net>

<net id="435"><net_src comp="146" pin="0"/><net_sink comp="430" pin=0"/></net>

<net id="436"><net_src comp="198" pin="2"/><net_sink comp="430" pin=1"/></net>

<net id="440"><net_src comp="182" pin="1"/><net_sink comp="437" pin=0"/></net>

<net id="441"><net_src comp="437" pin="1"/><net_sink comp="430" pin=2"/></net>

<net id="442"><net_src comp="437" pin="1"/><net_sink comp="423" pin=1"/></net>

<net id="446"><net_src comp="186" pin="1"/><net_sink comp="443" pin=0"/></net>

<net id="447"><net_src comp="443" pin="1"/><net_sink comp="339" pin=1"/></net>

<net id="448"><net_src comp="443" pin="1"/><net_sink comp="204" pin=33"/></net>

<net id="452"><net_src comp="190" pin="1"/><net_sink comp="449" pin=0"/></net>

<net id="453"><net_src comp="449" pin="1"/><net_sink comp="423" pin=3"/></net>

<net id="457"><net_src comp="194" pin="1"/><net_sink comp="454" pin=0"/></net>

<net id="458"><net_src comp="454" pin="1"/><net_sink comp="423" pin=2"/></net>

<net id="459"><net_src comp="454" pin="1"/><net_sink comp="339" pin=6"/></net>

</net_list>

</model> 
---------------- Datapath Model END ------------------

* FSMD analyzer results:
  - Output states:
	Port: training_instance_V_s | {3 4 }
	Port: training_instance_V_1 | {3 4 }
	Port: training_instance_V_10 | {3 4 }
	Port: training_instance_V_11 | {3 4 }
	Port: training_instance_V_12 | {3 4 }
	Port: training_instance_V_13 | {3 4 }
	Port: training_instance_V_14 | {3 4 }
	Port: training_instance_V_15 | {3 4 }
	Port: training_instance_V_16 | {3 4 }
	Port: training_instance_V_17 | {3 4 }
	Port: training_instance_V_18 | {3 4 }
	Port: training_instance_V_19 | {3 4 }
	Port: training_instance_V_2 | {3 4 }
	Port: training_instance_V_20 | {3 4 }
	Port: training_instance_V_21 | {3 4 }
	Port: training_instance_V_22 | {3 4 }
	Port: training_instance_V_23 | {3 4 }
	Port: training_instance_V_24 | {3 4 }
	Port: training_instance_V_25 | {3 4 }
	Port: training_instance_V_26 | {3 4 }
	Port: training_instance_V_27 | {3 4 }
	Port: training_instance_V_28 | {3 4 }
	Port: training_instance_V_29 | {3 4 }
	Port: training_instance_V_3 | {3 4 }
	Port: training_instance_V_30 | {3 4 }
	Port: training_instance_V_31 | {3 4 }
	Port: training_instance_V_4 | {3 4 }
	Port: training_instance_V_5 | {3 4 }
	Port: training_instance_V_6 | {3 4 }
	Port: training_instance_V_7 | {3 4 }
	Port: training_instance_V_8 | {3 4 }
	Port: training_instance_V_9 | {3 4 }
	Port: theta_local_V_0 | {5 6 }
	Port: theta_local_V_1 | {5 6 }
	Port: theta_local_V_2 | {5 6 }
	Port: theta_local_V_3 | {5 6 }
	Port: theta_local_V_4 | {5 6 }
	Port: theta_local_V_5 | {5 6 }
	Port: theta_local_V_6 | {5 6 }
	Port: theta_local_V_7 | {5 6 }
	Port: theta_local_V_8 | {5 6 }
	Port: theta_local_V_9 | {5 6 }
	Port: theta_local_V_10 | {5 6 }
	Port: theta_local_V_11 | {5 6 }
	Port: theta_local_V_12 | {5 6 }
	Port: theta_local_V_13 | {5 6 }
	Port: theta_local_V_14 | {5 6 }
	Port: theta_local_V_15 | {5 6 }
	Port: theta_local_V_16 | {5 6 }
	Port: theta_local_V_17 | {5 6 }
	Port: theta_local_V_18 | {5 6 }
	Port: theta_local_V_19 | {5 6 }
	Port: theta_local_V_20 | {5 6 }
	Port: theta_local_V_21 | {5 6 }
	Port: theta_local_V_22 | {5 6 }
	Port: theta_local_V_23 | {5 6 }
	Port: theta_local_V_24 | {5 6 }
	Port: theta_local_V_25 | {5 6 }
	Port: theta_local_V_26 | {5 6 }
	Port: theta_local_V_27 | {5 6 }
	Port: theta_local_V_28 | {5 6 }
	Port: theta_local_V_29 | {5 6 }
	Port: theta_local_V_30 | {5 6 }
	Port: theta_local_V_31 | {5 6 }
 - Input state : 
	Port: dataflow_in_loop_TRA.1 : training_id | {1 }
	Port: dataflow_in_loop_TRA.1 : data_V | {3 4 }
	Port: dataflow_in_loop_TRA.1 : label_local_V_0 | {3 4 }
	Port: dataflow_in_loop_TRA.1 : label_local_V_1 | {3 4 }
	Port: dataflow_in_loop_TRA.1 : label_local_V_2 | {3 4 }
	Port: dataflow_in_loop_TRA.1 : label_local_V_3 | {3 4 }
	Port: dataflow_in_loop_TRA.1 : training_instance_V_s | {5 6 }
	Port: dataflow_in_loop_TRA.1 : training_instance_V_1 | {5 6 }
	Port: dataflow_in_loop_TRA.1 : training_instance_V_10 | {5 6 }
	Port: dataflow_in_loop_TRA.1 : training_instance_V_11 | {5 6 }
	Port: dataflow_in_loop_TRA.1 : training_instance_V_12 | {5 6 }
	Port: dataflow_in_loop_TRA.1 : training_instance_V_13 | {5 6 }
	Port: dataflow_in_loop_TRA.1 : training_instance_V_14 | {5 6 }
	Port: dataflow_in_loop_TRA.1 : training_instance_V_15 | {5 6 }
	Port: dataflow_in_loop_TRA.1 : training_instance_V_16 | {5 6 }
	Port: dataflow_in_loop_TRA.1 : training_instance_V_17 | {5 6 }
	Port: dataflow_in_loop_TRA.1 : training_instance_V_18 | {5 6 }
	Port: dataflow_in_loop_TRA.1 : training_instance_V_19 | {5 6 }
	Port: dataflow_in_loop_TRA.1 : training_instance_V_2 | {5 6 }
	Port: dataflow_in_loop_TRA.1 : training_instance_V_20 | {5 6 }
	Port: dataflow_in_loop_TRA.1 : training_instance_V_21 | {5 6 }
	Port: dataflow_in_loop_TRA.1 : training_instance_V_22 | {5 6 }
	Port: dataflow_in_loop_TRA.1 : training_instance_V_23 | {5 6 }
	Port: dataflow_in_loop_TRA.1 : training_instance_V_24 | {5 6 }
	Port: dataflow_in_loop_TRA.1 : training_instance_V_25 | {5 6 }
	Port: dataflow_in_loop_TRA.1 : training_instance_V_26 | {5 6 }
	Port: dataflow_in_loop_TRA.1 : training_instance_V_27 | {5 6 }
	Port: dataflow_in_loop_TRA.1 : training_instance_V_28 | {5 6 }
	Port: dataflow_in_loop_TRA.1 : training_instance_V_29 | {5 6 }
	Port: dataflow_in_loop_TRA.1 : training_instance_V_3 | {5 6 }
	Port: dataflow_in_loop_TRA.1 : training_instance_V_30 | {5 6 }
	Port: dataflow_in_loop_TRA.1 : training_instance_V_31 | {5 6 }
	Port: dataflow_in_loop_TRA.1 : training_instance_V_4 | {5 6 }
	Port: dataflow_in_loop_TRA.1 : training_instance_V_5 | {5 6 }
	Port: dataflow_in_loop_TRA.1 : training_instance_V_6 | {5 6 }
	Port: dataflow_in_loop_TRA.1 : training_instance_V_7 | {5 6 }
	Port: dataflow_in_loop_TRA.1 : training_instance_V_8 | {5 6 }
	Port: dataflow_in_loop_TRA.1 : training_instance_V_9 | {5 6 }
	Port: dataflow_in_loop_TRA.1 : lut_V | {5 6 }
	Port: dataflow_in_loop_TRA.1 : theta_local_V_0 | {5 6 }
	Port: dataflow_in_loop_TRA.1 : theta_local_V_1 | {5 6 }
	Port: dataflow_in_loop_TRA.1 : theta_local_V_2 | {5 6 }
	Port: dataflow_in_loop_TRA.1 : theta_local_V_3 | {5 6 }
	Port: dataflow_in_loop_TRA.1 : theta_local_V_4 | {5 6 }
	Port: dataflow_in_loop_TRA.1 : theta_local_V_5 | {5 6 }
	Port: dataflow_in_loop_TRA.1 : theta_local_V_6 | {5 6 }
	Port: dataflow_in_loop_TRA.1 : theta_local_V_7 | {5 6 }
	Port: dataflow_in_loop_TRA.1 : theta_local_V_8 | {5 6 }
	Port: dataflow_in_loop_TRA.1 : theta_local_V_9 | {5 6 }
	Port: dataflow_in_loop_TRA.1 : theta_local_V_10 | {5 6 }
	Port: dataflow_in_loop_TRA.1 : theta_local_V_11 | {5 6 }
	Port: dataflow_in_loop_TRA.1 : theta_local_V_12 | {5 6 }
	Port: dataflow_in_loop_TRA.1 : theta_local_V_13 | {5 6 }
	Port: dataflow_in_loop_TRA.1 : theta_local_V_14 | {5 6 }
	Port: dataflow_in_loop_TRA.1 : theta_local_V_15 | {5 6 }
	Port: dataflow_in_loop_TRA.1 : theta_local_V_16 | {5 6 }
	Port: dataflow_in_loop_TRA.1 : theta_local_V_17 | {5 6 }
	Port: dataflow_in_loop_TRA.1 : theta_local_V_18 | {5 6 }
	Port: dataflow_in_loop_TRA.1 : theta_local_V_19 | {5 6 }
	Port: dataflow_in_loop_TRA.1 : theta_local_V_20 | {5 6 }
	Port: dataflow_in_loop_TRA.1 : theta_local_V_21 | {5 6 }
	Port: dataflow_in_loop_TRA.1 : theta_local_V_22 | {5 6 }
	Port: dataflow_in_loop_TRA.1 : theta_local_V_23 | {5 6 }
	Port: dataflow_in_loop_TRA.1 : theta_local_V_24 | {5 6 }
	Port: dataflow_in_loop_TRA.1 : theta_local_V_25 | {5 6 }
	Port: dataflow_in_loop_TRA.1 : theta_local_V_26 | {5 6 }
	Port: dataflow_in_loop_TRA.1 : theta_local_V_27 | {5 6 }
	Port: dataflow_in_loop_TRA.1 : theta_local_V_28 | {5 6 }
	Port: dataflow_in_loop_TRA.1 : theta_local_V_29 | {5 6 }
	Port: dataflow_in_loop_TRA.1 : theta_local_V_30 | {5 6 }
	Port: dataflow_in_loop_TRA.1 : theta_local_V_31 | {5 6 }
  - Chain level:
	State 1
		StgValue_12 : 1
	State 2
	State 3
	State 4
	State 5
	State 6


============================================================
+ Verbose Summary: Datapath Resource usage 
============================================================

* Functional unit list:
|----------|---------------------------------------------|---------|---------|---------|---------|---------|
| Operation|               Functional Unit               |   BRAM  |  DSP48E |  Delay  |    FF   |   LUT   |
|----------|---------------------------------------------|---------|---------|---------|---------|---------|
|          |              grp_compute_fu_204             |    32   |   224   |  67.288 |   1222  |   6328  |
|          |       grp_aesl_mux_load_4_1125_fu_339       |    0    |    0    |  2.624  |    46   |    86   |
|   call   |       grp_READ_TRAINING_DATA_p_fu_353       |    0    |    0    |    0    |    27   |    29   |
|          | StgValue_13_dataflow_in_loop_TRA_1_1_fu_423 |    0    |    0    |    0    |    0    |    0    |
|          |  StgValue_12_dataflow_in_loop_TRA_2_fu_430  |    0    |    0    |    0    |    0    |    0    |
|----------|---------------------------------------------|---------|---------|---------|---------|---------|
|   read   |         training_id_read_read_fu_198        |    0    |    0    |    0    |    0    |    0    |
|----------|---------------------------------------------|---------|---------|---------|---------|---------|
|   Total  |                                             |    32   |   224   |  69.912 |   1295  |   6443  |
|----------|---------------------------------------------|---------|---------|---------|---------|---------|

Memories:
N/A

* Register list:
+----------------------+--------+
|                      |   FF   |
+----------------------+--------+
|   p_channel_reg_443  |    8   |
|training_id_c1_reg_449|   13   |
|training_id_c2_reg_437|   13   |
| training_id_c_reg_454|   13   |
+----------------------+--------+
|         Total        |   47   |
+----------------------+--------+

* Multiplexer (MUX) list: 
|--------|------|------|------|--------|
|  Comp  |  Pin | Size |  BW  | S x BW |
|--------|------|------|------|--------|
|  Total |      |      |      |    0   |
|--------|------|------|------|--------|



* Summary:
+-----------+--------+--------+--------+--------+--------+
|           |  BRAM  | DSP48E |  Delay |   FF   |   LUT  |
+-----------+--------+--------+--------+--------+--------+
|  Function |   32   |   224  |   69   |  1295  |  6443  |
|   Memory  |    -   |    -   |    -   |    -   |    -   |
|Multiplexer|    -   |    -   |    -   |    -   |    -   |
|  Register |    -   |    -   |    -   |   47   |    -   |
+-----------+--------+--------+--------+--------+--------+
|   Total   |   32   |   224  |   69   |  1342  |  6443  |
+-----------+--------+--------+--------+--------+--------+
