

================================================================
== Vivado HLS Report for 'SgdLR'
================================================================
* Date:           Wed Aug 12 22:41:43 2020

* Version:        2018.2 (Build 2258646 on Thu Jun 14 20:25:20 MDT 2018)
* Project:        SgdLR
* Solution:       solution
* Product family: zynquplus
* Target device:  xczu9eg-ffvb1156-2-e


================================================================
== Performance Estimates
================================================================
+ Timing (ns): 
    * Summary: 
    +--------+-------+----------+------------+
    |  Clock | Target| Estimated| Uncertainty|
    +--------+-------+----------+------------+
    |ap_clk  |  10.00|     7.301|        2.70|
    +--------+-------+----------+------------+

+ Latency (clock cycles): 
    * Summary: 
    +---------+---------+---------+---------+---------+
    |      Latency      |      Interval     | Pipeline|
    |   min   |   max   |   min   |   max   |   Type  |
    +---------+---------+---------+---------+---------+
    |  1165609|  1167260|  1165609|  1167260|   none  |
    +---------+---------+---------+---------+---------+

    + Detail: 
        * Instance: 
        N/A

        * Loop: 
        +--------------+------+------+----------+-----------+-----------+------+----------+
        |              |   Latency   | Iteration|  Initiation Interval  | Trip |          |
        |   Loop Name  |  min |  max |  Latency |  achieved |   target  | Count| Pipelined|
        +--------------+------+------+----------+-----------+-----------+------+----------+
        |- LABEL_CP    |  1126|  1126|         3|          1|          1|  1125|    yes   |
        |- STREAM_OUT  |   513|   513|         3|          1|          1|   512|    yes   |
        +--------------+------+------+----------+-----------+-----------+------+----------+

============================================================
+ Verbose Summary: Synthesis Manager
============================================================
InlineROM: 1
ExposeGlobal: 0
============================================================
+ Verbose Summary: CDFG Model
============================================================
IsTopModel: 1
ResetActiveHigh: 1
IsCombinational: 0
IsDatapathOnly: 0
HasWiredReturn: 1
HasMFsm: 0
HasVarLatency: 1
IsPipeline: 0
IsRtlPipelined: 0
IsInstanceOverlapped: 0
IsDontTouch: 0
HasImplIP: 0
IsGatedGlobalClock: 0

+ Individual pipeline summary: 
  * Pipeline-0: initiation interval (II) = 1, depth = 3
  * Pipeline-1: initiation interval (II) = 1, depth = 3


============================================================
+ Verbose Summary: Schedule
============================================================
* Number of FSM states : 20
* Pipeline : 2
  Pipeline-0 : II = 1, D = 3, States = { 8 9 10 }
  Pipeline-1 : II = 1, D = 3, States = { 13 14 15 }
* Dataflow Pipeline: 0

* FSM state transitions: 
1 --> 
	2  / (readLabels_read)
	11  / (!readLabels_read)
2 --> 
	3  / true
3 --> 
	4  / true
4 --> 
	5  / true
5 --> 
	6  / true
6 --> 
	7  / true
7 --> 
	8  / true
8 --> 
	11  / (tmp_s)
	9  / (!tmp_s)
9 --> 
	10  / true
10 --> 
	8  / true
11 --> 
	12  / true
12 --> 
	20  / (!writeOutput_read)
	13  / (writeOutput_read)
13 --> 
	16  / (tmp_15)
	14  / (!tmp_15)
14 --> 
	15  / true
15 --> 
	13  / true
16 --> 
	17  / true
17 --> 
	18  / true
18 --> 
	19  / true
19 --> 
	20  / true
20 --> 

* FSM state operations: 

State 1 <SV = 0> <Delay = 7.30>
ST_1 : Operation 21 [1/1] (0.00ns)   --->   "%writeOutput_read = call i1 @_ssdm_op_Read.ap_auto.i1(i1 %writeOutput)"   --->   Operation 21 'read' 'writeOutput_read' <Predicate = true> <Delay = 0.00>
ST_1 : Operation 22 [1/1] (0.00ns)   --->   "%readLabels_read = call i1 @_ssdm_op_Read.ap_auto.i1(i1 %readLabels)"   --->   Operation 22 'read' 'readLabels_read' <Predicate = true> <Delay = 0.00>
ST_1 : Operation 23 [1/1] (0.00ns)   --->   "%theta_V_read = call i64 @_ssdm_op_Read.ap_auto.i64(i64 %theta_V)"   --->   Operation 23 'read' 'theta_V_read' <Predicate = true> <Delay = 0.00>
ST_1 : Operation 24 [1/1] (0.00ns)   --->   "%label_V_read = call i64 @_ssdm_op_Read.ap_auto.i64(i64 %label_V)"   --->   Operation 24 'read' 'label_V_read' <Predicate = true> <Delay = 0.00>
ST_1 : Operation 25 [1/1] (0.00ns)   --->   "%theta_V3 = call i61 @_ssdm_op_PartSelect.i61.i64.i32.i32(i64 %theta_V_read, i32 3, i32 63)"   --->   Operation 25 'partselect' 'theta_V3' <Predicate = true> <Delay = 0.00>
ST_1 : Operation 26 [1/1] (0.00ns)   --->   "%tmp_14 = zext i61 %theta_V3 to i64"   --->   Operation 26 'zext' 'tmp_14' <Predicate = true> <Delay = 0.00>
ST_1 : Operation 27 [1/1] (0.00ns)   --->   "%theta_addr = getelementptr i64* %theta, i64 %tmp_14"   --->   Operation 27 'getelementptr' 'theta_addr' <Predicate = true> <Delay = 0.00>
ST_1 : Operation 28 [1/1] (0.00ns)   --->   "%label_V1 = call i62 @_ssdm_op_PartSelect.i62.i64.i32.i32(i64 %label_V_read, i32 2, i32 63)"   --->   Operation 28 'partselect' 'label_V1' <Predicate = true> <Delay = 0.00>
ST_1 : Operation 29 [1/1] (0.00ns)   --->   "%tmp_17 = zext i62 %label_V1 to i64"   --->   Operation 29 'zext' 'tmp_17' <Predicate = true> <Delay = 0.00>
ST_1 : Operation 30 [1/1] (0.00ns)   --->   "%label_addr = getelementptr i32* %label_r, i64 %tmp_17"   --->   Operation 30 'getelementptr' 'label_addr' <Predicate = true> <Delay = 0.00>
ST_1 : Operation 31 [1/1] (0.00ns)   --->   "call void (...)* @_ssdm_op_SpecBitsMap(i64* %theta), !map !177"   --->   Operation 31 'specbitsmap' <Predicate = true> <Delay = 0.00>
ST_1 : Operation 32 [1/1] (0.00ns)   --->   "call void (...)* @_ssdm_op_SpecBitsMap(i32* %label_r), !map !183"   --->   Operation 32 'specbitsmap' <Predicate = true> <Delay = 0.00>
ST_1 : Operation 33 [1/1] (0.00ns)   --->   "call void (...)* @_ssdm_op_SpecBitsMap(i64* %data_V), !map !189"   --->   Operation 33 'specbitsmap' <Predicate = true> <Delay = 0.00>
ST_1 : Operation 34 [1/1] (0.00ns)   --->   "call void (...)* @_ssdm_op_SpecBitsMap(i1 %readLabels), !map !195"   --->   Operation 34 'specbitsmap' <Predicate = true> <Delay = 0.00>
ST_1 : Operation 35 [1/1] (0.00ns)   --->   "call void (...)* @_ssdm_op_SpecBitsMap(i1 %writeOutput), !map !201"   --->   Operation 35 'specbitsmap' <Predicate = true> <Delay = 0.00>
ST_1 : Operation 36 [1/1] (0.00ns)   --->   "call void (...)* @_ssdm_op_SpecTopModule([6 x i8]* @SgdLR_str) nounwind"   --->   Operation 36 'spectopmodule' <Predicate = true> <Delay = 0.00>
ST_1 : Operation 37 [1/1] (0.00ns)   --->   "call void (...)* @_ssdm_op_SpecInterface(i64* %data_V, [8 x i8]* @p_str13, i32 0, i32 0, [1 x i8]* @p_str, i32 0, i32 0, [1 x i8]* @p_str, [1 x i8]* @p_str, [1 x i8]* @p_str, i32 0, i32 0, i32 0, i32 0, [1 x i8]* @p_str, [1 x i8]* @p_str)"   --->   Operation 37 'specinterface' <Predicate = true> <Delay = 0.00>
ST_1 : Operation 38 [1/1] (0.00ns)   --->   "call void (...)* @_ssdm_op_SpecInterface(i32* %label_r, [6 x i8]* @p_str14, i32 0, i32 0, [1 x i8]* @p_str, i32 0, i32 0, [6 x i8]* @p_str15, [7 x i8]* @p_str16, [1 x i8]* @p_str, i32 16, i32 16, i32 16, i32 16, [1 x i8]* @p_str, [1 x i8]* @p_str)"   --->   Operation 38 'specinterface' <Predicate = true> <Delay = 0.00>
ST_1 : Operation 39 [1/1] (0.00ns)   --->   "call void (...)* @_ssdm_op_SpecInterface(i64* %theta, [6 x i8]* @p_str14, i32 0, i32 0, [1 x i8]* @p_str, i32 0, i32 0, [6 x i8]* @p_str17, [7 x i8]* @p_str16, [1 x i8]* @p_str, i32 16, i32 16, i32 16, i32 16, [1 x i8]* @p_str, [1 x i8]* @p_str)"   --->   Operation 39 'specinterface' <Predicate = true> <Delay = 0.00>
ST_1 : Operation 40 [1/1] (0.00ns)   --->   "call void (...)* @_ssdm_op_SpecLatency(i32 1, i32 65535, [1 x i8]* @p_str) nounwind" [/home/ylxiao_seas_upenn_edu/Roseetta/rosetta/spam-filter/src/sdsoc/sgd.cpp:165]   --->   Operation 40 'speclatency' <Predicate = true> <Delay = 0.00>
ST_1 : Operation 41 [1/1] (0.00ns)   --->   "br i1 %readLabels_read, label %.preheader.preheader, label %.loopexit" [/home/ylxiao_seas_upenn_edu/Roseetta/rosetta/spam-filter/src/sdsoc/sgd.cpp:175]   --->   Operation 41 'br' <Predicate = true> <Delay = 0.00>
ST_1 : Operation 42 [7/7] (7.30ns)   --->   "%label_addr_rd_req = call i1 @_ssdm_op_ReadReq.m_axi.i32P(i32* %label_addr, i32 1125)" [/home/ylxiao_seas_upenn_edu/Roseetta/rosetta/spam-filter/src/sdsoc/sgd.cpp:181]   --->   Operation 42 'readreq' 'label_addr_rd_req' <Predicate = (readLabels_read)> <Delay = 7.30> <Core = "m_axi">   --->   Core 9 'm_axi' <Latency = 6> <II = 1> <Delay = 1.00> <Adapter> <Opcode : 'read' 'write' 'readreq' 'writereq' 'writeresp'>

State 2 <SV = 1> <Delay = 7.30>
ST_2 : Operation 43 [6/7] (7.30ns)   --->   "%label_addr_rd_req = call i1 @_ssdm_op_ReadReq.m_axi.i32P(i32* %label_addr, i32 1125)" [/home/ylxiao_seas_upenn_edu/Roseetta/rosetta/spam-filter/src/sdsoc/sgd.cpp:181]   --->   Operation 43 'readreq' 'label_addr_rd_req' <Predicate = true> <Delay = 7.30> <Core = "m_axi">   --->   Core 9 'm_axi' <Latency = 6> <II = 1> <Delay = 1.00> <Adapter> <Opcode : 'read' 'write' 'readreq' 'writereq' 'writeresp'>

State 3 <SV = 2> <Delay = 7.30>
ST_3 : Operation 44 [5/7] (7.30ns)   --->   "%label_addr_rd_req = call i1 @_ssdm_op_ReadReq.m_axi.i32P(i32* %label_addr, i32 1125)" [/home/ylxiao_seas_upenn_edu/Roseetta/rosetta/spam-filter/src/sdsoc/sgd.cpp:181]   --->   Operation 44 'readreq' 'label_addr_rd_req' <Predicate = true> <Delay = 7.30> <Core = "m_axi">   --->   Core 9 'm_axi' <Latency = 6> <II = 1> <Delay = 1.00> <Adapter> <Opcode : 'read' 'write' 'readreq' 'writereq' 'writeresp'>

State 4 <SV = 3> <Delay = 7.30>
ST_4 : Operation 45 [4/7] (7.30ns)   --->   "%label_addr_rd_req = call i1 @_ssdm_op_ReadReq.m_axi.i32P(i32* %label_addr, i32 1125)" [/home/ylxiao_seas_upenn_edu/Roseetta/rosetta/spam-filter/src/sdsoc/sgd.cpp:181]   --->   Operation 45 'readreq' 'label_addr_rd_req' <Predicate = true> <Delay = 7.30> <Core = "m_axi">   --->   Core 9 'm_axi' <Latency = 6> <II = 1> <Delay = 1.00> <Adapter> <Opcode : 'read' 'write' 'readreq' 'writereq' 'writeresp'>

State 5 <SV = 4> <Delay = 7.30>
ST_5 : Operation 46 [3/7] (7.30ns)   --->   "%label_addr_rd_req = call i1 @_ssdm_op_ReadReq.m_axi.i32P(i32* %label_addr, i32 1125)" [/home/ylxiao_seas_upenn_edu/Roseetta/rosetta/spam-filter/src/sdsoc/sgd.cpp:181]   --->   Operation 46 'readreq' 'label_addr_rd_req' <Predicate = true> <Delay = 7.30> <Core = "m_axi">   --->   Core 9 'm_axi' <Latency = 6> <II = 1> <Delay = 1.00> <Adapter> <Opcode : 'read' 'write' 'readreq' 'writereq' 'writeresp'>

State 6 <SV = 5> <Delay = 7.30>
ST_6 : Operation 47 [2/7] (7.30ns)   --->   "%label_addr_rd_req = call i1 @_ssdm_op_ReadReq.m_axi.i32P(i32* %label_addr, i32 1125)" [/home/ylxiao_seas_upenn_edu/Roseetta/rosetta/spam-filter/src/sdsoc/sgd.cpp:181]   --->   Operation 47 'readreq' 'label_addr_rd_req' <Predicate = true> <Delay = 7.30> <Core = "m_axi">   --->   Core 9 'm_axi' <Latency = 6> <II = 1> <Delay = 1.00> <Adapter> <Opcode : 'read' 'write' 'readreq' 'writereq' 'writeresp'>

State 7 <SV = 6> <Delay = 7.30>
ST_7 : Operation 48 [1/7] (7.30ns)   --->   "%label_addr_rd_req = call i1 @_ssdm_op_ReadReq.m_axi.i32P(i32* %label_addr, i32 1125)" [/home/ylxiao_seas_upenn_edu/Roseetta/rosetta/spam-filter/src/sdsoc/sgd.cpp:181]   --->   Operation 48 'readreq' 'label_addr_rd_req' <Predicate = true> <Delay = 7.30> <Core = "m_axi">   --->   Core 9 'm_axi' <Latency = 6> <II = 1> <Delay = 1.00> <Adapter> <Opcode : 'read' 'write' 'readreq' 'writereq' 'writeresp'>
ST_7 : Operation 49 [1/1] (0.65ns)   --->   "br label %.preheader" [/home/ylxiao_seas_upenn_edu/Roseetta/rosetta/spam-filter/src/sdsoc/sgd.cpp:178]   --->   Operation 49 'br' <Predicate = true> <Delay = 0.65>

State 8 <SV = 7> <Delay = 0.94>
ST_8 : Operation 50 [1/1] (0.00ns)   --->   "%i = phi i11 [ %i_3, %0 ], [ 0, %.preheader.preheader ]"   --->   Operation 50 'phi' 'i' <Predicate = true> <Delay = 0.00>
ST_8 : Operation 51 [1/1] (0.94ns)   --->   "%tmp_s = icmp eq i11 %i, -923" [/home/ylxiao_seas_upenn_edu/Roseetta/rosetta/spam-filter/src/sdsoc/sgd.cpp:178]   --->   Operation 51 'icmp' 'tmp_s' <Predicate = true> <Delay = 0.94> <Core = "Cmp">   --->   Core 25 'Cmp' <Latency = 0> <II = 1> <Delay = 0.91> <FuncUnit> <Opcode : 'icmp'> <InPorts = 2> <OutPorts = 1>
ST_8 : Operation 52 [1/1] (0.00ns)   --->   "%empty = call i32 (...)* @_ssdm_op_SpecLoopTripCount(i64 1125, i64 1125, i64 1125)"   --->   Operation 52 'speclooptripcount' 'empty' <Predicate = true> <Delay = 0.00>
ST_8 : Operation 53 [1/1] (0.79ns)   --->   "%i_3 = add i11 %i, 1" [/home/ylxiao_seas_upenn_edu/Roseetta/rosetta/spam-filter/src/sdsoc/sgd.cpp:178]   --->   Operation 53 'add' 'i_3' <Predicate = true> <Delay = 0.79> <Core = "AddSub">   --->   Core 14 'AddSub' <Latency = 0> <II = 1> <Delay = 0.78> <FuncUnit> <Opcode : 'add' 'sub'> <InPorts = 2> <OutPorts = 1>
ST_8 : Operation 54 [1/1] (0.00ns)   --->   "br i1 %tmp_s, label %.loopexit.loopexit, label %0" [/home/ylxiao_seas_upenn_edu/Roseetta/rosetta/spam-filter/src/sdsoc/sgd.cpp:178]   --->   Operation 54 'br' <Predicate = true> <Delay = 0.00>

State 9 <SV = 8> <Delay = 7.30>
ST_9 : Operation 55 [1/1] (7.30ns)   --->   "%tmp_label_V = call i32 @_ssdm_op_Read.m_axi.i32P(i32* %label_addr)" [/home/ylxiao_seas_upenn_edu/Roseetta/rosetta/spam-filter/src/sdsoc/sgd.cpp:181]   --->   Operation 55 'read' 'tmp_label_V' <Predicate = (!tmp_s)> <Delay = 7.30> <Core = "m_axi">   --->   Core 9 'm_axi' <Latency = 6> <II = 1> <Delay = 1.00> <Adapter> <Opcode : 'read' 'write' 'readreq' 'writereq' 'writeresp'>
ST_9 : Operation 56 [1/1] (0.00ns)   --->   "%tmp_31 = trunc i32 %tmp_label_V to i8" [/home/ylxiao_seas_upenn_edu/Roseetta/rosetta/spam-filter/src/sdsoc/sgd.cpp:183]   --->   Operation 56 'trunc' 'tmp_31' <Predicate = (!tmp_s)> <Delay = 0.00>
ST_9 : Operation 57 [1/1] (0.00ns)   --->   "%p_Result_7_1 = call i8 @_ssdm_op_PartSelect.i8.i32.i32.i32(i32 %tmp_label_V, i32 8, i32 15)" [/home/ylxiao_seas_upenn_edu/Roseetta/rosetta/spam-filter/src/sdsoc/sgd.cpp:183]   --->   Operation 57 'partselect' 'p_Result_7_1' <Predicate = (!tmp_s)> <Delay = 0.00>
ST_9 : Operation 58 [1/1] (0.00ns)   --->   "%p_Result_7_2 = call i8 @_ssdm_op_PartSelect.i8.i32.i32.i32(i32 %tmp_label_V, i32 16, i32 23)" [/home/ylxiao_seas_upenn_edu/Roseetta/rosetta/spam-filter/src/sdsoc/sgd.cpp:183]   --->   Operation 58 'partselect' 'p_Result_7_2' <Predicate = (!tmp_s)> <Delay = 0.00>
ST_9 : Operation 59 [1/1] (0.00ns)   --->   "%p_Result_7_3 = call i8 @_ssdm_op_PartSelect.i8.i32.i32.i32(i32 %tmp_label_V, i32 24, i32 31)" [/home/ylxiao_seas_upenn_edu/Roseetta/rosetta/spam-filter/src/sdsoc/sgd.cpp:183]   --->   Operation 59 'partselect' 'p_Result_7_3' <Predicate = (!tmp_s)> <Delay = 0.00>

State 10 <SV = 9> <Delay = 1.23>
ST_10 : Operation 60 [1/1] (0.00ns)   --->   "call void (...)* @_ssdm_op_SpecLoopName([9 x i8]* @p_str18) nounwind" [/home/ylxiao_seas_upenn_edu/Roseetta/rosetta/spam-filter/src/sdsoc/sgd.cpp:179]   --->   Operation 60 'specloopname' <Predicate = (!tmp_s)> <Delay = 0.00>
ST_10 : Operation 61 [1/1] (0.00ns)   --->   "%tmp = call i32 (...)* @_ssdm_op_SpecRegionBegin([9 x i8]* @p_str18)" [/home/ylxiao_seas_upenn_edu/Roseetta/rosetta/spam-filter/src/sdsoc/sgd.cpp:179]   --->   Operation 61 'specregionbegin' 'tmp' <Predicate = (!tmp_s)> <Delay = 0.00>
ST_10 : Operation 62 [1/1] (0.00ns)   --->   "call void (...)* @_ssdm_op_SpecPipeline(i32 -1, i32 1, i32 1, i32 0, [1 x i8]* @p_str) nounwind" [/home/ylxiao_seas_upenn_edu/Roseetta/rosetta/spam-filter/src/sdsoc/sgd.cpp:180]   --->   Operation 62 'specpipeline' <Predicate = (!tmp_s)> <Delay = 0.00>
ST_10 : Operation 63 [1/1] (0.00ns)   --->   "%tmp_12 = zext i11 %i to i64" [/home/ylxiao_seas_upenn_edu/Roseetta/rosetta/spam-filter/src/sdsoc/sgd.cpp:181]   --->   Operation 63 'zext' 'tmp_12' <Predicate = (!tmp_s)> <Delay = 0.00>
ST_10 : Operation 64 [1/1] (0.00ns)   --->   "%label_local_V_0_addr = getelementptr [1125 x i8]* @label_local_V_0, i64 0, i64 %tmp_12" [/home/ylxiao_seas_upenn_edu/Roseetta/rosetta/spam-filter/src/sdsoc/sgd.cpp:181]   --->   Operation 64 'getelementptr' 'label_local_V_0_addr' <Predicate = (!tmp_s)> <Delay = 0.00>
ST_10 : Operation 65 [1/1] (1.23ns)   --->   "store i8 %tmp_31, i8* %label_local_V_0_addr, align 4" [/home/ylxiao_seas_upenn_edu/Roseetta/rosetta/spam-filter/src/sdsoc/sgd.cpp:183]   --->   Operation 65 'store' <Predicate = (!tmp_s)> <Delay = 1.23> <Core = "RAM">   --->   Core 37 'RAM' <Latency = 1> <II = 1> <Delay = 1.23> <Storage> <Opcode : 'load' 'store'> <Ports = 2> <Width = 32> <Depth = 32> <RAM>
ST_10 : Operation 66 [1/1] (0.00ns)   --->   "%label_local_V_1_addr = getelementptr [1125 x i8]* @label_local_V_1, i64 0, i64 %tmp_12" [/home/ylxiao_seas_upenn_edu/Roseetta/rosetta/spam-filter/src/sdsoc/sgd.cpp:181]   --->   Operation 66 'getelementptr' 'label_local_V_1_addr' <Predicate = (!tmp_s)> <Delay = 0.00>
ST_10 : Operation 67 [1/1] (1.23ns)   --->   "store i8 %p_Result_7_1, i8* %label_local_V_1_addr, align 1" [/home/ylxiao_seas_upenn_edu/Roseetta/rosetta/spam-filter/src/sdsoc/sgd.cpp:183]   --->   Operation 67 'store' <Predicate = (!tmp_s)> <Delay = 1.23> <Core = "RAM">   --->   Core 37 'RAM' <Latency = 1> <II = 1> <Delay = 1.23> <Storage> <Opcode : 'load' 'store'> <Ports = 2> <Width = 32> <Depth = 32> <RAM>
ST_10 : Operation 68 [1/1] (0.00ns)   --->   "%label_local_V_2_addr = getelementptr [1125 x i8]* @label_local_V_2, i64 0, i64 %tmp_12" [/home/ylxiao_seas_upenn_edu/Roseetta/rosetta/spam-filter/src/sdsoc/sgd.cpp:181]   --->   Operation 68 'getelementptr' 'label_local_V_2_addr' <Predicate = (!tmp_s)> <Delay = 0.00>
ST_10 : Operation 69 [1/1] (1.23ns)   --->   "store i8 %p_Result_7_2, i8* %label_local_V_2_addr, align 2" [/home/ylxiao_seas_upenn_edu/Roseetta/rosetta/spam-filter/src/sdsoc/sgd.cpp:183]   --->   Operation 69 'store' <Predicate = (!tmp_s)> <Delay = 1.23> <Core = "RAM">   --->   Core 37 'RAM' <Latency = 1> <II = 1> <Delay = 1.23> <Storage> <Opcode : 'load' 'store'> <Ports = 2> <Width = 32> <Depth = 32> <RAM>
ST_10 : Operation 70 [1/1] (0.00ns)   --->   "%label_local_V_3_addr = getelementptr [1125 x i8]* @label_local_V_3, i64 0, i64 %tmp_12" [/home/ylxiao_seas_upenn_edu/Roseetta/rosetta/spam-filter/src/sdsoc/sgd.cpp:181]   --->   Operation 70 'getelementptr' 'label_local_V_3_addr' <Predicate = (!tmp_s)> <Delay = 0.00>
ST_10 : Operation 71 [1/1] (1.23ns)   --->   "store i8 %p_Result_7_3, i8* %label_local_V_3_addr, align 1" [/home/ylxiao_seas_upenn_edu/Roseetta/rosetta/spam-filter/src/sdsoc/sgd.cpp:183]   --->   Operation 71 'store' <Predicate = (!tmp_s)> <Delay = 1.23> <Core = "RAM">   --->   Core 37 'RAM' <Latency = 1> <II = 1> <Delay = 1.23> <Storage> <Opcode : 'load' 'store'> <Ports = 2> <Width = 32> <Depth = 32> <RAM>
ST_10 : Operation 72 [1/1] (0.00ns)   --->   "%empty_62 = call i32 (...)* @_ssdm_op_SpecRegionEnd([9 x i8]* @p_str18, i32 %tmp)" [/home/ylxiao_seas_upenn_edu/Roseetta/rosetta/spam-filter/src/sdsoc/sgd.cpp:184]   --->   Operation 72 'specregionend' 'empty_62' <Predicate = (!tmp_s)> <Delay = 0.00>
ST_10 : Operation 73 [1/1] (0.00ns)   --->   "br label %.preheader" [/home/ylxiao_seas_upenn_edu/Roseetta/rosetta/spam-filter/src/sdsoc/sgd.cpp:178]   --->   Operation 73 'br' <Predicate = (!tmp_s)> <Delay = 0.00>

State 11 <SV = 8> <Delay = 0.00>
ST_11 : Operation 74 [1/1] (0.00ns)   --->   "br label %.loopexit"   --->   Operation 74 'br' <Predicate = (readLabels_read)> <Delay = 0.00>
ST_11 : Operation 75 [2/2] (0.00ns)   --->   "call fastcc void @dataflow_parent_loop.1(i64* %data_V)"   --->   Operation 75 'call' <Predicate = true> <Delay = 0.00> <CoreType = "Generic">   --->   Core 0 '' <Latency = 0> <II = 1> <Delay = 1.00> <Generic> <Opcode : >

State 12 <SV = 9> <Delay = 7.30>
ST_12 : Operation 76 [1/2] (0.00ns)   --->   "call fastcc void @dataflow_parent_loop.1(i64* %data_V)"   --->   Operation 76 'call' <Predicate = true> <Delay = 0.00> <CoreType = "Generic">   --->   Core 0 '' <Latency = 0> <II = 1> <Delay = 1.00> <Generic> <Opcode : >
ST_12 : Operation 77 [1/1] (0.00ns)   --->   "br i1 %writeOutput_read, label %.preheader72.preheader, label %._crit_edge62" [/home/ylxiao_seas_upenn_edu/Roseetta/rosetta/spam-filter/src/sdsoc/sgd.cpp:200]   --->   Operation 77 'br' <Predicate = true> <Delay = 0.00>
ST_12 : Operation 78 [1/1] (7.30ns)   --->   "%theta_addr_wr_req = call i1 @_ssdm_op_WriteReq.m_axi.i64P(i64* %theta_addr, i32 512)" [/home/ylxiao_seas_upenn_edu/Roseetta/rosetta/spam-filter/src/sdsoc/sgd.cpp:130->/home/ylxiao_seas_upenn_edu/Roseetta/rosetta/spam-filter/src/sdsoc/sgd.cpp:201]   --->   Operation 78 'writereq' 'theta_addr_wr_req' <Predicate = (writeOutput_read)> <Delay = 7.30> <Core = "m_axi">   --->   Core 9 'm_axi' <Latency = 6> <II = 1> <Delay = 1.00> <Adapter> <Opcode : 'read' 'write' 'readreq' 'writereq' 'writeresp'>
ST_12 : Operation 79 [1/1] (0.65ns)   --->   "br label %.preheader72" [/home/ylxiao_seas_upenn_edu/Roseetta/rosetta/spam-filter/src/sdsoc/sgd.cpp:124->/home/ylxiao_seas_upenn_edu/Roseetta/rosetta/spam-filter/src/sdsoc/sgd.cpp:201]   --->   Operation 79 'br' <Predicate = (writeOutput_read)> <Delay = 0.65>

State 13 <SV = 10> <Delay = 1.23>
ST_13 : Operation 80 [1/1] (0.00ns)   --->   "%i_0_i3 = phi i10 [ %i_4, %3 ], [ 0, %.preheader72.preheader ]"   --->   Operation 80 'phi' 'i_0_i3' <Predicate = true> <Delay = 0.00>
ST_13 : Operation 81 [1/1] (0.91ns)   --->   "%tmp_15 = icmp eq i10 %i_0_i3, -512" [/home/ylxiao_seas_upenn_edu/Roseetta/rosetta/spam-filter/src/sdsoc/sgd.cpp:124->/home/ylxiao_seas_upenn_edu/Roseetta/rosetta/spam-filter/src/sdsoc/sgd.cpp:201]   --->   Operation 81 'icmp' 'tmp_15' <Predicate = true> <Delay = 0.91> <Core = "Cmp">   --->   Core 25 'Cmp' <Latency = 0> <II = 1> <Delay = 0.91> <FuncUnit> <Opcode : 'icmp'> <InPorts = 2> <OutPorts = 1>
ST_13 : Operation 82 [1/1] (0.00ns)   --->   "%empty_63 = call i32 (...)* @_ssdm_op_SpecLoopTripCount(i64 512, i64 512, i64 512)"   --->   Operation 82 'speclooptripcount' 'empty_63' <Predicate = true> <Delay = 0.00>
ST_13 : Operation 83 [1/1] (0.78ns)   --->   "%i_4 = add i10 %i_0_i3, 1" [/home/ylxiao_seas_upenn_edu/Roseetta/rosetta/spam-filter/src/sdsoc/sgd.cpp:124->/home/ylxiao_seas_upenn_edu/Roseetta/rosetta/spam-filter/src/sdsoc/sgd.cpp:201]   --->   Operation 83 'add' 'i_4' <Predicate = true> <Delay = 0.78> <Core = "AddSub">   --->   Core 14 'AddSub' <Latency = 0> <II = 1> <Delay = 0.78> <FuncUnit> <Opcode : 'add' 'sub'> <InPorts = 2> <OutPorts = 1>
ST_13 : Operation 84 [1/1] (0.00ns)   --->   "br i1 %tmp_15, label %._crit_edge62.loopexit, label %1" [/home/ylxiao_seas_upenn_edu/Roseetta/rosetta/spam-filter/src/sdsoc/sgd.cpp:124->/home/ylxiao_seas_upenn_edu/Roseetta/rosetta/spam-filter/src/sdsoc/sgd.cpp:201]   --->   Operation 84 'br' <Predicate = true> <Delay = 0.00>
ST_13 : Operation 85 [1/1] (0.00ns)   --->   "call void (...)* @_ssdm_op_SpecLoopName([11 x i8]* @p_str11) nounwind" [/home/ylxiao_seas_upenn_edu/Roseetta/rosetta/spam-filter/src/sdsoc/sgd.cpp:125->/home/ylxiao_seas_upenn_edu/Roseetta/rosetta/spam-filter/src/sdsoc/sgd.cpp:201]   --->   Operation 85 'specloopname' <Predicate = (!tmp_15)> <Delay = 0.00>
ST_13 : Operation 86 [1/1] (0.00ns)   --->   "%tmp_16 = call i32 (...)* @_ssdm_op_SpecRegionBegin([11 x i8]* @p_str11)" [/home/ylxiao_seas_upenn_edu/Roseetta/rosetta/spam-filter/src/sdsoc/sgd.cpp:125->/home/ylxiao_seas_upenn_edu/Roseetta/rosetta/spam-filter/src/sdsoc/sgd.cpp:201]   --->   Operation 86 'specregionbegin' 'tmp_16' <Predicate = (!tmp_15)> <Delay = 0.00>
ST_13 : Operation 87 [1/1] (0.00ns)   --->   "call void (...)* @_ssdm_op_SpecPipeline(i32 1, i32 1, i32 1, i32 0, [1 x i8]* @p_str) nounwind" [/home/ylxiao_seas_upenn_edu/Roseetta/rosetta/spam-filter/src/sdsoc/sgd.cpp:126->/home/ylxiao_seas_upenn_edu/Roseetta/rosetta/spam-filter/src/sdsoc/sgd.cpp:201]   --->   Operation 87 'specpipeline' <Predicate = (!tmp_15)> <Delay = 0.00>
ST_13 : Operation 88 [1/1] (0.00ns)   --->   "%newIndex2 = call i5 @_ssdm_op_PartSelect.i5.i10.i32.i32(i10 %i_0_i3, i32 4, i32 8)" [/home/ylxiao_seas_upenn_edu/Roseetta/rosetta/spam-filter/src/sdsoc/sgd.cpp:124->/home/ylxiao_seas_upenn_edu/Roseetta/rosetta/spam-filter/src/sdsoc/sgd.cpp:201]   --->   Operation 88 'partselect' 'newIndex2' <Predicate = (!tmp_15)> <Delay = 0.00>
ST_13 : Operation 89 [1/1] (0.00ns)   --->   "%newIndex2_cast = zext i5 %newIndex2 to i64" [/home/ylxiao_seas_upenn_edu/Roseetta/rosetta/spam-filter/src/sdsoc/sgd.cpp:124->/home/ylxiao_seas_upenn_edu/Roseetta/rosetta/spam-filter/src/sdsoc/sgd.cpp:201]   --->   Operation 89 'zext' 'newIndex2_cast' <Predicate = (!tmp_15)> <Delay = 0.00>
ST_13 : Operation 90 [1/1] (0.00ns)   --->   "%theta_local_V_0_addr = getelementptr [32 x i32]* @theta_local_V_0, i64 0, i64 %newIndex2_cast" [/home/ylxiao_seas_upenn_edu/Roseetta/rosetta/spam-filter/src/sdsoc/sgd.cpp:129->/home/ylxiao_seas_upenn_edu/Roseetta/rosetta/spam-filter/src/sdsoc/sgd.cpp:201]   --->   Operation 90 'getelementptr' 'theta_local_V_0_addr' <Predicate = (!tmp_15)> <Delay = 0.00>
ST_13 : Operation 91 [1/1] (0.00ns)   --->   "%theta_local_V_2_addr = getelementptr [32 x i32]* @theta_local_V_2, i64 0, i64 %newIndex2_cast" [/home/ylxiao_seas_upenn_edu/Roseetta/rosetta/spam-filter/src/sdsoc/sgd.cpp:129->/home/ylxiao_seas_upenn_edu/Roseetta/rosetta/spam-filter/src/sdsoc/sgd.cpp:201]   --->   Operation 91 'getelementptr' 'theta_local_V_2_addr' <Predicate = (!tmp_15)> <Delay = 0.00>
ST_13 : Operation 92 [1/1] (0.00ns)   --->   "%theta_local_V_4_addr = getelementptr [32 x i32]* @theta_local_V_4, i64 0, i64 %newIndex2_cast" [/home/ylxiao_seas_upenn_edu/Roseetta/rosetta/spam-filter/src/sdsoc/sgd.cpp:129->/home/ylxiao_seas_upenn_edu/Roseetta/rosetta/spam-filter/src/sdsoc/sgd.cpp:201]   --->   Operation 92 'getelementptr' 'theta_local_V_4_addr' <Predicate = (!tmp_15)> <Delay = 0.00>
ST_13 : Operation 93 [1/1] (0.00ns)   --->   "%theta_local_V_6_addr = getelementptr [32 x i32]* @theta_local_V_6, i64 0, i64 %newIndex2_cast" [/home/ylxiao_seas_upenn_edu/Roseetta/rosetta/spam-filter/src/sdsoc/sgd.cpp:129->/home/ylxiao_seas_upenn_edu/Roseetta/rosetta/spam-filter/src/sdsoc/sgd.cpp:201]   --->   Operation 93 'getelementptr' 'theta_local_V_6_addr' <Predicate = (!tmp_15)> <Delay = 0.00>
ST_13 : Operation 94 [1/1] (0.00ns)   --->   "%theta_local_V_8_addr = getelementptr [32 x i32]* @theta_local_V_8, i64 0, i64 %newIndex2_cast" [/home/ylxiao_seas_upenn_edu/Roseetta/rosetta/spam-filter/src/sdsoc/sgd.cpp:129->/home/ylxiao_seas_upenn_edu/Roseetta/rosetta/spam-filter/src/sdsoc/sgd.cpp:201]   --->   Operation 94 'getelementptr' 'theta_local_V_8_addr' <Predicate = (!tmp_15)> <Delay = 0.00>
ST_13 : Operation 95 [1/1] (0.00ns)   --->   "%theta_local_V_10_add = getelementptr [32 x i32]* @theta_local_V_10, i64 0, i64 %newIndex2_cast" [/home/ylxiao_seas_upenn_edu/Roseetta/rosetta/spam-filter/src/sdsoc/sgd.cpp:129->/home/ylxiao_seas_upenn_edu/Roseetta/rosetta/spam-filter/src/sdsoc/sgd.cpp:201]   --->   Operation 95 'getelementptr' 'theta_local_V_10_add' <Predicate = (!tmp_15)> <Delay = 0.00>
ST_13 : Operation 96 [1/1] (0.00ns)   --->   "%theta_local_V_12_add = getelementptr [32 x i32]* @theta_local_V_12, i64 0, i64 %newIndex2_cast" [/home/ylxiao_seas_upenn_edu/Roseetta/rosetta/spam-filter/src/sdsoc/sgd.cpp:129->/home/ylxiao_seas_upenn_edu/Roseetta/rosetta/spam-filter/src/sdsoc/sgd.cpp:201]   --->   Operation 96 'getelementptr' 'theta_local_V_12_add' <Predicate = (!tmp_15)> <Delay = 0.00>
ST_13 : Operation 97 [1/1] (0.00ns)   --->   "%theta_local_V_14_add = getelementptr [32 x i32]* @theta_local_V_14, i64 0, i64 %newIndex2_cast" [/home/ylxiao_seas_upenn_edu/Roseetta/rosetta/spam-filter/src/sdsoc/sgd.cpp:129->/home/ylxiao_seas_upenn_edu/Roseetta/rosetta/spam-filter/src/sdsoc/sgd.cpp:201]   --->   Operation 97 'getelementptr' 'theta_local_V_14_add' <Predicate = (!tmp_15)> <Delay = 0.00>
ST_13 : Operation 98 [1/1] (0.00ns)   --->   "%theta_local_V_16_add = getelementptr [32 x i32]* @theta_local_V_16, i64 0, i64 %newIndex2_cast" [/home/ylxiao_seas_upenn_edu/Roseetta/rosetta/spam-filter/src/sdsoc/sgd.cpp:129->/home/ylxiao_seas_upenn_edu/Roseetta/rosetta/spam-filter/src/sdsoc/sgd.cpp:201]   --->   Operation 98 'getelementptr' 'theta_local_V_16_add' <Predicate = (!tmp_15)> <Delay = 0.00>
ST_13 : Operation 99 [1/1] (0.00ns)   --->   "%theta_local_V_18_add = getelementptr [32 x i32]* @theta_local_V_18, i64 0, i64 %newIndex2_cast" [/home/ylxiao_seas_upenn_edu/Roseetta/rosetta/spam-filter/src/sdsoc/sgd.cpp:129->/home/ylxiao_seas_upenn_edu/Roseetta/rosetta/spam-filter/src/sdsoc/sgd.cpp:201]   --->   Operation 99 'getelementptr' 'theta_local_V_18_add' <Predicate = (!tmp_15)> <Delay = 0.00>
ST_13 : Operation 100 [1/1] (0.00ns)   --->   "%theta_local_V_20_add = getelementptr [32 x i32]* @theta_local_V_20, i64 0, i64 %newIndex2_cast" [/home/ylxiao_seas_upenn_edu/Roseetta/rosetta/spam-filter/src/sdsoc/sgd.cpp:129->/home/ylxiao_seas_upenn_edu/Roseetta/rosetta/spam-filter/src/sdsoc/sgd.cpp:201]   --->   Operation 100 'getelementptr' 'theta_local_V_20_add' <Predicate = (!tmp_15)> <Delay = 0.00>
ST_13 : Operation 101 [1/1] (0.00ns)   --->   "%theta_local_V_22_add = getelementptr [32 x i32]* @theta_local_V_22, i64 0, i64 %newIndex2_cast" [/home/ylxiao_seas_upenn_edu/Roseetta/rosetta/spam-filter/src/sdsoc/sgd.cpp:129->/home/ylxiao_seas_upenn_edu/Roseetta/rosetta/spam-filter/src/sdsoc/sgd.cpp:201]   --->   Operation 101 'getelementptr' 'theta_local_V_22_add' <Predicate = (!tmp_15)> <Delay = 0.00>
ST_13 : Operation 102 [1/1] (0.00ns)   --->   "%theta_local_V_24_add = getelementptr [32 x i32]* @theta_local_V_24, i64 0, i64 %newIndex2_cast" [/home/ylxiao_seas_upenn_edu/Roseetta/rosetta/spam-filter/src/sdsoc/sgd.cpp:129->/home/ylxiao_seas_upenn_edu/Roseetta/rosetta/spam-filter/src/sdsoc/sgd.cpp:201]   --->   Operation 102 'getelementptr' 'theta_local_V_24_add' <Predicate = (!tmp_15)> <Delay = 0.00>
ST_13 : Operation 103 [1/1] (0.00ns)   --->   "%theta_local_V_26_add = getelementptr [32 x i32]* @theta_local_V_26, i64 0, i64 %newIndex2_cast" [/home/ylxiao_seas_upenn_edu/Roseetta/rosetta/spam-filter/src/sdsoc/sgd.cpp:129->/home/ylxiao_seas_upenn_edu/Roseetta/rosetta/spam-filter/src/sdsoc/sgd.cpp:201]   --->   Operation 103 'getelementptr' 'theta_local_V_26_add' <Predicate = (!tmp_15)> <Delay = 0.00>
ST_13 : Operation 104 [1/1] (0.00ns)   --->   "%theta_local_V_28_add = getelementptr [32 x i32]* @theta_local_V_28, i64 0, i64 %newIndex2_cast" [/home/ylxiao_seas_upenn_edu/Roseetta/rosetta/spam-filter/src/sdsoc/sgd.cpp:129->/home/ylxiao_seas_upenn_edu/Roseetta/rosetta/spam-filter/src/sdsoc/sgd.cpp:201]   --->   Operation 104 'getelementptr' 'theta_local_V_28_add' <Predicate = (!tmp_15)> <Delay = 0.00>
ST_13 : Operation 105 [1/1] (0.00ns)   --->   "%theta_local_V_30_add = getelementptr [32 x i32]* @theta_local_V_30, i64 0, i64 %newIndex2_cast" [/home/ylxiao_seas_upenn_edu/Roseetta/rosetta/spam-filter/src/sdsoc/sgd.cpp:129->/home/ylxiao_seas_upenn_edu/Roseetta/rosetta/spam-filter/src/sdsoc/sgd.cpp:201]   --->   Operation 105 'getelementptr' 'theta_local_V_30_add' <Predicate = (!tmp_15)> <Delay = 0.00>
ST_13 : Operation 106 [1/1] (0.00ns)   --->   "%tmp_32 = trunc i10 %i_0_i3 to i4" [/home/ylxiao_seas_upenn_edu/Roseetta/rosetta/spam-filter/src/sdsoc/sgd.cpp:129->/home/ylxiao_seas_upenn_edu/Roseetta/rosetta/spam-filter/src/sdsoc/sgd.cpp:201]   --->   Operation 106 'trunc' 'tmp_32' <Predicate = (!tmp_15)> <Delay = 0.00>
ST_13 : Operation 107 [1/1] (0.78ns)   --->   "switch i4 %tmp_32, label %branch62 [
    i4 0, label %branch32
    i4 1, label %branch34
    i4 2, label %branch36
    i4 3, label %branch38
    i4 4, label %branch40
    i4 5, label %branch42
    i4 6, label %branch44
    i4 7, label %branch46
    i4 -8, label %branch48
    i4 -7, label %branch50
    i4 -6, label %branch52
    i4 -5, label %branch54
    i4 -4, label %branch56
    i4 -3, label %branch58
    i4 -2, label %branch60
  ]" [/home/ylxiao_seas_upenn_edu/Roseetta/rosetta/spam-filter/src/sdsoc/sgd.cpp:129->/home/ylxiao_seas_upenn_edu/Roseetta/rosetta/spam-filter/src/sdsoc/sgd.cpp:201]   --->   Operation 107 'switch' <Predicate = (!tmp_15)> <Delay = 0.78>
ST_13 : Operation 108 [2/2] (1.23ns)   --->   "%theta_local_V_28_loa = load i32* %theta_local_V_28_add, align 8" [/home/ylxiao_seas_upenn_edu/Roseetta/rosetta/spam-filter/src/sdsoc/sgd.cpp:129->/home/ylxiao_seas_upenn_edu/Roseetta/rosetta/spam-filter/src/sdsoc/sgd.cpp:201]   --->   Operation 108 'load' 'theta_local_V_28_loa' <Predicate = (!tmp_15 & tmp_32 == 14)> <Delay = 1.23> <Core = "RAM">   --->   Core 37 'RAM' <Latency = 1> <II = 1> <Delay = 1.23> <Storage> <Opcode : 'load' 'store'> <Ports = 2> <Width = 32> <Depth = 32> <RAM>
ST_13 : Operation 109 [2/2] (1.23ns)   --->   "%theta_local_V_26_loa = load i32* %theta_local_V_26_add, align 8" [/home/ylxiao_seas_upenn_edu/Roseetta/rosetta/spam-filter/src/sdsoc/sgd.cpp:129->/home/ylxiao_seas_upenn_edu/Roseetta/rosetta/spam-filter/src/sdsoc/sgd.cpp:201]   --->   Operation 109 'load' 'theta_local_V_26_loa' <Predicate = (!tmp_15 & tmp_32 == 13)> <Delay = 1.23> <Core = "RAM">   --->   Core 37 'RAM' <Latency = 1> <II = 1> <Delay = 1.23> <Storage> <Opcode : 'load' 'store'> <Ports = 2> <Width = 32> <Depth = 32> <RAM>
ST_13 : Operation 110 [2/2] (1.23ns)   --->   "%theta_local_V_24_loa = load i32* %theta_local_V_24_add, align 8" [/home/ylxiao_seas_upenn_edu/Roseetta/rosetta/spam-filter/src/sdsoc/sgd.cpp:129->/home/ylxiao_seas_upenn_edu/Roseetta/rosetta/spam-filter/src/sdsoc/sgd.cpp:201]   --->   Operation 110 'load' 'theta_local_V_24_loa' <Predicate = (!tmp_15 & tmp_32 == 12)> <Delay = 1.23> <Core = "RAM">   --->   Core 37 'RAM' <Latency = 1> <II = 1> <Delay = 1.23> <Storage> <Opcode : 'load' 'store'> <Ports = 2> <Width = 32> <Depth = 32> <RAM>
ST_13 : Operation 111 [2/2] (1.23ns)   --->   "%theta_local_V_22_loa = load i32* %theta_local_V_22_add, align 8" [/home/ylxiao_seas_upenn_edu/Roseetta/rosetta/spam-filter/src/sdsoc/sgd.cpp:129->/home/ylxiao_seas_upenn_edu/Roseetta/rosetta/spam-filter/src/sdsoc/sgd.cpp:201]   --->   Operation 111 'load' 'theta_local_V_22_loa' <Predicate = (!tmp_15 & tmp_32 == 11)> <Delay = 1.23> <Core = "RAM">   --->   Core 37 'RAM' <Latency = 1> <II = 1> <Delay = 1.23> <Storage> <Opcode : 'load' 'store'> <Ports = 2> <Width = 32> <Depth = 32> <RAM>
ST_13 : Operation 112 [2/2] (1.23ns)   --->   "%theta_local_V_20_loa = load i32* %theta_local_V_20_add, align 8" [/home/ylxiao_seas_upenn_edu/Roseetta/rosetta/spam-filter/src/sdsoc/sgd.cpp:129->/home/ylxiao_seas_upenn_edu/Roseetta/rosetta/spam-filter/src/sdsoc/sgd.cpp:201]   --->   Operation 112 'load' 'theta_local_V_20_loa' <Predicate = (!tmp_15 & tmp_32 == 10)> <Delay = 1.23> <Core = "RAM">   --->   Core 37 'RAM' <Latency = 1> <II = 1> <Delay = 1.23> <Storage> <Opcode : 'load' 'store'> <Ports = 2> <Width = 32> <Depth = 32> <RAM>
ST_13 : Operation 113 [2/2] (1.23ns)   --->   "%theta_local_V_18_loa = load i32* %theta_local_V_18_add, align 8" [/home/ylxiao_seas_upenn_edu/Roseetta/rosetta/spam-filter/src/sdsoc/sgd.cpp:129->/home/ylxiao_seas_upenn_edu/Roseetta/rosetta/spam-filter/src/sdsoc/sgd.cpp:201]   --->   Operation 113 'load' 'theta_local_V_18_loa' <Predicate = (!tmp_15 & tmp_32 == 9)> <Delay = 1.23> <Core = "RAM">   --->   Core 37 'RAM' <Latency = 1> <II = 1> <Delay = 1.23> <Storage> <Opcode : 'load' 'store'> <Ports = 2> <Width = 32> <Depth = 32> <RAM>
ST_13 : Operation 114 [2/2] (1.23ns)   --->   "%theta_local_V_16_loa = load i32* %theta_local_V_16_add, align 8" [/home/ylxiao_seas_upenn_edu/Roseetta/rosetta/spam-filter/src/sdsoc/sgd.cpp:129->/home/ylxiao_seas_upenn_edu/Roseetta/rosetta/spam-filter/src/sdsoc/sgd.cpp:201]   --->   Operation 114 'load' 'theta_local_V_16_loa' <Predicate = (!tmp_15 & tmp_32 == 8)> <Delay = 1.23> <Core = "RAM">   --->   Core 37 'RAM' <Latency = 1> <II = 1> <Delay = 1.23> <Storage> <Opcode : 'load' 'store'> <Ports = 2> <Width = 32> <Depth = 32> <RAM>
ST_13 : Operation 115 [2/2] (1.23ns)   --->   "%theta_local_V_14_loa = load i32* %theta_local_V_14_add, align 8" [/home/ylxiao_seas_upenn_edu/Roseetta/rosetta/spam-filter/src/sdsoc/sgd.cpp:129->/home/ylxiao_seas_upenn_edu/Roseetta/rosetta/spam-filter/src/sdsoc/sgd.cpp:201]   --->   Operation 115 'load' 'theta_local_V_14_loa' <Predicate = (!tmp_15 & tmp_32 == 7)> <Delay = 1.23> <Core = "RAM">   --->   Core 37 'RAM' <Latency = 1> <II = 1> <Delay = 1.23> <Storage> <Opcode : 'load' 'store'> <Ports = 2> <Width = 32> <Depth = 32> <RAM>
ST_13 : Operation 116 [2/2] (1.23ns)   --->   "%theta_local_V_12_loa = load i32* %theta_local_V_12_add, align 8" [/home/ylxiao_seas_upenn_edu/Roseetta/rosetta/spam-filter/src/sdsoc/sgd.cpp:129->/home/ylxiao_seas_upenn_edu/Roseetta/rosetta/spam-filter/src/sdsoc/sgd.cpp:201]   --->   Operation 116 'load' 'theta_local_V_12_loa' <Predicate = (!tmp_15 & tmp_32 == 6)> <Delay = 1.23> <Core = "RAM">   --->   Core 37 'RAM' <Latency = 1> <II = 1> <Delay = 1.23> <Storage> <Opcode : 'load' 'store'> <Ports = 2> <Width = 32> <Depth = 32> <RAM>
ST_13 : Operation 117 [2/2] (1.23ns)   --->   "%theta_local_V_10_loa = load i32* %theta_local_V_10_add, align 8" [/home/ylxiao_seas_upenn_edu/Roseetta/rosetta/spam-filter/src/sdsoc/sgd.cpp:129->/home/ylxiao_seas_upenn_edu/Roseetta/rosetta/spam-filter/src/sdsoc/sgd.cpp:201]   --->   Operation 117 'load' 'theta_local_V_10_loa' <Predicate = (!tmp_15 & tmp_32 == 5)> <Delay = 1.23> <Core = "RAM">   --->   Core 37 'RAM' <Latency = 1> <II = 1> <Delay = 1.23> <Storage> <Opcode : 'load' 'store'> <Ports = 2> <Width = 32> <Depth = 32> <RAM>
ST_13 : Operation 118 [2/2] (1.23ns)   --->   "%theta_local_V_8_load = load i32* %theta_local_V_8_addr, align 8" [/home/ylxiao_seas_upenn_edu/Roseetta/rosetta/spam-filter/src/sdsoc/sgd.cpp:129->/home/ylxiao_seas_upenn_edu/Roseetta/rosetta/spam-filter/src/sdsoc/sgd.cpp:201]   --->   Operation 118 'load' 'theta_local_V_8_load' <Predicate = (!tmp_15 & tmp_32 == 4)> <Delay = 1.23> <Core = "RAM">   --->   Core 37 'RAM' <Latency = 1> <II = 1> <Delay = 1.23> <Storage> <Opcode : 'load' 'store'> <Ports = 2> <Width = 32> <Depth = 32> <RAM>
ST_13 : Operation 119 [2/2] (1.23ns)   --->   "%theta_local_V_6_load = load i32* %theta_local_V_6_addr, align 8" [/home/ylxiao_seas_upenn_edu/Roseetta/rosetta/spam-filter/src/sdsoc/sgd.cpp:129->/home/ylxiao_seas_upenn_edu/Roseetta/rosetta/spam-filter/src/sdsoc/sgd.cpp:201]   --->   Operation 119 'load' 'theta_local_V_6_load' <Predicate = (!tmp_15 & tmp_32 == 3)> <Delay = 1.23> <Core = "RAM">   --->   Core 37 'RAM' <Latency = 1> <II = 1> <Delay = 1.23> <Storage> <Opcode : 'load' 'store'> <Ports = 2> <Width = 32> <Depth = 32> <RAM>
ST_13 : Operation 120 [2/2] (1.23ns)   --->   "%theta_local_V_4_load = load i32* %theta_local_V_4_addr, align 8" [/home/ylxiao_seas_upenn_edu/Roseetta/rosetta/spam-filter/src/sdsoc/sgd.cpp:129->/home/ylxiao_seas_upenn_edu/Roseetta/rosetta/spam-filter/src/sdsoc/sgd.cpp:201]   --->   Operation 120 'load' 'theta_local_V_4_load' <Predicate = (!tmp_15 & tmp_32 == 2)> <Delay = 1.23> <Core = "RAM">   --->   Core 37 'RAM' <Latency = 1> <II = 1> <Delay = 1.23> <Storage> <Opcode : 'load' 'store'> <Ports = 2> <Width = 32> <Depth = 32> <RAM>
ST_13 : Operation 121 [2/2] (1.23ns)   --->   "%theta_local_V_2_load = load i32* %theta_local_V_2_addr, align 8" [/home/ylxiao_seas_upenn_edu/Roseetta/rosetta/spam-filter/src/sdsoc/sgd.cpp:129->/home/ylxiao_seas_upenn_edu/Roseetta/rosetta/spam-filter/src/sdsoc/sgd.cpp:201]   --->   Operation 121 'load' 'theta_local_V_2_load' <Predicate = (!tmp_15 & tmp_32 == 1)> <Delay = 1.23> <Core = "RAM">   --->   Core 37 'RAM' <Latency = 1> <II = 1> <Delay = 1.23> <Storage> <Opcode : 'load' 'store'> <Ports = 2> <Width = 32> <Depth = 32> <RAM>
ST_13 : Operation 122 [2/2] (1.23ns)   --->   "%theta_local_V_0_load = load i32* %theta_local_V_0_addr, align 8" [/home/ylxiao_seas_upenn_edu/Roseetta/rosetta/spam-filter/src/sdsoc/sgd.cpp:129->/home/ylxiao_seas_upenn_edu/Roseetta/rosetta/spam-filter/src/sdsoc/sgd.cpp:201]   --->   Operation 122 'load' 'theta_local_V_0_load' <Predicate = (!tmp_15 & tmp_32 == 0)> <Delay = 1.23> <Core = "RAM">   --->   Core 37 'RAM' <Latency = 1> <II = 1> <Delay = 1.23> <Storage> <Opcode : 'load' 'store'> <Ports = 2> <Width = 32> <Depth = 32> <RAM>
ST_13 : Operation 123 [2/2] (1.23ns)   --->   "%theta_local_V_30_loa = load i32* %theta_local_V_30_add, align 8" [/home/ylxiao_seas_upenn_edu/Roseetta/rosetta/spam-filter/src/sdsoc/sgd.cpp:129->/home/ylxiao_seas_upenn_edu/Roseetta/rosetta/spam-filter/src/sdsoc/sgd.cpp:201]   --->   Operation 123 'load' 'theta_local_V_30_loa' <Predicate = (!tmp_15 & tmp_32 == 15)> <Delay = 1.23> <Core = "RAM">   --->   Core 37 'RAM' <Latency = 1> <II = 1> <Delay = 1.23> <Storage> <Opcode : 'load' 'store'> <Ports = 2> <Width = 32> <Depth = 32> <RAM>
ST_13 : Operation 124 [1/1] (0.00ns)   --->   "%theta_local_V_1_addr = getelementptr [32 x i32]* @theta_local_V_1, i64 0, i64 %newIndex2_cast" [/home/ylxiao_seas_upenn_edu/Roseetta/rosetta/spam-filter/src/sdsoc/sgd.cpp:129->/home/ylxiao_seas_upenn_edu/Roseetta/rosetta/spam-filter/src/sdsoc/sgd.cpp:201]   --->   Operation 124 'getelementptr' 'theta_local_V_1_addr' <Predicate = (!tmp_15)> <Delay = 0.00>
ST_13 : Operation 125 [1/1] (0.00ns)   --->   "%theta_local_V_3_addr = getelementptr [32 x i32]* @theta_local_V_3, i64 0, i64 %newIndex2_cast" [/home/ylxiao_seas_upenn_edu/Roseetta/rosetta/spam-filter/src/sdsoc/sgd.cpp:129->/home/ylxiao_seas_upenn_edu/Roseetta/rosetta/spam-filter/src/sdsoc/sgd.cpp:201]   --->   Operation 125 'getelementptr' 'theta_local_V_3_addr' <Predicate = (!tmp_15)> <Delay = 0.00>
ST_13 : Operation 126 [1/1] (0.00ns)   --->   "%theta_local_V_5_addr = getelementptr [32 x i32]* @theta_local_V_5, i64 0, i64 %newIndex2_cast" [/home/ylxiao_seas_upenn_edu/Roseetta/rosetta/spam-filter/src/sdsoc/sgd.cpp:129->/home/ylxiao_seas_upenn_edu/Roseetta/rosetta/spam-filter/src/sdsoc/sgd.cpp:201]   --->   Operation 126 'getelementptr' 'theta_local_V_5_addr' <Predicate = (!tmp_15)> <Delay = 0.00>
ST_13 : Operation 127 [1/1] (0.00ns)   --->   "%theta_local_V_7_addr = getelementptr [32 x i32]* @theta_local_V_7, i64 0, i64 %newIndex2_cast" [/home/ylxiao_seas_upenn_edu/Roseetta/rosetta/spam-filter/src/sdsoc/sgd.cpp:129->/home/ylxiao_seas_upenn_edu/Roseetta/rosetta/spam-filter/src/sdsoc/sgd.cpp:201]   --->   Operation 127 'getelementptr' 'theta_local_V_7_addr' <Predicate = (!tmp_15)> <Delay = 0.00>
ST_13 : Operation 128 [1/1] (0.00ns)   --->   "%theta_local_V_9_addr = getelementptr [32 x i32]* @theta_local_V_9, i64 0, i64 %newIndex2_cast" [/home/ylxiao_seas_upenn_edu/Roseetta/rosetta/spam-filter/src/sdsoc/sgd.cpp:129->/home/ylxiao_seas_upenn_edu/Roseetta/rosetta/spam-filter/src/sdsoc/sgd.cpp:201]   --->   Operation 128 'getelementptr' 'theta_local_V_9_addr' <Predicate = (!tmp_15)> <Delay = 0.00>
ST_13 : Operation 129 [1/1] (0.00ns)   --->   "%theta_local_V_11_add = getelementptr [32 x i32]* @theta_local_V_11, i64 0, i64 %newIndex2_cast" [/home/ylxiao_seas_upenn_edu/Roseetta/rosetta/spam-filter/src/sdsoc/sgd.cpp:129->/home/ylxiao_seas_upenn_edu/Roseetta/rosetta/spam-filter/src/sdsoc/sgd.cpp:201]   --->   Operation 129 'getelementptr' 'theta_local_V_11_add' <Predicate = (!tmp_15)> <Delay = 0.00>
ST_13 : Operation 130 [1/1] (0.00ns)   --->   "%theta_local_V_13_add = getelementptr [32 x i32]* @theta_local_V_13, i64 0, i64 %newIndex2_cast" [/home/ylxiao_seas_upenn_edu/Roseetta/rosetta/spam-filter/src/sdsoc/sgd.cpp:129->/home/ylxiao_seas_upenn_edu/Roseetta/rosetta/spam-filter/src/sdsoc/sgd.cpp:201]   --->   Operation 130 'getelementptr' 'theta_local_V_13_add' <Predicate = (!tmp_15)> <Delay = 0.00>
ST_13 : Operation 131 [1/1] (0.00ns)   --->   "%theta_local_V_15_add = getelementptr [32 x i32]* @theta_local_V_15, i64 0, i64 %newIndex2_cast" [/home/ylxiao_seas_upenn_edu/Roseetta/rosetta/spam-filter/src/sdsoc/sgd.cpp:129->/home/ylxiao_seas_upenn_edu/Roseetta/rosetta/spam-filter/src/sdsoc/sgd.cpp:201]   --->   Operation 131 'getelementptr' 'theta_local_V_15_add' <Predicate = (!tmp_15)> <Delay = 0.00>
ST_13 : Operation 132 [1/1] (0.00ns)   --->   "%theta_local_V_17_add = getelementptr [32 x i32]* @theta_local_V_17, i64 0, i64 %newIndex2_cast" [/home/ylxiao_seas_upenn_edu/Roseetta/rosetta/spam-filter/src/sdsoc/sgd.cpp:129->/home/ylxiao_seas_upenn_edu/Roseetta/rosetta/spam-filter/src/sdsoc/sgd.cpp:201]   --->   Operation 132 'getelementptr' 'theta_local_V_17_add' <Predicate = (!tmp_15)> <Delay = 0.00>
ST_13 : Operation 133 [1/1] (0.00ns)   --->   "%theta_local_V_19_add = getelementptr [32 x i32]* @theta_local_V_19, i64 0, i64 %newIndex2_cast" [/home/ylxiao_seas_upenn_edu/Roseetta/rosetta/spam-filter/src/sdsoc/sgd.cpp:129->/home/ylxiao_seas_upenn_edu/Roseetta/rosetta/spam-filter/src/sdsoc/sgd.cpp:201]   --->   Operation 133 'getelementptr' 'theta_local_V_19_add' <Predicate = (!tmp_15)> <Delay = 0.00>
ST_13 : Operation 134 [1/1] (0.00ns)   --->   "%theta_local_V_21_add = getelementptr [32 x i32]* @theta_local_V_21, i64 0, i64 %newIndex2_cast" [/home/ylxiao_seas_upenn_edu/Roseetta/rosetta/spam-filter/src/sdsoc/sgd.cpp:129->/home/ylxiao_seas_upenn_edu/Roseetta/rosetta/spam-filter/src/sdsoc/sgd.cpp:201]   --->   Operation 134 'getelementptr' 'theta_local_V_21_add' <Predicate = (!tmp_15)> <Delay = 0.00>
ST_13 : Operation 135 [1/1] (0.00ns)   --->   "%theta_local_V_23_add = getelementptr [32 x i32]* @theta_local_V_23, i64 0, i64 %newIndex2_cast" [/home/ylxiao_seas_upenn_edu/Roseetta/rosetta/spam-filter/src/sdsoc/sgd.cpp:129->/home/ylxiao_seas_upenn_edu/Roseetta/rosetta/spam-filter/src/sdsoc/sgd.cpp:201]   --->   Operation 135 'getelementptr' 'theta_local_V_23_add' <Predicate = (!tmp_15)> <Delay = 0.00>
ST_13 : Operation 136 [1/1] (0.00ns)   --->   "%theta_local_V_25_add = getelementptr [32 x i32]* @theta_local_V_25, i64 0, i64 %newIndex2_cast" [/home/ylxiao_seas_upenn_edu/Roseetta/rosetta/spam-filter/src/sdsoc/sgd.cpp:129->/home/ylxiao_seas_upenn_edu/Roseetta/rosetta/spam-filter/src/sdsoc/sgd.cpp:201]   --->   Operation 136 'getelementptr' 'theta_local_V_25_add' <Predicate = (!tmp_15)> <Delay = 0.00>
ST_13 : Operation 137 [1/1] (0.00ns)   --->   "%theta_local_V_27_add = getelementptr [32 x i32]* @theta_local_V_27, i64 0, i64 %newIndex2_cast" [/home/ylxiao_seas_upenn_edu/Roseetta/rosetta/spam-filter/src/sdsoc/sgd.cpp:129->/home/ylxiao_seas_upenn_edu/Roseetta/rosetta/spam-filter/src/sdsoc/sgd.cpp:201]   --->   Operation 137 'getelementptr' 'theta_local_V_27_add' <Predicate = (!tmp_15)> <Delay = 0.00>
ST_13 : Operation 138 [1/1] (0.00ns)   --->   "%theta_local_V_29_add = getelementptr [32 x i32]* @theta_local_V_29, i64 0, i64 %newIndex2_cast" [/home/ylxiao_seas_upenn_edu/Roseetta/rosetta/spam-filter/src/sdsoc/sgd.cpp:129->/home/ylxiao_seas_upenn_edu/Roseetta/rosetta/spam-filter/src/sdsoc/sgd.cpp:201]   --->   Operation 138 'getelementptr' 'theta_local_V_29_add' <Predicate = (!tmp_15)> <Delay = 0.00>
ST_13 : Operation 139 [1/1] (0.00ns)   --->   "%theta_local_V_31_add = getelementptr [32 x i32]* @theta_local_V_31, i64 0, i64 %newIndex2_cast" [/home/ylxiao_seas_upenn_edu/Roseetta/rosetta/spam-filter/src/sdsoc/sgd.cpp:129->/home/ylxiao_seas_upenn_edu/Roseetta/rosetta/spam-filter/src/sdsoc/sgd.cpp:201]   --->   Operation 139 'getelementptr' 'theta_local_V_31_add' <Predicate = (!tmp_15)> <Delay = 0.00>
ST_13 : Operation 140 [1/1] (0.78ns)   --->   "switch i4 %tmp_32, label %branch30 [
    i4 0, label %branch0
    i4 1, label %branch2
    i4 2, label %branch4
    i4 3, label %branch6
    i4 4, label %branch8
    i4 5, label %branch10
    i4 6, label %branch12
    i4 7, label %branch14
    i4 -8, label %branch16
    i4 -7, label %branch18
    i4 -6, label %branch20
    i4 -5, label %branch22
    i4 -4, label %branch24
    i4 -3, label %branch26
    i4 -2, label %branch28
  ]" [/home/ylxiao_seas_upenn_edu/Roseetta/rosetta/spam-filter/src/sdsoc/sgd.cpp:129->/home/ylxiao_seas_upenn_edu/Roseetta/rosetta/spam-filter/src/sdsoc/sgd.cpp:201]   --->   Operation 140 'switch' <Predicate = (!tmp_15)> <Delay = 0.78>
ST_13 : Operation 141 [2/2] (1.23ns)   --->   "%theta_local_V_29_loa = load i32* %theta_local_V_29_add, align 4" [/home/ylxiao_seas_upenn_edu/Roseetta/rosetta/spam-filter/src/sdsoc/sgd.cpp:129->/home/ylxiao_seas_upenn_edu/Roseetta/rosetta/spam-filter/src/sdsoc/sgd.cpp:201]   --->   Operation 141 'load' 'theta_local_V_29_loa' <Predicate = (!tmp_15 & tmp_32 == 14)> <Delay = 1.23> <Core = "RAM">   --->   Core 37 'RAM' <Latency = 1> <II = 1> <Delay = 1.23> <Storage> <Opcode : 'load' 'store'> <Ports = 2> <Width = 32> <Depth = 32> <RAM>
ST_13 : Operation 142 [2/2] (1.23ns)   --->   "%theta_local_V_27_loa = load i32* %theta_local_V_27_add, align 4" [/home/ylxiao_seas_upenn_edu/Roseetta/rosetta/spam-filter/src/sdsoc/sgd.cpp:129->/home/ylxiao_seas_upenn_edu/Roseetta/rosetta/spam-filter/src/sdsoc/sgd.cpp:201]   --->   Operation 142 'load' 'theta_local_V_27_loa' <Predicate = (!tmp_15 & tmp_32 == 13)> <Delay = 1.23> <Core = "RAM">   --->   Core 37 'RAM' <Latency = 1> <II = 1> <Delay = 1.23> <Storage> <Opcode : 'load' 'store'> <Ports = 2> <Width = 32> <Depth = 32> <RAM>
ST_13 : Operation 143 [2/2] (1.23ns)   --->   "%theta_local_V_25_loa = load i32* %theta_local_V_25_add, align 4" [/home/ylxiao_seas_upenn_edu/Roseetta/rosetta/spam-filter/src/sdsoc/sgd.cpp:129->/home/ylxiao_seas_upenn_edu/Roseetta/rosetta/spam-filter/src/sdsoc/sgd.cpp:201]   --->   Operation 143 'load' 'theta_local_V_25_loa' <Predicate = (!tmp_15 & tmp_32 == 12)> <Delay = 1.23> <Core = "RAM">   --->   Core 37 'RAM' <Latency = 1> <II = 1> <Delay = 1.23> <Storage> <Opcode : 'load' 'store'> <Ports = 2> <Width = 32> <Depth = 32> <RAM>
ST_13 : Operation 144 [2/2] (1.23ns)   --->   "%theta_local_V_23_loa = load i32* %theta_local_V_23_add, align 4" [/home/ylxiao_seas_upenn_edu/Roseetta/rosetta/spam-filter/src/sdsoc/sgd.cpp:129->/home/ylxiao_seas_upenn_edu/Roseetta/rosetta/spam-filter/src/sdsoc/sgd.cpp:201]   --->   Operation 144 'load' 'theta_local_V_23_loa' <Predicate = (!tmp_15 & tmp_32 == 11)> <Delay = 1.23> <Core = "RAM">   --->   Core 37 'RAM' <Latency = 1> <II = 1> <Delay = 1.23> <Storage> <Opcode : 'load' 'store'> <Ports = 2> <Width = 32> <Depth = 32> <RAM>
ST_13 : Operation 145 [2/2] (1.23ns)   --->   "%theta_local_V_21_loa = load i32* %theta_local_V_21_add, align 4" [/home/ylxiao_seas_upenn_edu/Roseetta/rosetta/spam-filter/src/sdsoc/sgd.cpp:129->/home/ylxiao_seas_upenn_edu/Roseetta/rosetta/spam-filter/src/sdsoc/sgd.cpp:201]   --->   Operation 145 'load' 'theta_local_V_21_loa' <Predicate = (!tmp_15 & tmp_32 == 10)> <Delay = 1.23> <Core = "RAM">   --->   Core 37 'RAM' <Latency = 1> <II = 1> <Delay = 1.23> <Storage> <Opcode : 'load' 'store'> <Ports = 2> <Width = 32> <Depth = 32> <RAM>
ST_13 : Operation 146 [2/2] (1.23ns)   --->   "%theta_local_V_19_loa = load i32* %theta_local_V_19_add, align 4" [/home/ylxiao_seas_upenn_edu/Roseetta/rosetta/spam-filter/src/sdsoc/sgd.cpp:129->/home/ylxiao_seas_upenn_edu/Roseetta/rosetta/spam-filter/src/sdsoc/sgd.cpp:201]   --->   Operation 146 'load' 'theta_local_V_19_loa' <Predicate = (!tmp_15 & tmp_32 == 9)> <Delay = 1.23> <Core = "RAM">   --->   Core 37 'RAM' <Latency = 1> <II = 1> <Delay = 1.23> <Storage> <Opcode : 'load' 'store'> <Ports = 2> <Width = 32> <Depth = 32> <RAM>
ST_13 : Operation 147 [2/2] (1.23ns)   --->   "%theta_local_V_17_loa = load i32* %theta_local_V_17_add, align 4" [/home/ylxiao_seas_upenn_edu/Roseetta/rosetta/spam-filter/src/sdsoc/sgd.cpp:129->/home/ylxiao_seas_upenn_edu/Roseetta/rosetta/spam-filter/src/sdsoc/sgd.cpp:201]   --->   Operation 147 'load' 'theta_local_V_17_loa' <Predicate = (!tmp_15 & tmp_32 == 8)> <Delay = 1.23> <Core = "RAM">   --->   Core 37 'RAM' <Latency = 1> <II = 1> <Delay = 1.23> <Storage> <Opcode : 'load' 'store'> <Ports = 2> <Width = 32> <Depth = 32> <RAM>
ST_13 : Operation 148 [2/2] (1.23ns)   --->   "%theta_local_V_15_loa = load i32* %theta_local_V_15_add, align 4" [/home/ylxiao_seas_upenn_edu/Roseetta/rosetta/spam-filter/src/sdsoc/sgd.cpp:129->/home/ylxiao_seas_upenn_edu/Roseetta/rosetta/spam-filter/src/sdsoc/sgd.cpp:201]   --->   Operation 148 'load' 'theta_local_V_15_loa' <Predicate = (!tmp_15 & tmp_32 == 7)> <Delay = 1.23> <Core = "RAM">   --->   Core 37 'RAM' <Latency = 1> <II = 1> <Delay = 1.23> <Storage> <Opcode : 'load' 'store'> <Ports = 2> <Width = 32> <Depth = 32> <RAM>
ST_13 : Operation 149 [2/2] (1.23ns)   --->   "%theta_local_V_13_loa = load i32* %theta_local_V_13_add, align 4" [/home/ylxiao_seas_upenn_edu/Roseetta/rosetta/spam-filter/src/sdsoc/sgd.cpp:129->/home/ylxiao_seas_upenn_edu/Roseetta/rosetta/spam-filter/src/sdsoc/sgd.cpp:201]   --->   Operation 149 'load' 'theta_local_V_13_loa' <Predicate = (!tmp_15 & tmp_32 == 6)> <Delay = 1.23> <Core = "RAM">   --->   Core 37 'RAM' <Latency = 1> <II = 1> <Delay = 1.23> <Storage> <Opcode : 'load' 'store'> <Ports = 2> <Width = 32> <Depth = 32> <RAM>
ST_13 : Operation 150 [2/2] (1.23ns)   --->   "%theta_local_V_11_loa = load i32* %theta_local_V_11_add, align 4" [/home/ylxiao_seas_upenn_edu/Roseetta/rosetta/spam-filter/src/sdsoc/sgd.cpp:129->/home/ylxiao_seas_upenn_edu/Roseetta/rosetta/spam-filter/src/sdsoc/sgd.cpp:201]   --->   Operation 150 'load' 'theta_local_V_11_loa' <Predicate = (!tmp_15 & tmp_32 == 5)> <Delay = 1.23> <Core = "RAM">   --->   Core 37 'RAM' <Latency = 1> <II = 1> <Delay = 1.23> <Storage> <Opcode : 'load' 'store'> <Ports = 2> <Width = 32> <Depth = 32> <RAM>
ST_13 : Operation 151 [2/2] (1.23ns)   --->   "%theta_local_V_9_load = load i32* %theta_local_V_9_addr, align 4" [/home/ylxiao_seas_upenn_edu/Roseetta/rosetta/spam-filter/src/sdsoc/sgd.cpp:129->/home/ylxiao_seas_upenn_edu/Roseetta/rosetta/spam-filter/src/sdsoc/sgd.cpp:201]   --->   Operation 151 'load' 'theta_local_V_9_load' <Predicate = (!tmp_15 & tmp_32 == 4)> <Delay = 1.23> <Core = "RAM">   --->   Core 37 'RAM' <Latency = 1> <II = 1> <Delay = 1.23> <Storage> <Opcode : 'load' 'store'> <Ports = 2> <Width = 32> <Depth = 32> <RAM>
ST_13 : Operation 152 [2/2] (1.23ns)   --->   "%theta_local_V_7_load = load i32* %theta_local_V_7_addr, align 4" [/home/ylxiao_seas_upenn_edu/Roseetta/rosetta/spam-filter/src/sdsoc/sgd.cpp:129->/home/ylxiao_seas_upenn_edu/Roseetta/rosetta/spam-filter/src/sdsoc/sgd.cpp:201]   --->   Operation 152 'load' 'theta_local_V_7_load' <Predicate = (!tmp_15 & tmp_32 == 3)> <Delay = 1.23> <Core = "RAM">   --->   Core 37 'RAM' <Latency = 1> <II = 1> <Delay = 1.23> <Storage> <Opcode : 'load' 'store'> <Ports = 2> <Width = 32> <Depth = 32> <RAM>
ST_13 : Operation 153 [2/2] (1.23ns)   --->   "%theta_local_V_5_load = load i32* %theta_local_V_5_addr, align 4" [/home/ylxiao_seas_upenn_edu/Roseetta/rosetta/spam-filter/src/sdsoc/sgd.cpp:129->/home/ylxiao_seas_upenn_edu/Roseetta/rosetta/spam-filter/src/sdsoc/sgd.cpp:201]   --->   Operation 153 'load' 'theta_local_V_5_load' <Predicate = (!tmp_15 & tmp_32 == 2)> <Delay = 1.23> <Core = "RAM">   --->   Core 37 'RAM' <Latency = 1> <II = 1> <Delay = 1.23> <Storage> <Opcode : 'load' 'store'> <Ports = 2> <Width = 32> <Depth = 32> <RAM>
ST_13 : Operation 154 [2/2] (1.23ns)   --->   "%theta_local_V_3_load = load i32* %theta_local_V_3_addr, align 4" [/home/ylxiao_seas_upenn_edu/Roseetta/rosetta/spam-filter/src/sdsoc/sgd.cpp:129->/home/ylxiao_seas_upenn_edu/Roseetta/rosetta/spam-filter/src/sdsoc/sgd.cpp:201]   --->   Operation 154 'load' 'theta_local_V_3_load' <Predicate = (!tmp_15 & tmp_32 == 1)> <Delay = 1.23> <Core = "RAM">   --->   Core 37 'RAM' <Latency = 1> <II = 1> <Delay = 1.23> <Storage> <Opcode : 'load' 'store'> <Ports = 2> <Width = 32> <Depth = 32> <RAM>
ST_13 : Operation 155 [2/2] (1.23ns)   --->   "%theta_local_V_1_load = load i32* %theta_local_V_1_addr, align 4" [/home/ylxiao_seas_upenn_edu/Roseetta/rosetta/spam-filter/src/sdsoc/sgd.cpp:129->/home/ylxiao_seas_upenn_edu/Roseetta/rosetta/spam-filter/src/sdsoc/sgd.cpp:201]   --->   Operation 155 'load' 'theta_local_V_1_load' <Predicate = (!tmp_15 & tmp_32 == 0)> <Delay = 1.23> <Core = "RAM">   --->   Core 37 'RAM' <Latency = 1> <II = 1> <Delay = 1.23> <Storage> <Opcode : 'load' 'store'> <Ports = 2> <Width = 32> <Depth = 32> <RAM>
ST_13 : Operation 156 [2/2] (1.23ns)   --->   "%theta_local_V_31_loa = load i32* %theta_local_V_31_add, align 4" [/home/ylxiao_seas_upenn_edu/Roseetta/rosetta/spam-filter/src/sdsoc/sgd.cpp:129->/home/ylxiao_seas_upenn_edu/Roseetta/rosetta/spam-filter/src/sdsoc/sgd.cpp:201]   --->   Operation 156 'load' 'theta_local_V_31_loa' <Predicate = (!tmp_15 & tmp_32 == 15)> <Delay = 1.23> <Core = "RAM">   --->   Core 37 'RAM' <Latency = 1> <II = 1> <Delay = 1.23> <Storage> <Opcode : 'load' 'store'> <Ports = 2> <Width = 32> <Depth = 32> <RAM>

State 14 <SV = 11> <Delay = 1.23>
ST_14 : Operation 157 [1/2] (1.23ns)   --->   "%theta_local_V_28_loa = load i32* %theta_local_V_28_add, align 8" [/home/ylxiao_seas_upenn_edu/Roseetta/rosetta/spam-filter/src/sdsoc/sgd.cpp:129->/home/ylxiao_seas_upenn_edu/Roseetta/rosetta/spam-filter/src/sdsoc/sgd.cpp:201]   --->   Operation 157 'load' 'theta_local_V_28_loa' <Predicate = (!tmp_15 & tmp_32 == 14)> <Delay = 1.23> <Core = "RAM">   --->   Core 37 'RAM' <Latency = 1> <II = 1> <Delay = 1.23> <Storage> <Opcode : 'load' 'store'> <Ports = 2> <Width = 32> <Depth = 32> <RAM>
ST_14 : Operation 158 [1/1] (1.12ns)   --->   "br label %2" [/home/ylxiao_seas_upenn_edu/Roseetta/rosetta/spam-filter/src/sdsoc/sgd.cpp:129->/home/ylxiao_seas_upenn_edu/Roseetta/rosetta/spam-filter/src/sdsoc/sgd.cpp:201]   --->   Operation 158 'br' <Predicate = (!tmp_15 & tmp_32 == 14)> <Delay = 1.12>
ST_14 : Operation 159 [1/2] (1.23ns)   --->   "%theta_local_V_26_loa = load i32* %theta_local_V_26_add, align 8" [/home/ylxiao_seas_upenn_edu/Roseetta/rosetta/spam-filter/src/sdsoc/sgd.cpp:129->/home/ylxiao_seas_upenn_edu/Roseetta/rosetta/spam-filter/src/sdsoc/sgd.cpp:201]   --->   Operation 159 'load' 'theta_local_V_26_loa' <Predicate = (!tmp_15 & tmp_32 == 13)> <Delay = 1.23> <Core = "RAM">   --->   Core 37 'RAM' <Latency = 1> <II = 1> <Delay = 1.23> <Storage> <Opcode : 'load' 'store'> <Ports = 2> <Width = 32> <Depth = 32> <RAM>
ST_14 : Operation 160 [1/1] (1.12ns)   --->   "br label %2" [/home/ylxiao_seas_upenn_edu/Roseetta/rosetta/spam-filter/src/sdsoc/sgd.cpp:129->/home/ylxiao_seas_upenn_edu/Roseetta/rosetta/spam-filter/src/sdsoc/sgd.cpp:201]   --->   Operation 160 'br' <Predicate = (!tmp_15 & tmp_32 == 13)> <Delay = 1.12>
ST_14 : Operation 161 [1/2] (1.23ns)   --->   "%theta_local_V_24_loa = load i32* %theta_local_V_24_add, align 8" [/home/ylxiao_seas_upenn_edu/Roseetta/rosetta/spam-filter/src/sdsoc/sgd.cpp:129->/home/ylxiao_seas_upenn_edu/Roseetta/rosetta/spam-filter/src/sdsoc/sgd.cpp:201]   --->   Operation 161 'load' 'theta_local_V_24_loa' <Predicate = (!tmp_15 & tmp_32 == 12)> <Delay = 1.23> <Core = "RAM">   --->   Core 37 'RAM' <Latency = 1> <II = 1> <Delay = 1.23> <Storage> <Opcode : 'load' 'store'> <Ports = 2> <Width = 32> <Depth = 32> <RAM>
ST_14 : Operation 162 [1/1] (1.12ns)   --->   "br label %2" [/home/ylxiao_seas_upenn_edu/Roseetta/rosetta/spam-filter/src/sdsoc/sgd.cpp:129->/home/ylxiao_seas_upenn_edu/Roseetta/rosetta/spam-filter/src/sdsoc/sgd.cpp:201]   --->   Operation 162 'br' <Predicate = (!tmp_15 & tmp_32 == 12)> <Delay = 1.12>
ST_14 : Operation 163 [1/2] (1.23ns)   --->   "%theta_local_V_22_loa = load i32* %theta_local_V_22_add, align 8" [/home/ylxiao_seas_upenn_edu/Roseetta/rosetta/spam-filter/src/sdsoc/sgd.cpp:129->/home/ylxiao_seas_upenn_edu/Roseetta/rosetta/spam-filter/src/sdsoc/sgd.cpp:201]   --->   Operation 163 'load' 'theta_local_V_22_loa' <Predicate = (!tmp_15 & tmp_32 == 11)> <Delay = 1.23> <Core = "RAM">   --->   Core 37 'RAM' <Latency = 1> <II = 1> <Delay = 1.23> <Storage> <Opcode : 'load' 'store'> <Ports = 2> <Width = 32> <Depth = 32> <RAM>
ST_14 : Operation 164 [1/1] (1.12ns)   --->   "br label %2" [/home/ylxiao_seas_upenn_edu/Roseetta/rosetta/spam-filter/src/sdsoc/sgd.cpp:129->/home/ylxiao_seas_upenn_edu/Roseetta/rosetta/spam-filter/src/sdsoc/sgd.cpp:201]   --->   Operation 164 'br' <Predicate = (!tmp_15 & tmp_32 == 11)> <Delay = 1.12>
ST_14 : Operation 165 [1/2] (1.23ns)   --->   "%theta_local_V_20_loa = load i32* %theta_local_V_20_add, align 8" [/home/ylxiao_seas_upenn_edu/Roseetta/rosetta/spam-filter/src/sdsoc/sgd.cpp:129->/home/ylxiao_seas_upenn_edu/Roseetta/rosetta/spam-filter/src/sdsoc/sgd.cpp:201]   --->   Operation 165 'load' 'theta_local_V_20_loa' <Predicate = (!tmp_15 & tmp_32 == 10)> <Delay = 1.23> <Core = "RAM">   --->   Core 37 'RAM' <Latency = 1> <II = 1> <Delay = 1.23> <Storage> <Opcode : 'load' 'store'> <Ports = 2> <Width = 32> <Depth = 32> <RAM>
ST_14 : Operation 166 [1/1] (1.12ns)   --->   "br label %2" [/home/ylxiao_seas_upenn_edu/Roseetta/rosetta/spam-filter/src/sdsoc/sgd.cpp:129->/home/ylxiao_seas_upenn_edu/Roseetta/rosetta/spam-filter/src/sdsoc/sgd.cpp:201]   --->   Operation 166 'br' <Predicate = (!tmp_15 & tmp_32 == 10)> <Delay = 1.12>
ST_14 : Operation 167 [1/2] (1.23ns)   --->   "%theta_local_V_18_loa = load i32* %theta_local_V_18_add, align 8" [/home/ylxiao_seas_upenn_edu/Roseetta/rosetta/spam-filter/src/sdsoc/sgd.cpp:129->/home/ylxiao_seas_upenn_edu/Roseetta/rosetta/spam-filter/src/sdsoc/sgd.cpp:201]   --->   Operation 167 'load' 'theta_local_V_18_loa' <Predicate = (!tmp_15 & tmp_32 == 9)> <Delay = 1.23> <Core = "RAM">   --->   Core 37 'RAM' <Latency = 1> <II = 1> <Delay = 1.23> <Storage> <Opcode : 'load' 'store'> <Ports = 2> <Width = 32> <Depth = 32> <RAM>
ST_14 : Operation 168 [1/1] (1.12ns)   --->   "br label %2" [/home/ylxiao_seas_upenn_edu/Roseetta/rosetta/spam-filter/src/sdsoc/sgd.cpp:129->/home/ylxiao_seas_upenn_edu/Roseetta/rosetta/spam-filter/src/sdsoc/sgd.cpp:201]   --->   Operation 168 'br' <Predicate = (!tmp_15 & tmp_32 == 9)> <Delay = 1.12>
ST_14 : Operation 169 [1/2] (1.23ns)   --->   "%theta_local_V_16_loa = load i32* %theta_local_V_16_add, align 8" [/home/ylxiao_seas_upenn_edu/Roseetta/rosetta/spam-filter/src/sdsoc/sgd.cpp:129->/home/ylxiao_seas_upenn_edu/Roseetta/rosetta/spam-filter/src/sdsoc/sgd.cpp:201]   --->   Operation 169 'load' 'theta_local_V_16_loa' <Predicate = (!tmp_15 & tmp_32 == 8)> <Delay = 1.23> <Core = "RAM">   --->   Core 37 'RAM' <Latency = 1> <II = 1> <Delay = 1.23> <Storage> <Opcode : 'load' 'store'> <Ports = 2> <Width = 32> <Depth = 32> <RAM>
ST_14 : Operation 170 [1/1] (1.12ns)   --->   "br label %2" [/home/ylxiao_seas_upenn_edu/Roseetta/rosetta/spam-filter/src/sdsoc/sgd.cpp:129->/home/ylxiao_seas_upenn_edu/Roseetta/rosetta/spam-filter/src/sdsoc/sgd.cpp:201]   --->   Operation 170 'br' <Predicate = (!tmp_15 & tmp_32 == 8)> <Delay = 1.12>
ST_14 : Operation 171 [1/2] (1.23ns)   --->   "%theta_local_V_14_loa = load i32* %theta_local_V_14_add, align 8" [/home/ylxiao_seas_upenn_edu/Roseetta/rosetta/spam-filter/src/sdsoc/sgd.cpp:129->/home/ylxiao_seas_upenn_edu/Roseetta/rosetta/spam-filter/src/sdsoc/sgd.cpp:201]   --->   Operation 171 'load' 'theta_local_V_14_loa' <Predicate = (!tmp_15 & tmp_32 == 7)> <Delay = 1.23> <Core = "RAM">   --->   Core 37 'RAM' <Latency = 1> <II = 1> <Delay = 1.23> <Storage> <Opcode : 'load' 'store'> <Ports = 2> <Width = 32> <Depth = 32> <RAM>
ST_14 : Operation 172 [1/1] (1.12ns)   --->   "br label %2" [/home/ylxiao_seas_upenn_edu/Roseetta/rosetta/spam-filter/src/sdsoc/sgd.cpp:129->/home/ylxiao_seas_upenn_edu/Roseetta/rosetta/spam-filter/src/sdsoc/sgd.cpp:201]   --->   Operation 172 'br' <Predicate = (!tmp_15 & tmp_32 == 7)> <Delay = 1.12>
ST_14 : Operation 173 [1/2] (1.23ns)   --->   "%theta_local_V_12_loa = load i32* %theta_local_V_12_add, align 8" [/home/ylxiao_seas_upenn_edu/Roseetta/rosetta/spam-filter/src/sdsoc/sgd.cpp:129->/home/ylxiao_seas_upenn_edu/Roseetta/rosetta/spam-filter/src/sdsoc/sgd.cpp:201]   --->   Operation 173 'load' 'theta_local_V_12_loa' <Predicate = (!tmp_15 & tmp_32 == 6)> <Delay = 1.23> <Core = "RAM">   --->   Core 37 'RAM' <Latency = 1> <II = 1> <Delay = 1.23> <Storage> <Opcode : 'load' 'store'> <Ports = 2> <Width = 32> <Depth = 32> <RAM>
ST_14 : Operation 174 [1/1] (1.12ns)   --->   "br label %2" [/home/ylxiao_seas_upenn_edu/Roseetta/rosetta/spam-filter/src/sdsoc/sgd.cpp:129->/home/ylxiao_seas_upenn_edu/Roseetta/rosetta/spam-filter/src/sdsoc/sgd.cpp:201]   --->   Operation 174 'br' <Predicate = (!tmp_15 & tmp_32 == 6)> <Delay = 1.12>
ST_14 : Operation 175 [1/2] (1.23ns)   --->   "%theta_local_V_10_loa = load i32* %theta_local_V_10_add, align 8" [/home/ylxiao_seas_upenn_edu/Roseetta/rosetta/spam-filter/src/sdsoc/sgd.cpp:129->/home/ylxiao_seas_upenn_edu/Roseetta/rosetta/spam-filter/src/sdsoc/sgd.cpp:201]   --->   Operation 175 'load' 'theta_local_V_10_loa' <Predicate = (!tmp_15 & tmp_32 == 5)> <Delay = 1.23> <Core = "RAM">   --->   Core 37 'RAM' <Latency = 1> <II = 1> <Delay = 1.23> <Storage> <Opcode : 'load' 'store'> <Ports = 2> <Width = 32> <Depth = 32> <RAM>
ST_14 : Operation 176 [1/1] (1.12ns)   --->   "br label %2" [/home/ylxiao_seas_upenn_edu/Roseetta/rosetta/spam-filter/src/sdsoc/sgd.cpp:129->/home/ylxiao_seas_upenn_edu/Roseetta/rosetta/spam-filter/src/sdsoc/sgd.cpp:201]   --->   Operation 176 'br' <Predicate = (!tmp_15 & tmp_32 == 5)> <Delay = 1.12>
ST_14 : Operation 177 [1/2] (1.23ns)   --->   "%theta_local_V_8_load = load i32* %theta_local_V_8_addr, align 8" [/home/ylxiao_seas_upenn_edu/Roseetta/rosetta/spam-filter/src/sdsoc/sgd.cpp:129->/home/ylxiao_seas_upenn_edu/Roseetta/rosetta/spam-filter/src/sdsoc/sgd.cpp:201]   --->   Operation 177 'load' 'theta_local_V_8_load' <Predicate = (!tmp_15 & tmp_32 == 4)> <Delay = 1.23> <Core = "RAM">   --->   Core 37 'RAM' <Latency = 1> <II = 1> <Delay = 1.23> <Storage> <Opcode : 'load' 'store'> <Ports = 2> <Width = 32> <Depth = 32> <RAM>
ST_14 : Operation 178 [1/1] (1.12ns)   --->   "br label %2" [/home/ylxiao_seas_upenn_edu/Roseetta/rosetta/spam-filter/src/sdsoc/sgd.cpp:129->/home/ylxiao_seas_upenn_edu/Roseetta/rosetta/spam-filter/src/sdsoc/sgd.cpp:201]   --->   Operation 178 'br' <Predicate = (!tmp_15 & tmp_32 == 4)> <Delay = 1.12>
ST_14 : Operation 179 [1/2] (1.23ns)   --->   "%theta_local_V_6_load = load i32* %theta_local_V_6_addr, align 8" [/home/ylxiao_seas_upenn_edu/Roseetta/rosetta/spam-filter/src/sdsoc/sgd.cpp:129->/home/ylxiao_seas_upenn_edu/Roseetta/rosetta/spam-filter/src/sdsoc/sgd.cpp:201]   --->   Operation 179 'load' 'theta_local_V_6_load' <Predicate = (!tmp_15 & tmp_32 == 3)> <Delay = 1.23> <Core = "RAM">   --->   Core 37 'RAM' <Latency = 1> <II = 1> <Delay = 1.23> <Storage> <Opcode : 'load' 'store'> <Ports = 2> <Width = 32> <Depth = 32> <RAM>
ST_14 : Operation 180 [1/1] (1.12ns)   --->   "br label %2" [/home/ylxiao_seas_upenn_edu/Roseetta/rosetta/spam-filter/src/sdsoc/sgd.cpp:129->/home/ylxiao_seas_upenn_edu/Roseetta/rosetta/spam-filter/src/sdsoc/sgd.cpp:201]   --->   Operation 180 'br' <Predicate = (!tmp_15 & tmp_32 == 3)> <Delay = 1.12>
ST_14 : Operation 181 [1/2] (1.23ns)   --->   "%theta_local_V_4_load = load i32* %theta_local_V_4_addr, align 8" [/home/ylxiao_seas_upenn_edu/Roseetta/rosetta/spam-filter/src/sdsoc/sgd.cpp:129->/home/ylxiao_seas_upenn_edu/Roseetta/rosetta/spam-filter/src/sdsoc/sgd.cpp:201]   --->   Operation 181 'load' 'theta_local_V_4_load' <Predicate = (!tmp_15 & tmp_32 == 2)> <Delay = 1.23> <Core = "RAM">   --->   Core 37 'RAM' <Latency = 1> <II = 1> <Delay = 1.23> <Storage> <Opcode : 'load' 'store'> <Ports = 2> <Width = 32> <Depth = 32> <RAM>
ST_14 : Operation 182 [1/1] (1.12ns)   --->   "br label %2" [/home/ylxiao_seas_upenn_edu/Roseetta/rosetta/spam-filter/src/sdsoc/sgd.cpp:129->/home/ylxiao_seas_upenn_edu/Roseetta/rosetta/spam-filter/src/sdsoc/sgd.cpp:201]   --->   Operation 182 'br' <Predicate = (!tmp_15 & tmp_32 == 2)> <Delay = 1.12>
ST_14 : Operation 183 [1/2] (1.23ns)   --->   "%theta_local_V_2_load = load i32* %theta_local_V_2_addr, align 8" [/home/ylxiao_seas_upenn_edu/Roseetta/rosetta/spam-filter/src/sdsoc/sgd.cpp:129->/home/ylxiao_seas_upenn_edu/Roseetta/rosetta/spam-filter/src/sdsoc/sgd.cpp:201]   --->   Operation 183 'load' 'theta_local_V_2_load' <Predicate = (!tmp_15 & tmp_32 == 1)> <Delay = 1.23> <Core = "RAM">   --->   Core 37 'RAM' <Latency = 1> <II = 1> <Delay = 1.23> <Storage> <Opcode : 'load' 'store'> <Ports = 2> <Width = 32> <Depth = 32> <RAM>
ST_14 : Operation 184 [1/1] (1.12ns)   --->   "br label %2" [/home/ylxiao_seas_upenn_edu/Roseetta/rosetta/spam-filter/src/sdsoc/sgd.cpp:129->/home/ylxiao_seas_upenn_edu/Roseetta/rosetta/spam-filter/src/sdsoc/sgd.cpp:201]   --->   Operation 184 'br' <Predicate = (!tmp_15 & tmp_32 == 1)> <Delay = 1.12>
ST_14 : Operation 185 [1/2] (1.23ns)   --->   "%theta_local_V_0_load = load i32* %theta_local_V_0_addr, align 8" [/home/ylxiao_seas_upenn_edu/Roseetta/rosetta/spam-filter/src/sdsoc/sgd.cpp:129->/home/ylxiao_seas_upenn_edu/Roseetta/rosetta/spam-filter/src/sdsoc/sgd.cpp:201]   --->   Operation 185 'load' 'theta_local_V_0_load' <Predicate = (!tmp_15 & tmp_32 == 0)> <Delay = 1.23> <Core = "RAM">   --->   Core 37 'RAM' <Latency = 1> <II = 1> <Delay = 1.23> <Storage> <Opcode : 'load' 'store'> <Ports = 2> <Width = 32> <Depth = 32> <RAM>
ST_14 : Operation 186 [1/1] (1.12ns)   --->   "br label %2" [/home/ylxiao_seas_upenn_edu/Roseetta/rosetta/spam-filter/src/sdsoc/sgd.cpp:129->/home/ylxiao_seas_upenn_edu/Roseetta/rosetta/spam-filter/src/sdsoc/sgd.cpp:201]   --->   Operation 186 'br' <Predicate = (!tmp_15 & tmp_32 == 0)> <Delay = 1.12>
ST_14 : Operation 187 [1/2] (1.23ns)   --->   "%theta_local_V_30_loa = load i32* %theta_local_V_30_add, align 8" [/home/ylxiao_seas_upenn_edu/Roseetta/rosetta/spam-filter/src/sdsoc/sgd.cpp:129->/home/ylxiao_seas_upenn_edu/Roseetta/rosetta/spam-filter/src/sdsoc/sgd.cpp:201]   --->   Operation 187 'load' 'theta_local_V_30_loa' <Predicate = (!tmp_15 & tmp_32 == 15)> <Delay = 1.23> <Core = "RAM">   --->   Core 37 'RAM' <Latency = 1> <II = 1> <Delay = 1.23> <Storage> <Opcode : 'load' 'store'> <Ports = 2> <Width = 32> <Depth = 32> <RAM>
ST_14 : Operation 188 [1/1] (1.12ns)   --->   "br label %2" [/home/ylxiao_seas_upenn_edu/Roseetta/rosetta/spam-filter/src/sdsoc/sgd.cpp:129->/home/ylxiao_seas_upenn_edu/Roseetta/rosetta/spam-filter/src/sdsoc/sgd.cpp:201]   --->   Operation 188 'br' <Predicate = (!tmp_15 & tmp_32 == 15)> <Delay = 1.12>
ST_14 : Operation 189 [1/2] (1.23ns)   --->   "%theta_local_V_29_loa = load i32* %theta_local_V_29_add, align 4" [/home/ylxiao_seas_upenn_edu/Roseetta/rosetta/spam-filter/src/sdsoc/sgd.cpp:129->/home/ylxiao_seas_upenn_edu/Roseetta/rosetta/spam-filter/src/sdsoc/sgd.cpp:201]   --->   Operation 189 'load' 'theta_local_V_29_loa' <Predicate = (!tmp_15 & tmp_32 == 14)> <Delay = 1.23> <Core = "RAM">   --->   Core 37 'RAM' <Latency = 1> <II = 1> <Delay = 1.23> <Storage> <Opcode : 'load' 'store'> <Ports = 2> <Width = 32> <Depth = 32> <RAM>
ST_14 : Operation 190 [1/1] (1.12ns)   --->   "br label %3" [/home/ylxiao_seas_upenn_edu/Roseetta/rosetta/spam-filter/src/sdsoc/sgd.cpp:129->/home/ylxiao_seas_upenn_edu/Roseetta/rosetta/spam-filter/src/sdsoc/sgd.cpp:201]   --->   Operation 190 'br' <Predicate = (!tmp_15 & tmp_32 == 14)> <Delay = 1.12>
ST_14 : Operation 191 [1/2] (1.23ns)   --->   "%theta_local_V_27_loa = load i32* %theta_local_V_27_add, align 4" [/home/ylxiao_seas_upenn_edu/Roseetta/rosetta/spam-filter/src/sdsoc/sgd.cpp:129->/home/ylxiao_seas_upenn_edu/Roseetta/rosetta/spam-filter/src/sdsoc/sgd.cpp:201]   --->   Operation 191 'load' 'theta_local_V_27_loa' <Predicate = (!tmp_15 & tmp_32 == 13)> <Delay = 1.23> <Core = "RAM">   --->   Core 37 'RAM' <Latency = 1> <II = 1> <Delay = 1.23> <Storage> <Opcode : 'load' 'store'> <Ports = 2> <Width = 32> <Depth = 32> <RAM>
ST_14 : Operation 192 [1/1] (1.12ns)   --->   "br label %3" [/home/ylxiao_seas_upenn_edu/Roseetta/rosetta/spam-filter/src/sdsoc/sgd.cpp:129->/home/ylxiao_seas_upenn_edu/Roseetta/rosetta/spam-filter/src/sdsoc/sgd.cpp:201]   --->   Operation 192 'br' <Predicate = (!tmp_15 & tmp_32 == 13)> <Delay = 1.12>
ST_14 : Operation 193 [1/2] (1.23ns)   --->   "%theta_local_V_25_loa = load i32* %theta_local_V_25_add, align 4" [/home/ylxiao_seas_upenn_edu/Roseetta/rosetta/spam-filter/src/sdsoc/sgd.cpp:129->/home/ylxiao_seas_upenn_edu/Roseetta/rosetta/spam-filter/src/sdsoc/sgd.cpp:201]   --->   Operation 193 'load' 'theta_local_V_25_loa' <Predicate = (!tmp_15 & tmp_32 == 12)> <Delay = 1.23> <Core = "RAM">   --->   Core 37 'RAM' <Latency = 1> <II = 1> <Delay = 1.23> <Storage> <Opcode : 'load' 'store'> <Ports = 2> <Width = 32> <Depth = 32> <RAM>
ST_14 : Operation 194 [1/1] (1.12ns)   --->   "br label %3" [/home/ylxiao_seas_upenn_edu/Roseetta/rosetta/spam-filter/src/sdsoc/sgd.cpp:129->/home/ylxiao_seas_upenn_edu/Roseetta/rosetta/spam-filter/src/sdsoc/sgd.cpp:201]   --->   Operation 194 'br' <Predicate = (!tmp_15 & tmp_32 == 12)> <Delay = 1.12>
ST_14 : Operation 195 [1/2] (1.23ns)   --->   "%theta_local_V_23_loa = load i32* %theta_local_V_23_add, align 4" [/home/ylxiao_seas_upenn_edu/Roseetta/rosetta/spam-filter/src/sdsoc/sgd.cpp:129->/home/ylxiao_seas_upenn_edu/Roseetta/rosetta/spam-filter/src/sdsoc/sgd.cpp:201]   --->   Operation 195 'load' 'theta_local_V_23_loa' <Predicate = (!tmp_15 & tmp_32 == 11)> <Delay = 1.23> <Core = "RAM">   --->   Core 37 'RAM' <Latency = 1> <II = 1> <Delay = 1.23> <Storage> <Opcode : 'load' 'store'> <Ports = 2> <Width = 32> <Depth = 32> <RAM>
ST_14 : Operation 196 [1/1] (1.12ns)   --->   "br label %3" [/home/ylxiao_seas_upenn_edu/Roseetta/rosetta/spam-filter/src/sdsoc/sgd.cpp:129->/home/ylxiao_seas_upenn_edu/Roseetta/rosetta/spam-filter/src/sdsoc/sgd.cpp:201]   --->   Operation 196 'br' <Predicate = (!tmp_15 & tmp_32 == 11)> <Delay = 1.12>
ST_14 : Operation 197 [1/2] (1.23ns)   --->   "%theta_local_V_21_loa = load i32* %theta_local_V_21_add, align 4" [/home/ylxiao_seas_upenn_edu/Roseetta/rosetta/spam-filter/src/sdsoc/sgd.cpp:129->/home/ylxiao_seas_upenn_edu/Roseetta/rosetta/spam-filter/src/sdsoc/sgd.cpp:201]   --->   Operation 197 'load' 'theta_local_V_21_loa' <Predicate = (!tmp_15 & tmp_32 == 10)> <Delay = 1.23> <Core = "RAM">   --->   Core 37 'RAM' <Latency = 1> <II = 1> <Delay = 1.23> <Storage> <Opcode : 'load' 'store'> <Ports = 2> <Width = 32> <Depth = 32> <RAM>
ST_14 : Operation 198 [1/1] (1.12ns)   --->   "br label %3" [/home/ylxiao_seas_upenn_edu/Roseetta/rosetta/spam-filter/src/sdsoc/sgd.cpp:129->/home/ylxiao_seas_upenn_edu/Roseetta/rosetta/spam-filter/src/sdsoc/sgd.cpp:201]   --->   Operation 198 'br' <Predicate = (!tmp_15 & tmp_32 == 10)> <Delay = 1.12>
ST_14 : Operation 199 [1/2] (1.23ns)   --->   "%theta_local_V_19_loa = load i32* %theta_local_V_19_add, align 4" [/home/ylxiao_seas_upenn_edu/Roseetta/rosetta/spam-filter/src/sdsoc/sgd.cpp:129->/home/ylxiao_seas_upenn_edu/Roseetta/rosetta/spam-filter/src/sdsoc/sgd.cpp:201]   --->   Operation 199 'load' 'theta_local_V_19_loa' <Predicate = (!tmp_15 & tmp_32 == 9)> <Delay = 1.23> <Core = "RAM">   --->   Core 37 'RAM' <Latency = 1> <II = 1> <Delay = 1.23> <Storage> <Opcode : 'load' 'store'> <Ports = 2> <Width = 32> <Depth = 32> <RAM>
ST_14 : Operation 200 [1/1] (1.12ns)   --->   "br label %3" [/home/ylxiao_seas_upenn_edu/Roseetta/rosetta/spam-filter/src/sdsoc/sgd.cpp:129->/home/ylxiao_seas_upenn_edu/Roseetta/rosetta/spam-filter/src/sdsoc/sgd.cpp:201]   --->   Operation 200 'br' <Predicate = (!tmp_15 & tmp_32 == 9)> <Delay = 1.12>
ST_14 : Operation 201 [1/2] (1.23ns)   --->   "%theta_local_V_17_loa = load i32* %theta_local_V_17_add, align 4" [/home/ylxiao_seas_upenn_edu/Roseetta/rosetta/spam-filter/src/sdsoc/sgd.cpp:129->/home/ylxiao_seas_upenn_edu/Roseetta/rosetta/spam-filter/src/sdsoc/sgd.cpp:201]   --->   Operation 201 'load' 'theta_local_V_17_loa' <Predicate = (!tmp_15 & tmp_32 == 8)> <Delay = 1.23> <Core = "RAM">   --->   Core 37 'RAM' <Latency = 1> <II = 1> <Delay = 1.23> <Storage> <Opcode : 'load' 'store'> <Ports = 2> <Width = 32> <Depth = 32> <RAM>
ST_14 : Operation 202 [1/1] (1.12ns)   --->   "br label %3" [/home/ylxiao_seas_upenn_edu/Roseetta/rosetta/spam-filter/src/sdsoc/sgd.cpp:129->/home/ylxiao_seas_upenn_edu/Roseetta/rosetta/spam-filter/src/sdsoc/sgd.cpp:201]   --->   Operation 202 'br' <Predicate = (!tmp_15 & tmp_32 == 8)> <Delay = 1.12>
ST_14 : Operation 203 [1/2] (1.23ns)   --->   "%theta_local_V_15_loa = load i32* %theta_local_V_15_add, align 4" [/home/ylxiao_seas_upenn_edu/Roseetta/rosetta/spam-filter/src/sdsoc/sgd.cpp:129->/home/ylxiao_seas_upenn_edu/Roseetta/rosetta/spam-filter/src/sdsoc/sgd.cpp:201]   --->   Operation 203 'load' 'theta_local_V_15_loa' <Predicate = (!tmp_15 & tmp_32 == 7)> <Delay = 1.23> <Core = "RAM">   --->   Core 37 'RAM' <Latency = 1> <II = 1> <Delay = 1.23> <Storage> <Opcode : 'load' 'store'> <Ports = 2> <Width = 32> <Depth = 32> <RAM>
ST_14 : Operation 204 [1/1] (1.12ns)   --->   "br label %3" [/home/ylxiao_seas_upenn_edu/Roseetta/rosetta/spam-filter/src/sdsoc/sgd.cpp:129->/home/ylxiao_seas_upenn_edu/Roseetta/rosetta/spam-filter/src/sdsoc/sgd.cpp:201]   --->   Operation 204 'br' <Predicate = (!tmp_15 & tmp_32 == 7)> <Delay = 1.12>
ST_14 : Operation 205 [1/2] (1.23ns)   --->   "%theta_local_V_13_loa = load i32* %theta_local_V_13_add, align 4" [/home/ylxiao_seas_upenn_edu/Roseetta/rosetta/spam-filter/src/sdsoc/sgd.cpp:129->/home/ylxiao_seas_upenn_edu/Roseetta/rosetta/spam-filter/src/sdsoc/sgd.cpp:201]   --->   Operation 205 'load' 'theta_local_V_13_loa' <Predicate = (!tmp_15 & tmp_32 == 6)> <Delay = 1.23> <Core = "RAM">   --->   Core 37 'RAM' <Latency = 1> <II = 1> <Delay = 1.23> <Storage> <Opcode : 'load' 'store'> <Ports = 2> <Width = 32> <Depth = 32> <RAM>
ST_14 : Operation 206 [1/1] (1.12ns)   --->   "br label %3" [/home/ylxiao_seas_upenn_edu/Roseetta/rosetta/spam-filter/src/sdsoc/sgd.cpp:129->/home/ylxiao_seas_upenn_edu/Roseetta/rosetta/spam-filter/src/sdsoc/sgd.cpp:201]   --->   Operation 206 'br' <Predicate = (!tmp_15 & tmp_32 == 6)> <Delay = 1.12>
ST_14 : Operation 207 [1/2] (1.23ns)   --->   "%theta_local_V_11_loa = load i32* %theta_local_V_11_add, align 4" [/home/ylxiao_seas_upenn_edu/Roseetta/rosetta/spam-filter/src/sdsoc/sgd.cpp:129->/home/ylxiao_seas_upenn_edu/Roseetta/rosetta/spam-filter/src/sdsoc/sgd.cpp:201]   --->   Operation 207 'load' 'theta_local_V_11_loa' <Predicate = (!tmp_15 & tmp_32 == 5)> <Delay = 1.23> <Core = "RAM">   --->   Core 37 'RAM' <Latency = 1> <II = 1> <Delay = 1.23> <Storage> <Opcode : 'load' 'store'> <Ports = 2> <Width = 32> <Depth = 32> <RAM>
ST_14 : Operation 208 [1/1] (1.12ns)   --->   "br label %3" [/home/ylxiao_seas_upenn_edu/Roseetta/rosetta/spam-filter/src/sdsoc/sgd.cpp:129->/home/ylxiao_seas_upenn_edu/Roseetta/rosetta/spam-filter/src/sdsoc/sgd.cpp:201]   --->   Operation 208 'br' <Predicate = (!tmp_15 & tmp_32 == 5)> <Delay = 1.12>
ST_14 : Operation 209 [1/2] (1.23ns)   --->   "%theta_local_V_9_load = load i32* %theta_local_V_9_addr, align 4" [/home/ylxiao_seas_upenn_edu/Roseetta/rosetta/spam-filter/src/sdsoc/sgd.cpp:129->/home/ylxiao_seas_upenn_edu/Roseetta/rosetta/spam-filter/src/sdsoc/sgd.cpp:201]   --->   Operation 209 'load' 'theta_local_V_9_load' <Predicate = (!tmp_15 & tmp_32 == 4)> <Delay = 1.23> <Core = "RAM">   --->   Core 37 'RAM' <Latency = 1> <II = 1> <Delay = 1.23> <Storage> <Opcode : 'load' 'store'> <Ports = 2> <Width = 32> <Depth = 32> <RAM>
ST_14 : Operation 210 [1/1] (1.12ns)   --->   "br label %3" [/home/ylxiao_seas_upenn_edu/Roseetta/rosetta/spam-filter/src/sdsoc/sgd.cpp:129->/home/ylxiao_seas_upenn_edu/Roseetta/rosetta/spam-filter/src/sdsoc/sgd.cpp:201]   --->   Operation 210 'br' <Predicate = (!tmp_15 & tmp_32 == 4)> <Delay = 1.12>
ST_14 : Operation 211 [1/2] (1.23ns)   --->   "%theta_local_V_7_load = load i32* %theta_local_V_7_addr, align 4" [/home/ylxiao_seas_upenn_edu/Roseetta/rosetta/spam-filter/src/sdsoc/sgd.cpp:129->/home/ylxiao_seas_upenn_edu/Roseetta/rosetta/spam-filter/src/sdsoc/sgd.cpp:201]   --->   Operation 211 'load' 'theta_local_V_7_load' <Predicate = (!tmp_15 & tmp_32 == 3)> <Delay = 1.23> <Core = "RAM">   --->   Core 37 'RAM' <Latency = 1> <II = 1> <Delay = 1.23> <Storage> <Opcode : 'load' 'store'> <Ports = 2> <Width = 32> <Depth = 32> <RAM>
ST_14 : Operation 212 [1/1] (1.12ns)   --->   "br label %3" [/home/ylxiao_seas_upenn_edu/Roseetta/rosetta/spam-filter/src/sdsoc/sgd.cpp:129->/home/ylxiao_seas_upenn_edu/Roseetta/rosetta/spam-filter/src/sdsoc/sgd.cpp:201]   --->   Operation 212 'br' <Predicate = (!tmp_15 & tmp_32 == 3)> <Delay = 1.12>
ST_14 : Operation 213 [1/2] (1.23ns)   --->   "%theta_local_V_5_load = load i32* %theta_local_V_5_addr, align 4" [/home/ylxiao_seas_upenn_edu/Roseetta/rosetta/spam-filter/src/sdsoc/sgd.cpp:129->/home/ylxiao_seas_upenn_edu/Roseetta/rosetta/spam-filter/src/sdsoc/sgd.cpp:201]   --->   Operation 213 'load' 'theta_local_V_5_load' <Predicate = (!tmp_15 & tmp_32 == 2)> <Delay = 1.23> <Core = "RAM">   --->   Core 37 'RAM' <Latency = 1> <II = 1> <Delay = 1.23> <Storage> <Opcode : 'load' 'store'> <Ports = 2> <Width = 32> <Depth = 32> <RAM>
ST_14 : Operation 214 [1/1] (1.12ns)   --->   "br label %3" [/home/ylxiao_seas_upenn_edu/Roseetta/rosetta/spam-filter/src/sdsoc/sgd.cpp:129->/home/ylxiao_seas_upenn_edu/Roseetta/rosetta/spam-filter/src/sdsoc/sgd.cpp:201]   --->   Operation 214 'br' <Predicate = (!tmp_15 & tmp_32 == 2)> <Delay = 1.12>
ST_14 : Operation 215 [1/2] (1.23ns)   --->   "%theta_local_V_3_load = load i32* %theta_local_V_3_addr, align 4" [/home/ylxiao_seas_upenn_edu/Roseetta/rosetta/spam-filter/src/sdsoc/sgd.cpp:129->/home/ylxiao_seas_upenn_edu/Roseetta/rosetta/spam-filter/src/sdsoc/sgd.cpp:201]   --->   Operation 215 'load' 'theta_local_V_3_load' <Predicate = (!tmp_15 & tmp_32 == 1)> <Delay = 1.23> <Core = "RAM">   --->   Core 37 'RAM' <Latency = 1> <II = 1> <Delay = 1.23> <Storage> <Opcode : 'load' 'store'> <Ports = 2> <Width = 32> <Depth = 32> <RAM>
ST_14 : Operation 216 [1/1] (1.12ns)   --->   "br label %3" [/home/ylxiao_seas_upenn_edu/Roseetta/rosetta/spam-filter/src/sdsoc/sgd.cpp:129->/home/ylxiao_seas_upenn_edu/Roseetta/rosetta/spam-filter/src/sdsoc/sgd.cpp:201]   --->   Operation 216 'br' <Predicate = (!tmp_15 & tmp_32 == 1)> <Delay = 1.12>
ST_14 : Operation 217 [1/2] (1.23ns)   --->   "%theta_local_V_1_load = load i32* %theta_local_V_1_addr, align 4" [/home/ylxiao_seas_upenn_edu/Roseetta/rosetta/spam-filter/src/sdsoc/sgd.cpp:129->/home/ylxiao_seas_upenn_edu/Roseetta/rosetta/spam-filter/src/sdsoc/sgd.cpp:201]   --->   Operation 217 'load' 'theta_local_V_1_load' <Predicate = (!tmp_15 & tmp_32 == 0)> <Delay = 1.23> <Core = "RAM">   --->   Core 37 'RAM' <Latency = 1> <II = 1> <Delay = 1.23> <Storage> <Opcode : 'load' 'store'> <Ports = 2> <Width = 32> <Depth = 32> <RAM>
ST_14 : Operation 218 [1/1] (1.12ns)   --->   "br label %3" [/home/ylxiao_seas_upenn_edu/Roseetta/rosetta/spam-filter/src/sdsoc/sgd.cpp:129->/home/ylxiao_seas_upenn_edu/Roseetta/rosetta/spam-filter/src/sdsoc/sgd.cpp:201]   --->   Operation 218 'br' <Predicate = (!tmp_15 & tmp_32 == 0)> <Delay = 1.12>
ST_14 : Operation 219 [1/2] (1.23ns)   --->   "%theta_local_V_31_loa = load i32* %theta_local_V_31_add, align 4" [/home/ylxiao_seas_upenn_edu/Roseetta/rosetta/spam-filter/src/sdsoc/sgd.cpp:129->/home/ylxiao_seas_upenn_edu/Roseetta/rosetta/spam-filter/src/sdsoc/sgd.cpp:201]   --->   Operation 219 'load' 'theta_local_V_31_loa' <Predicate = (!tmp_15 & tmp_32 == 15)> <Delay = 1.23> <Core = "RAM">   --->   Core 37 'RAM' <Latency = 1> <II = 1> <Delay = 1.23> <Storage> <Opcode : 'load' 'store'> <Ports = 2> <Width = 32> <Depth = 32> <RAM>
ST_14 : Operation 220 [1/1] (1.12ns)   --->   "br label %3" [/home/ylxiao_seas_upenn_edu/Roseetta/rosetta/spam-filter/src/sdsoc/sgd.cpp:129->/home/ylxiao_seas_upenn_edu/Roseetta/rosetta/spam-filter/src/sdsoc/sgd.cpp:201]   --->   Operation 220 'br' <Predicate = (!tmp_15 & tmp_32 == 15)> <Delay = 1.12>

State 15 <SV = 12> <Delay = 7.30>
ST_15 : Operation 221 [1/1] (0.00ns)   --->   "%p_Val2_22_0_phi = phi i32 [ %theta_local_V_0_load, %branch32 ], [ %theta_local_V_2_load, %branch34 ], [ %theta_local_V_4_load, %branch36 ], [ %theta_local_V_6_load, %branch38 ], [ %theta_local_V_8_load, %branch40 ], [ %theta_local_V_10_loa, %branch42 ], [ %theta_local_V_12_loa, %branch44 ], [ %theta_local_V_14_loa, %branch46 ], [ %theta_local_V_16_loa, %branch48 ], [ %theta_local_V_18_loa, %branch50 ], [ %theta_local_V_20_loa, %branch52 ], [ %theta_local_V_22_loa, %branch54 ], [ %theta_local_V_24_loa, %branch56 ], [ %theta_local_V_26_loa, %branch58 ], [ %theta_local_V_28_loa, %branch60 ], [ %theta_local_V_30_loa, %branch62 ]" [/home/ylxiao_seas_upenn_edu/Roseetta/rosetta/spam-filter/src/sdsoc/sgd.cpp:129->/home/ylxiao_seas_upenn_edu/Roseetta/rosetta/spam-filter/src/sdsoc/sgd.cpp:201]   --->   Operation 221 'phi' 'p_Val2_22_0_phi' <Predicate = (!tmp_15)> <Delay = 0.00>
ST_15 : Operation 222 [1/1] (0.00ns)   --->   "%p_Val2_22_1_phi = phi i32 [ %theta_local_V_1_load, %branch0 ], [ %theta_local_V_3_load, %branch2 ], [ %theta_local_V_5_load, %branch4 ], [ %theta_local_V_7_load, %branch6 ], [ %theta_local_V_9_load, %branch8 ], [ %theta_local_V_11_loa, %branch10 ], [ %theta_local_V_13_loa, %branch12 ], [ %theta_local_V_15_loa, %branch14 ], [ %theta_local_V_17_loa, %branch16 ], [ %theta_local_V_19_loa, %branch18 ], [ %theta_local_V_21_loa, %branch20 ], [ %theta_local_V_23_loa, %branch22 ], [ %theta_local_V_25_loa, %branch24 ], [ %theta_local_V_27_loa, %branch26 ], [ %theta_local_V_29_loa, %branch28 ], [ %theta_local_V_31_loa, %branch30 ]" [/home/ylxiao_seas_upenn_edu/Roseetta/rosetta/spam-filter/src/sdsoc/sgd.cpp:129->/home/ylxiao_seas_upenn_edu/Roseetta/rosetta/spam-filter/src/sdsoc/sgd.cpp:201]   --->   Operation 222 'phi' 'p_Val2_22_1_phi' <Predicate = (!tmp_15)> <Delay = 0.00>
ST_15 : Operation 223 [1/1] (0.00ns)   --->   "%p_Result_10_1 = call i64 @_ssdm_op_BitConcatenate.i64.i32.i32(i32 %p_Val2_22_1_phi, i32 %p_Val2_22_0_phi)" [/home/ylxiao_seas_upenn_edu/Roseetta/rosetta/spam-filter/src/sdsoc/sgd.cpp:129->/home/ylxiao_seas_upenn_edu/Roseetta/rosetta/spam-filter/src/sdsoc/sgd.cpp:201]   --->   Operation 223 'bitconcatenate' 'p_Result_10_1' <Predicate = (!tmp_15)> <Delay = 0.00>
ST_15 : Operation 224 [1/1] (7.30ns)   --->   "call void @_ssdm_op_Write.m_axi.i64P(i64* %theta_addr, i64 %p_Result_10_1, i8 -1)" [/home/ylxiao_seas_upenn_edu/Roseetta/rosetta/spam-filter/src/sdsoc/sgd.cpp:130->/home/ylxiao_seas_upenn_edu/Roseetta/rosetta/spam-filter/src/sdsoc/sgd.cpp:201]   --->   Operation 224 'write' <Predicate = (!tmp_15)> <Delay = 7.30> <Core = "m_axi">   --->   Core 9 'm_axi' <Latency = 6> <II = 1> <Delay = 1.00> <Adapter> <Opcode : 'read' 'write' 'readreq' 'writereq' 'writeresp'>
ST_15 : Operation 225 [1/1] (0.00ns)   --->   "%empty_64 = call i32 (...)* @_ssdm_op_SpecRegionEnd([11 x i8]* @p_str11, i32 %tmp_16)" [/home/ylxiao_seas_upenn_edu/Roseetta/rosetta/spam-filter/src/sdsoc/sgd.cpp:131->/home/ylxiao_seas_upenn_edu/Roseetta/rosetta/spam-filter/src/sdsoc/sgd.cpp:201]   --->   Operation 225 'specregionend' 'empty_64' <Predicate = (!tmp_15)> <Delay = 0.00>
ST_15 : Operation 226 [1/1] (0.00ns)   --->   "br label %.preheader72" [/home/ylxiao_seas_upenn_edu/Roseetta/rosetta/spam-filter/src/sdsoc/sgd.cpp:124->/home/ylxiao_seas_upenn_edu/Roseetta/rosetta/spam-filter/src/sdsoc/sgd.cpp:201]   --->   Operation 226 'br' <Predicate = (!tmp_15)> <Delay = 0.00>

State 16 <SV = 11> <Delay = 7.30>
ST_16 : Operation 227 [5/5] (7.30ns)   --->   "%theta_addr_wr_resp = call i1 @_ssdm_op_WriteResp.m_axi.i64P(i64* %theta_addr)" [/home/ylxiao_seas_upenn_edu/Roseetta/rosetta/spam-filter/src/sdsoc/sgd.cpp:130->/home/ylxiao_seas_upenn_edu/Roseetta/rosetta/spam-filter/src/sdsoc/sgd.cpp:201]   --->   Operation 227 'writeresp' 'theta_addr_wr_resp' <Predicate = true> <Delay = 7.30> <Core = "m_axi">   --->   Core 9 'm_axi' <Latency = 6> <II = 1> <Delay = 1.00> <Adapter> <Opcode : 'read' 'write' 'readreq' 'writereq' 'writeresp'>

State 17 <SV = 12> <Delay = 7.30>
ST_17 : Operation 228 [4/5] (7.30ns)   --->   "%theta_addr_wr_resp = call i1 @_ssdm_op_WriteResp.m_axi.i64P(i64* %theta_addr)" [/home/ylxiao_seas_upenn_edu/Roseetta/rosetta/spam-filter/src/sdsoc/sgd.cpp:130->/home/ylxiao_seas_upenn_edu/Roseetta/rosetta/spam-filter/src/sdsoc/sgd.cpp:201]   --->   Operation 228 'writeresp' 'theta_addr_wr_resp' <Predicate = true> <Delay = 7.30> <Core = "m_axi">   --->   Core 9 'm_axi' <Latency = 6> <II = 1> <Delay = 1.00> <Adapter> <Opcode : 'read' 'write' 'readreq' 'writereq' 'writeresp'>

State 18 <SV = 13> <Delay = 7.30>
ST_18 : Operation 229 [3/5] (7.30ns)   --->   "%theta_addr_wr_resp = call i1 @_ssdm_op_WriteResp.m_axi.i64P(i64* %theta_addr)" [/home/ylxiao_seas_upenn_edu/Roseetta/rosetta/spam-filter/src/sdsoc/sgd.cpp:130->/home/ylxiao_seas_upenn_edu/Roseetta/rosetta/spam-filter/src/sdsoc/sgd.cpp:201]   --->   Operation 229 'writeresp' 'theta_addr_wr_resp' <Predicate = true> <Delay = 7.30> <Core = "m_axi">   --->   Core 9 'm_axi' <Latency = 6> <II = 1> <Delay = 1.00> <Adapter> <Opcode : 'read' 'write' 'readreq' 'writereq' 'writeresp'>

State 19 <SV = 14> <Delay = 7.30>
ST_19 : Operation 230 [2/5] (7.30ns)   --->   "%theta_addr_wr_resp = call i1 @_ssdm_op_WriteResp.m_axi.i64P(i64* %theta_addr)" [/home/ylxiao_seas_upenn_edu/Roseetta/rosetta/spam-filter/src/sdsoc/sgd.cpp:130->/home/ylxiao_seas_upenn_edu/Roseetta/rosetta/spam-filter/src/sdsoc/sgd.cpp:201]   --->   Operation 230 'writeresp' 'theta_addr_wr_resp' <Predicate = true> <Delay = 7.30> <Core = "m_axi">   --->   Core 9 'm_axi' <Latency = 6> <II = 1> <Delay = 1.00> <Adapter> <Opcode : 'read' 'write' 'readreq' 'writereq' 'writeresp'>

State 20 <SV = 15> <Delay = 7.30>
ST_20 : Operation 231 [1/5] (7.30ns)   --->   "%theta_addr_wr_resp = call i1 @_ssdm_op_WriteResp.m_axi.i64P(i64* %theta_addr)" [/home/ylxiao_seas_upenn_edu/Roseetta/rosetta/spam-filter/src/sdsoc/sgd.cpp:130->/home/ylxiao_seas_upenn_edu/Roseetta/rosetta/spam-filter/src/sdsoc/sgd.cpp:201]   --->   Operation 231 'writeresp' 'theta_addr_wr_resp' <Predicate = (writeOutput_read)> <Delay = 7.30> <Core = "m_axi">   --->   Core 9 'm_axi' <Latency = 6> <II = 1> <Delay = 1.00> <Adapter> <Opcode : 'read' 'write' 'readreq' 'writereq' 'writeresp'>
ST_20 : Operation 232 [1/1] (0.00ns)   --->   "br label %._crit_edge62"   --->   Operation 232 'br' <Predicate = (writeOutput_read)> <Delay = 0.00>
ST_20 : Operation 233 [1/1] (0.00ns)   --->   "ret void" [/home/ylxiao_seas_upenn_edu/Roseetta/rosetta/spam-filter/src/sdsoc/sgd.cpp:202]   --->   Operation 233 'ret' <Predicate = true> <Delay = 0.00>


============================================================
+ Verbose Summary: Timing violations
============================================================
Target clock period: 10ns, clock uncertainty: 2.7ns.

 <State 1>: 7.3ns
The critical path consists of the following:
	wire read on port 'label_V' [80]  (0 ns)
	'getelementptr' operation ('label_addr') [86]  (0 ns)
	bus request on port 'label_r' (/home/ylxiao_seas_upenn_edu/Roseetta/rosetta/spam-filter/src/sdsoc/sgd.cpp:181) [99]  (7.3 ns)

 <State 2>: 7.3ns
The critical path consists of the following:
	bus request on port 'label_r' (/home/ylxiao_seas_upenn_edu/Roseetta/rosetta/spam-filter/src/sdsoc/sgd.cpp:181) [99]  (7.3 ns)

 <State 3>: 7.3ns
The critical path consists of the following:
	bus request on port 'label_r' (/home/ylxiao_seas_upenn_edu/Roseetta/rosetta/spam-filter/src/sdsoc/sgd.cpp:181) [99]  (7.3 ns)

 <State 4>: 7.3ns
The critical path consists of the following:
	bus request on port 'label_r' (/home/ylxiao_seas_upenn_edu/Roseetta/rosetta/spam-filter/src/sdsoc/sgd.cpp:181) [99]  (7.3 ns)

 <State 5>: 7.3ns
The critical path consists of the following:
	bus request on port 'label_r' (/home/ylxiao_seas_upenn_edu/Roseetta/rosetta/spam-filter/src/sdsoc/sgd.cpp:181) [99]  (7.3 ns)

 <State 6>: 7.3ns
The critical path consists of the following:
	bus request on port 'label_r' (/home/ylxiao_seas_upenn_edu/Roseetta/rosetta/spam-filter/src/sdsoc/sgd.cpp:181) [99]  (7.3 ns)

 <State 7>: 7.3ns
The critical path consists of the following:
	bus request on port 'label_r' (/home/ylxiao_seas_upenn_edu/Roseetta/rosetta/spam-filter/src/sdsoc/sgd.cpp:181) [99]  (7.3 ns)

 <State 8>: 0.944ns
The critical path consists of the following:
	'phi' operation ('i') with incoming values : ('i', /home/ylxiao_seas_upenn_edu/Roseetta/rosetta/spam-filter/src/sdsoc/sgd.cpp:178) [102]  (0 ns)
	'icmp' operation ('tmp_s', /home/ylxiao_seas_upenn_edu/Roseetta/rosetta/spam-filter/src/sdsoc/sgd.cpp:178) [103]  (0.944 ns)

 <State 9>: 7.3ns
The critical path consists of the following:
	bus read on port 'label_r' (/home/ylxiao_seas_upenn_edu/Roseetta/rosetta/spam-filter/src/sdsoc/sgd.cpp:181) [112]  (7.3 ns)

 <State 10>: 1.24ns
The critical path consists of the following:
	'getelementptr' operation ('label_local_V_3_addr', /home/ylxiao_seas_upenn_edu/Roseetta/rosetta/spam-filter/src/sdsoc/sgd.cpp:181) [123]  (0 ns)
	'store' operation (/home/ylxiao_seas_upenn_edu/Roseetta/rosetta/spam-filter/src/sdsoc/sgd.cpp:183) of variable 'p_Result_7_3', /home/ylxiao_seas_upenn_edu/Roseetta/rosetta/spam-filter/src/sdsoc/sgd.cpp:183 on array 'label_local_V_3' [124]  (1.24 ns)

 <State 11>: 0ns
The critical path consists of the following:

 <State 12>: 7.3ns
The critical path consists of the following:
	bus request on port 'theta' (/home/ylxiao_seas_upenn_edu/Roseetta/rosetta/spam-filter/src/sdsoc/sgd.cpp:130->/home/ylxiao_seas_upenn_edu/Roseetta/rosetta/spam-filter/src/sdsoc/sgd.cpp:201) [133]  (7.3 ns)

 <State 13>: 1.24ns
The critical path consists of the following:
	'phi' operation ('i') with incoming values : ('i', /home/ylxiao_seas_upenn_edu/Roseetta/rosetta/spam-filter/src/sdsoc/sgd.cpp:124->/home/ylxiao_seas_upenn_edu/Roseetta/rosetta/spam-filter/src/sdsoc/sgd.cpp:201) [136]  (0 ns)
	'getelementptr' operation ('theta_local_V_28_add', /home/ylxiao_seas_upenn_edu/Roseetta/rosetta/spam-filter/src/sdsoc/sgd.cpp:129->/home/ylxiao_seas_upenn_edu/Roseetta/rosetta/spam-filter/src/sdsoc/sgd.cpp:201) [161]  (0 ns)
	'load' operation ('theta_local_V_28_loa', /home/ylxiao_seas_upenn_edu/Roseetta/rosetta/spam-filter/src/sdsoc/sgd.cpp:129->/home/ylxiao_seas_upenn_edu/Roseetta/rosetta/spam-filter/src/sdsoc/sgd.cpp:201) on array 'theta_local_V_28' [166]  (1.24 ns)

 <State 14>: 1.24ns
The critical path consists of the following:
	'load' operation ('theta_local_V_28_loa', /home/ylxiao_seas_upenn_edu/Roseetta/rosetta/spam-filter/src/sdsoc/sgd.cpp:129->/home/ylxiao_seas_upenn_edu/Roseetta/rosetta/spam-filter/src/sdsoc/sgd.cpp:201) on array 'theta_local_V_28' [166]  (1.24 ns)

 <State 15>: 7.3ns
The critical path consists of the following:
	'phi' operation ('p_Val2_22_0_phi', /home/ylxiao_seas_upenn_edu/Roseetta/rosetta/spam-filter/src/sdsoc/sgd.cpp:129->/home/ylxiao_seas_upenn_edu/Roseetta/rosetta/spam-filter/src/sdsoc/sgd.cpp:201) with incoming values : ('theta_local_V_28_loa', /home/ylxiao_seas_upenn_edu/Roseetta/rosetta/spam-filter/src/sdsoc/sgd.cpp:129->/home/ylxiao_seas_upenn_edu/Roseetta/rosetta/spam-filter/src/sdsoc/sgd.cpp:201) ('theta_local_V_26_loa', /home/ylxiao_seas_upenn_edu/Roseetta/rosetta/spam-filter/src/sdsoc/sgd.cpp:129->/home/ylxiao_seas_upenn_edu/Roseetta/rosetta/spam-filter/src/sdsoc/sgd.cpp:201) ('theta_local_V_24_loa', /home/ylxiao_seas_upenn_edu/Roseetta/rosetta/spam-filter/src/sdsoc/sgd.cpp:129->/home/ylxiao_seas_upenn_edu/Roseetta/rosetta/spam-filter/src/sdsoc/sgd.cpp:201) ('theta_local_V_22_loa', /home/ylxiao_seas_upenn_edu/Roseetta/rosetta/spam-filter/src/sdsoc/sgd.cpp:129->/home/ylxiao_seas_upenn_edu/Roseetta/rosetta/spam-filter/src/sdsoc/sgd.cpp:201) ('theta_local_V_20_loa', /home/ylxiao_seas_upenn_edu/Roseetta/rosetta/spam-filter/src/sdsoc/sgd.cpp:129->/home/ylxiao_seas_upenn_edu/Roseetta/rosetta/spam-filter/src/sdsoc/sgd.cpp:201) ('theta_local_V_18_loa', /home/ylxiao_seas_upenn_edu/Roseetta/rosetta/spam-filter/src/sdsoc/sgd.cpp:129->/home/ylxiao_seas_upenn_edu/Roseetta/rosetta/spam-filter/src/sdsoc/sgd.cpp:201) ('theta_local_V_16_loa', /home/ylxiao_seas_upenn_edu/Roseetta/rosetta/spam-filter/src/sdsoc/sgd.cpp:129->/home/ylxiao_seas_upenn_edu/Roseetta/rosetta/spam-filter/src/sdsoc/sgd.cpp:201) ('theta_local_V_14_loa', /home/ylxiao_seas_upenn_edu/Roseetta/rosetta/spam-filter/src/sdsoc/sgd.cpp:129->/home/ylxiao_seas_upenn_edu/Roseetta/rosetta/spam-filter/src/sdsoc/sgd.cpp:201) ('theta_local_V_12_loa', /home/ylxiao_seas_upenn_edu/Roseetta/rosetta/spam-filter/src/sdsoc/sgd.cpp:129->/home/ylxiao_seas_upenn_edu/Roseetta/rosetta/spam-filter/src/sdsoc/sgd.cpp:201) ('theta_local_V_10_loa', /home/ylxiao_seas_upenn_edu/Roseetta/rosetta/spam-filter/src/sdsoc/sgd.cpp:129->/home/ylxiao_seas_upenn_edu/Roseetta/rosetta/spam-filter/src/sdsoc/sgd.cpp:201) ('theta_local_V_8_load', /home/ylxiao_seas_upenn_edu/Roseetta/rosetta/spam-filter/src/sdsoc/sgd.cpp:129->/home/ylxiao_seas_upenn_edu/Roseetta/rosetta/spam-filter/src/sdsoc/sgd.cpp:201) ('theta_local_V_6_load', /home/ylxiao_seas_upenn_edu/Roseetta/rosetta/spam-filter/src/sdsoc/sgd.cpp:129->/home/ylxiao_seas_upenn_edu/Roseetta/rosetta/spam-filter/src/sdsoc/sgd.cpp:201) ('theta_local_V_4_load', /home/ylxiao_seas_upenn_edu/Roseetta/rosetta/spam-filter/src/sdsoc/sgd.cpp:129->/home/ylxiao_seas_upenn_edu/Roseetta/rosetta/spam-filter/src/sdsoc/sgd.cpp:201) ('theta_local_V_2_load', /home/ylxiao_seas_upenn_edu/Roseetta/rosetta/spam-filter/src/sdsoc/sgd.cpp:129->/home/ylxiao_seas_upenn_edu/Roseetta/rosetta/spam-filter/src/sdsoc/sgd.cpp:201) ('theta_local_V_0_load', /home/ylxiao_seas_upenn_edu/Roseetta/rosetta/spam-filter/src/sdsoc/sgd.cpp:129->/home/ylxiao_seas_upenn_edu/Roseetta/rosetta/spam-filter/src/sdsoc/sgd.cpp:201) ('theta_local_V_30_loa', /home/ylxiao_seas_upenn_edu/Roseetta/rosetta/spam-filter/src/sdsoc/sgd.cpp:129->/home/ylxiao_seas_upenn_edu/Roseetta/rosetta/spam-filter/src/sdsoc/sgd.cpp:201) [214]  (0 ns)
	bus write on port 'theta' (/home/ylxiao_seas_upenn_edu/Roseetta/rosetta/spam-filter/src/sdsoc/sgd.cpp:130->/home/ylxiao_seas_upenn_edu/Roseetta/rosetta/spam-filter/src/sdsoc/sgd.cpp:201) [283]  (7.3 ns)

 <State 16>: 7.3ns
The critical path consists of the following:
	bus access on port 'theta' (/home/ylxiao_seas_upenn_edu/Roseetta/rosetta/spam-filter/src/sdsoc/sgd.cpp:130->/home/ylxiao_seas_upenn_edu/Roseetta/rosetta/spam-filter/src/sdsoc/sgd.cpp:201) [287]  (7.3 ns)

 <State 17>: 7.3ns
The critical path consists of the following:
	bus access on port 'theta' (/home/ylxiao_seas_upenn_edu/Roseetta/rosetta/spam-filter/src/sdsoc/sgd.cpp:130->/home/ylxiao_seas_upenn_edu/Roseetta/rosetta/spam-filter/src/sdsoc/sgd.cpp:201) [287]  (7.3 ns)

 <State 18>: 7.3ns
The critical path consists of the following:
	bus access on port 'theta' (/home/ylxiao_seas_upenn_edu/Roseetta/rosetta/spam-filter/src/sdsoc/sgd.cpp:130->/home/ylxiao_seas_upenn_edu/Roseetta/rosetta/spam-filter/src/sdsoc/sgd.cpp:201) [287]  (7.3 ns)

 <State 19>: 7.3ns
The critical path consists of the following:
	bus access on port 'theta' (/home/ylxiao_seas_upenn_edu/Roseetta/rosetta/spam-filter/src/sdsoc/sgd.cpp:130->/home/ylxiao_seas_upenn_edu/Roseetta/rosetta/spam-filter/src/sdsoc/sgd.cpp:201) [287]  (7.3 ns)

 <State 20>: 7.3ns
The critical path consists of the following:
	bus access on port 'theta' (/home/ylxiao_seas_upenn_edu/Roseetta/rosetta/spam-filter/src/sdsoc/sgd.cpp:130->/home/ylxiao_seas_upenn_edu/Roseetta/rosetta/spam-filter/src/sdsoc/sgd.cpp:201) [287]  (7.3 ns)


============================================================
+ Verbose Summary: Binding
============================================================
N/A
* FSMD analyzer results:
  - Output states:
 - Input state : 
  - Chain level:
	State 1
	State 2
	State 3
	State 4
	State 5
	State 6
	State 7
	State 8
	State 9
	State 10
	State 11
	State 12
	State 13
	State 14
	State 15
	State 16
	State 17
	State 18
	State 19
	State 20


============================================================
+ Verbose Summary: Datapath Resource usage 
============================================================
N/A
