#-----------------------------------------------------------
# Vivado v2018.2 (64-bit)
# SW Build 2258646 on Thu Jun 14 20:02:38 MDT 2018
# IP Build 2256618 on Thu Jun 14 22:10:49 MDT 2018
# Start of session at: Thu Aug 13 01:51:04 2020
# Process ID: 5600
# Current directory: /home/ylxiao_seas_upenn_edu/Roseetta/rosetta/optical-flow/_sds/vhls/optical_flow/solution/impl/ip
# Command line: vivado -notrace -mode batch -source run_ippack.tcl
# Log file: /home/ylxiao_seas_upenn_edu/Roseetta/rosetta/optical-flow/_sds/vhls/optical_flow/solution/impl/ip/vivado.log
# Journal file: /home/ylxiao_seas_upenn_edu/Roseetta/rosetta/optical-flow/_sds/vhls/optical_flow/solution/impl/ip/vivado.jou
#-----------------------------------------------------------
source run_ippack.tcl -notrace
INFO: [IP_Flow 19-234] Refreshing IP repositories
INFO: [IP_Flow 19-1704] No user IP repositories specified
INFO: [IP_Flow 19-2313] Loaded Vivado IP repository '/apps/xilinx/2018.2/Vivado/2018.2/data/ip'.
WARNING: [IP_Flow 19-4832] The IP name 'a0_optical_flow_ap_fadd_2_full_dsp_32' you have specified is long. The Windows operating system has path length limitations. It is recommended you use shorter names to reduce the likelihood of issues.
INFO: [IP_Flow 19-1686] Generating 'Synthesis' target for IP 'a0_optical_flow_ap_fadd_2_full_dsp_32'...
INFO: [IP_Flow 19-1686] Generating 'Simulation' target for IP 'a0_optical_flow_ap_fadd_2_full_dsp_32'...
WARNING: [IP_Flow 19-4832] The IP name 'a0_optical_flow_ap_fdiv_7_no_dsp_32' you have specified is long. The Windows operating system has path length limitations. It is recommended you use shorter names to reduce the likelihood of issues.
INFO: [IP_Flow 19-1686] Generating 'Synthesis' target for IP 'a0_optical_flow_ap_fdiv_7_no_dsp_32'...
INFO: [IP_Flow 19-1686] Generating 'Simulation' target for IP 'a0_optical_flow_ap_fdiv_7_no_dsp_32'...
WARNING: [IP_Flow 19-4832] The IP name 'a0_optical_flow_ap_fmul_1_max_dsp_32' you have specified is long. The Windows operating system has path length limitations. It is recommended you use shorter names to reduce the likelihood of issues.
INFO: [IP_Flow 19-1686] Generating 'Synthesis' target for IP 'a0_optical_flow_ap_fmul_1_max_dsp_32'...
INFO: [IP_Flow 19-1686] Generating 'Simulation' target for IP 'a0_optical_flow_ap_fmul_1_max_dsp_32'...
WARNING: [IP_Flow 19-4832] The IP name 'a0_optical_flow_ap_fsub_2_full_dsp_32' you have specified is long. The Windows operating system has path length limitations. It is recommended you use shorter names to reduce the likelihood of issues.
INFO: [IP_Flow 19-1686] Generating 'Synthesis' target for IP 'a0_optical_flow_ap_fsub_2_full_dsp_32'...
INFO: [IP_Flow 19-1686] Generating 'Simulation' target for IP 'a0_optical_flow_ap_fsub_2_full_dsp_32'...
WARNING: [IP_Flow 19-4832] The IP name 'a0_optical_flow_ap_uitofp_2_no_dsp_32' you have specified is long. The Windows operating system has path length limitations. It is recommended you use shorter names to reduce the likelihood of issues.
INFO: [IP_Flow 19-1686] Generating 'Synthesis' target for IP 'a0_optical_flow_ap_uitofp_2_no_dsp_32'...
INFO: [IP_Flow 19-1686] Generating 'Simulation' target for IP 'a0_optical_flow_ap_uitofp_2_no_dsp_32'...
INFO: [IP_Flow 19-234] Refreshing IP repositories
INFO: [IP_Flow 19-1704] No user IP repositories specified
INFO: [IP_Flow 19-2313] Loaded Vivado IP repository '/apps/xilinx/2018.2/Vivado/2018.2/data/ip'.
INFO: [Common 17-206] Exiting Vivado at Thu Aug 13 01:51:26 2020...
