
****** Vivado(TM) HLS - High-Level Synthesis from C, C++ and SystemC v2018.2 (64-bit)
  **** SW Build 2258646 on Thu Jun 14 20:02:38 MDT 2018
  **** IP Build 2256618 on Thu Jun 14 22:10:49 MDT 2018
    ** Copyright 1986-2018 Xilinx, Inc. All Rights Reserved.

source /apps/xilinx/2018.2/Vivado/2018.2/scripts/vivado_hls/hls.tcl -notrace
INFO: [HLS 200-10] Running '/apps/xilinx/2018.2/Vivado/2018.2/bin/unwrapped/lnx64.o/vivado_hls'
INFO: [HLS 200-10] For user 'ylxiao_seas_upenn_edu' on host 'prflow-compute-0-0.c.trim-modem-277014.internal' (Linux_x86_64 version 3.10.0-1127.10.1.el7.x86_64) on Thu Aug 13 01:49:49 UTC 2020
INFO: [HLS 200-10] On os "CentOS Linux release 7.8.2003 (Core)"
INFO: [HLS 200-10] In directory '/home/ylxiao_seas_upenn_edu/Roseetta/rosetta/optical-flow/_sds/vhls'
INFO: [HLS 200-10] Creating and opening project '/home/ylxiao_seas_upenn_edu/Roseetta/rosetta/optical-flow/_sds/vhls/optical_flow'.
INFO: [HLS 200-10] Adding design file '/home/ylxiao_seas_upenn_edu/Roseetta/rosetta/optical-flow/src/sdsoc/optical_flow.cpp' to the project
INFO: [HLS 200-10] Creating and opening solution '/home/ylxiao_seas_upenn_edu/Roseetta/rosetta/optical-flow/_sds/vhls/optical_flow/solution'.
INFO: [HLS 200-10] Cleaning up the solution database.
INFO: [HLS 200-10] Setting target device to ' xczu9eg-ffvb1156-2-e '
INFO: [SYN 201-201] Setting up clock 'default' with a period of 10.001ns.
INFO: [SYN 201-201] Setting up clock 'default' with an uncertainty of 2.70027ns.
INFO: [HLS 200-10] Analyzing design file '/home/ylxiao_seas_upenn_edu/Roseetta/rosetta/optical-flow/src/sdsoc/optical_flow.cpp' ... 
WARNING: [HLS 214-111] Static variables and non-static stream cannot be used inside a dataflow region: /home/ylxiao_seas_upenn_edu/Roseetta/rosetta/optical-flow/src/sdsoc/optical_flow.cpp:415:17
INFO: [HLS 200-111] Finished Linking Time (s): cpu = 00:00:38 ; elapsed = 00:00:41 . Memory (MB): peak = 461.809 ; gain = 2.109 ; free physical = 62704 ; free virtual = 63421
INFO: [HLS 200-111] Finished Checking Pragmas Time (s): cpu = 00:00:38 ; elapsed = 00:00:41 . Memory (MB): peak = 461.809 ; gain = 2.109 ; free physical = 62704 ; free virtual = 63421
INFO: [HLS 200-10] Starting code transformations ...
INFO: [XFORM 203-501] Unrolling loop 'Loop-1' (/apps/xilinx/2018.2/Vivado/2018.2/common/technology/autopilot/hls/hls_video_mem.h:123) in function 'hls::Window<1, 7, gradient_t>::shift_pixels_left()' completely.
INFO: [XFORM 203-501] Unrolling loop 'Loop-1' (/apps/xilinx/2018.2/Vivado/2018.2/common/technology/autopilot/hls/hls_video_mem.h:123) in function 'hls::Window<1, 3, tensor_t>::shift_pixels_left()' completely.
INFO: [XFORM 203-603] Inlining function 'hls::Window<5, 5, float>::shift_pixels_left' into 'gradient_xy_calc' (/home/ylxiao_seas_upenn_edu/Roseetta/rosetta/optical-flow/src/sdsoc/optical_flow.cpp:78).
INFO: [XFORM 203-603] Inlining function 'hls::Window<5, 5, float>::shift_pixels_left' into 'gradient_xy_calc' (/home/ylxiao_seas_upenn_edu/Roseetta/rosetta/optical-flow/src/sdsoc/optical_flow.cpp:71).
INFO: [XFORM 203-603] Inlining function 'hls::Window<5, 5, float>::insert_pixel' into 'gradient_xy_calc' (/home/ylxiao_seas_upenn_edu/Roseetta/rosetta/optical-flow/src/sdsoc/optical_flow.cpp:74).
INFO: [XFORM 203-603] Inlining function 'hls::Window<5, 5, float>::insert_pixel' into 'gradient_xy_calc' (/home/ylxiao_seas_upenn_edu/Roseetta/rosetta/optical-flow/src/sdsoc/optical_flow.cpp:79).
INFO: [XFORM 203-603] Inlining function 'hls::Window<5, 5, float>::insert_pixel' into 'gradient_xy_calc' (/home/ylxiao_seas_upenn_edu/Roseetta/rosetta/optical-flow/src/sdsoc/optical_flow.cpp:80).
INFO: [XFORM 203-603] Inlining function 'hls::Window<5, 5, float>::insert_pixel' into 'gradient_xy_calc' (/home/ylxiao_seas_upenn_edu/Roseetta/rosetta/optical-flow/src/sdsoc/optical_flow.cpp:81).
INFO: [XFORM 203-603] Inlining function 'hls::Window<5, 5, float>::insert_pixel' into 'gradient_xy_calc' (/home/ylxiao_seas_upenn_edu/Roseetta/rosetta/optical-flow/src/sdsoc/optical_flow.cpp:82).
INFO: [XFORM 203-603] Inlining function 'hls::Window<5, 5, float>::insert_pixel' into 'gradient_xy_calc' (/home/ylxiao_seas_upenn_edu/Roseetta/rosetta/optical-flow/src/sdsoc/optical_flow.cpp:83).
INFO: [XFORM 203-603] Inlining function 'hls::Window<5, 5, float>::getval' into 'gradient_xy_calc' (/home/ylxiao_seas_upenn_edu/Roseetta/rosetta/optical-flow/src/sdsoc/optical_flow.cpp:94).
INFO: [XFORM 203-603] Inlining function 'hls::Window<5, 5, float>::getval' into 'gradient_xy_calc' (/home/ylxiao_seas_upenn_edu/Roseetta/rosetta/optical-flow/src/sdsoc/optical_flow.cpp:93).
INFO: [XFORM 203-603] Inlining function 'hls::LineBuffer<7, 1024, gradient_t, 0>::shift_pixels_up' into 'gradient_weight_y' (/home/ylxiao_seas_upenn_edu/Roseetta/rosetta/optical-flow/src/sdsoc/optical_flow.cpp:168).
INFO: [XFORM 203-603] Inlining function 'hls::LineBuffer<7, 1024, gradient_t, 0>::shift_pixels_up' into 'gradient_weight_y' (/home/ylxiao_seas_upenn_edu/Roseetta/rosetta/optical-flow/src/sdsoc/optical_flow.cpp:159).
INFO: [XFORM 203-603] Inlining function 'hls::LineBuffer<7, 1024, gradient_t, 0>::insert_bottom_row' into 'gradient_weight_y' (/home/ylxiao_seas_upenn_edu/Roseetta/rosetta/optical-flow/src/sdsoc/optical_flow.cpp:173).
INFO: [XFORM 203-603] Inlining function 'hls::LineBuffer<7, 1024, gradient_t, 0>::insert_bottom_row' into 'gradient_weight_y' (/home/ylxiao_seas_upenn_edu/Roseetta/rosetta/optical-flow/src/sdsoc/optical_flow.cpp:164).
INFO: [XFORM 203-603] Inlining function 'hls::LineBuffer<7, 1024, gradient_t, 0>::getval' into 'gradient_weight_y' (/home/ylxiao_seas_upenn_edu/Roseetta/rosetta/optical-flow/src/sdsoc/optical_flow.cpp:186).
INFO: [XFORM 203-603] Inlining function 'hls::LineBuffer<7, 1024, gradient_t, 0>::getval' into 'gradient_weight_y' (/home/ylxiao_seas_upenn_edu/Roseetta/rosetta/optical-flow/src/sdsoc/optical_flow.cpp:185).
INFO: [XFORM 203-603] Inlining function 'hls::LineBuffer<7, 1024, gradient_t, 0>::getval' into 'gradient_weight_y' (/home/ylxiao_seas_upenn_edu/Roseetta/rosetta/optical-flow/src/sdsoc/optical_flow.cpp:184).
INFO: [XFORM 203-603] Inlining function 'hls::Window<1, 7, gradient_t>::shift_pixels_left' into 'gradient_weight_x' (/home/ylxiao_seas_upenn_edu/Roseetta/rosetta/optical-flow/src/sdsoc/optical_flow.cpp:211).
INFO: [XFORM 203-603] Inlining function 'hls::Window<1, 7, gradient_t>::insert_pixel' into 'gradient_weight_x' (/home/ylxiao_seas_upenn_edu/Roseetta/rosetta/optical-flow/src/sdsoc/optical_flow.cpp:223).
INFO: [XFORM 203-603] Inlining function 'hls::Window<1, 7, gradient_t>::getval' into 'gradient_weight_x' (/home/ylxiao_seas_upenn_edu/Roseetta/rosetta/optical-flow/src/sdsoc/optical_flow.cpp:233).
INFO: [XFORM 203-603] Inlining function 'hls::Window<1, 7, gradient_t>::getval' into 'gradient_weight_x' (/home/ylxiao_seas_upenn_edu/Roseetta/rosetta/optical-flow/src/sdsoc/optical_flow.cpp:234).
INFO: [XFORM 203-603] Inlining function 'hls::Window<1, 7, gradient_t>::getval' into 'gradient_weight_x' (/home/ylxiao_seas_upenn_edu/Roseetta/rosetta/optical-flow/src/sdsoc/optical_flow.cpp:235).
INFO: [XFORM 203-603] Inlining function 'hls::LineBuffer<3, 1024, outer_t, 0>::shift_pixels_up' into 'tensor_weight_y' (/home/ylxiao_seas_upenn_edu/Roseetta/rosetta/optical-flow/src/sdsoc/optical_flow.cpp:289).
INFO: [XFORM 203-603] Inlining function 'hls::LineBuffer<3, 1024, outer_t, 0>::insert_bottom_row' into 'tensor_weight_y' (/home/ylxiao_seas_upenn_edu/Roseetta/rosetta/optical-flow/src/sdsoc/optical_flow.cpp:299).
INFO: [XFORM 203-603] Inlining function 'hls::LineBuffer<3, 1024, outer_t, 0>::getval' into 'tensor_weight_y' (/home/ylxiao_seas_upenn_edu/Roseetta/rosetta/optical-flow/src/sdsoc/optical_flow.cpp:309).
INFO: [XFORM 203-603] Inlining function 'hls::Window<1, 3, tensor_t>::shift_pixels_left' into 'tensor_weight_x' (/home/ylxiao_seas_upenn_edu/Roseetta/rosetta/optical-flow/src/sdsoc/optical_flow.cpp:337).
INFO: [XFORM 203-603] Inlining function 'hls::Window<1, 3, tensor_t>::insert_pixel' into 'tensor_weight_x' (/home/ylxiao_seas_upenn_edu/Roseetta/rosetta/optical-flow/src/sdsoc/optical_flow.cpp:348).
INFO: [XFORM 203-603] Inlining function 'hls::Window<1, 3, tensor_t>::getval' into 'tensor_weight_x' (/home/ylxiao_seas_upenn_edu/Roseetta/rosetta/optical-flow/src/sdsoc/optical_flow.cpp:357).
INFO: [HLS 200-111] Finished Standard Transforms Time (s): cpu = 00:00:39 ; elapsed = 00:00:42 . Memory (MB): peak = 591.098 ; gain = 131.398 ; free physical = 62670 ; free virtual = 63395
INFO: [HLS 200-10] Checking synthesizability ...
WARNING: [SYNCHK 200-18] /home/ylxiao_seas_upenn_edu/Roseetta/rosetta/optical-flow/src/sdsoc/optical_flow.cpp:462: unsafe type casting from type 'uint64' to type 'pixel_t' on variable '__Result__'.
INFO: [SYNCHK 200-10] 0 error(s), 1 warning(s).
INFO: [HLS 200-111] Finished Checking Synthesizability Time (s): cpu = 00:00:40 ; elapsed = 00:00:43 . Memory (MB): peak = 591.098 ; gain = 131.398 ; free physical = 62650 ; free virtual = 63378
INFO: [XFORM 203-1101] Packing variable 'outputs' (/home/ylxiao_seas_upenn_edu/Roseetta/rosetta/optical-flow/src/sdsoc/optical_flow.cpp:408) into a 64-bit variable.
INFO: [XFORM 203-1101] Packing variable 'tmp.val' (/home/ylxiao_seas_upenn_edu/Roseetta/rosetta/optical-flow/src/sdsoc/optical_flow.cpp:286) into a 192-bit variable.
INFO: [XFORM 203-1101] Packing variable 'buf.val.val' (/home/ylxiao_seas_upenn_edu/Roseetta/rosetta/optical-flow/src/sdsoc/optical_flow.cpp:278) into a 192-bit variable.
INFO: [XFORM 203-502] Unrolling all sub-loops inside loop 'TENSOR_WEIGHT_Y_INNER' (/home/ylxiao_seas_upenn_edu/Roseetta/rosetta/optical-flow/src/sdsoc/optical_flow.cpp:283) in function 'tensor_weight_y' for pipelining.
INFO: [XFORM 203-502] Unrolling all sub-loops inside loop 'TENSOR_WEIGHT_X_INNER' (/home/ylxiao_seas_upenn_edu/Roseetta/rosetta/optical-flow/src/sdsoc/optical_flow.cpp:335) in function 'tensor_weight_x' for pipelining.
INFO: [XFORM 203-502] Unrolling all sub-loops inside loop 'GRAD_WEIGHT_X_INNER' (/home/ylxiao_seas_upenn_edu/Roseetta/rosetta/optical-flow/src/sdsoc/optical_flow.cpp:209) in function 'gradient_weight_x' for pipelining.
INFO: [XFORM 203-502] Unrolling all sub-loops inside loop 'GRAD_WEIGHT_Y_INNER' (/home/ylxiao_seas_upenn_edu/Roseetta/rosetta/optical-flow/src/sdsoc/optical_flow.cpp:154) in function 'gradient_weight_y' for pipelining.
INFO: [XFORM 203-502] Unrolling all sub-loops inside loop 'GRAD_XY_INNER' (/home/ylxiao_seas_upenn_edu/Roseetta/rosetta/optical-flow/src/sdsoc/optical_flow.cpp:43) in function 'gradient_xy_calc' for pipelining.
INFO: [XFORM 203-501] Unrolling loop 'Loop-1.1.1' (/apps/xilinx/2018.2/Vivado/2018.2/common/technology/autopilot/hls/hls_video_mem.h:727) in function 'tensor_weight_y' completely.
INFO: [XFORM 203-501] Unrolling loop 'TENSOR_WEIGHT_Y_TMP_INIT' (/home/ylxiao_seas_upenn_edu/Roseetta/rosetta/optical-flow/src/sdsoc/optical_flow.cpp:297) in function 'tensor_weight_y' completely.
INFO: [XFORM 203-501] Unrolling loop 'TENSOR_WEIGHT_Y_ACC_INIT' (/home/ylxiao_seas_upenn_edu/Roseetta/rosetta/optical-flow/src/sdsoc/optical_flow.cpp:303) in function 'tensor_weight_y' completely.
INFO: [XFORM 203-501] Unrolling loop 'TENSOR_WEIGHT_Y_TMP_OUTER' (/home/ylxiao_seas_upenn_edu/Roseetta/rosetta/optical-flow/src/sdsoc/optical_flow.cpp:308) in function 'tensor_weight_y' completely.
INFO: [XFORM 203-501] Unrolling loop 'TENSOR_WEIGHT_Y_TMP_INNER' (/home/ylxiao_seas_upenn_edu/Roseetta/rosetta/optical-flow/src/sdsoc/optical_flow.cpp:312) in function 'tensor_weight_y' completely.
INFO: [XFORM 203-501] Unrolling loop 'Loop-1.1.1' (/apps/xilinx/2018.2/Vivado/2018.2/common/technology/autopilot/hls/hls_video_mem.h:125) in function 'tensor_weight_x' completely.
INFO: [XFORM 203-501] Unrolling loop 'TENSOR_WEIGHT_X_TMP_INIT' (/home/ylxiao_seas_upenn_edu/Roseetta/rosetta/optical-flow/src/sdsoc/optical_flow.cpp:346) in function 'tensor_weight_x' completely.
INFO: [XFORM 203-501] Unrolling loop 'TENSOR_WEIGHT_X_ACC_INIT' (/home/ylxiao_seas_upenn_edu/Roseetta/rosetta/optical-flow/src/sdsoc/optical_flow.cpp:352) in function 'tensor_weight_x' completely.
INFO: [XFORM 203-501] Unrolling loop 'TENSOR_WEIGHT_X_TMP_OUTER' (/home/ylxiao_seas_upenn_edu/Roseetta/rosetta/optical-flow/src/sdsoc/optical_flow.cpp:356) in function 'tensor_weight_x' completely.
INFO: [XFORM 203-501] Unrolling loop 'TENSOR_WEIGHT_X_TMP_INNER' (/home/ylxiao_seas_upenn_edu/Roseetta/rosetta/optical-flow/src/sdsoc/optical_flow.cpp:359) in function 'tensor_weight_x' completely.
INFO: [XFORM 203-501] Unrolling loop 'Loop-1.1.1' (/apps/xilinx/2018.2/Vivado/2018.2/common/technology/autopilot/hls/hls_video_mem.h:125) in function 'gradient_weight_x' completely.
INFO: [XFORM 203-501] Unrolling loop 'GRAD_WEIGHT_X_ACC' (/home/ylxiao_seas_upenn_edu/Roseetta/rosetta/optical-flow/src/sdsoc/optical_flow.cpp:232) in function 'gradient_weight_x' completely.
INFO: [XFORM 203-501] Unrolling loop 'Loop-1.1.1' (/apps/xilinx/2018.2/Vivado/2018.2/common/technology/autopilot/hls/hls_video_mem.h:727) in function 'gradient_weight_y' completely.
INFO: [XFORM 203-501] Unrolling loop 'Loop-1.1.2' (/apps/xilinx/2018.2/Vivado/2018.2/common/technology/autopilot/hls/hls_video_mem.h:727) in function 'gradient_weight_y' completely.
INFO: [XFORM 203-501] Unrolling loop 'GRAD_WEIGHT_Y_ACC' (/home/ylxiao_seas_upenn_edu/Roseetta/rosetta/optical-flow/src/sdsoc/optical_flow.cpp:183) in function 'gradient_weight_y' completely.
INFO: [XFORM 203-501] Unrolling loop 'Loop-1.1.1' (/home/ylxiao_seas_upenn_edu/Roseetta/rosetta/optical-flow/src/sdsoc/optical_flow.cpp:47) in function 'gradient_xy_calc' completely.
INFO: [XFORM 203-501] Unrolling loop 'Loop-1.1.2' (/home/ylxiao_seas_upenn_edu/Roseetta/rosetta/optical-flow/src/sdsoc/optical_flow.cpp:57) in function 'gradient_xy_calc' completely.
INFO: [XFORM 203-501] Unrolling loop 'Loop-1.1.3' (/home/ylxiao_seas_upenn_edu/Roseetta/rosetta/optical-flow/src/sdsoc/optical_flow.cpp:63) in function 'gradient_xy_calc' completely.
INFO: [XFORM 203-501] Unrolling loop 'Loop-1.1.4' (/apps/xilinx/2018.2/Vivado/2018.2/common/technology/autopilot/hls/hls_video_mem.h:123) in function 'gradient_xy_calc' completely.
INFO: [XFORM 203-501] Unrolling loop 'Loop-1.1.4.1' (/apps/xilinx/2018.2/Vivado/2018.2/common/technology/autopilot/hls/hls_video_mem.h:125) in function 'gradient_xy_calc' completely.
INFO: [XFORM 203-501] Unrolling loop 'Loop-1.1.5' (/home/ylxiao_seas_upenn_edu/Roseetta/rosetta/optical-flow/src/sdsoc/optical_flow.cpp:73) in function 'gradient_xy_calc' completely.
INFO: [XFORM 203-501] Unrolling loop 'Loop-1.1.6' (/apps/xilinx/2018.2/Vivado/2018.2/common/technology/autopilot/hls/hls_video_mem.h:123) in function 'gradient_xy_calc' completely.
INFO: [XFORM 203-501] Unrolling loop 'Loop-1.1.6.1' (/apps/xilinx/2018.2/Vivado/2018.2/common/technology/autopilot/hls/hls_video_mem.h:125) in function 'gradient_xy_calc' completely.
INFO: [XFORM 203-501] Unrolling loop 'GRAD_XY_XYGRAD' (/home/ylxiao_seas_upenn_edu/Roseetta/rosetta/optical-flow/src/sdsoc/optical_flow.cpp:92) in function 'gradient_xy_calc' completely.
INFO: [XFORM 203-102] Partitioning array 'acc.val' (/home/ylxiao_seas_upenn_edu/Roseetta/rosetta/optical-flow/src/sdsoc/optical_flow.cpp:301) automatically.
INFO: [XFORM 203-102] Partitioning array 'tmp.val' (/home/ylxiao_seas_upenn_edu/Roseetta/rosetta/optical-flow/src/sdsoc/optical_flow.cpp:338) automatically.
INFO: [XFORM 203-102] Partitioning array 'acc.val' (/home/ylxiao_seas_upenn_edu/Roseetta/rosetta/optical-flow/src/sdsoc/optical_flow.cpp:350) automatically.
INFO: [XFORM 203-101] Partitioning array 'buf.val.val' (/home/ylxiao_seas_upenn_edu/Roseetta/rosetta/optical-flow/src/sdsoc/optical_flow.cpp:278) in dimension 1 completely.
INFO: [XFORM 203-101] Partitioning array 'buf.val.val' (/home/ylxiao_seas_upenn_edu/Roseetta/rosetta/optical-flow/src/sdsoc/optical_flow.cpp:330) in dimension 1 completely.
INFO: [XFORM 203-101] Partitioning array 'buf.val.x' (/home/ylxiao_seas_upenn_edu/Roseetta/rosetta/optical-flow/src/sdsoc/optical_flow.cpp:204) in dimension 1 completely.
INFO: [XFORM 203-101] Partitioning array 'buf.val.y' (/home/ylxiao_seas_upenn_edu/Roseetta/rosetta/optical-flow/src/sdsoc/optical_flow.cpp:204) in dimension 1 completely.
INFO: [XFORM 203-101] Partitioning array 'buf.val.z' (/home/ylxiao_seas_upenn_edu/Roseetta/rosetta/optical-flow/src/sdsoc/optical_flow.cpp:204) in dimension 1 completely.
INFO: [XFORM 203-101] Partitioning array 'buf.val.x' (/home/ylxiao_seas_upenn_edu/Roseetta/rosetta/optical-flow/src/sdsoc/optical_flow.cpp:148) in dimension 1 completely.
INFO: [XFORM 203-101] Partitioning array 'buf.val.y' (/home/ylxiao_seas_upenn_edu/Roseetta/rosetta/optical-flow/src/sdsoc/optical_flow.cpp:148) in dimension 1 completely.
INFO: [XFORM 203-101] Partitioning array 'buf.val.z' (/home/ylxiao_seas_upenn_edu/Roseetta/rosetta/optical-flow/src/sdsoc/optical_flow.cpp:148) in dimension 1 completely.
INFO: [XFORM 203-101] Partitioning array 'buf'  in dimension 1 completely.
INFO: [XFORM 203-101] Partitioning array 'smallbuf' (/home/ylxiao_seas_upenn_edu/Roseetta/rosetta/optical-flow/src/sdsoc/optical_flow.cpp:32) in dimension 1 completely.
INFO: [XFORM 203-101] Partitioning array 'window.val' (/home/ylxiao_seas_upenn_edu/Roseetta/rosetta/optical-flow/src/sdsoc/optical_flow.cpp:36) in dimension 1 completely.
INFO: [XFORM 203-101] Partitioning array 'buf.val.val' (/home/ylxiao_seas_upenn_edu/Roseetta/rosetta/optical-flow/src/sdsoc/optical_flow.cpp:330) in dimension 2 completely.
INFO: [XFORM 203-101] Partitioning array 'buf.val.x' (/home/ylxiao_seas_upenn_edu/Roseetta/rosetta/optical-flow/src/sdsoc/optical_flow.cpp:204) in dimension 2 completely.
INFO: [XFORM 203-101] Partitioning array 'buf.val.y' (/home/ylxiao_seas_upenn_edu/Roseetta/rosetta/optical-flow/src/sdsoc/optical_flow.cpp:204) in dimension 2 completely.
INFO: [XFORM 203-101] Partitioning array 'buf.val.z' (/home/ylxiao_seas_upenn_edu/Roseetta/rosetta/optical-flow/src/sdsoc/optical_flow.cpp:204) in dimension 2 completely.
INFO: [XFORM 203-101] Partitioning array 'window.val' (/home/ylxiao_seas_upenn_edu/Roseetta/rosetta/optical-flow/src/sdsoc/optical_flow.cpp:36) in dimension 2 completely.
WARNING: [ANALYSIS 214-31] The program may have out of bound access of array variable 'buf.1' in function 'gradient_xy_calc'.
WARNING: [ANALYSIS 214-31] The program may have out of bound access of array variable 'buf.2' in function 'gradient_xy_calc'.
WARNING: [ANALYSIS 214-31] The program may have out of bound access of array variable 'buf.3' in function 'gradient_xy_calc'.
WARNING: [ANALYSIS 214-31] The program may have out of bound access of array variable 'buf.4' in function 'gradient_xy_calc'.
WARNING: [ANALYSIS 214-31] The program may have out of bound access of array variable 'frame' in function 'gradient_xy_calc' (/home/ylxiao_seas_upenn_edu/Roseetta/rosetta/optical-flow/src/sdsoc/optical_flow.cpp:51:9).
INFO: [XFORM 203-721] Changing loop 'Loop_FRAMES_CP_OUTER_proc' (/home/ylxiao_seas_upenn_edu/Roseetta/rosetta/optical-flow/src/sdsoc/optical_flow.cpp:454) to a process function for dataflow in function 'optical_flow'.
WARNING: [XFORM 203-713] All the elements of global array 'gradient_x'  should be updated in process function 'gradient_xy_calc', otherwise it may not be synthesized correctly.
WARNING: [XFORM 203-713] All the elements of global array 'gradient_y'  should be updated in process function 'gradient_xy_calc', otherwise it may not be synthesized correctly.
WARNING: [XFORM 203-713] All the elements of global array 'y_filtered.x'  should be updated in process function 'gradient_weight_y', otherwise it may not be synthesized correctly.
WARNING: [XFORM 203-713] All the elements of global array 'y_filtered.y'  should be updated in process function 'gradient_weight_y', otherwise it may not be synthesized correctly.
WARNING: [XFORM 203-713] All the elements of global array 'y_filtered.z'  should be updated in process function 'gradient_weight_y', otherwise it may not be synthesized correctly.
WARNING: [XFORM 203-713] All the elements of global array 'filtered_gradient.x'  should be updated in process function 'gradient_weight_x', otherwise it may not be synthesized correctly.
WARNING: [XFORM 203-713] All the elements of global array 'filtered_gradient.y'  should be updated in process function 'gradient_weight_x', otherwise it may not be synthesized correctly.
WARNING: [XFORM 203-713] All the elements of global array 'filtered_gradient.z'  should be updated in process function 'gradient_weight_x', otherwise it may not be synthesized correctly.
WARNING: [XFORM 203-713] All the elements of global array 'tensor_y.val'  should be updated in process function 'tensor_weight_y', otherwise it may not be synthesized correctly.
WARNING: [XFORM 203-713] All the elements of global array 'tensor.val'  should be updated in process function 'tensor_weight_x', otherwise it may not be synthesized correctly.
INFO: [XFORM 203-712] Applying dataflow to function 'optical_flow', detected/extracted 9 process function(s): 
	 'Loop_FRAMES_CP_OUTER_proc'
	 'gradient_xy_calc'
	 'gradient_z_calc'
	 'gradient_weight_y'
	 'gradient_weight_x'
	 'outer_product'
	 'tensor_weight_y'
	 'tensor_weight_x'
	 'flow_calc'.
WARNING: [XFORM 203-124] Array  'tensor.val' : may have improper streaming access(es), possible reasons: (1) some entries are accessed more than once; (2) some entries are not used; (3) the entries are not accessed in sequential order.
WARNING: [XFORM 203-124] Array  'tensor_y.val' : may have improper streaming access(es), possible reasons: (1) some entries are accessed more than once; (2) some entries are not used; (3) the entries are not accessed in sequential order.
WARNING: [XFORM 203-124] Array  'gradient_x' : may have improper streaming access(es), possible reasons: (1) some entries are accessed more than once; (2) some entries are not used; (3) the entries are not accessed in sequential order.
WARNING: [XFORM 203-124] Array  'gradient_y' : may have improper streaming access(es), possible reasons: (1) some entries are accessed more than once; (2) some entries are not used; (3) the entries are not accessed in sequential order.
WARNING: [XFORM 203-124] Array  'y_filtered.x' : may have improper streaming access(es), possible reasons: (1) some entries are accessed more than once; (2) some entries are not used; (3) the entries are not accessed in sequential order.
WARNING: [XFORM 203-124] Array  'y_filtered.y' : may have improper streaming access(es), possible reasons: (1) some entries are accessed more than once; (2) some entries are not used; (3) the entries are not accessed in sequential order.
WARNING: [XFORM 203-124] Array  'y_filtered.z' : may have improper streaming access(es), possible reasons: (1) some entries are accessed more than once; (2) some entries are not used; (3) the entries are not accessed in sequential order.
WARNING: [XFORM 203-124] Array  'filtered_gradient.x' : may have improper streaming access(es), possible reasons: (1) some entries are accessed more than once; (2) some entries are not used; (3) the entries are not accessed in sequential order.
WARNING: [XFORM 203-124] Array  'filtered_gradient.y' : may have improper streaming access(es), possible reasons: (1) some entries are accessed more than once; (2) some entries are not used; (3) the entries are not accessed in sequential order.
WARNING: [XFORM 203-124] Array  'filtered_gradient.z' : may have improper streaming access(es), possible reasons: (1) some entries are accessed more than once; (2) some entries are not used; (3) the entries are not accessed in sequential order.
WARNING: [XFORM 203-124] Array  'frame3_a' : may have improper streaming access(es), possible reasons: (1) some entries are accessed more than once; (2) some entries are not used; (3) the entries are not accessed in sequential order.
INFO: [XFORM 203-401] Performing if-conversion on hyperblock from (/apps/xilinx/2018.2/Vivado/2018.2/common/technology/autopilot/hls/hls_video_mem.h:631:41) to (/home/ylxiao_seas_upenn_edu/Roseetta/rosetta/optical-flow/src/sdsoc/optical_flow.cpp:317:7) in function 'tensor_weight_y'... converting 3 basic blocks.
INFO: [XFORM 203-401] Performing if-conversion on hyperblock from (/home/ylxiao_seas_upenn_edu/Roseetta/rosetta/optical-flow/src/sdsoc/optical_flow.cpp:353:7) to (/home/ylxiao_seas_upenn_edu/Roseetta/rosetta/optical-flow/src/sdsoc/optical_flow.cpp:364:7) in function 'tensor_weight_x'... converting 3 basic blocks.
INFO: [XFORM 203-11] Balancing expressions in function 'gradient_xy_calc' (/home/ylxiao_seas_upenn_edu/Roseetta/rosetta/optical-flow/src/sdsoc/optical_flow.cpp:40:7)...3 expression(s) balanced.
INFO: [XFORM 203-11] Balancing expressions in function 'flow_calc' (/home/ylxiao_seas_upenn_edu/Roseetta/rosetta/optical-flow/src/sdsoc/optical_flow.cpp:374)...3 expression(s) balanced.
INFO: [HLS 200-111] Finished Pre-synthesis Time (s): cpu = 00:00:41 ; elapsed = 00:00:45 . Memory (MB): peak = 653.773 ; gain = 194.074 ; free physical = 62602 ; free virtual = 63334
INFO: [XFORM 203-541] Flattening a loop nest 'TENSOR_WEIGHT_Y_OUTER' (/home/ylxiao_seas_upenn_edu/Roseetta/rosetta/optical-flow/src/sdsoc/optical_flow.cpp:281:4) in function 'tensor_weight_y'.
INFO: [XFORM 203-541] Flattening a loop nest 'TENSOR_WEIGHT_X_OUTER' (/home/ylxiao_seas_upenn_edu/Roseetta/rosetta/optical-flow/src/sdsoc/optical_flow.cpp:333:4) in function 'tensor_weight_x'.
INFO: [XFORM 203-541] Flattening a loop nest 'OUTER_OUTER' (/home/ylxiao_seas_upenn_edu/Roseetta/rosetta/optical-flow/src/sdsoc/optical_flow.cpp:255:4) in function 'outer_product'.
INFO: [XFORM 203-541] Flattening a loop nest 'GRAD_Z_OUTER' (/home/ylxiao_seas_upenn_edu/Roseetta/rosetta/optical-flow/src/sdsoc/optical_flow.cpp:125:4) in function 'gradient_z_calc'.
INFO: [XFORM 203-541] Flattening a loop nest 'GRAD_XY_OUTER' (/home/ylxiao_seas_upenn_edu/Roseetta/rosetta/optical-flow/src/sdsoc/optical_flow.cpp:41:4) in function 'gradient_xy_calc'.
INFO: [XFORM 203-541] Flattening a loop nest 'GRAD_WEIGHT_Y_OUTER' (/home/ylxiao_seas_upenn_edu/Roseetta/rosetta/optical-flow/src/sdsoc/optical_flow.cpp:152:4) in function 'gradient_weight_y'.
INFO: [XFORM 203-541] Flattening a loop nest 'GRAD_WEIGHT_X_OUTER' (/home/ylxiao_seas_upenn_edu/Roseetta/rosetta/optical-flow/src/sdsoc/optical_flow.cpp:207:4) in function 'gradient_weight_x'.
INFO: [XFORM 203-541] Flattening a loop nest 'FLOW_OUTER' (/home/ylxiao_seas_upenn_edu/Roseetta/rosetta/optical-flow/src/sdsoc/optical_flow.cpp:381:4) in function 'flow_calc'.
INFO: [XFORM 203-541] Flattening a loop nest 'FRAMES_CP_OUTER' (/home/ylxiao_seas_upenn_edu/Roseetta/rosetta/optical-flow/src/sdsoc/optical_flow.cpp:454:4) in function 'Loop_FRAMES_CP_OUTER_proc'.
WARNING: [XFORM 203-631] Renaming function 'Loop_FRAMES_CP_OUTER_proc' to 'Loop_FRAMES_CP_OUTER' (/home/ylxiao_seas_upenn_edu/Roseetta/rosetta/optical-flow/src/sdsoc/optical_flow.cpp:456:5)
WARNING: [ANALYSIS 214-52] Found false inter dependency for variable 'buf.val[1].val' (/home/ylxiao_seas_upenn_edu/Roseetta/rosetta/optical-flow/src/sdsoc/optical_flow.cpp:278).
WARNING: [ANALYSIS 214-52] Found false inter dependency for variable 'buf.val[2].val' (/home/ylxiao_seas_upenn_edu/Roseetta/rosetta/optical-flow/src/sdsoc/optical_flow.cpp:278).
WARNING: [ANALYSIS 214-52] Found false intra dependency for variable 'buf.val[1].val' (/home/ylxiao_seas_upenn_edu/Roseetta/rosetta/optical-flow/src/sdsoc/optical_flow.cpp:278).
WARNING: [ANALYSIS 214-52] Found false intra dependency for variable 'buf.val[2].val' (/home/ylxiao_seas_upenn_edu/Roseetta/rosetta/optical-flow/src/sdsoc/optical_flow.cpp:278).
WARNING: [ANALYSIS 214-52] Found false inter dependency for variable 'buf.val[1].x' (/home/ylxiao_seas_upenn_edu/Roseetta/rosetta/optical-flow/src/sdsoc/optical_flow.cpp:148).
WARNING: [ANALYSIS 214-52] Found false inter dependency for variable 'buf.val[2].x' (/home/ylxiao_seas_upenn_edu/Roseetta/rosetta/optical-flow/src/sdsoc/optical_flow.cpp:148).
WARNING: [ANALYSIS 214-52] Found false inter dependency for variable 'buf.val[3].x' (/home/ylxiao_seas_upenn_edu/Roseetta/rosetta/optical-flow/src/sdsoc/optical_flow.cpp:148).
WARNING: [ANALYSIS 214-52] Found false inter dependency for variable 'buf.val[4].x' (/home/ylxiao_seas_upenn_edu/Roseetta/rosetta/optical-flow/src/sdsoc/optical_flow.cpp:148).
WARNING: [ANALYSIS 214-52] Found false inter dependency for variable 'buf.val[5].x' (/home/ylxiao_seas_upenn_edu/Roseetta/rosetta/optical-flow/src/sdsoc/optical_flow.cpp:148).
WARNING: [ANALYSIS 214-52] Found false inter dependency for variable 'buf.val[6].x' (/home/ylxiao_seas_upenn_edu/Roseetta/rosetta/optical-flow/src/sdsoc/optical_flow.cpp:148).
WARNING: [ANALYSIS 214-52] Found false inter dependency for variable 'buf.val[1].y' (/home/ylxiao_seas_upenn_edu/Roseetta/rosetta/optical-flow/src/sdsoc/optical_flow.cpp:148).
WARNING: [ANALYSIS 214-52] Found false inter dependency for variable 'buf.val[2].y' (/home/ylxiao_seas_upenn_edu/Roseetta/rosetta/optical-flow/src/sdsoc/optical_flow.cpp:148).
WARNING: [ANALYSIS 214-52] Found false inter dependency for variable 'buf.val[3].y' (/home/ylxiao_seas_upenn_edu/Roseetta/rosetta/optical-flow/src/sdsoc/optical_flow.cpp:148).
WARNING: [ANALYSIS 214-52] Found false inter dependency for variable 'buf.val[4].y' (/home/ylxiao_seas_upenn_edu/Roseetta/rosetta/optical-flow/src/sdsoc/optical_flow.cpp:148).
WARNING: [ANALYSIS 214-52] Found false inter dependency for variable 'buf.val[5].y' (/home/ylxiao_seas_upenn_edu/Roseetta/rosetta/optical-flow/src/sdsoc/optical_flow.cpp:148).
WARNING: [ANALYSIS 214-52] Found false inter dependency for variable 'buf.val[6].y' (/home/ylxiao_seas_upenn_edu/Roseetta/rosetta/optical-flow/src/sdsoc/optical_flow.cpp:148).
WARNING: [ANALYSIS 214-52] Found false inter dependency for variable 'buf.val[1].z' (/home/ylxiao_seas_upenn_edu/Roseetta/rosetta/optical-flow/src/sdsoc/optical_flow.cpp:148).
WARNING: [ANALYSIS 214-52] Found false inter dependency for variable 'buf.val[2].z' (/home/ylxiao_seas_upenn_edu/Roseetta/rosetta/optical-flow/src/sdsoc/optical_flow.cpp:148).
WARNING: [ANALYSIS 214-52] Found false inter dependency for variable 'buf.val[3].z' (/home/ylxiao_seas_upenn_edu/Roseetta/rosetta/optical-flow/src/sdsoc/optical_flow.cpp:148).
WARNING: [ANALYSIS 214-52] Found false inter dependency for variable 'buf.val[4].z' (/home/ylxiao_seas_upenn_edu/Roseetta/rosetta/optical-flow/src/sdsoc/optical_flow.cpp:148).
WARNING: [ANALYSIS 214-52] Found false inter dependency for variable 'buf.val[5].z' (/home/ylxiao_seas_upenn_edu/Roseetta/rosetta/optical-flow/src/sdsoc/optical_flow.cpp:148).
WARNING: [ANALYSIS 214-52] Found false inter dependency for variable 'buf.val[6].z' (/home/ylxiao_seas_upenn_edu/Roseetta/rosetta/optical-flow/src/sdsoc/optical_flow.cpp:148).
WARNING: [ANALYSIS 214-52] Found false intra dependency for variable 'buf.val[1].x' (/home/ylxiao_seas_upenn_edu/Roseetta/rosetta/optical-flow/src/sdsoc/optical_flow.cpp:148).
WARNING: [ANALYSIS 214-52] Found false intra dependency for variable 'buf.val[2].x' (/home/ylxiao_seas_upenn_edu/Roseetta/rosetta/optical-flow/src/sdsoc/optical_flow.cpp:148).
WARNING: [ANALYSIS 214-52] Found false intra dependency for variable 'buf.val[3].x' (/home/ylxiao_seas_upenn_edu/Roseetta/rosetta/optical-flow/src/sdsoc/optical_flow.cpp:148).
WARNING: [ANALYSIS 214-52] Found false intra dependency for variable 'buf.val[4].x' (/home/ylxiao_seas_upenn_edu/Roseetta/rosetta/optical-flow/src/sdsoc/optical_flow.cpp:148).
WARNING: [ANALYSIS 214-52] Found false intra dependency for variable 'buf.val[5].x' (/home/ylxiao_seas_upenn_edu/Roseetta/rosetta/optical-flow/src/sdsoc/optical_flow.cpp:148).
WARNING: [ANALYSIS 214-52] Found false intra dependency for variable 'buf.val[6].x' (/home/ylxiao_seas_upenn_edu/Roseetta/rosetta/optical-flow/src/sdsoc/optical_flow.cpp:148).
WARNING: [ANALYSIS 214-52] Found false intra dependency for variable 'buf.val[1].y' (/home/ylxiao_seas_upenn_edu/Roseetta/rosetta/optical-flow/src/sdsoc/optical_flow.cpp:148).
WARNING: [ANALYSIS 214-52] Found false intra dependency for variable 'buf.val[2].y' (/home/ylxiao_seas_upenn_edu/Roseetta/rosetta/optical-flow/src/sdsoc/optical_flow.cpp:148).
WARNING: [ANALYSIS 214-52] Found false intra dependency for variable 'buf.val[3].y' (/home/ylxiao_seas_upenn_edu/Roseetta/rosetta/optical-flow/src/sdsoc/optical_flow.cpp:148).
WARNING: [ANALYSIS 214-52] Found false intra dependency for variable 'buf.val[4].y' (/home/ylxiao_seas_upenn_edu/Roseetta/rosetta/optical-flow/src/sdsoc/optical_flow.cpp:148).
WARNING: [ANALYSIS 214-52] Found false intra dependency for variable 'buf.val[5].y' (/home/ylxiao_seas_upenn_edu/Roseetta/rosetta/optical-flow/src/sdsoc/optical_flow.cpp:148).
WARNING: [ANALYSIS 214-52] Found false intra dependency for variable 'buf.val[6].y' (/home/ylxiao_seas_upenn_edu/Roseetta/rosetta/optical-flow/src/sdsoc/optical_flow.cpp:148).
WARNING: [ANALYSIS 214-52] Found false intra dependency for variable 'buf.val[1].z' (/home/ylxiao_seas_upenn_edu/Roseetta/rosetta/optical-flow/src/sdsoc/optical_flow.cpp:148).
WARNING: [ANALYSIS 214-52] Found false intra dependency for variable 'buf.val[2].z' (/home/ylxiao_seas_upenn_edu/Roseetta/rosetta/optical-flow/src/sdsoc/optical_flow.cpp:148).
WARNING: [ANALYSIS 214-52] Found false intra dependency for variable 'buf.val[3].z' (/home/ylxiao_seas_upenn_edu/Roseetta/rosetta/optical-flow/src/sdsoc/optical_flow.cpp:148).
WARNING: [ANALYSIS 214-52] Found false intra dependency for variable 'buf.val[4].z' (/home/ylxiao_seas_upenn_edu/Roseetta/rosetta/optical-flow/src/sdsoc/optical_flow.cpp:148).
WARNING: [ANALYSIS 214-52] Found false intra dependency for variable 'buf.val[5].z' (/home/ylxiao_seas_upenn_edu/Roseetta/rosetta/optical-flow/src/sdsoc/optical_flow.cpp:148).
WARNING: [ANALYSIS 214-52] Found false intra dependency for variable 'buf.val[6].z' (/home/ylxiao_seas_upenn_edu/Roseetta/rosetta/optical-flow/src/sdsoc/optical_flow.cpp:148).
INFO: [HLS 200-111] Finished Architecture Synthesis Time (s): cpu = 00:00:42 ; elapsed = 00:00:46 . Memory (MB): peak = 653.773 ; gain = 194.074 ; free physical = 62520 ; free virtual = 63252
INFO: [HLS 200-10] Starting hardware synthesis ...
INFO: [HLS 200-10] Synthesizing 'optical_flow' ...
INFO: [HLS 200-10] ----------------------------------------------------------------
INFO: [HLS 200-42] -- Implementing module 'Loop_FRAMES_CP_OUTER' 
INFO: [HLS 200-10] ----------------------------------------------------------------
INFO: [SCHED 204-11] Starting scheduling ...
INFO: [SCHED 204-61] Pipelining loop 'FRAMES_CP_OUTER_FRAMES_CP_INNER'.
INFO: [SCHED 204-61] Pipelining result : Target II = 1, Final II = 1, Depth = 15.
INFO: [SCHED 204-11] Finished scheduling.
INFO: [HLS 200-111]  Elapsed time: 46.2 seconds; current allocated memory: 227.496 MB.
INFO: [BIND 205-100] Starting micro-architecture generation ...
INFO: [BIND 205-101] Performing variable lifetime analysis.
INFO: [BIND 205-101] Exploring resource sharing.
INFO: [BIND 205-101] Binding ...
INFO: [BIND 205-100] Finished micro-architecture generation.
INFO: [HLS 200-111]  Elapsed time: 0.15 seconds; current allocated memory: 227.907 MB.
INFO: [HLS 200-10] ----------------------------------------------------------------
INFO: [HLS 200-42] -- Implementing module 'gradient_xy_calc' 
INFO: [HLS 200-10] ----------------------------------------------------------------
INFO: [SCHED 204-11] Starting scheduling ...
INFO: [SCHED 204-61] Pipelining loop 'GRAD_XY_OUTER_GRAD_XY_INNER'.
INFO: [SCHED 204-61] Pipelining result : Target II = 1, Final II = 1, Depth = 31.
INFO: [SCHED 204-11] Finished scheduling.
INFO: [HLS 200-111]  Elapsed time: 0.43 seconds; current allocated memory: 228.942 MB.
INFO: [BIND 205-100] Starting micro-architecture generation ...
INFO: [BIND 205-101] Performing variable lifetime analysis.
INFO: [BIND 205-101] Exploring resource sharing.
INFO: [BIND 205-101] Binding ...
INFO: [BIND 205-100] Finished micro-architecture generation.
INFO: [HLS 200-111]  Elapsed time: 0.25 seconds; current allocated memory: 229.685 MB.
INFO: [HLS 200-10] ----------------------------------------------------------------
INFO: [HLS 200-42] -- Implementing module 'gradient_z_calc' 
INFO: [HLS 200-10] ----------------------------------------------------------------
INFO: [SCHED 204-11] Starting scheduling ...
INFO: [SCHED 204-61] Pipelining loop 'GRAD_Z_OUTER_GRAD_Z_INNER'.
INFO: [SCHED 204-61] Pipelining result : Target II = 1, Final II = 1, Depth = 31.
INFO: [SCHED 204-11] Finished scheduling.
INFO: [HLS 200-111]  Elapsed time: 0.47 seconds; current allocated memory: 230.026 MB.
INFO: [BIND 205-100] Starting micro-architecture generation ...
INFO: [BIND 205-101] Performing variable lifetime analysis.
INFO: [BIND 205-101] Exploring resource sharing.
INFO: [BIND 205-101] Binding ...
INFO: [BIND 205-100] Finished micro-architecture generation.
INFO: [HLS 200-111]  Elapsed time: 0.15 seconds; current allocated memory: 230.312 MB.
INFO: [HLS 200-10] ----------------------------------------------------------------
INFO: [HLS 200-42] -- Implementing module 'gradient_weight_y' 
INFO: [HLS 200-10] ----------------------------------------------------------------
INFO: [SCHED 204-11] Starting scheduling ...
INFO: [SCHED 204-61] Pipelining loop 'GRAD_WEIGHT_Y_OUTER_GRAD_WEIGHT_Y_INNER'.
INFO: [SCHED 204-61] Pipelining result : Target II = 1, Final II = 1, Depth = 34.
INFO: [SCHED 204-11] Finished scheduling.
INFO: [HLS 200-111]  Elapsed time: 0.7 seconds; current allocated memory: 231.195 MB.
INFO: [BIND 205-100] Starting micro-architecture generation ...
INFO: [BIND 205-101] Performing variable lifetime analysis.
INFO: [BIND 205-101] Exploring resource sharing.
INFO: [BIND 205-101] Binding ...
INFO: [BIND 205-100] Finished micro-architecture generation.
INFO: [HLS 200-111]  Elapsed time: 0.44 seconds; current allocated memory: 232.213 MB.
INFO: [HLS 200-10] ----------------------------------------------------------------
INFO: [HLS 200-42] -- Implementing module 'gradient_weight_x' 
INFO: [HLS 200-10] ----------------------------------------------------------------
INFO: [SCHED 204-11] Starting scheduling ...
INFO: [SCHED 204-61] Pipelining loop 'GRAD_WEIGHT_X_OUTER_GRAD_WEIGHT_X_INNER'.
INFO: [SCHED 204-61] Pipelining result : Target II = 1, Final II = 1, Depth = 33.
INFO: [SCHED 204-11] Finished scheduling.
INFO: [HLS 200-111]  Elapsed time: 0.97 seconds; current allocated memory: 233.007 MB.
INFO: [BIND 205-100] Starting micro-architecture generation ...
INFO: [BIND 205-101] Performing variable lifetime analysis.
INFO: [BIND 205-101] Exploring resource sharing.
INFO: [BIND 205-101] Binding ...
INFO: [BIND 205-100] Finished micro-architecture generation.
INFO: [HLS 200-111]  Elapsed time: 0.31 seconds; current allocated memory: 233.871 MB.
INFO: [HLS 200-10] ----------------------------------------------------------------
INFO: [HLS 200-42] -- Implementing module 'outer_product' 
INFO: [HLS 200-10] ----------------------------------------------------------------
INFO: [SCHED 204-11] Starting scheduling ...
INFO: [SCHED 204-61] Pipelining loop 'OUTER_OUTER_OUTER_INNER'.
INFO: [SCHED 204-61] Pipelining result : Target II = 1, Final II = 1, Depth = 6.
INFO: [SCHED 204-11] Finished scheduling.
INFO: [HLS 200-111]  Elapsed time: 0.53 seconds; current allocated memory: 234.040 MB.
INFO: [BIND 205-100] Starting micro-architecture generation ...
INFO: [BIND 205-101] Performing variable lifetime analysis.
INFO: [BIND 205-101] Exploring resource sharing.
INFO: [BIND 205-101] Binding ...
INFO: [BIND 205-100] Finished micro-architecture generation.
INFO: [HLS 200-111]  Elapsed time: 0.11 seconds; current allocated memory: 234.196 MB.
INFO: [HLS 200-10] ----------------------------------------------------------------
INFO: [HLS 200-42] -- Implementing module 'tensor_weight_y' 
INFO: [HLS 200-10] ----------------------------------------------------------------
INFO: [SCHED 204-11] Starting scheduling ...
INFO: [SCHED 204-61] Pipelining loop 'TENSOR_WEIGHT_Y_OUTER_TENSOR_WEIGHT_Y_INNER'.
INFO: [SCHED 204-61] Pipelining result : Target II = 1, Final II = 1, Depth = 18.
INFO: [SCHED 204-11] Finished scheduling.
INFO: [HLS 200-111]  Elapsed time: 0.46 seconds; current allocated memory: 235.024 MB.
INFO: [BIND 205-100] Starting micro-architecture generation ...
INFO: [BIND 205-101] Performing variable lifetime analysis.
INFO: [BIND 205-101] Exploring resource sharing.
INFO: [BIND 205-101] Binding ...
INFO: [BIND 205-100] Finished micro-architecture generation.
INFO: [HLS 200-111]  Elapsed time: 0.29 seconds; current allocated memory: 235.838 MB.
INFO: [HLS 200-10] ----------------------------------------------------------------
INFO: [HLS 200-42] -- Implementing module 'tensor_weight_x' 
INFO: [HLS 200-10] ----------------------------------------------------------------
INFO: [SCHED 204-11] Starting scheduling ...
INFO: [SCHED 204-61] Pipelining loop 'TENSOR_WEIGHT_X_OUTER_TENSOR_WEIGHT_X_INNER'.
INFO: [SCHED 204-61] Pipelining result : Target II = 1, Final II = 1, Depth = 17.
INFO: [SCHED 204-11] Finished scheduling.
INFO: [HLS 200-111]  Elapsed time: 0.7 seconds; current allocated memory: 236.650 MB.
INFO: [BIND 205-100] Starting micro-architecture generation ...
INFO: [BIND 205-101] Performing variable lifetime analysis.
INFO: [BIND 205-101] Exploring resource sharing.
INFO: [BIND 205-101] Binding ...
INFO: [BIND 205-100] Finished micro-architecture generation.
INFO: [HLS 200-111]  Elapsed time: 0.27 seconds; current allocated memory: 237.423 MB.
INFO: [HLS 200-10] ----------------------------------------------------------------
INFO: [HLS 200-42] -- Implementing module 'flow_calc' 
INFO: [HLS 200-10] ----------------------------------------------------------------
INFO: [SCHED 204-11] Starting scheduling ...
INFO: [SCHED 204-61] Pipelining loop 'FLOW_OUTER_FLOW_INNER'.
INFO: [SCHED 204-61] Pipelining result : Target II = 1, Final II = 1, Depth = 19.
INFO: [SCHED 204-11] Finished scheduling.
INFO: [HLS 200-111]  Elapsed time: 0.5 seconds; current allocated memory: 237.840 MB.
INFO: [BIND 205-100] Starting micro-architecture generation ...
INFO: [BIND 205-101] Performing variable lifetime analysis.
INFO: [BIND 205-101] Exploring resource sharing.
INFO: [BIND 205-101] Binding ...
INFO: [BIND 205-100] Finished micro-architecture generation.
INFO: [HLS 200-111]  Elapsed time: 0.18 seconds; current allocated memory: 238.233 MB.
INFO: [HLS 200-10] ----------------------------------------------------------------
INFO: [HLS 200-42] -- Implementing module 'optical_flow' 
INFO: [HLS 200-10] ----------------------------------------------------------------
INFO: [SCHED 204-11] Starting scheduling ...
WARNING: [SCHED 204-71] Latency directive discarded for region optical_flow since region contains function calls with variable latency.
INFO: [SCHED 204-11] Finished scheduling.
INFO: [HLS 200-111]  Elapsed time: 0.21 seconds; current allocated memory: 238.483 MB.
INFO: [BIND 205-100] Starting micro-architecture generation ...
INFO: [BIND 205-101] Performing variable lifetime analysis.
INFO: [BIND 205-101] Exploring resource sharing.
INFO: [BIND 205-101] Binding ...
INFO: [BIND 205-100] Finished micro-architecture generation.
INFO: [HLS 200-111]  Elapsed time: 1.71 seconds; current allocated memory: 239.235 MB.
INFO: [HLS 200-10] ----------------------------------------------------------------
INFO: [HLS 200-10] -- Generating RTL for module 'Loop_FRAMES_CP_OUTER' 
INFO: [HLS 200-10] ----------------------------------------------------------------
INFO: [SYN 201-210] Renamed object name 'optical_flow_fdiv_32ns_32ns_32_9_1' to 'optical_flow_fdivbkb' due to the length limit 20
INFO: [SYN 201-210] Renamed object name 'optical_flow_uitofp_32ns_32_4_1' to 'optical_flow_uitocud' due to the length limit 20
INFO: [RTGEN 206-100] Generating core module 'optical_flow_fdivbkb': 5 instance(s).
INFO: [RTGEN 206-100] Generating core module 'optical_flow_uitocud': 5 instance(s).
INFO: [RTGEN 206-100] Finished creating RTL model for 'Loop_FRAMES_CP_OUTER'.
INFO: [HLS 200-111]  Elapsed time: 1.08 seconds; current allocated memory: 240.107 MB.
INFO: [HLS 200-10] ----------------------------------------------------------------
INFO: [HLS 200-10] -- Generating RTL for module 'gradient_xy_calc' 
INFO: [HLS 200-10] ----------------------------------------------------------------
INFO: [SYN 201-210] Renamed object name 'gradient_xy_calc_buf_1' to 'gradient_xy_calc_dEe' due to the length limit 20
INFO: [SYN 201-210] Renamed object name 'gradient_xy_calc_buf_2' to 'gradient_xy_calc_eOg' due to the length limit 20
INFO: [SYN 201-210] Renamed object name 'gradient_xy_calc_buf_3' to 'gradient_xy_calc_fYi' due to the length limit 20
INFO: [SYN 201-210] Renamed object name 'gradient_xy_calc_buf_4' to 'gradient_xy_calc_g8j' due to the length limit 20
INFO: [SYN 201-210] Renamed object name 'optical_flow_fadd_32ns_32ns_32_4_full_dsp_1' to 'optical_flow_faddhbi' due to the length limit 20
INFO: [SYN 201-210] Renamed object name 'optical_flow_fmul_32ns_32ns_32_3_max_dsp_1' to 'optical_flow_fmulibs' due to the length limit 20
INFO: [RTGEN 206-100] Generating core module 'optical_flow_faddhbi': 10 instance(s).
INFO: [RTGEN 206-100] Generating core module 'optical_flow_fdivbkb': 2 instance(s).
INFO: [RTGEN 206-100] Generating core module 'optical_flow_fmulibs': 5 instance(s).
INFO: [RTGEN 206-100] Finished creating RTL model for 'gradient_xy_calc'.
INFO: [HLS 200-111]  Elapsed time: 0.43 seconds; current allocated memory: 242.715 MB.
INFO: [HLS 200-10] ----------------------------------------------------------------
INFO: [HLS 200-10] -- Generating RTL for module 'gradient_z_calc' 
INFO: [HLS 200-10] ----------------------------------------------------------------
INFO: [RTGEN 206-100] Generating core module 'optical_flow_faddhbi': 4 instance(s).
INFO: [RTGEN 206-100] Generating core module 'optical_flow_fdivbkb': 1 instance(s).
INFO: [RTGEN 206-100] Generating core module 'optical_flow_fmulibs': 3 instance(s).
INFO: [RTGEN 206-100] Finished creating RTL model for 'gradient_z_calc'.
INFO: [HLS 200-111]  Elapsed time: 0.69 seconds; current allocated memory: 246.068 MB.
INFO: [HLS 200-10] ----------------------------------------------------------------
INFO: [HLS 200-10] -- Generating RTL for module 'gradient_weight_y' 
INFO: [HLS 200-10] ----------------------------------------------------------------
INFO: [SYN 201-210] Renamed object name 'gradient_weight_y_buf_val_1_x' to 'gradient_weight_yjbC' due to the length limit 20
INFO: [SYN 201-210] Renamed object name 'gradient_weight_y_buf_val_2_x' to 'gradient_weight_ykbM' due to the length limit 20
INFO: [SYN 201-210] Renamed object name 'gradient_weight_y_buf_val_3_x' to 'gradient_weight_ylbW' due to the length limit 20
INFO: [SYN 201-210] Renamed object name 'gradient_weight_y_buf_val_4_x' to 'gradient_weight_ymb6' due to the length limit 20
INFO: [SYN 201-210] Renamed object name 'gradient_weight_y_buf_val_5_x' to 'gradient_weight_yncg' due to the length limit 20
INFO: [SYN 201-210] Renamed object name 'gradient_weight_y_buf_val_6_x' to 'gradient_weight_yocq' due to the length limit 20
INFO: [SYN 201-210] Renamed object name 'gradient_weight_y_buf_val_1_y' to 'gradient_weight_ypcA' due to the length limit 20
INFO: [SYN 201-210] Renamed object name 'gradient_weight_y_buf_val_2_y' to 'gradient_weight_yqcK' due to the length limit 20
INFO: [SYN 201-210] Renamed object name 'gradient_weight_y_buf_val_3_y' to 'gradient_weight_yrcU' due to the length limit 20
INFO: [SYN 201-210] Renamed object name 'gradient_weight_y_buf_val_4_y' to 'gradient_weight_ysc4' due to the length limit 20
INFO: [SYN 201-210] Renamed object name 'gradient_weight_y_buf_val_5_y' to 'gradient_weight_ytde' due to the length limit 20
INFO: [SYN 201-210] Renamed object name 'gradient_weight_y_buf_val_6_y' to 'gradient_weight_yudo' due to the length limit 20
INFO: [SYN 201-210] Renamed object name 'gradient_weight_y_buf_val_1_z' to 'gradient_weight_yvdy' due to the length limit 20
INFO: [SYN 201-210] Renamed object name 'gradient_weight_y_buf_val_2_z' to 'gradient_weight_ywdI' due to the length limit 20
INFO: [SYN 201-210] Renamed object name 'gradient_weight_y_buf_val_3_z' to 'gradient_weight_yxdS' due to the length limit 20
INFO: [SYN 201-210] Renamed object name 'gradient_weight_y_buf_val_4_z' to 'gradient_weight_yyd2' due to the length limit 20
INFO: [SYN 201-210] Renamed object name 'gradient_weight_y_buf_val_5_z' to 'gradient_weight_yzec' due to the length limit 20
INFO: [SYN 201-210] Renamed object name 'gradient_weight_y_buf_val_6_z' to 'gradient_weight_yAem' due to the length limit 20
INFO: [RTGEN 206-104] Estimated max fanout for 'gradient_weight_y' is 5436 from HDL expression: (1'b0 == ap_block_pp0_stage0_11001)
INFO: [RTGEN 206-100] Generating core module 'optical_flow_faddhbi': 21 instance(s).
INFO: [RTGEN 206-100] Generating core module 'optical_flow_fmulibs': 21 instance(s).
INFO: [RTGEN 206-100] Finished creating RTL model for 'gradient_weight_y'.
INFO: [HLS 200-111]  Elapsed time: 0.69 seconds; current allocated memory: 249.912 MB.
INFO: [HLS 200-10] ----------------------------------------------------------------
INFO: [HLS 200-10] -- Generating RTL for module 'gradient_weight_x' 
INFO: [HLS 200-10] ----------------------------------------------------------------
INFO: [RTGEN 206-104] Estimated max fanout for 'gradient_weight_x' is 7548 from HDL expression: (1'b0 == ap_block_pp0_stage0_11001)
INFO: [RTGEN 206-100] Generating core module 'optical_flow_faddhbi': 21 instance(s).
INFO: [RTGEN 206-100] Generating core module 'optical_flow_fmulibs': 21 instance(s).
INFO: [RTGEN 206-100] Finished creating RTL model for 'gradient_weight_x'.
INFO: [HLS 200-111]  Elapsed time: 1.25 seconds; current allocated memory: 255.800 MB.
INFO: [HLS 200-10] ----------------------------------------------------------------
INFO: [HLS 200-10] -- Generating RTL for module 'outer_product' 
INFO: [HLS 200-10] ----------------------------------------------------------------
INFO: [RTGEN 206-100] Generating core module 'optical_flow_fmulibs': 6 instance(s).
INFO: [RTGEN 206-100] Finished creating RTL model for 'outer_product'.
INFO: [HLS 200-111]  Elapsed time: 0.91 seconds; current allocated memory: 258.723 MB.
INFO: [HLS 200-10] ----------------------------------------------------------------
INFO: [HLS 200-10] -- Generating RTL for module 'tensor_weight_y' 
INFO: [HLS 200-10] ----------------------------------------------------------------
INFO: [SYN 201-210] Renamed object name 'tensor_weight_y_buf_val_1_val' to 'tensor_weight_y_bBew' due to the length limit 20
INFO: [SYN 201-210] Renamed object name 'tensor_weight_y_buf_val_2_val' to 'tensor_weight_y_bCeG' due to the length limit 20
INFO: [RTGEN 206-100] Generating core module 'optical_flow_faddhbi': 18 instance(s).
INFO: [RTGEN 206-100] Generating core module 'optical_flow_fmulibs': 18 instance(s).
INFO: [RTGEN 206-100] Finished creating RTL model for 'tensor_weight_y'.
INFO: [HLS 200-111]  Elapsed time: 0.37 seconds; current allocated memory: 261.202 MB.
INFO: [HLS 200-10] ----------------------------------------------------------------
INFO: [HLS 200-10] -- Generating RTL for module 'tensor_weight_x' 
INFO: [HLS 200-10] ----------------------------------------------------------------
INFO: [RTGEN 206-100] Generating core module 'optical_flow_faddhbi': 18 instance(s).
INFO: [RTGEN 206-100] Generating core module 'optical_flow_fmulibs': 18 instance(s).
INFO: [RTGEN 206-100] Finished creating RTL model for 'tensor_weight_x'.
INFO: [HLS 200-111]  Elapsed time: 0.89 seconds; current allocated memory: 265.438 MB.
INFO: [HLS 200-10] ----------------------------------------------------------------
INFO: [HLS 200-10] -- Generating RTL for module 'flow_calc' 
INFO: [HLS 200-10] ----------------------------------------------------------------
INFO: [SYN 201-210] Renamed object name 'optical_flow_fsub_32ns_32ns_32_4_full_dsp_1' to 'optical_flow_fsubDeQ' due to the length limit 20
INFO: [RTGEN 206-100] Generating core module 'optical_flow_fdivbkb': 2 instance(s).
INFO: [RTGEN 206-100] Generating core module 'optical_flow_fmulibs': 6 instance(s).
INFO: [RTGEN 206-100] Generating core module 'optical_flow_fsubDeQ': 3 instance(s).
INFO: [RTGEN 206-100] Finished creating RTL model for 'flow_calc'.
INFO: [HLS 200-111]  Elapsed time: 0.89 seconds; current allocated memory: 268.889 MB.
INFO: [HLS 200-10] ----------------------------------------------------------------
INFO: [HLS 200-10] -- Generating RTL for module 'optical_flow' 
INFO: [HLS 200-10] ----------------------------------------------------------------
INFO: [RTGEN 206-500] Setting interface mode on port 'optical_flow/frames_V' to 'ap_fifo'.
INFO: [RTGEN 206-500] Setting interface mode on port 'optical_flow/outputs' to 'ap_fifo'.
INFO: [RTGEN 206-500] Setting interface mode on function 'optical_flow' to 'ap_ctrl_hs'.
INFO: [SYN 201-210] Renamed object name 'start_for_gradient_xy_calc_U0' to 'start_for_gradienEe0' due to the length limit 20
INFO: [SYN 201-210] Renamed object name 'start_for_gradient_z_calc_U0' to 'start_for_gradienFfa' due to the length limit 20
INFO: [SYN 201-210] Renamed object name 'start_for_gradient_weight_y_U0' to 'start_for_gradienGfk' due to the length limit 20
INFO: [SYN 201-210] Renamed object name 'start_for_gradient_weight_x_U0' to 'start_for_gradienHfu' due to the length limit 20
INFO: [SYN 201-210] Renamed object name 'start_for_outer_product_U0' to 'start_for_outer_pIfE' due to the length limit 20
INFO: [SYN 201-210] Renamed object name 'start_for_tensor_weight_y_U0' to 'start_for_tensor_JfO' due to the length limit 20
INFO: [SYN 201-210] Renamed object name 'start_for_tensor_weight_x_U0' to 'start_for_tensor_KfY' due to the length limit 20
INFO: [SYN 201-210] Renamed object name 'start_for_flow_calc_U0' to 'start_for_flow_caLf8' due to the length limit 20
INFO: [RTGEN 206-100] Finished creating RTL model for 'optical_flow'.
INFO: [HLS 200-111]  Elapsed time: 0.6 seconds; current allocated memory: 271.268 MB.
INFO: [RTMG 210-278] Implementing memory 'a0_gradient_xy_calc_dEe_ram (RAM)' using block RAMs with power-on initialization.
INFO: [RTMG 210-278] Implementing memory 'a0_gradient_weight_yjbC_ram (RAM)' using block RAMs.
INFO: [RTMG 210-278] Implementing memory 'a0_tensor_weight_y_bBew_ram (RAM)' using block RAMs.
INFO: [RTMG 210-285] Implementing FIFO 'gradient_z_U(a0_fifo_w32_d4096_A)' using Block RAMs.
INFO: [RTMG 210-285] Implementing FIFO 'start_for_gradienEe0_U(a0_start_for_gradienEe0)' using Shift Registers.
INFO: [RTMG 210-285] Implementing FIFO 'start_for_gradienFfa_U(a0_start_for_gradienFfa)' using Shift Registers.
INFO: [RTMG 210-285] Implementing FIFO 'start_for_gradienGfk_U(a0_start_for_gradienGfk)' using Shift Registers.
INFO: [RTMG 210-285] Implementing FIFO 'start_for_gradienHfu_U(a0_start_for_gradienHfu)' using Shift Registers.
INFO: [RTMG 210-285] Implementing FIFO 'start_for_outer_pIfE_U(a0_start_for_outer_pIfE)' using Shift Registers.
INFO: [RTMG 210-285] Implementing FIFO 'start_for_tensor_JfO_U(a0_start_for_tensor_JfO)' using Shift Registers.
INFO: [RTMG 210-285] Implementing FIFO 'start_for_tensor_KfY_U(a0_start_for_tensor_KfY)' using Shift Registers.
INFO: [RTMG 210-285] Implementing FIFO 'start_for_flow_caLf8_U(a0_start_for_flow_caLf8)' using Shift Registers.
INFO: [HLS 200-111] Finished generating all RTL models Time (s): cpu = 00:00:56 ; elapsed = 00:01:11 . Memory (MB): peak = 781.773 ; gain = 322.074 ; free physical = 62440 ; free virtual = 63195
INFO: [SYSC 207-301] Generating SystemC RTL for optical_flow with prefix a0_.
INFO: [VHDL 208-304] Generating VHDL RTL for optical_flow with prefix a0_.
INFO: [VLOG 209-307] Generating Verilog RTL for optical_flow with prefix a0_.
INFO: [IMPL 213-8] Exporting RTL as a Vivado IP.

****** Vivado v2018.2 (64-bit)
  **** SW Build 2258646 on Thu Jun 14 20:02:38 MDT 2018
  **** IP Build 2256618 on Thu Jun 14 22:10:49 MDT 2018
    ** Copyright 1986-2018 Xilinx, Inc. All Rights Reserved.

source run_ippack.tcl -notrace
INFO: [IP_Flow 19-234] Refreshing IP repositories
INFO: [IP_Flow 19-1704] No user IP repositories specified
INFO: [IP_Flow 19-2313] Loaded Vivado IP repository '/apps/xilinx/2018.2/Vivado/2018.2/data/ip'.
WARNING: [IP_Flow 19-4832] The IP name 'a0_optical_flow_ap_fadd_2_full_dsp_32' you have specified is long. The Windows operating system has path length limitations. It is recommended you use shorter names to reduce the likelihood of issues.
INFO: [IP_Flow 19-1686] Generating 'Synthesis' target for IP 'a0_optical_flow_ap_fadd_2_full_dsp_32'...
INFO: [IP_Flow 19-1686] Generating 'Simulation' target for IP 'a0_optical_flow_ap_fadd_2_full_dsp_32'...
WARNING: [IP_Flow 19-4832] The IP name 'a0_optical_flow_ap_fdiv_7_no_dsp_32' you have specified is long. The Windows operating system has path length limitations. It is recommended you use shorter names to reduce the likelihood of issues.
INFO: [IP_Flow 19-1686] Generating 'Synthesis' target for IP 'a0_optical_flow_ap_fdiv_7_no_dsp_32'...
INFO: [IP_Flow 19-1686] Generating 'Simulation' target for IP 'a0_optical_flow_ap_fdiv_7_no_dsp_32'...
WARNING: [IP_Flow 19-4832] The IP name 'a0_optical_flow_ap_fmul_1_max_dsp_32' you have specified is long. The Windows operating system has path length limitations. It is recommended you use shorter names to reduce the likelihood of issues.
INFO: [IP_Flow 19-1686] Generating 'Synthesis' target for IP 'a0_optical_flow_ap_fmul_1_max_dsp_32'...
INFO: [IP_Flow 19-1686] Generating 'Simulation' target for IP 'a0_optical_flow_ap_fmul_1_max_dsp_32'...
WARNING: [IP_Flow 19-4832] The IP name 'a0_optical_flow_ap_fsub_2_full_dsp_32' you have specified is long. The Windows operating system has path length limitations. It is recommended you use shorter names to reduce the likelihood of issues.
INFO: [IP_Flow 19-1686] Generating 'Synthesis' target for IP 'a0_optical_flow_ap_fsub_2_full_dsp_32'...
INFO: [IP_Flow 19-1686] Generating 'Simulation' target for IP 'a0_optical_flow_ap_fsub_2_full_dsp_32'...
WARNING: [IP_Flow 19-4832] The IP name 'a0_optical_flow_ap_uitofp_2_no_dsp_32' you have specified is long. The Windows operating system has path length limitations. It is recommended you use shorter names to reduce the likelihood of issues.
INFO: [IP_Flow 19-1686] Generating 'Synthesis' target for IP 'a0_optical_flow_ap_uitofp_2_no_dsp_32'...
INFO: [IP_Flow 19-1686] Generating 'Simulation' target for IP 'a0_optical_flow_ap_uitofp_2_no_dsp_32'...
INFO: [IP_Flow 19-234] Refreshing IP repositories
INFO: [IP_Flow 19-1704] No user IP repositories specified
INFO: [IP_Flow 19-2313] Loaded Vivado IP repository '/apps/xilinx/2018.2/Vivado/2018.2/data/ip'.
INFO: [Common 17-206] Exiting Vivado at Thu Aug 13 01:51:26 2020...
INFO: [HLS 200-112] Total elapsed time: 98.06 seconds; peak allocated memory: 271.268 MB.
INFO: [Common 17-206] Exiting vivado_hls at Thu Aug 13 01:51:26 2020...
