Copyright 1986-2018 Xilinx, Inc. All Rights Reserved.
-------------------------------------------------------------------------------------------------------------------------
| Tool Version : Vivado v.2018.2 (lin64) Build 2258646 Thu Jun 14 20:02:38 MDT 2018
| Date         : Wed Aug 12 23:12:40 2020
| Host         : prflow-compute-0-15 running 64-bit CentOS Linux release 7.8.2003 (Core)
| Command      : report_utilization -file zcu102_wrapper_utilization_placed.rpt -pb zcu102_wrapper_utilization_placed.pb
| Design       : zcu102_wrapper
| Device       : xczu9egffvb1156-2
| Design State : Fully Placed
-------------------------------------------------------------------------------------------------------------------------

Utilization Design Information

Table of Contents
-----------------
1. CLB Logic
1.1 Summary of Registers by Type
2. CLB Logic Distribution
3. BLOCKRAM
4. ARITHMETIC
5. I/O
6. CLOCK
7. ADVANCED
8. CONFIGURATION
9. Primitives
10. Black Boxes
11. Instantiated Netlists

1. CLB Logic
------------

+----------------------------+-------+-------+-----------+-------+
|          Site Type         |  Used | Fixed | Available | Util% |
+----------------------------+-------+-------+-----------+-------+
| CLB LUTs                   | 38685 |     0 |    274080 | 14.11 |
|   LUT as Logic             | 37981 |     0 |    274080 | 13.86 |
|   LUT as Memory            |   704 |     0 |    144000 |  0.49 |
|     LUT as Distributed RAM |   418 |     0 |           |       |
|     LUT as Shift Register  |   286 |     0 |           |       |
| CLB Registers              | 19251 |     0 |    548160 |  3.51 |
|   Register as Flip Flop    | 19251 |     0 |    548160 |  3.51 |
|   Register as Latch        |     0 |     0 |    548160 |  0.00 |
| CARRY8                     |   434 |     0 |     34260 |  1.27 |
| F7 Muxes                   |   272 |     0 |    137040 |  0.20 |
| F8 Muxes                   |     1 |     0 |     68520 | <0.01 |
| F9 Muxes                   |     0 |     0 |     34260 |  0.00 |
+----------------------------+-------+-------+-----------+-------+


1.1 Summary of Registers by Type
--------------------------------

+-------+--------------+-------------+--------------+
| Total | Clock Enable | Synchronous | Asynchronous |
+-------+--------------+-------------+--------------+
| 0     |            _ |           - |            - |
| 0     |            _ |           - |          Set |
| 0     |            _ |           - |        Reset |
| 0     |            _ |         Set |            - |
| 0     |            _ |       Reset |            - |
| 0     |          Yes |           - |            - |
| 84    |          Yes |           - |          Set |
| 132   |          Yes |           - |        Reset |
| 398   |          Yes |         Set |            - |
| 18637 |          Yes |       Reset |            - |
+-------+--------------+-------------+--------------+


2. CLB Logic Distribution
-------------------------

+-------------------------------------------+-------+-------+-----------+-------+
|                 Site Type                 |  Used | Fixed | Available | Util% |
+-------------------------------------------+-------+-------+-----------+-------+
| CLB                                       |  7313 |     0 |     34260 | 21.35 |
|   CLBL                                    |  3463 |     0 |           |       |
|   CLBM                                    |  3850 |     0 |           |       |
| LUT as Logic                              | 37981 |     0 |    274080 | 13.86 |
|   using O5 output only                    |   492 |       |           |       |
|   using O6 output only                    | 22280 |       |           |       |
|   using O5 and O6                         | 15209 |       |           |       |
| LUT as Memory                             |   704 |     0 |    144000 |  0.49 |
|   LUT as Distributed RAM                  |   418 |     0 |           |       |
|     using O5 output only                  |     0 |       |           |       |
|     using O6 output only                  |   130 |       |           |       |
|     using O5 and O6                       |   288 |       |           |       |
|   LUT as Shift Register                   |   286 |     0 |           |       |
|     using O5 output only                  |     0 |       |           |       |
|     using O6 output only                  |   155 |       |           |       |
|     using O5 and O6                       |   131 |       |           |       |
| LUT Flip Flop Pairs                       |  6806 |     0 |    274080 |  2.48 |
|   fully used LUT-FF pairs                 |  1209 |       |           |       |
|   LUT-FF pairs with one unused LUT output |  5331 |       |           |       |
|   LUT-FF pairs with one unused Flip Flop  |  4118 |       |           |       |
| Unique Control Sets                       |   842 |       |           |       |
+-------------------------------------------+-------+-------+-----------+-------+
* Note: Review the Control Sets Report for more information regarding control sets.


3. BLOCKRAM
-----------

+-------------------+------+-------+-----------+-------+
|     Site Type     | Used | Fixed | Available | Util% |
+-------------------+------+-------+-----------+-------+
| Block RAM Tile    |  306 |     0 |       912 | 33.55 |
|   RAMB36/FIFO*    |  139 |     0 |       912 | 15.24 |
|     RAMB36E2 only |  139 |       |           |       |
|   RAMB18          |  334 |     0 |      1824 | 18.31 |
|     RAMB18E2 only |  334 |       |           |       |
+-------------------+------+-------+-----------+-------+
* Note: Each Block RAM Tile only has one FIFO logic available and therefore can accommodate only one FIFO36E2 or one FIFO18E2. However, if a FIFO18E2 occupies a Block RAM Tile, that tile can still accommodate a RAMB18E2


4. ARITHMETIC
-------------

+----------------+------+-------+-----------+-------+
|    Site Type   | Used | Fixed | Available | Util% |
+----------------+------+-------+-----------+-------+
| DSPs           |    1 |     0 |      2520 |  0.04 |
|   DSP48E2 only |    1 |       |           |       |
+----------------+------+-------+-----------+-------+


5. I/O
------

+------------------+------+-------+-----------+-------+
|     Site Type    | Used | Fixed | Available | Util% |
+------------------+------+-------+-----------+-------+
| Bonded IOB       |    0 |     0 |       328 |  0.00 |
| HPIOB_M          |    0 |     0 |        96 |  0.00 |
| HPIOB_S          |    0 |     0 |        96 |  0.00 |
| HDIOB_M          |    0 |     0 |        60 |  0.00 |
| HDIOB_S          |    0 |     0 |        60 |  0.00 |
| HPIOB_SNGL       |    0 |     0 |        16 |  0.00 |
| HPIOBDIFFINBUF   |    0 |     0 |        96 |  0.00 |
| HPIOBDIFFOUTBUF  |    0 |     0 |        96 |  0.00 |
| HDIOBDIFFINBUF   |    0 |     0 |        60 |  0.00 |
| BITSLICE_CONTROL |    0 |     0 |        32 |  0.00 |
| BITSLICE_RX_TX   |    0 |     0 |       208 |  0.00 |
| BITSLICE_TX      |    0 |     0 |        32 |  0.00 |
| RIU_OR           |    0 |     0 |        16 |  0.00 |
+------------------+------+-------+-----------+-------+


6. CLOCK
--------

+----------------------+------+-------+-----------+-------+
|       Site Type      | Used | Fixed | Available | Util% |
+----------------------+------+-------+-----------+-------+
| GLOBAL CLOCK BUFFERs |    2 |     0 |       404 |  0.50 |
|   BUFGCE             |    1 |     0 |       116 |  0.86 |
|   BUFGCE_DIV         |    0 |     0 |        16 |  0.00 |
|   BUFG_GT            |    0 |     0 |       168 |  0.00 |
|   BUFG_PS            |    1 |     0 |        72 |  1.39 |
|   BUFGCTRL*          |    0 |     0 |        32 |  0.00 |
| PLL                  |    0 |     0 |         8 |  0.00 |
| MMCM                 |    1 |     0 |         4 | 25.00 |
+----------------------+------+-------+-----------+-------+
* Note: Each used BUFGCTRL counts as two global buffer resources. This table does not include global clocking resources, only buffer cell usage. See the Clock Utilization Report (report_clock_utilization) for detailed accounting of global clocking resource availability.


7. ADVANCED
-----------

+-----------------+------+-------+-----------+--------+
|    Site Type    | Used | Fixed | Available |  Util% |
+-----------------+------+-------+-----------+--------+
| GTHE4_CHANNEL   |    0 |     0 |        24 |   0.00 |
| GTHE4_COMMON    |    0 |     0 |         6 |   0.00 |
| OBUFDS_GTE4     |    0 |     0 |        12 |   0.00 |
| OBUFDS_GTE4_ADV |    0 |     0 |        12 |   0.00 |
| PS8             |    1 |     0 |         1 | 100.00 |
| SYSMONE4        |    0 |     0 |         1 |   0.00 |
+-----------------+------+-------+-----------+--------+


8. CONFIGURATION
----------------

+-------------+------+-------+-----------+-------+
|  Site Type  | Used | Fixed | Available | Util% |
+-------------+------+-------+-----------+-------+
| BSCANE2     |    0 |     0 |         4 |  0.00 |
| DNA_PORTE2  |    0 |     0 |         1 |  0.00 |
| EFUSE_USR   |    0 |     0 |         1 |  0.00 |
| FRAME_ECCE4 |    0 |     0 |         1 |  0.00 |
| ICAPE3      |    0 |     0 |         2 |  0.00 |
| MASTER_JTAG |    0 |     0 |         1 |  0.00 |
| STARTUPE3   |    0 |     0 |         1 |  0.00 |
+-------------+------+-------+-----------+-------+


9. Primitives
-------------

+------------+-------+---------------------+
|  Ref Name  |  Used | Functional Category |
+------------+-------+---------------------+
| FDRE       | 18637 |            Register |
| LUT6       | 14485 |                 CLB |
| LUT3       | 11707 |                 CLB |
| LUT2       | 10990 |                 CLB |
| LUT5       | 10738 |                 CLB |
| LUT4       |  4990 |                 CLB |
| RAMD32     |   506 |                 CLB |
| CARRY8     |   434 |                 CLB |
| FDSE       |   398 |            Register |
| SRL16E     |   382 |                 CLB |
| RAMB18E2   |   334 |           Block Ram |
| LUT1       |   280 |                 CLB |
| MUXF7      |   272 |                 CLB |
| RAMB36E2   |   139 |           Block Ram |
| FDCE       |   132 |            Register |
| RAMD64E    |   128 |                 CLB |
| FDPE       |    84 |            Register |
| RAMS32     |    72 |                 CLB |
| SRLC32E    |    35 |                 CLB |
| PS8        |     1 |            Advanced |
| MUXF8      |     1 |                 CLB |
| MMCME4_ADV |     1 |               Clock |
| DSP48E2    |     1 |          Arithmetic |
| BUFG_PS    |     1 |               Clock |
| BUFGCE     |     1 |               Clock |
+------------+-------+---------------------+


10. Black Boxes
---------------

+----------+------+
| Ref Name | Used |
+----------+------+


11. Instantiated Netlists
-------------------------

+-----------------------------+------+
|           Ref Name          | Used |
+-----------------------------+------+
| zcu102_xlconcat_1_0         |    1 |
| zcu102_xlconcat_0_0         |    1 |
| zcu102_xbar_0               |    1 |
| zcu102_sds_irq_const_0      |    1 |
| zcu102_s00_regslice_3       |    1 |
| zcu102_s00_regslice_2       |    1 |
| zcu102_s00_regslice_1       |    1 |
| zcu102_s00_regslice_0       |    1 |
| zcu102_s00_data_fifo_0      |    1 |
| zcu102_ps_e_0               |    1 |
| zcu102_proc_sys_reset_1_0   |    1 |
| zcu102_m03_regslice_0       |    1 |
| zcu102_m02_regslice_0       |    1 |
| zcu102_m01_regslice_0       |    1 |
| zcu102_m00_regslice_0       |    1 |
| zcu102_dm_2_0               |    1 |
| zcu102_dm_1_0               |    1 |
| zcu102_dm_0_0               |    1 |
| zcu102_clk_wiz_0_0          |    1 |
| zcu102_axis_dwc_dm_2_rx_0_0 |    1 |
| zcu102_axis_dwc_dm_1_tx_0_0 |    1 |
| zcu102_axis_dwc_dm_0_tx_0_0 |    1 |
| zcu102_auto_us_df_2         |    1 |
| zcu102_auto_us_df_1         |    1 |
| zcu102_auto_us_df_0         |    1 |
| zcu102_auto_pc_0            |    1 |
| zcu102_auto_ds_0            |    1 |
| zcu102_DigitRec_1_if_0      |    1 |
| zcu102_DigitRec_1_0         |    1 |
+-----------------------------+------+


